{"meta": {"format": 3, "version": "7.13.0", "timestamp": "2026-07-10T22:07:55.962108", "branch_coverage": false, "show_contexts": false}, "files": {"neural_ai/__init__.py": {"executed_lines": [1, 18, 19, 21, 23, 24, 25, 27, 29, 32, 35, 36, 41], "summary": {"covered_lines": 12, "num_statements": 12, "percent_covered": 100.0, "percent_covered_display": "100", "missing_lines": 0, "excluded_lines": 0, "percent_statements_covered": 100.0, "percent_statements_covered_display": "100"}, "missing_lines": [], "excluded_lines": [], "functions": {"": {"executed_lines": [1, 18, 19, 21, 23, 24, 25, 27, 29, 32, 35, 36, 41], "summary": {"covered_lines": 12, "num_statements": 12, "percent_covered": 100.0, "percent_covered_display": "100", "missing_lines": 0, "excluded_lines": 0, "percent_statements_covered": 100.0, "percent_statements_covered_display": "100"}, "missing_lines": [], "excluded_lines": []}}, "classes": {"": {"executed_lines": [1, 18, 19, 21, 23, 24, 25, 27, 29, 32, 35, 36, 41], "summary": {"covered_lines": 12, "num_statements": 12, "percent_covered": 100.0, "percent_covered_display": "100", "missing_lines": 0, "excluded_lines": 0, "percent_statements_covered": 100.0, "percent_statements_covered_display": "100"}, "missing_lines": [], "excluded_lines": []}}}, "neural_ai/collectors/__init__.py": {"executed_lines": [1, 3, 5], "summary": {"covered_lines": 2, "num_statements": 2, "percent_covered": 100.0, "percent_covered_display": "100", "missing_lines": 0, "excluded_lines": 0, "percent_statements_covered": 100.0, "percent_statements_covered_display": "100"}, "missing_lines": [], "excluded_lines": [], "functions": {"": {"executed_lines": [1, 3, 5], "summary": {"covered_lines": 2, "num_statements": 2, "percent_covered": 100.0, "percent_covered_display": "100", "missing_lines": 0, "excluded_lines": 0, "percent_statements_covered": 100.0, "percent_statements_covered_display": "100"}, "missing_lines": [], "excluded_lines": []}}, "classes": {"": {"executed_lines": [1, 3, 5], "summary": {"covered_lines": 2, "num_statements": 2, "percent_covered": 100.0, "percent_covered_display": "100", "missing_lines": 0, "excluded_lines": 0, "percent_statements_covered": 100.0, "percent_statements_covered_display": "100"}, "missing_lines": [], "excluded_lines": []}}}, "neural_ai/collectors/jforex/__init__.py": {"executed_lines": [1, 3, 4, 6], "summary": {"covered_lines": 3, "num_statements": 3, "percent_covered": 100.0, "percent_covered_display": "100", "missing_lines": 0, "excluded_lines": 0, "percent_statements_covered": 100.0, "percent_statements_covered_display": "100"}, "missing_lines": [], "excluded_lines": [], "functions": {"": {"executed_lines": [1, 3, 4, 6], "summary": {"covered_lines": 3, "num_statements": 3, "percent_covered": 100.0, "percent_covered_display": "100", "missing_lines": 0, "excluded_lines": 0, "percent_statements_covered": 100.0, "percent_statements_covered_display": "100"}, "missing_lines": [], "excluded_lines": []}}, "classes": {"": {"executed_lines": [1, 3, 4, 6], "summary": {"covered_lines": 3, "num_statements": 3, "percent_covered": 100.0, "percent_covered_display": "100", "missing_lines": 0, "excluded_lines": 0, "percent_statements_covered": 100.0, "percent_statements_covered_display": "100"}, "missing_lines": [], "excluded_lines": []}}}, "neural_ai/collectors/jforex/exceptions/__init__.py": {"executed_lines": [1, 3, 10], "summary": {"covered_lines": 2, "num_statements": 2, "percent_covered": 100.0, "percent_covered_display": "100", "missing_lines": 0, "excluded_lines": 0, "percent_statements_covered": 100.0, "percent_statements_covered_display": "100"}, "missing_lines": [], "excluded_lines": [], "functions": {"": {"executed_lines": [1, 3, 10], "summary": {"covered_lines": 2, "num_statements": 2, "percent_covered": 100.0, "percent_covered_display": "100", "missing_lines": 0, "excluded_lines": 0, "percent_statements_covered": 100.0, "percent_statements_covered_display": "100"}, "missing_lines": [], "excluded_lines": []}}, "classes": {"": {"executed_lines": [1, 3, 10], "summary": {"covered_lines": 2, "num_statements": 2, "percent_covered": 100.0, "percent_covered_display": "100", "missing_lines": 0, "excluded_lines": 0, "percent_statements_covered": 100.0, "percent_statements_covered_display": "100"}, "missing_lines": [], "excluded_lines": []}}}, "neural_ai/collectors/jforex/exceptions/jforex_error.py": {"executed_lines": [1, 4, 5, 7, 10, 11, 16, 19, 20, 25, 28, 29, 34], "summary": {"covered_lines": 8, "num_statements": 8, "percent_covered": 100.0, "percent_covered_display": "100", "missing_lines": 0, "excluded_lines": 0, "percent_statements_covered": 100.0, "percent_statements_covered_display": "100"}, "missing_lines": [], "excluded_lines": [], "functions": {"": {"executed_lines": [1, 4, 5, 7, 10, 11, 16, 19, 20, 25, 28, 29, 34], "summary": {"covered_lines": 8, "num_statements": 8, "percent_covered": 100.0, "percent_covered_display": "100", "missing_lines": 0, "excluded_lines": 0, "percent_statements_covered": 100.0, "percent_statements_covered_display": "100"}, "missing_lines": [], "excluded_lines": []}}, "classes": {"JForexError": {"executed_lines": [], "summary": {"covered_lines": 0, "num_statements": 0, "percent_covered": 100.0, "percent_covered_display": "100", "missing_lines": 0, "excluded_lines": 0, "percent_statements_covered": 100.0, "percent_statements_covered_display": "100"}, "missing_lines": [], "excluded_lines": []}, "DownloadError": {"executed_lines": [], "summary": {"covered_lines": 0, "num_statements": 0, "percent_covered": 100.0, "percent_covered_display": "100", "missing_lines": 0, "excluded_lines": 0, "percent_statements_covered": 100.0, "percent_statements_covered_display": "100"}, "missing_lines": [], "excluded_lines": []}, "DecodeError": {"executed_lines": [], "summary": {"covered_lines": 0, "num_statements": 0, "percent_covered": 100.0, "percent_covered_display": "100", "missing_lines": 0, "excluded_lines": 0, "percent_statements_covered": 100.0, "percent_statements_covered_display": "100"}, "missing_lines": [], "excluded_lines": []}, "DataNotAvailableError": {"executed_lines": [], "summary": {"covered_lines": 0, "num_statements": 0, "percent_covered": 100.0, "percent_covered_display": "100", "missing_lines": 0, "excluded_lines": 0, "percent_statements_covered": 100.0, "percent_statements_covered_display": "100"}, "missing_lines": [], "excluded_lines": []}, "": {"executed_lines": [1, 4, 5, 7, 10, 11, 16, 19, 20, 25, 28, 29, 34], "summary": {"covered_lines": 8, "num_statements": 8, "percent_covered": 100.0, "percent_covered_display": "100", "missing_lines": 0, "excluded_lines": 0, "percent_statements_covered": 100.0, "percent_statements_covered_display": "100"}, "missing_lines": [], "excluded_lines": []}}}, "neural_ai/collectors/jforex/factory.py": {"executed_lines": [1, 3, 5, 7, 8, 9, 11, 18, 19, 24, 25, 43, 45, 48, 49, 55, 56, 57, 58, 59, 62, 63, 64, 66, 67, 70, 71, 72, 75, 77, 78, 81, 89, 99, 101, 102, 116, 119, 120, 124, 125, 126, 127, 128, 131, 133, 134, 140, 142, 149], "summary": {"covered_lines": 47, "num_statements": 47, "percent_covered": 100.0, "percent_covered_display": "100", "missing_lines": 0, "excluded_lines": 5, "percent_statements_covered": 100.0, "percent_statements_covered_display": "100"}, "missing_lines": [], "excluded_lines": [11, 12, 13, 14, 15], "functions": {"JForexFactory.create_downloader": {"executed_lines": [43, 45, 48, 49, 55, 56, 57, 58, 59, 62, 63, 64, 66, 67, 70, 71, 72, 75, 77, 78, 81, 89, 99], "summary": {"covered_lines": 23, "num_statements": 23, "percent_covered": 100.0, "percent_covered_display": "100", "missing_lines": 0, "excluded_lines": 0, "percent_statements_covered": 100.0, "percent_statements_covered_display": "100"}, "missing_lines": [], "excluded_lines": []}, "JForexFactory.create_live_feed": {"executed_lines": [116, 119, 120, 124, 125, 126, 127, 128, 131, 133, 134, 140, 142, 149], "summary": {"covered_lines": 14, "num_statements": 14, "percent_covered": 100.0, "percent_covered_display": "100", "missing_lines": 0, "excluded_lines": 0, "percent_statements_covered": 100.0, "percent_statements_covered_display": "100"}, "missing_lines": [], "excluded_lines": []}, "": {"executed_lines": [1, 3, 5, 7, 8, 9, 11, 18, 19, 24, 25, 101, 102], "summary": {"covered_lines": 10, "num_statements": 10, "percent_covered": 100.0, "percent_covered_display": "100", "missing_lines": 0, "excluded_lines": 5, "percent_statements_covered": 100.0, "percent_statements_covered_display": "100"}, "missing_lines": [], "excluded_lines": [11, 12, 13, 14, 15]}}, "classes": {"JForexFactory": {"executed_lines": [43, 45, 48, 49, 55, 56, 57, 58, 59, 62, 63, 64, 66, 67, 70, 71, 72, 75, 77, 78, 81, 89, 99, 116, 119, 120, 124, 125, 126, 127, 128, 131, 133, 134, 140, 142, 149], "summary": {"covered_lines": 37, "num_statements": 37, "percent_covered": 100.0, "percent_covered_display": "100", "missing_lines": 0, "excluded_lines": 0, "percent_statements_covered": 100.0, "percent_statements_covered_display": "100"}, "missing_lines": [], "excluded_lines": []}, "": {"executed_lines": [1, 3, 5, 7, 8, 9, 11, 18, 19, 24, 25, 101, 102], "summary": {"covered_lines": 10, "num_statements": 10, "percent_covered": 100.0, "percent_covered_display": "100", "missing_lines": 0, "excluded_lines": 5, "percent_statements_covered": 100.0, "percent_statements_covered_display": "100"}, "missing_lines": [], "excluded_lines": [11, 12, 13, 14, 15]}}}, "neural_ai/collectors/jforex/implementations/__init__.py": {"executed_lines": [1], "summary": {"covered_lines": 0, "num_statements": 0, "percent_covered": 100.0, "percent_covered_display": "100", "missing_lines": 0, "excluded_lines": 0, "percent_statements_covered": 100.0, "percent_statements_covered_display": "100"}, "missing_lines": [], "excluded_lines": [], "functions": {"": {"executed_lines": [1], "summary": {"covered_lines": 0, "num_statements": 0, "percent_covered": 100.0, "percent_covered_display": "100", "missing_lines": 0, "excluded_lines": 0, "percent_statements_covered": 100.0, "percent_statements_covered_display": "100"}, "missing_lines": [], "excluded_lines": []}}, "classes": {"": {"executed_lines": [1], "summary": {"covered_lines": 0, "num_statements": 0, "percent_covered": 100.0, "percent_covered_display": "100", "missing_lines": 0, "excluded_lines": 0, "percent_statements_covered": 100.0, "percent_statements_covered_display": "100"}, "missing_lines": [], "excluded_lines": []}}}, "neural_ai/collectors/jforex/implementations/bi5_downloader.py": {"executed_lines": [1, 3, 4, 5, 6, 8, 9, 11, 16, 17, 19, 26, 27, 32, 49, 50, 51, 52, 53, 54, 55, 59, 70, 71, 72, 73, 76, 80, 82, 94, 99, 101, 114, 115, 116, 117, 120, 122, 123, 125, 127, 129, 130, 131, 133, 149, 150, 153, 154, 155, 158, 163, 164, 166, 167, 168, 169, 171, 172, 173, 175, 182, 184, 199, 200, 201, 203, 205, 208, 209, 214, 216, 219, 220, 221, 224, 225, 227, 228, 230, 231, 234, 237, 242, 243, 252, 253, 254, 257, 258, 261, 262, 263, 266, 267, 270, 273, 274, 278, 279, 288, 291, 301, 302, 305, 315, 319, 321, 322, 325, 327, 333, 335, 337, 340, 343, 344, 345, 348, 365, 366, 368, 374, 377, 392, 395, 397, 399, 400, 401, 403, 404, 409, 411, 412, 418, 421, 424, 427, 429, 433, 435, 448, 449, 450, 453, 454, 457, 458, 459, 462, 463, 464, 465, 466, 468, 469, 474, 477, 478, 479, 482, 483, 484, 486, 487, 491, 494, 495, 497, 498, 500, 501, 503, 504, 506, 507, 510, 511, 513, 514, 516, 517, 520, 522, 524, 532, 534, 535, 536, 538, 553, 555, 556, 558, 559, 560, 562, 564, 570, 571, 572], "summary": {"covered_lines": 199, "num_statements": 199, "percent_covered": 100.0, "percent_covered_display": "100", "missing_lines": 0, "excluded_lines": 5, "percent_statements_covered": 100.0, "percent_statements_covered_display": "100"}, "missing_lines": [], "excluded_lines": [19, 20, 21, 22, 23], "functions": {"Bi5Downloader.__init__": {"executed_lines": [49, 50, 51, 52, 53, 54, 55], "summary": {"covered_lines": 7, "num_statements": 7, "percent_covered": 100.0, "percent_covered_display": "100", "missing_lines": 0, "excluded_lines": 0, "percent_statements_covered": 100.0, "percent_statements_covered_display": "100"}, "missing_lines": [], "excluded_lines": []}, "Bi5Downloader._build_url": {"executed_lines": [70, 71, 72, 73, 76, 80], "summary": {"covered_lines": 6, "num_statements": 6, "percent_covered": 100.0, "percent_covered_display": "100", "missing_lines": 0, "excluded_lines": 0, "percent_statements_covered": 100.0, "percent_statements_covered_display": "100"}, "missing_lines": [], "excluded_lines": []}, "Bi5Downloader._build_storage_path": {"executed_lines": [94, 99], "summary": {"covered_lines": 2, "num_statements": 2, "percent_covered": 100.0, "percent_covered_display": "100", "missing_lines": 0, "excluded_lines": 0, "percent_statements_covered": 100.0, "percent_statements_covered_display": "100"}, "missing_lines": [], "excluded_lines": []}, "Bi5Downloader._download_binary": {"executed_lines": [114, 115, 116, 117, 120, 122, 123, 125, 127, 129, 130, 131], "summary": {"covered_lines": 12, "num_statements": 12, "percent_covered": 100.0, "percent_covered_display": "100", "missing_lines": 0, "excluded_lines": 0, "percent_statements_covered": 100.0, "percent_statements_covered_display": "100"}, "missing_lines": [], "excluded_lines": []}, "Bi5Downloader._detect_format": {"executed_lines": [149, 150, 153, 154, 155, 158, 163, 164, 166, 167, 168, 169, 171, 172, 173, 175, 182], "summary": {"covered_lines": 17, "num_statements": 17, "percent_covered": 100.0, "percent_covered_display": "100", "missing_lines": 0, "excluded_lines": 0, "percent_statements_covered": 100.0, "percent_statements_covered_display": "100"}, "missing_lines": [], "excluded_lines": []}, "Bi5Downloader._process_bi5_data": {"executed_lines": [199, 200, 201, 203, 205, 208, 209, 214, 216, 219, 220, 221, 224, 225, 227, 228, 230, 231, 234, 237, 242, 243, 252, 253, 254, 257, 258, 261, 262, 263, 266, 267, 270, 273, 274, 278, 279, 288, 291, 301, 302, 305, 315, 319, 321, 322, 325], "summary": {"covered_lines": 47, "num_statements": 47, "percent_covered": 100.0, "percent_covered_display": "100", "missing_lines": 0, "excluded_lines": 0, "percent_statements_covered": 100.0, "percent_statements_covered_display": "100"}, "missing_lines": [], "excluded_lines": []}, "Bi5Downloader._publish_ticks": {"executed_lines": [333, 335, 337, 340, 343, 344, 345, 348, 365, 366, 368], "summary": {"covered_lines": 11, "num_statements": 11, "percent_covered": 100.0, "percent_covered_display": "100", "missing_lines": 0, "excluded_lines": 0, "percent_statements_covered": 100.0, "percent_statements_covered_display": "100"}, "missing_lines": [], "excluded_lines": []}, "Bi5Downloader.download_tick_data": {"executed_lines": [392, 395, 397, 399, 400, 401, 403, 404, 409, 411, 412, 418, 421, 424, 427, 429, 433], "summary": {"covered_lines": 17, "num_statements": 17, "percent_covered": 100.0, "percent_covered_display": "100", "missing_lines": 0, "excluded_lines": 0, "percent_statements_covered": 100.0, "percent_statements_covered_display": "100"}, "missing_lines": [], "excluded_lines": []}, "Bi5Downloader.validate_bi5_data": {"executed_lines": [448, 449, 450, 453, 454, 457, 458, 459, 462, 463, 464, 465, 466, 468, 469, 474, 477, 478, 479, 482, 483, 484, 486, 487, 491, 494, 495, 497, 498, 500, 501, 503, 504, 506, 507, 510, 511, 513, 514, 516, 517, 520, 522, 524, 532, 534, 535, 536], "summary": {"covered_lines": 48, "num_statements": 48, "percent_covered": 100.0, "percent_covered_display": "100", "missing_lines": 0, "excluded_lines": 0, "percent_statements_covered": 100.0, "percent_statements_covered_display": "100"}, "missing_lines": [], "excluded_lines": []}, "Bi5Downloader.get_available_dates": {"executed_lines": [553, 555, 556, 558, 559, 560, 562], "summary": {"covered_lines": 7, "num_statements": 7, "percent_covered": 100.0, "percent_covered_display": "100", "missing_lines": 0, "excluded_lines": 0, "percent_statements_covered": 100.0, "percent_statements_covered_display": "100"}, "missing_lines": [], "excluded_lines": []}, "Bi5Downloader.close": {"executed_lines": [570, 571, 572], "summary": {"covered_lines": 3, "num_statements": 3, "percent_covered": 100.0, "percent_covered_display": "100", "missing_lines": 0, "excluded_lines": 0, "percent_statements_covered": 100.0, "percent_statements_covered_display": "100"}, "missing_lines": [], "excluded_lines": []}, "": {"executed_lines": [1, 3, 4, 5, 6, 8, 9, 11, 16, 17, 19, 26, 27, 32, 59, 82, 101, 133, 184, 327, 374, 377, 435, 538, 564], "summary": {"covered_lines": 22, "num_statements": 22, "percent_covered": 100.0, "percent_covered_display": "100", "missing_lines": 0, "excluded_lines": 5, "percent_statements_covered": 100.0, "percent_statements_covered_display": "100"}, "missing_lines": [], "excluded_lines": [19, 20, 21, 22, 23]}}, "classes": {"Bi5Downloader": {"executed_lines": [49, 50, 51, 52, 53, 54, 55, 70, 71, 72, 73, 76, 80, 94, 99, 114, 115, 116, 117, 120, 122, 123, 125, 127, 129, 130, 131, 149, 150, 153, 154, 155, 158, 163, 164, 166, 167, 168, 169, 171, 172, 173, 175, 182, 199, 200, 201, 203, 205, 208, 209, 214, 216, 219, 220, 221, 224, 225, 227, 228, 230, 231, 234, 237, 242, 243, 252, 253, 254, 257, 258, 261, 262, 263, 266, 267, 270, 273, 274, 278, 279, 288, 291, 301, 302, 305, 315, 319, 321, 322, 325, 333, 335, 337, 340, 343, 344, 345, 348, 365, 366, 368, 392, 395, 397, 399, 400, 401, 403, 404, 409, 411, 412, 418, 421, 424, 427, 429, 433, 448, 449, 450, 453, 454, 457, 458, 459, 462, 463, 464, 465, 466, 468, 469, 474, 477, 478, 479, 482, 483, 484, 486, 487, 491, 494, 495, 497, 498, 500, 501, 503, 504, 506, 507, 510, 511, 513, 514, 516, 517, 520, 522, 524, 532, 534, 535, 536, 553, 555, 556, 558, 559, 560, 562, 570, 571, 572], "summary": {"covered_lines": 177, "num_statements": 177, "percent_covered": 100.0, "percent_covered_display": "100", "missing_lines": 0, "excluded_lines": 0, "percent_statements_covered": 100.0, "percent_statements_covered_display": "100"}, "missing_lines": [], "excluded_lines": []}, "": {"executed_lines": [1, 3, 4, 5, 6, 8, 9, 11, 16, 17, 19, 26, 27, 32, 59, 82, 101, 133, 184, 327, 374, 377, 435, 538, 564], "summary": {"covered_lines": 22, "num_statements": 22, "percent_covered": 100.0, "percent_covered_display": "100", "missing_lines": 0, "excluded_lines": 5, "percent_statements_covered": 100.0, "percent_statements_covered_display": "100"}, "missing_lines": [], "excluded_lines": [19, 20, 21, 22, 23]}}}, "neural_ai/collectors/jforex/implementations/live_feed.py": {"executed_lines": [1, 7, 8, 9, 10, 12, 13, 15, 16, 18, 24, 25, 41, 54, 55, 56, 58, 59, 60, 61, 64, 66, 69, 70, 73, 74, 75, 77, 82, 83, 84, 86, 95, 96, 97, 99, 101, 104, 107, 108, 111, 114, 117, 119, 121, 122, 125, 126, 128, 133, 134, 136, 139, 140, 141, 142, 143, 144, 145, 148, 149, 150, 153, 154, 155, 157, 159, 165, 167, 174, 176, 177, 178, 179, 180, 183, 186, 189, 191, 192, 193, 195, 197, 199, 200, 202, 214, 216, 217, 218, 220, 223, 224, 227, 239, 242, 246, 247], "summary": {"covered_lines": 95, "num_statements": 97, "percent_covered": 97.9381443298969, "percent_covered_display": "98", "missing_lines": 2, "excluded_lines": 4, "percent_statements_covered": 97.9381443298969, "percent_statements_covered_display": "98"}, "missing_lines": [79, 80], "excluded_lines": [18, 19, 20, 21], "functions": {"JForexLiveFeed.__init__": {"executed_lines": [54, 55, 56, 58, 59, 60, 61, 64, 66, 69, 70, 73, 74, 75, 77, 82, 83, 84], "summary": {"covered_lines": 18, "num_statements": 20, "percent_covered": 90.0, "percent_covered_display": "90", "missing_lines": 2, "excluded_lines": 0, "percent_statements_covered": 90.0, "percent_statements_covered_display": "90"}, "missing_lines": [79, 80], "excluded_lines": []}, "JForexLiveFeed.start": {"executed_lines": [95, 96, 97, 99, 101, 104, 107, 108, 111, 114, 117, 119, 121, 122, 125, 126], "summary": {"covered_lines": 16, "num_statements": 16, "percent_covered": 100.0, "percent_covered_display": "100", "missing_lines": 0, "excluded_lines": 0, "percent_statements_covered": 100.0, "percent_statements_covered_display": "100"}, "missing_lines": [], "excluded_lines": []}, "JForexLiveFeed.stop": {"executed_lines": [133, 134, 136, 139, 140, 141, 142, 143, 144, 145, 148, 149, 150, 153, 154, 155, 157], "summary": {"covered_lines": 17, "num_statements": 17, "percent_covered": 100.0, "percent_covered_display": "100", "missing_lines": 0, "excluded_lines": 0, "percent_statements_covered": 100.0, "percent_statements_covered_display": "100"}, "missing_lines": [], "excluded_lines": []}, "JForexLiveFeed.is_running": {"executed_lines": [165], "summary": {"covered_lines": 1, "num_statements": 1, "percent_covered": 100.0, "percent_covered_display": "100", "missing_lines": 0, "excluded_lines": 0, "percent_statements_covered": 100.0, "percent_statements_covered_display": "100"}, "missing_lines": [], "excluded_lines": []}, "JForexLiveFeed._listen_loop": {"executed_lines": [174, 176, 177, 178, 179, 180, 183, 186, 189, 191, 192, 193, 195, 197, 199, 200], "summary": {"covered_lines": 16, "num_statements": 16, "percent_covered": 100.0, "percent_covered_display": "100", "missing_lines": 0, "excluded_lines": 0, "percent_statements_covered": 100.0, "percent_statements_covered_display": "100"}, "missing_lines": [], "excluded_lines": []}, "JForexLiveFeed._process_tick_data": {"executed_lines": [214, 216, 217, 218, 220, 223, 224, 227, 239, 242, 246, 247], "summary": {"covered_lines": 12, "num_statements": 12, "percent_covered": 100.0, "percent_covered_display": "100", "missing_lines": 0, "excluded_lines": 0, "percent_statements_covered": 100.0, "percent_statements_covered_display": "100"}, "missing_lines": [], "excluded_lines": []}, "": {"executed_lines": [1, 7, 8, 9, 10, 12, 13, 15, 16, 18, 24, 25, 41, 86, 128, 159, 167, 202], "summary": {"covered_lines": 15, "num_statements": 15, "percent_covered": 100.0, "percent_covered_display": "100", "missing_lines": 0, "excluded_lines": 4, "percent_statements_covered": 100.0, "percent_statements_covered_display": "100"}, "missing_lines": [], "excluded_lines": [18, 19, 20, 21]}}, "classes": {"JForexLiveFeed": {"executed_lines": [54, 55, 56, 58, 59, 60, 61, 64, 66, 69, 70, 73, 74, 75, 77, 82, 83, 84, 95, 96, 97, 99, 101, 104, 107, 108, 111, 114, 117, 119, 121, 122, 125, 126, 133, 134, 136, 139, 140, 141, 142, 143, 144, 145, 148, 149, 150, 153, 154, 155, 157, 165, 174, 176, 177, 178, 179, 180, 183, 186, 189, 191, 192, 193, 195, 197, 199, 200, 214, 216, 217, 218, 220, 223, 224, 227, 239, 242, 246, 247], "summary": {"covered_lines": 80, "num_statements": 82, "percent_covered": 97.5609756097561, "percent_covered_display": "98", "missing_lines": 2, "excluded_lines": 0, "percent_statements_covered": 97.5609756097561, "percent_statements_covered_display": "98"}, "missing_lines": [79, 80], "excluded_lines": []}, "": {"executed_lines": [1, 7, 8, 9, 10, 12, 13, 15, 16, 18, 24, 25, 41, 86, 128, 159, 167, 202], "summary": {"covered_lines": 15, "num_statements": 15, "percent_covered": 100.0, "percent_covered_display": "100", "missing_lines": 0, "excluded_lines": 4, "percent_statements_covered": 100.0, "percent_statements_covered_display": "100"}, "missing_lines": [], "excluded_lines": [18, 19, 20, 21]}}}, "neural_ai/collectors/jforex/interfaces/__init__.py": {"executed_lines": [1, 6, 7, 8, 10], "summary": {"covered_lines": 4, "num_statements": 4, "percent_covered": 100.0, "percent_covered_display": "100", "missing_lines": 0, "excluded_lines": 0, "percent_statements_covered": 100.0, "percent_statements_covered_display": "100"}, "missing_lines": [], "excluded_lines": [], "functions": {"": {"executed_lines": [1, 6, 7, 8, 10], "summary": {"covered_lines": 4, "num_statements": 4, "percent_covered": 100.0, "percent_covered_display": "100", "missing_lines": 0, "excluded_lines": 0, "percent_statements_covered": 100.0, "percent_statements_covered_display": "100"}, "missing_lines": [], "excluded_lines": []}}, "classes": {"": {"executed_lines": [1, 6, 7, 8, 10], "summary": {"covered_lines": 4, "num_statements": 4, "percent_covered": 100.0, "percent_covered_display": "100", "missing_lines": 0, "excluded_lines": 0, "percent_statements_covered": 100.0, "percent_statements_covered_display": "100"}, "missing_lines": [], "excluded_lines": []}}}, "neural_ai/collectors/jforex/interfaces/downloader_interface.py": {"executed_lines": [1, 3, 4, 5, 7, 11, 12, 18, 19, 36, 37, 52, 53, 64, 65], "summary": {"covered_lines": 12, "num_statements": 16, "percent_covered": 75.0, "percent_covered_display": "75", "missing_lines": 4, "excluded_lines": 2, "percent_statements_covered": 75.0, "percent_statements_covered_display": "75"}, "missing_lines": [34, 50, 62, 71], "excluded_lines": [7, 8], "functions": {"IJForexDownloader.download_tick_data": {"executed_lines": [], "summary": {"covered_lines": 0, "num_statements": 1, "percent_covered": 0.0, "percent_covered_display": "0", "missing_lines": 1, "excluded_lines": 0, "percent_statements_covered": 0.0, "percent_statements_covered_display": "0"}, "missing_lines": [34], "excluded_lines": []}, "IJForexDownloader.get_available_dates": {"executed_lines": [], "summary": {"covered_lines": 0, "num_statements": 1, "percent_covered": 0.0, "percent_covered_display": "0", "missing_lines": 1, "excluded_lines": 0, "percent_statements_covered": 0.0, "percent_statements_covered_display": "0"}, "missing_lines": [50], "excluded_lines": []}, "IJForexDownloader.validate_bi5_data": {"executed_lines": [], "summary": {"covered_lines": 0, "num_statements": 1, "percent_covered": 0.0, "percent_covered_display": "0", "missing_lines": 1, "excluded_lines": 0, "percent_statements_covered": 0.0, "percent_statements_covered_display": "0"}, "missing_lines": [62], "excluded_lines": []}, "IJForexDownloader.close": {"executed_lines": [], "summary": {"covered_lines": 0, "num_statements": 1, "percent_covered": 0.0, "percent_covered_display": "0", "missing_lines": 1, "excluded_lines": 0, "percent_statements_covered": 0.0, "percent_statements_covered_display": "0"}, "missing_lines": [71], "excluded_lines": []}, "": {"executed_lines": [1, 3, 4, 5, 7, 11, 12, 18, 19, 36, 37, 52, 53, 64, 65], "summary": {"covered_lines": 12, "num_statements": 12, "percent_covered": 100.0, "percent_covered_display": "100", "missing_lines": 0, "excluded_lines": 2, "percent_statements_covered": 100.0, "percent_statements_covered_display": "100"}, "missing_lines": [], "excluded_lines": [7, 8]}}, "classes": {"IJForexDownloader": {"executed_lines": [], "summary": {"covered_lines": 0, "num_statements": 4, "percent_covered": 0.0, "percent_covered_display": "0", "missing_lines": 4, "excluded_lines": 0, "percent_statements_covered": 0.0, "percent_statements_covered_display": "0"}, "missing_lines": [34, 50, 62, 71], "excluded_lines": []}, "": {"executed_lines": [1, 3, 4, 5, 7, 11, 12, 18, 19, 36, 37, 52, 53, 64, 65], "summary": {"covered_lines": 12, "num_statements": 12, "percent_covered": 100.0, "percent_covered_display": "100", "missing_lines": 0, "excluded_lines": 2, "percent_statements_covered": 100.0, "percent_statements_covered_display": "100"}, "missing_lines": [], "excluded_lines": [7, 8]}}}, "neural_ai/collectors/jforex/interfaces/live_interface.py": {"executed_lines": [1, 7, 10, 11, 18, 19, 30, 31, 38, 39], "summary": {"covered_lines": 8, "num_statements": 11, "percent_covered": 72.72727272727273, "percent_covered_display": "73", "missing_lines": 3, "excluded_lines": 0, "percent_statements_covered": 72.72727272727273, "percent_statements_covered_display": "73"}, "missing_lines": [28, 36, 45], "excluded_lines": [], "functions": {"ILiveFeed.start": {"executed_lines": [], "summary": {"covered_lines": 0, "num_statements": 1, "percent_covered": 0.0, "percent_covered_display": "0", "missing_lines": 1, "excluded_lines": 0, "percent_statements_covered": 0.0, "percent_statements_covered_display": "0"}, "missing_lines": [28], "excluded_lines": []}, "ILiveFeed.stop": {"executed_lines": [], "summary": {"covered_lines": 0, "num_statements": 1, "percent_covered": 0.0, "percent_covered_display": "0", "missing_lines": 1, "excluded_lines": 0, "percent_statements_covered": 0.0, "percent_statements_covered_display": "0"}, "missing_lines": [36], "excluded_lines": []}, "ILiveFeed.is_running": {"executed_lines": [], "summary": {"covered_lines": 0, "num_statements": 1, "percent_covered": 0.0, "percent_covered_display": "0", "missing_lines": 1, "excluded_lines": 0, "percent_statements_covered": 0.0, "percent_statements_covered_display": "0"}, "missing_lines": [45], "excluded_lines": []}, "": {"executed_lines": [1, 7, 10, 11, 18, 19, 30, 31, 38, 39], "summary": {"covered_lines": 8, "num_statements": 8, "percent_covered": 100.0, "percent_covered_display": "100", "missing_lines": 0, "excluded_lines": 0, "percent_statements_covered": 100.0, "percent_statements_covered_display": "100"}, "missing_lines": [], "excluded_lines": []}}, "classes": {"ILiveFeed": {"executed_lines": [], "summary": {"covered_lines": 0, "num_statements": 3, "percent_covered": 0.0, "percent_covered_display": "0", "missing_lines": 3, "excluded_lines": 0, "percent_statements_covered": 0.0, "percent_statements_covered_display": "0"}, "missing_lines": [28, 36, 45], "excluded_lines": []}, "": {"executed_lines": [1, 7, 10, 11, 18, 19, 30, 31, 38, 39], "summary": {"covered_lines": 8, "num_statements": 8, "percent_covered": 100.0, "percent_covered_display": "100", "missing_lines": 0, "excluded_lines": 0, "percent_statements_covered": 100.0, "percent_statements_covered_display": "100"}, "missing_lines": [], "excluded_lines": []}}}, "neural_ai/collectors/jforex/interfaces/tick_data.py": {"executed_lines": [1, 3, 4, 7, 8, 9, 23, 24, 25, 26, 27, 28, 29, 31, 32, 38, 40, 41, 47], "summary": {"covered_lines": 17, "num_statements": 17, "percent_covered": 100.0, "percent_covered_display": "100", "missing_lines": 0, "excluded_lines": 0, "percent_statements_covered": 100.0, "percent_statements_covered_display": "100"}, "missing_lines": [], "excluded_lines": [], "functions": {"TickData.spread": {"executed_lines": [38], "summary": {"covered_lines": 1, "num_statements": 1, "percent_covered": 100.0, "percent_covered_display": "100", "missing_lines": 0, "excluded_lines": 0, "percent_statements_covered": 100.0, "percent_statements_covered_display": "100"}, "missing_lines": [], "excluded_lines": []}, "TickData.mid_price": {"executed_lines": [47], "summary": {"covered_lines": 1, "num_statements": 1, "percent_covered": 100.0, "percent_covered_display": "100", "missing_lines": 0, "excluded_lines": 0, "percent_statements_covered": 100.0, "percent_statements_covered_display": "100"}, "missing_lines": [], "excluded_lines": []}, "": {"executed_lines": [1, 3, 4, 7, 8, 9, 23, 24, 25, 26, 27, 28, 29, 31, 32, 40, 41], "summary": {"covered_lines": 15, "num_statements": 15, "percent_covered": 100.0, "percent_covered_display": "100", "missing_lines": 0, "excluded_lines": 0, "percent_statements_covered": 100.0, "percent_statements_covered_display": "100"}, "missing_lines": [], "excluded_lines": []}}, "classes": {"TickData": {"executed_lines": [38, 47], "summary": {"covered_lines": 2, "num_statements": 2, "percent_covered": 100.0, "percent_covered_display": "100", "missing_lines": 0, "excluded_lines": 0, "percent_statements_covered": 100.0, "percent_statements_covered_display": "100"}, "missing_lines": [], "excluded_lines": []}, "": {"executed_lines": [1, 3, 4, 7, 8, 9, 23, 24, 25, 26, 27, 28, 29, 31, 32, 40, 41], "summary": {"covered_lines": 15, "num_statements": 15, "percent_covered": 100.0, "percent_covered_display": "100", "missing_lines": 0, "excluded_lines": 0, "percent_statements_covered": 100.0, "percent_statements_covered_display": "100"}, "missing_lines": [], "excluded_lines": []}}}, "neural_ai/core/__init__.py": {"executed_lines": [1, 13, 15, 21, 23, 47, 48, 55, 56, 58, 59, 60, 63, 64, 70, 73, 74, 113, 114, 115, 116, 117, 118, 119, 120, 121, 122, 123, 124, 125, 126, 129, 133, 134, 135, 136, 137, 138, 139, 141, 144, 145, 146, 148, 149, 152, 153, 154, 155, 158, 159, 160, 161, 164, 166, 167, 168, 169, 172, 173, 174, 175, 176, 180, 181, 183, 184, 185, 186, 188, 189, 196, 197, 198, 199, 200, 203, 204, 207, 210, 213, 216, 219, 223, 224, 228, 230, 231, 233, 234, 235, 240, 246, 247, 250, 252, 253, 255, 256, 257, 259, 260, 261, 263, 265, 267, 271, 274, 275, 290, 291, 293, 299], "summary": {"covered_lines": 111, "num_statements": 111, "percent_covered": 100.0, "percent_covered_display": "100", "missing_lines": 0, "excluded_lines": 8, "percent_statements_covered": 100.0, "percent_statements_covered_display": "100"}, "missing_lines": [], "excluded_lines": [23, 24, 25, 28, 31, 34, 37, 40], "functions": {"get_version": {"executed_lines": [55, 56, 58, 59, 60], "summary": {"covered_lines": 5, "num_statements": 5, "percent_covered": 100.0, "percent_covered_display": "100", "missing_lines": 0, "excluded_lines": 0, "percent_statements_covered": 100.0, "percent_statements_covered_display": "100"}, "missing_lines": [], "excluded_lines": []}, "get_schema_version": {"executed_lines": [70], "summary": {"covered_lines": 1, "num_statements": 1, "percent_covered": 100.0, "percent_covered_display": "100", "missing_lines": 0, "excluded_lines": 0, "percent_statements_covered": 100.0, "percent_statements_covered_display": "100"}, "missing_lines": [], "excluded_lines": []}, "bootstrap_core": {"executed_lines": [113, 114, 115, 116, 117, 118, 119, 120, 121, 122, 123, 124, 125, 126, 129, 133, 134, 135, 136, 137, 138, 139, 141, 144, 145, 146, 148, 149, 152, 153, 154, 155, 158, 159, 160, 161, 164, 166, 167, 168, 169, 172, 173, 174, 175, 176, 180, 181, 183, 184, 185, 186, 188, 189, 196, 197, 198, 199, 200, 203, 204, 207, 210, 213, 216, 219, 223, 224, 228, 230, 231, 233, 234, 235, 240, 246, 247, 250, 252, 253, 255, 256, 257, 259, 260, 261, 263, 265, 267], "summary": {"covered_lines": 89, "num_statements": 89, "percent_covered": 100.0, "percent_covered_display": "100", "missing_lines": 0, "excluded_lines": 0, "percent_statements_covered": 100.0, "percent_statements_covered_display": "100"}, "missing_lines": [], "excluded_lines": []}, "get_core_components": {"executed_lines": [290, 291, 293], "summary": {"covered_lines": 3, "num_statements": 3, "percent_covered": 100.0, "percent_covered_display": "100", "missing_lines": 0, "excluded_lines": 0, "percent_statements_covered": 100.0, "percent_statements_covered_display": "100"}, "missing_lines": [], "excluded_lines": []}, "": {"executed_lines": [1, 13, 15, 21, 23, 47, 48, 63, 64, 73, 74, 271, 274, 275, 299], "summary": {"covered_lines": 13, "num_statements": 13, "percent_covered": 100.0, "percent_covered_display": "100", "missing_lines": 0, "excluded_lines": 8, "percent_statements_covered": 100.0, "percent_statements_covered_display": "100"}, "missing_lines": [], "excluded_lines": [23, 24, 25, 28, 31, 34, 37, 40]}}, "classes": {"": {"executed_lines": [1, 13, 15, 21, 23, 47, 48, 55, 56, 58, 59, 60, 63, 64, 70, 73, 74, 113, 114, 115, 116, 117, 118, 119, 120, 121, 122, 123, 124, 125, 126, 129, 133, 134, 135, 136, 137, 138, 139, 141, 144, 145, 146, 148, 149, 152, 153, 154, 155, 158, 159, 160, 161, 164, 166, 167, 168, 169, 172, 173, 174, 175, 176, 180, 181, 183, 184, 185, 186, 188, 189, 196, 197, 198, 199, 200, 203, 204, 207, 210, 213, 216, 219, 223, 224, 228, 230, 231, 233, 234, 235, 240, 246, 247, 250, 252, 253, 255, 256, 257, 259, 260, 261, 263, 265, 267, 271, 274, 275, 290, 291, 293, 299], "summary": {"covered_lines": 111, "num_statements": 111, "percent_covered": 100.0, "percent_covered_display": "100", "missing_lines": 0, "excluded_lines": 8, "percent_statements_covered": 100.0, "percent_statements_covered_display": "100"}, "missing_lines": [], "excluded_lines": [23, 24, 25, 28, 31, 34, 37, 40]}}}, "neural_ai/core/base/__init__.py": {"executed_lines": [1, 7, 8, 15], "summary": {"covered_lines": 3, "num_statements": 3, "percent_covered": 100.0, "percent_covered_display": "100", "missing_lines": 0, "excluded_lines": 0, "percent_statements_covered": 100.0, "percent_statements_covered_display": "100"}, "missing_lines": [], "excluded_lines": [], "functions": {"": {"executed_lines": [1, 7, 8, 15], "summary": {"covered_lines": 3, "num_statements": 3, "percent_covered": 100.0, "percent_covered_display": "100", "missing_lines": 0, "excluded_lines": 0, "percent_statements_covered": 100.0, "percent_statements_covered_display": "100"}, "missing_lines": [], "excluded_lines": []}}, "classes": {"": {"executed_lines": [1, 7, 8, 15], "summary": {"covered_lines": 3, "num_statements": 3, "percent_covered": 100.0, "percent_covered_display": "100", "missing_lines": 0, "excluded_lines": 0, "percent_statements_covered": 100.0, "percent_statements_covered_display": "100"}, "missing_lines": [], "excluded_lines": []}}}, "neural_ai/core/base/exceptions/__init__.py": {"executed_lines": [1, 7, 24], "summary": {"covered_lines": 2, "num_statements": 2, "percent_covered": 100.0, "percent_covered_display": "100", "missing_lines": 0, "excluded_lines": 0, "percent_statements_covered": 100.0, "percent_statements_covered_display": "100"}, "missing_lines": [], "excluded_lines": [], "functions": {"": {"executed_lines": [1, 7, 24], "summary": {"covered_lines": 2, "num_statements": 2, "percent_covered": 100.0, "percent_covered_display": "100", "missing_lines": 0, "excluded_lines": 0, "percent_statements_covered": 100.0, "percent_statements_covered_display": "100"}, "missing_lines": [], "excluded_lines": []}}, "classes": {"": {"executed_lines": [1, 7, 24], "summary": {"covered_lines": 2, "num_statements": 2, "percent_covered": 100.0, "percent_covered_display": "100", "missing_lines": 0, "excluded_lines": 0, "percent_statements_covered": 100.0, "percent_statements_covered_display": "100"}, "missing_lines": [], "excluded_lines": []}}}, "neural_ai/core/base/exceptions/base_error.py": {"executed_lines": [1, 8, 9, 15, 18, 19, 25, 28, 29, 35, 38, 39, 45, 48, 49, 55, 58, 59, 65, 68, 69, 75, 78, 79, 85, 88, 89, 95, 98, 99, 105, 108, 109, 115, 118, 119, 125, 128, 129, 135, 138, 139, 145], "summary": {"covered_lines": 28, "num_statements": 28, "percent_covered": 100.0, "percent_covered_display": "100", "missing_lines": 0, "excluded_lines": 0, "percent_statements_covered": 100.0, "percent_statements_covered_display": "100"}, "missing_lines": [], "excluded_lines": [], "functions": {"": {"executed_lines": [1, 8, 9, 15, 18, 19, 25, 28, 29, 35, 38, 39, 45, 48, 49, 55, 58, 59, 65, 68, 69, 75, 78, 79, 85, 88, 89, 95, 98, 99, 105, 108, 109, 115, 118, 119, 125, 128, 129, 135, 138, 139, 145], "summary": {"covered_lines": 28, "num_statements": 28, "percent_covered": 100.0, "percent_covered_display": "100", "missing_lines": 0, "excluded_lines": 0, "percent_statements_covered": 100.0, "percent_statements_covered_display": "100"}, "missing_lines": [], "excluded_lines": []}}, "classes": {"NeuralAIException": {"executed_lines": [], "summary": {"covered_lines": 0, "num_statements": 0, "percent_covered": 100.0, "percent_covered_display": "100", "missing_lines": 0, "excluded_lines": 0, "percent_statements_covered": 100.0, "percent_statements_covered_display": "100"}, "missing_lines": [], "excluded_lines": []}, "StorageException": {"executed_lines": [], "summary": {"covered_lines": 0, "num_statements": 0, "percent_covered": 100.0, "percent_covered_display": "100", "missing_lines": 0, "excluded_lines": 0, "percent_statements_covered": 100.0, "percent_statements_covered_display": "100"}, "missing_lines": [], "excluded_lines": []}, "StorageWriteError": {"executed_lines": [], "summary": {"covered_lines": 0, "num_statements": 0, "percent_covered": 100.0, "percent_covered_display": "100", "missing_lines": 0, "excluded_lines": 0, "percent_statements_covered": 100.0, "percent_statements_covered_display": "100"}, "missing_lines": [], "excluded_lines": []}, "StorageReadError": {"executed_lines": [], "summary": {"covered_lines": 0, "num_statements": 0, "percent_covered": 100.0, "percent_covered_display": "100", "missing_lines": 0, "excluded_lines": 0, "percent_statements_covered": 100.0, "percent_statements_covered_display": "100"}, "missing_lines": [], "excluded_lines": []}, "StoragePermissionError": {"executed_lines": [], "summary": {"covered_lines": 0, "num_statements": 0, "percent_covered": 100.0, "percent_covered_display": "100", "missing_lines": 0, "excluded_lines": 0, "percent_statements_covered": 100.0, "percent_statements_covered_display": "100"}, "missing_lines": [], "excluded_lines": []}, "ConfigurationError": {"executed_lines": [], "summary": {"covered_lines": 0, "num_statements": 0, "percent_covered": 100.0, "percent_covered_display": "100", "missing_lines": 0, "excluded_lines": 0, "percent_statements_covered": 100.0, "percent_statements_covered_display": "100"}, "missing_lines": [], "excluded_lines": []}, "DependencyError": {"executed_lines": [], "summary": {"covered_lines": 0, "num_statements": 0, "percent_covered": 100.0, "percent_covered_display": "100", "missing_lines": 0, "excluded_lines": 0, "percent_statements_covered": 100.0, "percent_statements_covered_display": "100"}, "missing_lines": [], "excluded_lines": []}, "SingletonViolationError": {"executed_lines": [], "summary": {"covered_lines": 0, "num_statements": 0, "percent_covered": 100.0, "percent_covered_display": "100", "missing_lines": 0, "excluded_lines": 0, "percent_statements_covered": 100.0, "percent_statements_covered_display": "100"}, "missing_lines": [], "excluded_lines": []}, "ComponentNotFoundError": {"executed_lines": [], "summary": {"covered_lines": 0, "num_statements": 0, "percent_covered": 100.0, "percent_covered_display": "100", "missing_lines": 0, "excluded_lines": 0, "percent_statements_covered": 100.0, "percent_statements_covered_display": "100"}, "missing_lines": [], "excluded_lines": []}, "NetworkException": {"executed_lines": [], "summary": {"covered_lines": 0, "num_statements": 0, "percent_covered": 100.0, "percent_covered_display": "100", "missing_lines": 0, "excluded_lines": 0, "percent_statements_covered": 100.0, "percent_statements_covered_display": "100"}, "missing_lines": [], "excluded_lines": []}, "TimeoutError": {"executed_lines": [], "summary": {"covered_lines": 0, "num_statements": 0, "percent_covered": 100.0, "percent_covered_display": "100", "missing_lines": 0, "excluded_lines": 0, "percent_statements_covered": 100.0, "percent_statements_covered_display": "100"}, "missing_lines": [], "excluded_lines": []}, "ConnectionError": {"executed_lines": [], "summary": {"covered_lines": 0, "num_statements": 0, "percent_covered": 100.0, "percent_covered_display": "100", "missing_lines": 0, "excluded_lines": 0, "percent_statements_covered": 100.0, "percent_statements_covered_display": "100"}, "missing_lines": [], "excluded_lines": []}, "InsufficientDiskSpaceError": {"executed_lines": [], "summary": {"covered_lines": 0, "num_statements": 0, "percent_covered": 100.0, "percent_covered_display": "100", "missing_lines": 0, "excluded_lines": 0, "percent_statements_covered": 100.0, "percent_statements_covered_display": "100"}, "missing_lines": [], "excluded_lines": []}, "PermissionDeniedError": {"executed_lines": [], "summary": {"covered_lines": 0, "num_statements": 0, "percent_covered": 100.0, "percent_covered_display": "100", "missing_lines": 0, "excluded_lines": 0, "percent_statements_covered": 100.0, "percent_statements_covered_display": "100"}, "missing_lines": [], "excluded_lines": []}, "": {"executed_lines": [1, 8, 9, 15, 18, 19, 25, 28, 29, 35, 38, 39, 45, 48, 49, 55, 58, 59, 65, 68, 69, 75, 78, 79, 85, 88, 89, 95, 98, 99, 105, 108, 109, 115, 118, 119, 125, 128, 129, 135, 138, 139, 145], "summary": {"covered_lines": 28, "num_statements": 28, "percent_covered": 100.0, "percent_covered_display": "100", "missing_lines": 0, "excluded_lines": 0, "percent_statements_covered": 100.0, "percent_statements_covered_display": "100"}, "missing_lines": [], "excluded_lines": []}}}, "neural_ai/core/base/factory.py": {"executed_lines": [1, 8, 9, 10, 12, 14, 18, 19, 20, 21, 22, 24, 27, 28, 30, 33, 34, 36, 37, 38, 39, 42, 43, 45, 48, 49, 51, 54, 61, 62, 78, 80, 81, 82, 83, 85, 87, 89, 90, 92, 95, 96, 97, 100, 102, 104, 106, 107, 109, 110, 112, 114, 116, 118, 120, 121, 128, 130, 131, 133, 135, 136, 138, 140, 141, 143, 145, 146, 149, 151, 152, 154, 155, 158, 160, 163, 165, 168, 170, 177, 178, 179, 182, 183, 184, 186, 187, 198, 200, 202, 204, 207, 208, 209, 213, 215, 217, 219, 222, 223, 224, 226, 227, 229, 230, 231, 253, 254, 255, 256, 257, 259, 262, 263, 264, 265, 268, 269, 270, 271, 272, 273, 274, 275, 276, 278, 279, 282, 283, 284, 285, 288, 291, 298, 300, 301, 302, 311, 313, 315, 316, 317, 327, 328, 329, 330, 331, 332, 333, 335, 336, 338, 339, 340, 341, 342, 344, 346, 347, 352, 353, 354, 356, 359, 360, 361, 362, 363, 364, 365, 367, 369, 370, 384, 385, 388, 392, 394, 395, 411, 412, 415, 418, 420, 422, 423, 442, 443, 444, 446, 447, 453, 456, 459, 462, 463, 465, 466], "summary": {"covered_lines": 191, "num_statements": 200, "percent_covered": 95.5, "percent_covered_display": "96", "missing_lines": 9, "excluded_lines": 5, "percent_statements_covered": 95.5, "percent_statements_covered_display": "96"}, "missing_lines": [111, 123, 124, 125, 126, 292, 293, 343, 454], "excluded_lines": [54, 55, 56, 57, 58], "functions": {"CoreComponentFactory.__init__": {"executed_lines": [80, 81, 82, 83], "summary": {"covered_lines": 4, "num_statements": 4, "percent_covered": 100.0, "percent_covered_display": "100", "missing_lines": 0, "excluded_lines": 0, "percent_statements_covered": 100.0, "percent_statements_covered_display": "100"}, "missing_lines": [], "excluded_lines": []}, "CoreComponentFactory._get_logger": {"executed_lines": [87, 89, 90, 92, 95, 96, 97, 100], "summary": {"covered_lines": 8, "num_statements": 8, "percent_covered": 100.0, "percent_covered_display": "100", "missing_lines": 0, "excluded_lines": 0, "percent_statements_covered": 100.0, "percent_statements_covered_display": "100"}, "missing_lines": [], "excluded_lines": []}, "CoreComponentFactory._get_config_manager": {"executed_lines": [104, 106, 107, 109, 110, 112, 114], "summary": {"covered_lines": 7, "num_statements": 8, "percent_covered": 87.5, "percent_covered_display": "88", "missing_lines": 1, "excluded_lines": 0, "percent_statements_covered": 87.5, "percent_statements_covered_display": "88"}, "missing_lines": [111], "excluded_lines": []}, "CoreComponentFactory._get_storage": {"executed_lines": [118, 120, 121, 128], "summary": {"covered_lines": 4, "num_statements": 8, "percent_covered": 50.0, "percent_covered_display": "50", "missing_lines": 4, "excluded_lines": 0, "percent_statements_covered": 50.0, "percent_statements_covered_display": "50"}, "missing_lines": [123, 124, 125, 126], "excluded_lines": []}, "CoreComponentFactory.logger": {"executed_lines": [133], "summary": {"covered_lines": 1, "num_statements": 1, "percent_covered": 100.0, "percent_covered_display": "100", "missing_lines": 0, "excluded_lines": 0, "percent_statements_covered": 100.0, "percent_statements_covered_display": "100"}, "missing_lines": [], "excluded_lines": []}, "CoreComponentFactory.config_manager": {"executed_lines": [138], "summary": {"covered_lines": 1, "num_statements": 1, "percent_covered": 100.0, "percent_covered_display": "100", "missing_lines": 0, "excluded_lines": 0, "percent_statements_covered": 100.0, "percent_statements_covered_display": "100"}, "missing_lines": [], "excluded_lines": []}, "CoreComponentFactory.storage": {"executed_lines": [143], "summary": {"covered_lines": 1, "num_statements": 1, "percent_covered": 100.0, "percent_covered_display": "100", "missing_lines": 0, "excluded_lines": 0, "percent_statements_covered": 100.0, "percent_statements_covered_display": "100"}, "missing_lines": [], "excluded_lines": []}, "CoreComponentFactory._expensive_config": {"executed_lines": [149, 151, 152], "summary": {"covered_lines": 3, "num_statements": 3, "percent_covered": 100.0, "percent_covered_display": "100", "missing_lines": 0, "excluded_lines": 0, "percent_statements_covered": 100.0, "percent_statements_covered_display": "100"}, "missing_lines": [], "excluded_lines": []}, "CoreComponentFactory._component_cache": {"executed_lines": [158], "summary": {"covered_lines": 1, "num_statements": 1, "percent_covered": 100.0, "percent_covered_display": "100", "missing_lines": 0, "excluded_lines": 0, "percent_statements_covered": 100.0, "percent_statements_covered_display": "100"}, "missing_lines": [], "excluded_lines": []}, "CoreComponentFactory._process_config": {"executed_lines": [163], "summary": {"covered_lines": 1, "num_statements": 1, "percent_covered": 100.0, "percent_covered_display": "100", "missing_lines": 0, "excluded_lines": 0, "percent_statements_covered": 100.0, "percent_statements_covered_display": "100"}, "missing_lines": [], "excluded_lines": []}, "CoreComponentFactory._load_component_cache": {"executed_lines": [168], "summary": {"covered_lines": 1, "num_statements": 1, "percent_covered": 100.0, "percent_covered_display": "100", "missing_lines": 0, "excluded_lines": 0, "percent_statements_covered": 100.0, "percent_statements_covered_display": "100"}, "missing_lines": [], "excluded_lines": []}, "CoreComponentFactory.reset_lazy_loaders": {"executed_lines": [177, 178, 179, 182, 183, 184], "summary": {"covered_lines": 6, "num_statements": 6, "percent_covered": 100.0, "percent_covered_display": "100", "missing_lines": 0, "excluded_lines": 0, "percent_statements_covered": 100.0, "percent_statements_covered_display": "100"}, "missing_lines": [], "excluded_lines": []}, "CoreComponentFactory._validate_dependencies": {"executed_lines": [198, 200, 202, 204, 207, 208, 209, 213, 215, 217, 219, 222, 223, 224, 226, 227], "summary": {"covered_lines": 16, "num_statements": 16, "percent_covered": 100.0, "percent_covered_display": "100", "missing_lines": 0, "excluded_lines": 0, "percent_statements_covered": 100.0, "percent_statements_covered_display": "100"}, "missing_lines": [], "excluded_lines": []}, "CoreComponentFactory.create_components": {"executed_lines": [253, 254, 255, 256, 257, 259, 262, 263, 264, 265, 268, 269, 270, 271, 272, 273, 274, 275, 276, 278, 279, 282, 283, 284, 285, 288, 291, 298], "summary": {"covered_lines": 28, "num_statements": 30, "percent_covered": 93.33333333333333, "percent_covered_display": "93", "missing_lines": 2, "excluded_lines": 0, "percent_statements_covered": 93.33333333333333, "percent_statements_covered_display": "93"}, "missing_lines": [292, 293], "excluded_lines": []}, "CoreComponentFactory.create_with_container": {"executed_lines": [311, 313], "summary": {"covered_lines": 2, "num_statements": 2, "percent_covered": 100.0, "percent_covered_display": "100", "missing_lines": 0, "excluded_lines": 0, "percent_statements_covered": 100.0, "percent_statements_covered_display": "100"}, "missing_lines": [], "excluded_lines": []}, "CoreComponentFactory.create_minimal": {"executed_lines": [327, 328, 329, 330, 331, 332, 333, 335, 336, 338, 339, 340, 341, 342, 344, 346, 347, 352, 353, 354, 356, 359, 360, 361, 362, 363, 364, 365, 367], "summary": {"covered_lines": 29, "num_statements": 30, "percent_covered": 96.66666666666667, "percent_covered_display": "97", "missing_lines": 1, "excluded_lines": 0, "percent_statements_covered": 96.66666666666667, "percent_statements_covered_display": "97"}, "missing_lines": [343], "excluded_lines": []}, "CoreComponentFactory.create_logger": {"executed_lines": [384, 385, 388, 392], "summary": {"covered_lines": 4, "num_statements": 4, "percent_covered": 100.0, "percent_covered_display": "100", "missing_lines": 0, "excluded_lines": 0, "percent_statements_covered": 100.0, "percent_statements_covered_display": "100"}, "missing_lines": [], "excluded_lines": []}, "CoreComponentFactory.create_config_manager": {"executed_lines": [411, 412, 415, 418, 420], "summary": {"covered_lines": 5, "num_statements": 5, "percent_covered": 100.0, "percent_covered_display": "100", "missing_lines": 0, "excluded_lines": 0, "percent_statements_covered": 100.0, "percent_statements_covered_display": "100"}, "missing_lines": [], "excluded_lines": []}, "CoreComponentFactory.create_storage": {"executed_lines": [442, 443, 444, 446, 447, 453, 456, 459, 462, 463, 465, 466], "summary": {"covered_lines": 12, "num_statements": 13, "percent_covered": 92.3076923076923, "percent_covered_display": "92", "missing_lines": 1, "excluded_lines": 0, "percent_statements_covered": 92.3076923076923, "percent_statements_covered_display": "92"}, "missing_lines": [454], "excluded_lines": []}, "": {"executed_lines": [1, 8, 9, 10, 12, 14, 18, 19, 20, 21, 22, 24, 27, 28, 30, 33, 34, 36, 37, 38, 39, 42, 43, 45, 48, 49, 51, 54, 61, 62, 78, 85, 102, 116, 130, 131, 135, 136, 140, 141, 145, 146, 154, 155, 160, 165, 170, 186, 187, 229, 230, 231, 300, 301, 302, 315, 316, 317, 369, 370, 394, 395, 422, 423], "summary": {"covered_lines": 57, "num_statements": 57, "percent_covered": 100.0, "percent_covered_display": "100", "missing_lines": 0, "excluded_lines": 5, "percent_statements_covered": 100.0, "percent_statements_covered_display": "100"}, "missing_lines": [], "excluded_lines": [54, 55, 56, 57, 58]}}, "classes": {"BaseConfig": {"executed_lines": [], "summary": {"covered_lines": 0, "num_statements": 0, "percent_covered": 100.0, "percent_covered_display": "100", "missing_lines": 0, "excluded_lines": 0, "percent_statements_covered": 100.0, "percent_statements_covered_display": "100"}, "missing_lines": [], "excluded_lines": []}, "LoggerConfig": {"executed_lines": [], "summary": {"covered_lines": 0, "num_statements": 0, "percent_covered": 100.0, "percent_covered_display": "100", "missing_lines": 0, "excluded_lines": 0, "percent_statements_covered": 100.0, "percent_statements_covered_display": "100"}, "missing_lines": [], "excluded_lines": []}, "ConfigManagerConfig": {"executed_lines": [], "summary": {"covered_lines": 0, "num_statements": 0, "percent_covered": 100.0, "percent_covered_display": "100", "missing_lines": 0, "excluded_lines": 0, "percent_statements_covered": 100.0, "percent_statements_covered_display": "100"}, "missing_lines": [], "excluded_lines": []}, "StorageConfig": {"executed_lines": [], "summary": {"covered_lines": 0, "num_statements": 0, "percent_covered": 100.0, "percent_covered_display": "100", "missing_lines": 0, "excluded_lines": 0, "percent_statements_covered": 100.0, "percent_statements_covered_display": "100"}, "missing_lines": [], "excluded_lines": []}, "CoreComponentFactory": {"executed_lines": [80, 81, 82, 83, 87, 89, 90, 92, 95, 96, 97, 100, 104, 106, 107, 109, 110, 112, 114, 118, 120, 121, 128, 133, 138, 143, 149, 151, 152, 158, 163, 168, 177, 178, 179, 182, 183, 184, 198, 200, 202, 204, 207, 208, 209, 213, 215, 217, 219, 222, 223, 224, 226, 227, 253, 254, 255, 256, 257, 259, 262, 263, 264, 265, 268, 269, 270, 271, 272, 273, 274, 275, 276, 278, 279, 282, 283, 284, 285, 288, 291, 298, 311, 313, 327, 328, 329, 330, 331, 332, 333, 335, 336, 338, 339, 340, 341, 342, 344, 346, 347, 352, 353, 354, 356, 359, 360, 361, 362, 363, 364, 365, 367, 384, 385, 388, 392, 411, 412, 415, 418, 420, 442, 443, 444, 446, 447, 453, 456, 459, 462, 463, 465, 466], "summary": {"covered_lines": 134, "num_statements": 143, "percent_covered": 93.7062937062937, "percent_covered_display": "94", "missing_lines": 9, "excluded_lines": 0, "percent_statements_covered": 93.7062937062937, "percent_statements_covered_display": "94"}, "missing_lines": [111, 123, 124, 125, 126, 292, 293, 343, 454], "excluded_lines": []}, "": {"executed_lines": [1, 8, 9, 10, 12, 14, 18, 19, 20, 21, 22, 24, 27, 28, 30, 33, 34, 36, 37, 38, 39, 42, 43, 45, 48, 49, 51, 54, 61, 62, 78, 85, 102, 116, 130, 131, 135, 136, 140, 141, 145, 146, 154, 155, 160, 165, 170, 186, 187, 229, 230, 231, 300, 301, 302, 315, 316, 317, 369, 370, 394, 395, 422, 423], "summary": {"covered_lines": 57, "num_statements": 57, "percent_covered": 100.0, "percent_covered_display": "100", "missing_lines": 0, "excluded_lines": 5, "percent_statements_covered": 100.0, "percent_statements_covered_display": "100"}, "missing_lines": [], "excluded_lines": [54, 55, 56, 57, 58]}}}, "neural_ai/core/base/implementations/__init__.py": {"executed_lines": [1], "summary": {"covered_lines": 0, "num_statements": 0, "percent_covered": 100.0, "percent_covered_display": "100", "missing_lines": 0, "excluded_lines": 0, "percent_statements_covered": 100.0, "percent_statements_covered_display": "100"}, "missing_lines": [], "excluded_lines": [], "functions": {"": {"executed_lines": [1], "summary": {"covered_lines": 0, "num_statements": 0, "percent_covered": 100.0, "percent_covered_display": "100", "missing_lines": 0, "excluded_lines": 0, "percent_statements_covered": 100.0, "percent_statements_covered_display": "100"}, "missing_lines": [], "excluded_lines": []}}, "classes": {"": {"executed_lines": [1], "summary": {"covered_lines": 0, "num_statements": 0, "percent_covered": 100.0, "percent_covered_display": "100", "missing_lines": 0, "excluded_lines": 0, "percent_statements_covered": 100.0, "percent_statements_covered_display": "100"}, "missing_lines": [], "excluded_lines": []}}}, "neural_ai/core/base/implementations/component_bundle.py": {"executed_lines": [1, 3, 5, 7, 8, 11, 23, 26, 27, 29, 42, 44, 45, 48, 49, 53, 54, 58, 59, 62, 67, 68, 73, 74, 80, 82, 84, 85, 87, 88, 94, 96, 98, 99, 101, 102, 108, 110, 112, 113, 115, 116, 122, 124, 126, 127, 129, 130, 136, 138, 140, 141, 143, 144, 150, 152, 154, 155, 157, 158, 164, 166, 168, 169, 171, 172, 178, 180, 182, 183, 185, 186, 192, 194, 196, 197, 199, 205, 207, 209, 215, 217, 219, 225, 227, 229, 235, 237, 239, 245, 247, 249, 255, 257, 259, 265, 267, 269, 275, 277, 279, 285, 287, 289, 295, 297, 303, 305, 311, 313, 319, 321, 327, 329, 335, 337, 343, 345, 351, 353, 359, 361, 362, 368], "summary": {"covered_lines": 121, "num_statements": 124, "percent_covered": 97.58064516129032, "percent_covered_display": "98", "missing_lines": 3, "excluded_lines": 11, "percent_statements_covered": 97.58064516129032, "percent_statements_covered_display": "98"}, "missing_lines": [50, 63, 64], "excluded_lines": [11, 12, 13, 14, 15, 16, 17, 18, 19, 20, 21], "functions": {"CoreComponents.__init__": {"executed_lines": [42, 44, 45, 48, 49, 53, 54, 58, 59, 62, 67, 68], "summary": {"covered_lines": 12, "num_statements": 15, "percent_covered": 80.0, "percent_covered_display": "80", "missing_lines": 3, "excluded_lines": 0, "percent_statements_covered": 80.0, "percent_statements_covered_display": "80"}, "missing_lines": [50, 63, 64], "excluded_lines": []}, "CoreComponents.config": {"executed_lines": [80, 82, 84, 85], "summary": {"covered_lines": 4, "num_statements": 4, "percent_covered": 100.0, "percent_covered_display": "100", "missing_lines": 0, "excluded_lines": 0, "percent_statements_covered": 100.0, "percent_statements_covered_display": "100"}, "missing_lines": [], "excluded_lines": []}, "CoreComponents.logger": {"executed_lines": [94, 96, 98, 99], "summary": {"covered_lines": 4, "num_statements": 4, "percent_covered": 100.0, "percent_covered_display": "100", "missing_lines": 0, "excluded_lines": 0, "percent_statements_covered": 100.0, "percent_statements_covered_display": "100"}, "missing_lines": [], "excluded_lines": []}, "CoreComponents.storage": {"executed_lines": [108, 110, 112, 113], "summary": {"covered_lines": 4, "num_statements": 4, "percent_covered": 100.0, "percent_covered_display": "100", "missing_lines": 0, "excluded_lines": 0, "percent_statements_covered": 100.0, "percent_statements_covered_display": "100"}, "missing_lines": [], "excluded_lines": []}, "CoreComponents.database": {"executed_lines": [122, 124, 126, 127], "summary": {"covered_lines": 4, "num_statements": 4, "percent_covered": 100.0, "percent_covered_display": "100", "missing_lines": 0, "excluded_lines": 0, "percent_statements_covered": 100.0, "percent_statements_covered_display": "100"}, "missing_lines": [], "excluded_lines": []}, "CoreComponents.event_bus": {"executed_lines": [136, 138, 140, 141], "summary": {"covered_lines": 4, "num_statements": 4, "percent_covered": 100.0, "percent_covered_display": "100", "missing_lines": 0, "excluded_lines": 0, "percent_statements_covered": 100.0, "percent_statements_covered_display": "100"}, "missing_lines": [], "excluded_lines": []}, "CoreComponents.hardware": {"executed_lines": [150, 152, 154, 155], "summary": {"covered_lines": 4, "num_statements": 4, "percent_covered": 100.0, "percent_covered_display": "100", "missing_lines": 0, "excluded_lines": 0, "percent_statements_covered": 100.0, "percent_statements_covered_display": "100"}, "missing_lines": [], "excluded_lines": []}, "CoreComponents.persister": {"executed_lines": [164, 166, 168, 169], "summary": {"covered_lines": 4, "num_statements": 4, "percent_covered": 100.0, "percent_covered_display": "100", "missing_lines": 0, "excluded_lines": 0, "percent_statements_covered": 100.0, "percent_statements_covered_display": "100"}, "missing_lines": [], "excluded_lines": []}, "CoreComponents.live_feed": {"executed_lines": [178, 180, 182, 183], "summary": {"covered_lines": 4, "num_statements": 4, "percent_covered": 100.0, "percent_covered_display": "100", "missing_lines": 0, "excluded_lines": 0, "percent_statements_covered": 100.0, "percent_statements_covered_display": "100"}, "missing_lines": [], "excluded_lines": []}, "CoreComponents.health_monitor": {"executed_lines": [192, 194, 196, 197], "summary": {"covered_lines": 4, "num_statements": 4, "percent_covered": 100.0, "percent_covered_display": "100", "missing_lines": 0, "excluded_lines": 0, "percent_statements_covered": 100.0, "percent_statements_covered_display": "100"}, "missing_lines": [], "excluded_lines": []}, "CoreComponents.set_config": {"executed_lines": [205, 207], "summary": {"covered_lines": 2, "num_statements": 2, "percent_covered": 100.0, "percent_covered_display": "100", "missing_lines": 0, "excluded_lines": 0, "percent_statements_covered": 100.0, "percent_statements_covered_display": "100"}, "missing_lines": [], "excluded_lines": []}, "CoreComponents.set_logger": {"executed_lines": [215, 217], "summary": {"covered_lines": 2, "num_statements": 2, "percent_covered": 100.0, "percent_covered_display": "100", "missing_lines": 0, "excluded_lines": 0, "percent_statements_covered": 100.0, "percent_statements_covered_display": "100"}, "missing_lines": [], "excluded_lines": []}, "CoreComponents.set_storage": {"executed_lines": [225, 227], "summary": {"covered_lines": 2, "num_statements": 2, "percent_covered": 100.0, "percent_covered_display": "100", "missing_lines": 0, "excluded_lines": 0, "percent_statements_covered": 100.0, "percent_statements_covered_display": "100"}, "missing_lines": [], "excluded_lines": []}, "CoreComponents.set_database": {"executed_lines": [235, 237], "summary": {"covered_lines": 2, "num_statements": 2, "percent_covered": 100.0, "percent_covered_display": "100", "missing_lines": 0, "excluded_lines": 0, "percent_statements_covered": 100.0, "percent_statements_covered_display": "100"}, "missing_lines": [], "excluded_lines": []}, "CoreComponents.set_event_bus": {"executed_lines": [245, 247], "summary": {"covered_lines": 2, "num_statements": 2, "percent_covered": 100.0, "percent_covered_display": "100", "missing_lines": 0, "excluded_lines": 0, "percent_statements_covered": 100.0, "percent_statements_covered_display": "100"}, "missing_lines": [], "excluded_lines": []}, "CoreComponents.set_hardware": {"executed_lines": [255, 257], "summary": {"covered_lines": 2, "num_statements": 2, "percent_covered": 100.0, "percent_covered_display": "100", "missing_lines": 0, "excluded_lines": 0, "percent_statements_covered": 100.0, "percent_statements_covered_display": "100"}, "missing_lines": [], "excluded_lines": []}, "CoreComponents.set_persister": {"executed_lines": [265, 267], "summary": {"covered_lines": 2, "num_statements": 2, "percent_covered": 100.0, "percent_covered_display": "100", "missing_lines": 0, "excluded_lines": 0, "percent_statements_covered": 100.0, "percent_statements_covered_display": "100"}, "missing_lines": [], "excluded_lines": []}, "CoreComponents.set_live_feed": {"executed_lines": [275, 277], "summary": {"covered_lines": 2, "num_statements": 2, "percent_covered": 100.0, "percent_covered_display": "100", "missing_lines": 0, "excluded_lines": 0, "percent_statements_covered": 100.0, "percent_statements_covered_display": "100"}, "missing_lines": [], "excluded_lines": []}, "CoreComponents.set_health_monitor": {"executed_lines": [285, 287], "summary": {"covered_lines": 2, "num_statements": 2, "percent_covered": 100.0, "percent_covered_display": "100", "missing_lines": 0, "excluded_lines": 0, "percent_statements_covered": 100.0, "percent_statements_covered_display": "100"}, "missing_lines": [], "excluded_lines": []}, "CoreComponents.has_config": {"executed_lines": [295], "summary": {"covered_lines": 1, "num_statements": 1, "percent_covered": 100.0, "percent_covered_display": "100", "missing_lines": 0, "excluded_lines": 0, "percent_statements_covered": 100.0, "percent_statements_covered_display": "100"}, "missing_lines": [], "excluded_lines": []}, "CoreComponents.has_logger": {"executed_lines": [303], "summary": {"covered_lines": 1, "num_statements": 1, "percent_covered": 100.0, "percent_covered_display": "100", "missing_lines": 0, "excluded_lines": 0, "percent_statements_covered": 100.0, "percent_statements_covered_display": "100"}, "missing_lines": [], "excluded_lines": []}, "CoreComponents.has_storage": {"executed_lines": [311], "summary": {"covered_lines": 1, "num_statements": 1, "percent_covered": 100.0, "percent_covered_display": "100", "missing_lines": 0, "excluded_lines": 0, "percent_statements_covered": 100.0, "percent_statements_covered_display": "100"}, "missing_lines": [], "excluded_lines": []}, "CoreComponents.has_database": {"executed_lines": [319], "summary": {"covered_lines": 1, "num_statements": 1, "percent_covered": 100.0, "percent_covered_display": "100", "missing_lines": 0, "excluded_lines": 0, "percent_statements_covered": 100.0, "percent_statements_covered_display": "100"}, "missing_lines": [], "excluded_lines": []}, "CoreComponents.has_event_bus": {"executed_lines": [327], "summary": {"covered_lines": 1, "num_statements": 1, "percent_covered": 100.0, "percent_covered_display": "100", "missing_lines": 0, "excluded_lines": 0, "percent_statements_covered": 100.0, "percent_statements_covered_display": "100"}, "missing_lines": [], "excluded_lines": []}, "CoreComponents.has_hardware": {"executed_lines": [335], "summary": {"covered_lines": 1, "num_statements": 1, "percent_covered": 100.0, "percent_covered_display": "100", "missing_lines": 0, "excluded_lines": 0, "percent_statements_covered": 100.0, "percent_statements_covered_display": "100"}, "missing_lines": [], "excluded_lines": []}, "CoreComponents.has_persister": {"executed_lines": [343], "summary": {"covered_lines": 1, "num_statements": 1, "percent_covered": 100.0, "percent_covered_display": "100", "missing_lines": 0, "excluded_lines": 0, "percent_statements_covered": 100.0, "percent_statements_covered_display": "100"}, "missing_lines": [], "excluded_lines": []}, "CoreComponents.has_live_feed": {"executed_lines": [351], "summary": {"covered_lines": 1, "num_statements": 1, "percent_covered": 100.0, "percent_covered_display": "100", "missing_lines": 0, "excluded_lines": 0, "percent_statements_covered": 100.0, "percent_statements_covered_display": "100"}, "missing_lines": [], "excluded_lines": []}, "CoreComponents.has_health_monitor": {"executed_lines": [359], "summary": {"covered_lines": 1, "num_statements": 1, "percent_covered": 100.0, "percent_covered_display": "100", "missing_lines": 0, "excluded_lines": 0, "percent_statements_covered": 100.0, "percent_statements_covered_display": "100"}, "missing_lines": [], "excluded_lines": []}, "CoreComponents.validate": {"executed_lines": [368], "summary": {"covered_lines": 1, "num_statements": 1, "percent_covered": 100.0, "percent_covered_display": "100", "missing_lines": 0, "excluded_lines": 0, "percent_statements_covered": 100.0, "percent_statements_covered_display": "100"}, "missing_lines": [], "excluded_lines": []}, "": {"executed_lines": [1, 3, 5, 7, 8, 11, 23, 26, 27, 29, 73, 74, 87, 88, 101, 102, 115, 116, 129, 130, 143, 144, 157, 158, 171, 172, 185, 186, 199, 209, 219, 229, 239, 249, 259, 269, 279, 289, 297, 305, 313, 321, 329, 337, 345, 353, 361, 362], "summary": {"covered_lines": 45, "num_statements": 45, "percent_covered": 100.0, "percent_covered_display": "100", "missing_lines": 0, "excluded_lines": 11, "percent_statements_covered": 100.0, "percent_statements_covered_display": "100"}, "missing_lines": [], "excluded_lines": [11, 12, 13, 14, 15, 16, 17, 18, 19, 20, 21]}}, "classes": {"CoreComponents": {"executed_lines": [42, 44, 45, 48, 49, 53, 54, 58, 59, 62, 67, 68, 80, 82, 84, 85, 94, 96, 98, 99, 108, 110, 112, 113, 122, 124, 126, 127, 136, 138, 140, 141, 150, 152, 154, 155, 164, 166, 168, 169, 178, 180, 182, 183, 192, 194, 196, 197, 205, 207, 215, 217, 225, 227, 235, 237, 245, 247, 255, 257, 265, 267, 275, 277, 285, 287, 295, 303, 311, 319, 327, 335, 343, 351, 359, 368], "summary": {"covered_lines": 76, "num_statements": 79, "percent_covered": 96.20253164556962, "percent_covered_display": "96", "missing_lines": 3, "excluded_lines": 0, "percent_statements_covered": 96.20253164556962, "percent_statements_covered_display": "96"}, "missing_lines": [50, 63, 64], "excluded_lines": []}, "": {"executed_lines": [1, 3, 5, 7, 8, 11, 23, 26, 27, 29, 73, 74, 87, 88, 101, 102, 115, 116, 129, 130, 143, 144, 157, 158, 171, 172, 185, 186, 199, 209, 219, 229, 239, 249, 259, 269, 279, 289, 297, 305, 313, 321, 329, 337, 345, 353, 361, 362], "summary": {"covered_lines": 45, "num_statements": 45, "percent_covered": 100.0, "percent_covered_display": "100", "missing_lines": 0, "excluded_lines": 11, "percent_statements_covered": 100.0, "percent_statements_covered_display": "100"}, "missing_lines": [], "excluded_lines": [11, 12, 13, 14, 15, 16, 17, 18, 19, 20, 21]}}}, "neural_ai/core/base/implementations/di_container.py": {"executed_lines": [1, 3, 4, 5, 6, 8, 9, 10, 11, 13, 16, 17, 23, 24, 31, 37, 38, 39, 40, 42, 48, 49, 50, 51, 53, 54, 56, 58, 59, 65, 68, 69, 76, 77, 79, 87, 88, 90, 91, 92, 93, 94, 97, 98, 100, 101, 108, 109, 110, 111, 112, 114, 115, 122, 123, 124, 125, 128, 130, 131, 140, 141, 143, 144, 146, 147, 148, 149, 151, 152, 154, 156, 157, 168, 169, 171, 172, 174, 175, 176, 177, 179, 180, 193, 194, 196, 197, 200, 201, 202, 205, 208, 209, 211, 213, 215, 216, 223, 225, 226, 232, 233, 234, 235, 236, 238, 239, 241, 242, 243, 245, 246, 255, 257, 258, 268, 269, 270, 271, 276, 277, 288, 289, 291, 292, 295, 297, 298, 299, 301, 302, 304, 312, 313, 314, 315, 317], "summary": {"covered_lines": 133, "num_statements": 133, "percent_covered": 100.0, "percent_covered_display": "100", "missing_lines": 0, "excluded_lines": 2, "percent_statements_covered": 100.0, "percent_statements_covered_display": "100"}, "missing_lines": [], "excluded_lines": [13, 14], "functions": {"LazyComponent.__init__": {"executed_lines": [37, 38, 39, 40], "summary": {"covered_lines": 4, "num_statements": 4, "percent_covered": 100.0, "percent_covered_display": "100", "missing_lines": 0, "excluded_lines": 0, "percent_statements_covered": 100.0, "percent_statements_covered_display": "100"}, "missing_lines": [], "excluded_lines": []}, "LazyComponent.get": {"executed_lines": [48, 49, 50, 51, 53, 54, 56], "summary": {"covered_lines": 7, "num_statements": 7, "percent_covered": 100.0, "percent_covered_display": "100", "missing_lines": 0, "excluded_lines": 0, "percent_statements_covered": 100.0, "percent_statements_covered_display": "100"}, "missing_lines": [], "excluded_lines": []}, "LazyComponent.is_loaded": {"executed_lines": [65], "summary": {"covered_lines": 1, "num_statements": 1, "percent_covered": 100.0, "percent_covered_display": "100", "missing_lines": 0, "excluded_lines": 0, "percent_statements_covered": 100.0, "percent_statements_covered_display": "100"}, "missing_lines": [], "excluded_lines": []}, "DIContainer.__init__": {"executed_lines": [87, 88, 90, 91, 92, 93, 94, 97, 98], "summary": {"covered_lines": 9, "num_statements": 9, "percent_covered": 100.0, "percent_covered_display": "100", "missing_lines": 0, "excluded_lines": 0, "percent_statements_covered": 100.0, "percent_statements_covered_display": "100"}, "missing_lines": [], "excluded_lines": []}, "DIContainer.register_instance": {"executed_lines": [108, 109, 110, 111, 112], "summary": {"covered_lines": 5, "num_statements": 5, "percent_covered": 100.0, "percent_covered_display": "100", "missing_lines": 0, "excluded_lines": 0, "percent_statements_covered": 100.0, "percent_statements_covered_display": "100"}, "missing_lines": [], "excluded_lines": []}, "DIContainer.register_factory": {"executed_lines": [122, 123, 124, 125, 128], "summary": {"covered_lines": 5, "num_statements": 5, "percent_covered": 100.0, "percent_covered_display": "100", "missing_lines": 0, "excluded_lines": 0, "percent_statements_covered": 100.0, "percent_statements_covered_display": "100"}, "missing_lines": [], "excluded_lines": []}, "DIContainer.resolve": {"executed_lines": [140, 141, 143, 144, 146, 147, 148, 149, 151, 152, 154], "summary": {"covered_lines": 11, "num_statements": 11, "percent_covered": 100.0, "percent_covered_display": "100", "missing_lines": 0, "excluded_lines": 0, "percent_statements_covered": 100.0, "percent_statements_covered_display": "100"}, "missing_lines": [], "excluded_lines": []}, "DIContainer.register_lazy": {"executed_lines": [168, 169, 171, 172, 174, 175, 176, 177], "summary": {"covered_lines": 8, "num_statements": 8, "percent_covered": 100.0, "percent_covered_display": "100", "missing_lines": 0, "excluded_lines": 0, "percent_statements_covered": 100.0, "percent_statements_covered_display": "100"}, "missing_lines": [], "excluded_lines": []}, "DIContainer.get": {"executed_lines": [193, 194, 196, 197, 200, 201, 202, 205, 208, 209, 211, 213], "summary": {"covered_lines": 12, "num_statements": 12, "percent_covered": 100.0, "percent_covered_display": "100", "missing_lines": 0, "excluded_lines": 0, "percent_statements_covered": 100.0, "percent_statements_covered_display": "100"}, "missing_lines": [], "excluded_lines": []}, "DIContainer.get_lazy_components": {"executed_lines": [223], "summary": {"covered_lines": 1, "num_statements": 1, "percent_covered": 100.0, "percent_covered_display": "100", "missing_lines": 0, "excluded_lines": 0, "percent_statements_covered": 100.0, "percent_statements_covered_display": "100"}, "missing_lines": [], "excluded_lines": []}, "DIContainer.preload_components": {"executed_lines": [232, 233, 234, 235, 236], "summary": {"covered_lines": 5, "num_statements": 5, "percent_covered": 100.0, "percent_covered_display": "100", "missing_lines": 0, "excluded_lines": 0, "percent_statements_covered": 100.0, "percent_statements_covered_display": "100"}, "missing_lines": [], "excluded_lines": []}, "DIContainer.clear": {"executed_lines": [241, 242, 243], "summary": {"covered_lines": 3, "num_statements": 3, "percent_covered": 100.0, "percent_covered_display": "100", "missing_lines": 0, "excluded_lines": 0, "percent_statements_covered": 100.0, "percent_statements_covered_display": "100"}, "missing_lines": [], "excluded_lines": []}, "DIContainer._verify_singleton": {"executed_lines": [255], "summary": {"covered_lines": 1, "num_statements": 1, "percent_covered": 100.0, "percent_covered_display": "100", "missing_lines": 0, "excluded_lines": 0, "percent_statements_covered": 100.0, "percent_statements_covered_display": "100"}, "missing_lines": [], "excluded_lines": []}, "DIContainer._enforce_singleton": {"executed_lines": [268, 269, 270, 271], "summary": {"covered_lines": 4, "num_statements": 4, "percent_covered": 100.0, "percent_covered_display": "100", "missing_lines": 0, "excluded_lines": 0, "percent_statements_covered": 100.0, "percent_statements_covered_display": "100"}, "missing_lines": [], "excluded_lines": []}, "DIContainer.register": {"executed_lines": [288, 289, 291, 292, 295, 297, 298, 299], "summary": {"covered_lines": 8, "num_statements": 8, "percent_covered": 100.0, "percent_covered_display": "100", "missing_lines": 0, "excluded_lines": 0, "percent_statements_covered": 100.0, "percent_statements_covered_display": "100"}, "missing_lines": [], "excluded_lines": []}, "DIContainer.get_memory_usage": {"executed_lines": [304, 312, 313, 314, 315, 317], "summary": {"covered_lines": 6, "num_statements": 6, "percent_covered": 100.0, "percent_covered_display": "100", "missing_lines": 0, "excluded_lines": 0, "percent_statements_covered": 100.0, "percent_statements_covered_display": "100"}, "missing_lines": [], "excluded_lines": []}, "": {"executed_lines": [1, 3, 4, 5, 6, 8, 9, 10, 11, 13, 16, 17, 23, 24, 31, 42, 58, 59, 68, 69, 76, 77, 79, 100, 101, 114, 115, 130, 131, 156, 157, 179, 180, 215, 216, 225, 226, 238, 239, 245, 246, 257, 258, 276, 277, 301, 302], "summary": {"covered_lines": 43, "num_statements": 43, "percent_covered": 100.0, "percent_covered_display": "100", "missing_lines": 0, "excluded_lines": 2, "percent_statements_covered": 100.0, "percent_statements_covered_display": "100"}, "missing_lines": [], "excluded_lines": [13, 14]}}, "classes": {"LazyComponent": {"executed_lines": [37, 38, 39, 40, 48, 49, 50, 51, 53, 54, 56, 65], "summary": {"covered_lines": 12, "num_statements": 12, "percent_covered": 100.0, "percent_covered_display": "100", "missing_lines": 0, "excluded_lines": 0, "percent_statements_covered": 100.0, "percent_statements_covered_display": "100"}, "missing_lines": [], "excluded_lines": []}, "DIContainer": {"executed_lines": [87, 88, 90, 91, 92, 93, 94, 97, 98, 108, 109, 110, 111, 112, 122, 123, 124, 125, 128, 140, 141, 143, 144, 146, 147, 148, 149, 151, 152, 154, 168, 169, 171, 172, 174, 175, 176, 177, 193, 194, 196, 197, 200, 201, 202, 205, 208, 209, 211, 213, 223, 232, 233, 234, 235, 236, 241, 242, 243, 255, 268, 269, 270, 271, 288, 289, 291, 292, 295, 297, 298, 299, 304, 312, 313, 314, 315, 317], "summary": {"covered_lines": 78, "num_statements": 78, "percent_covered": 100.0, "percent_covered_display": "100", "missing_lines": 0, "excluded_lines": 0, "percent_statements_covered": 100.0, "percent_statements_covered_display": "100"}, "missing_lines": [], "excluded_lines": []}, "": {"executed_lines": [1, 3, 4, 5, 6, 8, 9, 10, 11, 13, 16, 17, 23, 24, 31, 42, 58, 59, 68, 69, 76, 77, 79, 100, 101, 114, 115, 130, 131, 156, 157, 179, 180, 215, 216, 225, 226, 238, 239, 245, 246, 257, 258, 276, 277, 301, 302], "summary": {"covered_lines": 43, "num_statements": 43, "percent_covered": 100.0, "percent_covered_display": "100", "missing_lines": 0, "excluded_lines": 2, "percent_statements_covered": 100.0, "percent_statements_covered_display": "100"}, "missing_lines": [], "excluded_lines": [13, 14]}}}, "neural_ai/core/base/implementations/lazy_loader.py": {"executed_lines": [1, 8, 9, 10, 12, 14, 17, 19, 22, 23, 33, 46, 47, 48, 49, 50, 53, 59, 69, 70, 71, 72, 73, 74, 76, 77, 85, 87, 88, 94, 96, 103, 104, 105, 108, 134, 136, 137, 138, 139, 140, 142], "summary": {"covered_lines": 39, "num_statements": 40, "percent_covered": 97.5, "percent_covered_display": "98", "missing_lines": 1, "excluded_lines": 3, "percent_statements_covered": 97.5, "percent_statements_covered_display": "98"}, "missing_lines": [54], "excluded_lines": [14, 15, 109], "functions": {"LazyLoader.__init__": {"executed_lines": [46, 47, 48, 49, 50, 53], "summary": {"covered_lines": 6, "num_statements": 7, "percent_covered": 85.71428571428571, "percent_covered_display": "86", "missing_lines": 1, "excluded_lines": 0, "percent_statements_covered": 85.71428571428571, "percent_statements_covered_display": "86"}, "missing_lines": [54], "excluded_lines": []}, "LazyLoader._load": {"executed_lines": [69, 70, 71, 72, 73, 74], "summary": {"covered_lines": 6, "num_statements": 6, "percent_covered": 100.0, "percent_covered_display": "100", "missing_lines": 0, "excluded_lines": 0, "percent_statements_covered": 100.0, "percent_statement
[...]
cribe_to_market_updates": {"executed_lines": [225, 226, 228], "summary": {"covered_lines": 3, "num_statements": 3, "percent_covered": 100.0, "percent_covered_display": "100", "missing_lines": 0, "excluded_lines": 0, "percent_statements_covered": 100.0, "percent_statements_covered_display": "100"}, "missing_lines": [], "excluded_lines": []}, "LiveOpsService.get_performance_summary": {"executed_lines": [237, 251], "summary": {"covered_lines": 2, "num_statements": 2, "percent_covered": 100.0, "percent_covered_display": "100", "missing_lines": 0, "excluded_lines": 0, "percent_statements_covered": 100.0, "percent_statements_covered_display": "100"}, "missing_lines": [], "excluded_lines": []}, "": {"executed_lines": [1, 7, 8, 10, 12, 16, 17, 23, 38, 61, 81, 120, 157, 175, 193, 216, 230], "summary": {"covered_lines": 14, "num_statements": 14, "percent_covered": 100.0, "percent_covered_display": "100", "missing_lines": 0, "excluded_lines": 2, "percent_statements_covered": 100.0, "percent_statements_covered_display": "100"}, "missing_lines": [], "excluded_lines": [12, 13]}}, "classes": {"LiveOpsService": {"executed_lines": [31, 32, 33, 34, 35, 36, 44, 45, 46, 47, 59, 68, 79, 104, 106, 117, 118, 138, 139, 141, 143, 144, 146, 147, 149, 152, 154, 155, 166, 167, 169, 170, 172, 173, 184, 185, 187, 188, 190, 191, 203, 214, 225, 226, 228, 237, 251], "summary": {"covered_lines": 47, "num_statements": 48, "percent_covered": 97.91666666666667, "percent_covered_display": "98", "missing_lines": 1, "excluded_lines": 0, "percent_statements_covered": 97.91666666666667, "percent_statements_covered_display": "98"}, "missing_lines": [150], "excluded_lines": []}, "": {"executed_lines": [1, 7, 8, 10, 12, 16, 17, 23, 38, 61, 81, 120, 157, 175, 193, 216, 230], "summary": {"covered_lines": 14, "num_statements": 14, "percent_covered": 100.0, "percent_covered_display": "100", "missing_lines": 0, "excluded_lines": 2, "percent_statements_covered": 100.0, "percent_statements_covered_display": "100"}, "missing_lines": [], "excluded_lines": [12, 13]}}}, "neural_ai/ui/services/navigation_service.py": {"executed_lines": [1, 7, 8, 10, 11, 13, 17, 18, 24, 32, 33, 34, 35, 36, 37, 38, 40, 47, 48, 51, 52, 53, 56, 57, 59, 60, 63, 65, 67, 68, 71, 74, 75, 77, 78, 81, 83, 89, 90, 91, 93, 99, 101, 108, 111, 112, 113, 115, 121, 123, 130, 131, 132, 133, 135], "summary": {"covered_lines": 52, "num_statements": 52, "percent_covered": 100.0, "percent_covered_display": "100", "missing_lines": 0, "excluded_lines": 2, "percent_statements_covered": 100.0, "percent_statements_covered_display": "100"}, "missing_lines": [], "excluded_lines": [13, 14], "functions": {"NavigationService.__init__": {"executed_lines": [32, 33, 34, 35, 36, 37, 38], "summary": {"covered_lines": 7, "num_statements": 7, "percent_covered": 100.0, "percent_covered_display": "100", "missing_lines": 0, "excluded_lines": 0, "percent_statements_covered": 100.0, "percent_statements_covered_display": "100"}, "missing_lines": [], "excluded_lines": []}, "NavigationService.navigate_to": {"executed_lines": [47, 48, 51, 52, 53, 56, 57, 59, 60, 63], "summary": {"covered_lines": 10, "num_statements": 10, "percent_covered": 100.0, "percent_covered_display": "100", "missing_lines": 0, "excluded_lines": 0, "percent_statements_covered": 100.0, "percent_statements_covered_display": "100"}, "missing_lines": [], "excluded_lines": []}, "NavigationService.go_back": {"executed_lines": [67, 68, 71, 74, 75, 77, 78, 81], "summary": {"covered_lines": 8, "num_statements": 8, "percent_covered": 100.0, "percent_covered_display": "100", "missing_lines": 0, "excluded_lines": 0, "percent_statements_covered": 100.0, "percent_statements_covered_display": "100"}, "missing_lines": [], "excluded_lines": []}, "NavigationService.get_current_page": {"executed_lines": [89, 90, 91], "summary": {"covered_lines": 3, "num_statements": 3, "percent_covered": 100.0, "percent_covered_display": "100", "missing_lines": 0, "excluded_lines": 0, "percent_statements_covered": 100.0, "percent_statements_covered_display": "100"}, "missing_lines": [], "excluded_lines": []}, "NavigationService.get_page_history": {"executed_lines": [99], "summary": {"covered_lines": 1, "num_statements": 1, "percent_covered": 100.0, "percent_covered_display": "100", "missing_lines": 0, "excluded_lines": 0, "percent_statements_covered": 100.0, "percent_statements_covered_display": "100"}, "missing_lines": [], "excluded_lines": []}, "NavigationService.register_page": {"executed_lines": [108, 111, 112, 113], "summary": {"covered_lines": 4, "num_statements": 4, "percent_covered": 100.0, "percent_covered_display": "100", "missing_lines": 0, "excluded_lines": 0, "percent_statements_covered": 100.0, "percent_statements_covered_display": "100"}, "missing_lines": [], "excluded_lines": []}, "NavigationService.subscribe": {"executed_lines": [121], "summary": {"covered_lines": 1, "num_statements": 1, "percent_covered": 100.0, "percent_covered_display": "100", "missing_lines": 0, "excluded_lines": 0, "percent_statements_covered": 100.0, "percent_statements_covered_display": "100"}, "missing_lines": [], "excluded_lines": []}, "NavigationService._notify_subscribers": {"executed_lines": [130, 131, 132, 133, 135], "summary": {"covered_lines": 5, "num_statements": 5, "percent_covered": 100.0, "percent_covered_display": "100", "missing_lines": 0, "excluded_lines": 0, "percent_statements_covered": 100.0, "percent_statements_covered_display": "100"}, "missing_lines": [], "excluded_lines": []}, "": {"executed_lines": [1, 7, 8, 10, 11, 13, 17, 18, 24, 40, 65, 83, 93, 101, 115, 123], "summary": {"covered_lines": 13, "num_statements": 13, "percent_covered": 100.0, "percent_covered_display": "100", "missing_lines": 0, "excluded_lines": 2, "percent_statements_covered": 100.0, "percent_statements_covered_display": "100"}, "missing_lines": [], "excluded_lines": [13, 14]}}, "classes": {"NavigationService": {"executed_lines": [32, 33, 34, 35, 36, 37, 38, 47, 48, 51, 52, 53, 56, 57, 59, 60, 63, 67, 68, 71, 74, 75, 77, 78, 81, 89, 90, 91, 99, 108, 111, 112, 113, 121, 130, 131, 132, 133, 135], "summary": {"covered_lines": 39, "num_statements": 39, "percent_covered": 100.0, "percent_covered_display": "100", "missing_lines": 0, "excluded_lines": 0, "percent_statements_covered": 100.0, "percent_statements_covered_display": "100"}, "missing_lines": [], "excluded_lines": []}, "": {"executed_lines": [1, 7, 8, 10, 11, 13, 17, 18, 24, 40, 65, 83, 93, 101, 115, 123], "summary": {"covered_lines": 13, "num_statements": 13, "percent_covered": 100.0, "percent_covered_display": "100", "missing_lines": 0, "excluded_lines": 2, "percent_statements_covered": 100.0, "percent_statements_covered_display": "100"}, "missing_lines": [], "excluded_lines": [13, 14]}}}, "neural_ai/ui/services/strategy_service.py": {"executed_lines": [1, 9, 10, 12, 14, 25, 26, 32, 40, 41, 42, 43, 57, 58, 60, 66, 67, 68, 77, 79, 91, 93, 103, 104, 106, 119, 120, 122, 124, 125, 127, 128, 130, 132, 133, 135, 144, 145, 147, 149, 150, 152, 166, 170, 172, 181, 188, 190, 199, 200, 202, 205, 221, 223, 236, 237, 240, 242, 250, 257, 259, 274, 279, 282, 284, 287, 291, 293, 490, 508, 509, 511, 516, 521, 522, 524, 525, 527, 530, 532, 535, 537], "summary": {"covered_lines": 79, "num_statements": 131, "percent_covered": 60.30534351145038, "percent_covered_display": "60", "missing_lines": 52, "excluded_lines": 6, "percent_statements_covered": 60.30534351145038, "percent_statements_covered_display": "60"}, "missing_lines": [167, 321, 322, 324, 329, 338, 340, 341, 342, 346, 347, 349, 352, 355, 356, 357, 363, 364, 365, 371, 374, 375, 376, 385, 386, 387, 389, 392, 393, 396, 397, 400, 410, 411, 412, 413, 415, 418, 420, 427, 430, 437, 438, 439, 442, 447, 453, 462, 465, 467, 481, 482], "excluded_lines": [14, 15, 16, 18, 19, 20], "functions": {"StrategyService.__init__": {"executed_lines": [40, 41, 42, 43, 57, 58], "summary": {"covered_lines": 6, "num_statements": 6, "percent_covered": 100.0, "percent_covered_display": "100", "missing_lines": 0, "excluded_lines": 0, "percent_statements_covered": 100.0, "percent_statements_covered_display": "100"}, "missing_lines": [], "excluded_lines": []}, "StrategyService.get_strategies": {"executed_lines": [66, 67, 68, 77], "summary": {"covered_lines": 4, "num_statements": 4, "percent_covered": 100.0, "percent_covered_display": "100", "missing_lines": 0, "excluded_lines": 0, "percent_statements_covered": 100.0, "percent_statements_covered_display": "100"}, "missing_lines": [], "excluded_lines": []}, "StrategyService.create_strategy": {"executed_lines": [91, 93, 103, 104], "summary": {"covered_lines": 4, "num_statements": 4, "percent_covered": 100.0, "percent_covered_display": "100", "missing_lines": 0, "excluded_lines": 0, "percent_statements_covered": 100.0, "percent_statements_covered_display": "100"}, "missing_lines": [], "excluded_lines": []}, "StrategyService.update_strategy": {"executed_lines": [119, 120, 122, 124, 125, 127, 128, 130, 132, 133], "summary": {"covered_lines": 10, "num_statements": 10, "percent_covered": 100.0, "percent_covered_display": "100", "missing_lines": 0, "excluded_lines": 0, "percent_statements_covered": 100.0, "percent_statements_covered_display": "100"}, "missing_lines": [], "excluded_lines": []}, "StrategyService.delete_strategy": {"executed_lines": [144, 145, 147, 149, 150], "summary": {"covered_lines": 5, "num_statements": 5, "percent_covered": 100.0, "percent_covered_display": "100", "missing_lines": 0, "excluded_lines": 0, "percent_statements_covered": 100.0, "percent_statements_covered_display": "100"}, "missing_lines": [], "excluded_lines": []}, "StrategyService.backtest_strategy": {"executed_lines": [166, 170, 172, 181, 188], "summary": {"covered_lines": 5, "num_statements": 6, "percent_covered": 83.33333333333333, "percent_covered_display": "83", "missing_lines": 1, "excluded_lines": 0, "percent_statements_covered": 83.33333333333333, "percent_statements_covered_display": "83"}, "missing_lines": [167], "excluded_lines": []}, "StrategyService.get_backtest_status": {"executed_lines": [199, 200, 202, 205, 221], "summary": {"covered_lines": 5, "num_statements": 5, "percent_covered": 100.0, "percent_covered_display": "100", "missing_lines": 0, "excluded_lines": 0, "percent_statements_covered": 100.0, "percent_statements_covered_display": "100"}, "missing_lines": [], "excluded_lines": []}, "StrategyService.optimize_strategy": {"executed_lines": [236, 237, 240, 242, 250, 257], "summary": {"covered_lines": 6, "num_statements": 6, "percent_covered": 100.0, "percent_covered_display": "100", "missing_lines": 0, "excluded_lines": 0, "percent_statements_covered": 100.0, "percent_statements_covered_display": "100"}, "missing_lines": [], "excluded_lines": []}, "StrategyService.get_candles": {"executed_lines": [274, 279, 282, 284, 287, 291], "summary": {"covered_lines": 6, "num_statements": 6, "percent_covered": 100.0, "percent_covered_display": "100", "missing_lines": 0, "excluded_lines": 0, "percent_statements_covered": 100.0, "percent_statements_covered_display": "100"}, "missing_lines": [], "excluded_lines": []}, "StrategyService.run_sma_backtest": {"executed_lines": [], "summary": {"covered_lines": 0, "num_statements": 51, "percent_covered": 0.0, "percent_covered_display": "0", "missing_lines": 51, "excluded_lines": 0, "percent_statements_covered": 0.0, "percent_statements_covered_display": "0"}, "missing_lines": [321, 322, 324, 329, 338, 340, 341, 342, 346, 347, 349, 352, 355, 356, 357, 363, 364, 365, 371, 374, 375, 376, 385, 386, 387, 389, 392, 393, 396, 397, 400, 410, 411, 412, 413, 415, 418, 420, 427, 430, 437, 438, 439, 442, 447, 453, 462, 465, 467, 481, 482], "excluded_lines": []}, "StrategyService.analyze_market_structure": {"executed_lines": [508, 509, 511, 516, 521, 522, 524, 525, 527, 530, 532, 535, 537], "summary": {"covered_lines": 13, "num_statements": 13, "percent_covered": 100.0, "percent_covered_display": "100", "missing_lines": 0, "excluded_lines": 0, "percent_statements_covered": 100.0, "percent_statements_covered_display": "100"}, "missing_lines": [], "excluded_lines": []}, "": {"executed_lines": [1, 9, 10, 12, 14, 25, 26, 32, 60, 79, 106, 135, 152, 190, 223, 259, 293, 490], "summary": {"covered_lines": 15, "num_statements": 15, "percent_covered": 100.0, "percent_covered_display": "100", "missing_lines": 0, "excluded_lines": 6, "percent_statements_covered": 100.0, "percent_statements_covered_display": "100"}, "missing_lines": [], "excluded_lines": [14, 15, 16, 18, 19, 20]}}, "classes": {"StrategyService": {"executed_lines": [40, 41, 42, 43, 57, 58, 66, 67, 68, 77, 91, 93, 103, 104, 119, 120, 122, 124, 125, 127, 128, 130, 132, 133, 144, 145, 147, 149, 150, 166, 170, 172, 181, 188, 199, 200, 202, 205, 221, 236, 237, 240, 242, 250, 257, 274, 279, 282, 284, 287, 291, 508, 509, 511, 516, 521, 522, 524, 525, 527, 530, 532, 535, 537], "summary": {"covered_lines": 64, "num_statements": 116, "percent_covered": 55.172413793103445, "percent_covered_display": "55", "missing_lines": 52, "excluded_lines": 0, "percent_statements_covered": 55.172413793103445, "percent_statements_covered_display": "55"}, "missing_lines": [167, 321, 322, 324, 329, 338, 340, 341, 342, 346, 347, 349, 352, 355, 356, 357, 363, 364, 365, 371, 374, 375, 376, 385, 386, 387, 389, 392, 393, 396, 397, 400, 410, 411, 412, 413, 415, 418, 420, 427, 430, 437, 438, 439, 442, 447, 453, 462, 465, 467, 481, 482], "excluded_lines": []}, "": {"executed_lines": [1, 9, 10, 12, 14, 25, 26, 32, 60, 79, 106, 135, 152, 190, 223, 259, 293, 490], "summary": {"covered_lines": 15, "num_statements": 15, "percent_covered": 100.0, "percent_covered_display": "100", "missing_lines": 0, "excluded_lines": 6, "percent_statements_covered": 100.0, "percent_statements_covered_display": "100"}, "missing_lines": [], "excluded_lines": [14, 15, 16, 18, 19, 20]}}}, "neural_ai/ui/streamlit_app.py": {"executed_lines": [2, 8, 9, 10, 12, 15, 17, 19, 23, 25, 33, 35, 50, 59, 61, 62, 63, 66, 69, 72, 73, 74, 75, 78, 79, 80, 81, 84, 85, 86, 87, 90, 91, 94, 95, 98, 99, 101, 102, 105, 111, 113, 114, 115, 117, 120, 138, 144, 146, 147, 148, 150, 153, 181, 182, 185, 191, 193, 194, 195, 197, 200, 232, 238, 239, 242, 243, 244, 245, 246, 247, 251, 254, 255, 257, 260, 261, 262, 265, 268, 271, 274, 276, 278, 285, 288, 291, 292, 293, 294, 302, 305], "summary": {"covered_lines": 90, "num_statements": 147, "percent_covered": 61.224489795918366, "percent_covered_display": "61", "missing_lines": 57, "excluded_lines": 2, "percent_statements_covered": 61.224489795918366, "percent_statements_covered_display": "61"}, "missing_lines": [121, 123, 124, 125, 126, 127, 129, 131, 132, 134, 135, 155, 156, 157, 158, 159, 161, 162, 163, 164, 165, 168, 170, 171, 172, 173, 174, 176, 177, 178, 179, 201, 202, 203, 204, 207, 215, 216, 218, 219, 220, 222, 223, 224, 226, 228, 229, 248, 249, 279, 280, 281, 282, 296, 297, 298, 306], "excluded_lines": [19, 20], "functions": {"setup_page_config": {"executed_lines": [25], "summary": {"covered_lines": 1, "num_statements": 1, "percent_covered": 100.0, "percent_covered_display": "100", "missing_lines": 0, "excluded_lines": 0, "percent_statements_covered": 100.0, "percent_statements_covered_display": "100"}, "missing_lines": [], "excluded_lines": []}, "render_header": {"executed_lines": [35], "summary": {"covered_lines": 1, "num_statements": 1, "percent_covered": 100.0, "percent_covered_display": "100", "missing_lines": 0, "excluded_lines": 0, "percent_statements_covered": 100.0, "percent_statements_covered_display": "100"}, "missing_lines": [], "excluded_lines": []}, "render_system_overview": {"executed_lines": [59, 61, 62, 63, 66, 69, 72, 73, 74, 75, 78, 79, 80, 81, 84, 85, 86, 87, 90, 91, 94, 95, 98, 99, 101, 102], "summary": {"covered_lines": 26, "num_statements": 26, "percent_covered": 100.0, "percent_covered_display": "100", "missing_lines": 0, "excluded_lines": 0, "percent_statements_covered": 100.0, "percent_statements_covered_display": "100"}, "missing_lines": [], "excluded_lines": []}, "render_health_status": {"executed_lines": [111, 113, 114, 115, 117, 120], "summary": {"covered_lines": 6, "num_statements": 17, "percent_covered": 35.294117647058826, "percent_covered_display": "35", "missing_lines": 11, "excluded_lines": 0, "percent_statements_covered": 35.294117647058826, "percent_statements_covered_display": "35"}, "missing_lines": [121, 123, 124, 125, 126, 127, 129, 131, 132, 134, 135], "excluded_lines": []}, "render_performance_metrics": {"executed_lines": [144, 146, 147, 148, 150, 153, 181, 182], "summary": {"covered_lines": 8, "num_statements": 28, "percent_covered": 28.571428571428573, "percent_covered_display": "29", "missing_lines": 20, "excluded_lines": 0, "percent_statements_covered": 28.571428571428573, "percent_statements_covered_display": "29"}, "missing_lines": [155, 156, 157, 158, 159, 161, 162, 163, 164, 165, 168, 170, 171, 172, 173, 174, 176, 177, 178, 179], "excluded_lines": []}, "render_recent_activities": {"executed_lines": [191, 193, 194, 195, 197, 200], "summary": {"covered_lines": 6, "num_statements": 22, "percent_covered": 27.272727272727273, "percent_covered_display": "27", "missing_lines": 16, "excluded_lines": 0, "percent_statements_covered": 27.272727272727273, "percent_statements_covered_display": "27"}, "missing_lines": [201, 202, 203, 204, 207, 215, 216, 218, 219, 220, 222, 223, 224, 226, 228, 229], "excluded_lines": []}, "render_sidebar": {"executed_lines": [238, 239, 242, 243, 244, 245, 246, 247, 251, 254, 255, 257, 260, 261, 262], "summary": {"covered_lines": 15, "num_statements": 17, "percent_covered": 88.23529411764706, "percent_covered_display": "88", "missing_lines": 2, "excluded_lines": 0, "percent_statements_covered": 88.23529411764706, "percent_statements_covered_display": "88"}, "missing_lines": [248, 249], "excluded_lines": []}, "main": {"executed_lines": [268, 271, 274, 276, 278, 285, 288, 291, 292, 293, 294, 302], "summary": {"covered_lines": 12, "num_statements": 19, "percent_covered": 63.1578947368421, "percent_covered_display": "63", "missing_lines": 7, "excluded_lines": 0, "percent_statements_covered": 63.1578947368421, "percent_statements_covered_display": "63"}, "missing_lines": [279, 280, 281, 282, 296, 297, 298], "excluded_lines": []}, "": {"executed_lines": [2, 8, 9, 10, 12, 15, 17, 19, 23, 33, 50, 105, 138, 185, 232, 265, 305], "summary": {"covered_lines": 15, "num_statements": 16, "percent_covered": 93.75, "percent_covered_display": "94", "missing_lines": 1, "excluded_lines": 2, "percent_statements_covered": 93.75, "percent_statements_covered_display": "94"}, "missing_lines": [306], "excluded_lines": [19, 20]}}, "classes": {"": {"executed_lines": [2, 8, 9, 10, 12, 15, 17, 19, 23, 25, 33, 35, 50, 59, 61, 62, 63, 66, 69, 72, 73, 74, 75, 78, 79, 80, 81, 84, 85, 86, 87, 90, 91, 94, 95, 98, 99, 101, 102, 105, 111, 113, 114, 115, 117, 120, 138, 144, 146, 147, 148, 150, 153, 181, 182, 185, 191, 193, 194, 195, 197, 200, 232, 238, 239, 242, 243, 244, 245, 246, 247, 251, 254, 255, 257, 260, 261, 262, 265, 268, 271, 274, 276, 278, 285, 288, 291, 292, 293, 294, 302, 305], "summary": {"covered_lines": 90, "num_statements": 147, "percent_covered": 61.224489795918366, "percent_covered_display": "61", "missing_lines": 57, "excluded_lines": 2, "percent_statements_covered": 61.224489795918366, "percent_statements_covered_display": "61"}, "missing_lines": [121, 123, 124, 125, 126, 127, 129, 131, 132, 134, 135, 155, 156, 157, 158, 159, 161, 162, 163, 164, 165, 168, 170, 171, 172, 173, 174, 176, 177, 178, 179, 201, 202, 203, 204, 207, 215, 216, 218, 219, 220, 222, 223, 224, 226, 228, 229, 248, 249, 279, 280, 281, 282, 296, 297, 298, 306], "excluded_lines": [19, 20]}}}}, "totals": {"covered_lines": 5949, "num_statements": 6986, "percent_covered": 85.15602633839107, "percent_covered_display": "85", "missing_lines": 1037, "excluded_lines": 413, "percent_statements_covered": 85.15602633839107, "percent_statements_covered_display": "85"}}