{"meta": {"format": 3, "version": "7.13.0", "timestamp": "2026-02-21T06:24:23.466282", "branch_coverage": false, "show_contexts": false}, "files": {"neural_ai/core/__init__.py": {"executed_lines": [1, 13, 15, 21, 23, 51, 52, 59, 60, 62, 63, 64, 67, 68, 74, 77, 78, 116, 117, 118, 119, 120, 121, 122, 123, 124, 125, 126, 127, 128, 129, 130, 131, 132, 135, 139, 140, 141, 142, 143, 150, 151, 152, 154, 155, 158, 159, 160, 161, 164, 165, 166, 167, 170, 172, 173, 174, 175, 178, 179, 180, 181, 182, 185, 186, 187, 188, 190, 191, 198, 199, 205, 206, 209, 212, 215, 218, 221, 225, 226, 229, 230, 231, 237, 238, 241, 243, 244, 246, 247, 248, 250, 251, 252, 254, 256, 258, 262, 265, 266, 281, 282, 284, 288], "summary": {"covered_lines": 102, "num_statements": 108, "percent_covered": 94.44444444444444, "percent_covered_display": "94", "missing_lines": 6, "excluded_lines": 10, "percent_statements_covered": 94.44444444444444, "percent_statements_covered_display": "94"}, "missing_lines": [144, 145, 147, 200, 201, 202], "excluded_lines": [23, 24, 25, 28, 31, 34, 37, 40, 43, 46], "functions": {"get_version": {"executed_lines": [59, 60, 62, 63, 64], "summary": {"covered_lines": 5, "num_statements": 5, "percent_covered": 100.0, "percent_covered_display": "100", "missing_lines": 0, "excluded_lines": 0, "percent_statements_covered": 100.0, "percent_statements_covered_display": "100"}, "missing_lines": [], "excluded_lines": []}, "get_schema_version": {"executed_lines": [74], "summary": {"covered_lines": 1, "num_statements": 1, "percent_covered": 100.0, "percent_covered_display": "100", "missing_lines": 0, "excluded_lines": 0, "percent_statements_covered": 100.0, "percent_statements_covered_display": "100"}, "missing_lines": [], "excluded_lines": []}, "bootstrap_core": {"executed_lines": [116, 117, 118, 119, 120, 121, 122, 123, 124, 125, 126, 127, 128, 129, 130, 131, 132, 135, 139, 140, 141, 142, 143, 150, 151, 152, 154, 155, 158, 159, 160, 161, 164, 165, 166, 167, 170, 172, 173, 174, 175, 178, 179, 180, 181, 182, 185, 186, 187, 188, 190, 191, 198, 199, 205, 206, 209, 212, 215, 218, 221, 225, 226, 229, 230, 231, 237, 238, 241, 243, 244, 246, 247, 248, 250, 251, 252, 254, 256, 258], "summary": {"covered_lines": 80, "num_statements": 86, "percent_covered": 93.02325581395348, "percent_covered_display": "93", "missing_lines": 6, "excluded_lines": 0, "percent_statements_covered": 93.02325581395348, "percent_statements_covered_display": "93"}, "missing_lines": [144, 145, 147, 200, 201, 202], "excluded_lines": []}, "get_core_components": {"executed_lines": [281, 282, 284], "summary": {"covered_lines": 3, "num_statements": 3, "percent_covered": 100.0, "percent_covered_display": "100", "missing_lines": 0, "excluded_lines": 0, "percent_statements_covered": 100.0, "percent_statements_covered_display": "100"}, "missing_lines": [], "excluded_lines": []}, "": {"executed_lines": [1, 13, 15, 21, 23, 51, 52, 67, 68, 77, 78, 262, 265, 266, 288], "summary": {"covered_lines": 13, "num_statements": 13, "percent_covered": 100.0, "percent_covered_display": "100", "missing_lines": 0, "excluded_lines": 10, "percent_statements_covered": 100.0, "percent_statements_covered_display": "100"}, "missing_lines": [], "excluded_lines": [23, 24, 25, 28, 31, 34, 37, 40, 43, 46]}}, "classes": {"": {"executed_lines": [1, 13, 15, 21, 23, 51, 52, 59, 60, 62, 63, 64, 67, 68, 74, 77, 78, 116, 117, 118, 119, 120, 121, 122, 123, 124, 125, 126, 127, 128, 129, 130, 131, 132, 135, 139, 140, 141, 142, 143, 150, 151, 152, 154, 155, 158, 159, 160, 161, 164, 165, 166, 167, 170, 172, 173, 174, 175, 178, 179, 180, 181, 182, 185, 186, 187, 188, 190, 191, 198, 199, 205, 206, 209, 212, 215, 218, 221, 225, 226, 229, 230, 231, 237, 238, 241, 243, 244, 246, 247, 248, 250, 251, 252, 254, 256, 258, 262, 265, 266, 281, 282, 284, 288], "summary": {"covered_lines": 102, "num_statements": 108, "percent_covered": 94.44444444444444, "percent_covered_display": "94", "missing_lines": 6, "excluded_lines": 10, "percent_statements_covered": 94.44444444444444, "percent_statements_covered_display": "94"}, "missing_lines": [144, 145, 147, 200, 201, 202], "excluded_lines": [23, 24, 25, 28, 31, 34, 37, 40, 43, 46]}}}, "neural_ai/core/base/__init__.py": {"executed_lines": [1, 7, 9, 14, 15, 16, 18], "summary": {"covered_lines": 5, "num_statements": 5, "percent_covered": 100.0, "percent_covered_display": "100", "missing_lines": 0, "excluded_lines": 4, "percent_statements_covered": 100.0, "percent_statements_covered_display": "100"}, "missing_lines": [], "excluded_lines": [9, 10, 11, 12], "functions": {"": {"executed_lines": [1, 7, 9, 14, 15, 16, 18], "summary": {"covered_lines": 5, "num_statements": 5, "percent_covered": 100.0, "percent_covered_display": "100", "missing_lines": 0, "excluded_lines": 4, "percent_statements_covered": 100.0, "percent_statements_covered_display": "100"}, "missing_lines": [], "excluded_lines": [9, 10, 11, 12]}}, "classes": {"": {"executed_lines": [1, 7, 9, 14, 15, 16, 18], "summary": {"covered_lines": 5, "num_statements": 5, "percent_covered": 100.0, "percent_covered_display": "100", "missing_lines": 0, "excluded_lines": 4, "percent_statements_covered": 100.0, "percent_statements_covered_display": "100"}, "missing_lines": [], "excluded_lines": [9, 10, 11, 12]}}}, "neural_ai/core/base/exceptions/__init__.py": {"executed_lines": [1, 7, 24], "summary": {"covered_lines": 2, "num_statements": 2, "percent_covered": 100.0, "percent_covered_display": "100", "missing_lines": 0, "excluded_lines": 0, "percent_statements_covered": 100.0, "percent_statements_covered_display": "100"}, "missing_lines": [], "excluded_lines": [], "functions": {"": {"executed_lines": [1, 7, 24], "summary": {"covered_lines": 2, "num_statements": 2, "percent_covered": 100.0, "percent_covered_display": "100", "missing_lines": 0, "excluded_lines": 0, "percent_statements_covered": 100.0, "percent_statements_covered_display": "100"}, "missing_lines": [], "excluded_lines": []}}, "classes": {"": {"executed_lines": [1, 7, 24], "summary": {"covered_lines": 2, "num_statements": 2, "percent_covered": 100.0, "percent_covered_display": "100", "missing_lines": 0, "excluded_lines": 0, "percent_statements_covered": 100.0, "percent_statements_covered_display": "100"}, "missing_lines": [], "excluded_lines": []}}}, "neural_ai/core/base/exceptions/base_error.py": {"executed_lines": [1, 8, 9, 15, 18, 19, 25, 28, 29, 35, 38, 39, 45, 48, 49, 55, 58, 59, 65, 68, 69, 75, 78, 79, 85, 88, 89, 95, 98, 99, 105, 108, 109, 115, 118, 119, 125, 128, 129, 135, 138, 139, 145], "summary": {"covered_lines": 28, "num_statements": 28, "percent_covered": 100.0, "percent_covered_display": "100", "missing_lines": 0, "excluded_lines": 0, "percent_statements_covered": 100.0, "percent_statements_covered_display": "100"}, "missing_lines": [], "excluded_lines": [], "functions": {"": {"executed_lines": [1, 8, 9, 15, 18, 19, 25, 28, 29, 35, 38, 39, 45, 48, 49, 55, 58, 59, 65, 68, 69, 75, 78, 79, 85, 88, 89, 95, 98, 99, 105, 108, 109, 115, 118, 119, 125, 128, 129, 135, 138, 139, 145], "summary": {"covered_lines": 28, "num_statements": 28, "percent_covered": 100.0, "percent_covered_display": "100", "missing_lines": 0, "excluded_lines": 0, "percent_statements_covered": 100.0, "percent_statements_covered_display": "100"}, "missing_lines": [], "excluded_lines": []}}, "classes": {"NeuralAIException": {"executed_lines": [], "summary": {"covered_lines": 0, "num_statements": 0, "percent_covered": 100.0, "percent_covered_display": "100", "missing_lines": 0, "excluded_lines": 0, "percent_statements_covered": 100.0, "percent_statements_covered_display": "100"}, "missing_lines": [], "excluded_lines": []}, "StorageException": {"executed_lines": [], "summary": {"covered_lines": 0, "num_statements": 0, "percent_covered": 100.0, "percent_covered_display": "100", "missing_lines": 0, "excluded_lines": 0, "percent_statements_covered": 100.0, "percent_statements_covered_display": "100"}, "missing_lines": [], "excluded_lines": []}, "StorageWriteError": {"executed_lines": [], "summary": {"covered_lines": 0, "num_statements": 0, "percent_covered": 100.0, "percent_covered_display": "100", "missing_lines": 0, "excluded_lines": 0, "percent_statements_covered": 100.0, "percent_statements_covered_display": "100"}, "missing_lines": [], "excluded_lines": []}, "StorageReadError": {"executed_lines": [], "summary": {"covered_lines": 0, "num_statements": 0, "percent_covered": 100.0, "percent_covered_display": "100", "missing_lines": 0, "excluded_lines": 0, "percent_statements_covered": 100.0, "percent_statements_covered_display": "100"}, "missing_lines": [], "excluded_lines": []}, "StoragePermissionError": {"executed_lines": [], "summary": {"covered_lines": 0, "num_statements": 0, "percent_covered": 100.0, "percent_covered_display": "100", "missing_lines": 0, "excluded_lines": 0, "percent_statements_covered": 100.0, "percent_statements_covered_display": "100"}, "missing_lines": [], "excluded_lines": []}, "ConfigurationError": {"executed_lines": [], "summary": {"covered_lines": 0, "num_statements": 0, "percent_covered": 100.0, "percent_covered_display": "100", "missing_lines": 0, "excluded_lines": 0, "percent_statements_covered": 100.0, "percent_statements_covered_display": "100"}, "missing_lines": [], "excluded_lines": []}, "DependencyError": {"executed_lines": [], "summary": {"covered_lines": 0, "num_statements": 0, "percent_covered": 100.0, "percent_covered_display": "100", "missing_lines": 0, "excluded_lines": 0, "percent_statements_covered": 100.0, "percent_statements_covered_display": "100"}, "missing_lines": [], "excluded_lines": []}, "SingletonViolationError": {"executed_lines": [], "summary": {"covered_lines": 0, "num_statements": 0, "percent_covered": 100.0, "percent_covered_display": "100", "missing_lines": 0, "excluded_lines": 0, "percent_statements_covered": 100.0, "percent_statements_covered_display": "100"}, "missing_lines": [], "excluded_lines": []}, "ComponentNotFoundError": {"executed_lines": [], "summary": {"covered_lines": 0, "num_statements": 0, "percent_covered": 100.0, "percent_covered_display": "100", "missing_lines": 0, "excluded_lines": 0, "percent_statements_covered": 100.0, "percent_statements_covered_display": "100"}, "missing_lines": [], "excluded_lines": []}, "NetworkException": {"executed_lines": [], "summary": {"covered_lines": 0, "num_statements": 0, "percent_covered": 100.0, "percent_covered_display": "100", "missing_lines": 0, "excluded_lines": 0, "percent_statements_covered": 100.0, "percent_statements_covered_display": "100"}, "missing_lines": [], "excluded_lines": []}, "TimeoutError": {"executed_lines": [], "summary": {"covered_lines": 0, "num_statements": 0, "percent_covered": 100.0, "percent_covered_display": "100", "missing_lines": 0, "excluded_lines": 0, "percent_statements_covered": 100.0, "percent_statements_covered_display": "100"}, "missing_lines": [], "excluded_lines": []}, "ConnectionError": {"executed_lines": [], "summary": {"covered_lines": 0, "num_statements": 0, "percent_covered": 100.0, "percent_covered_display": "100", "missing_lines": 0, "excluded_lines": 0, "percent_statements_covered": 100.0, "percent_statements_covered_display": "100"}, "missing_lines": [], "excluded_lines": []}, "InsufficientDiskSpaceError": {"executed_lines": [], "summary": {"covered_lines": 0, "num_statements": 0, "percent_covered": 100.0, "percent_covered_display": "100", "missing_lines": 0, "excluded_lines": 0, "percent_statements_covered": 100.0, "percent_statements_covered_display": "100"}, "missing_lines": [], "excluded_lines": []}, "PermissionDeniedError": {"executed_lines": [], "summary": {"covered_lines": 0, "num_statements": 0, "percent_covered": 100.0, "percent_covered_display": "100", "missing_lines": 0, "excluded_lines": 0, "percent_statements_covered": 100.0, "percent_statements_covered_display": "100"}, "missing_lines": [], "excluded_lines": []}, "": {"executed_lines": [1, 8, 9, 15, 18, 19, 25, 28, 29, 35, 38, 39, 45, 48, 49, 55, 58, 59, 65, 68, 69, 75, 78, 79, 85, 88, 89, 95, 98, 99, 105, 108, 109, 115, 118, 119, 125, 128, 129, 135, 138, 139, 145], "summary": {"covered_lines": 28, "num_statements": 28, "percent_covered": 100.0, "percent_covered_display": "100", "missing_lines": 0, "excluded_lines": 0, "percent_statements_covered": 100.0, "percent_statements_covered_display": "100"}, "missing_lines": [], "excluded_lines": []}}}, "neural_ai/core/base/factory.py": {"executed_lines": [1, 8, 9, 10, 12, 14, 18, 19, 20, 21, 22, 24, 27, 28, 30, 33, 34, 36, 37, 38, 39, 42, 43, 45, 48, 49, 51, 54, 61, 62, 78, 80, 81, 82, 83, 85, 98, 110, 122, 123, 127, 128, 132, 133, 137, 138, 146, 147, 152, 157, 162, 178, 179, 221, 222, 223, 292, 293, 294, 307, 308, 309, 361, 362, 386, 387, 414, 415], "summary": {"covered_lines": 61, "num_statements": 197, "percent_covered": 30.96446700507614, "percent_covered_display": "31", "missing_lines": 136, "excluded_lines": 5, "percent_statements_covered": 30.96446700507614, "percent_statements_covered_display": "31"}, "missing_lines": [87, 89, 90, 91, 92, 93, 96, 100, 102, 103, 104, 105, 106, 108, 112, 114, 115, 116, 117, 118, 120, 125, 130, 135, 141, 143, 144, 150, 155, 160, 169, 170, 171, 174, 175, 176, 190, 192, 194, 196, 199, 200, 201, 205, 207, 209, 211, 214, 215, 216, 218, 219, 245, 246, 247, 248, 249, 251, 254, 255, 256, 257, 260, 261, 262, 263, 264, 265, 266, 267, 268, 270, 271, 274, 275, 276, 277, 280, 283, 284, 285, 290, 303, 305, 319, 320, 321, 322, 323, 324, 325, 327, 328, 330, 331, 332, 333, 334, 335, 336, 338, 339, 344, 345, 346, 348, 351, 352, 353, 354, 355, 356, 357, 359, 376, 377, 380, 384, 403, 404, 407, 410, 412, 434, 435, 436, 438, 439, 445, 446, 448, 451, 454, 455, 457, 458], "excluded_lines": [54, 55, 56, 57, 58], "functions": {"CoreComponentFactory.__init__": {"executed_lines": [80, 81, 82, 83], "summary": {"covered_lines": 4, "num_statements": 4, "percent_covered": 100.0, "percent_covered_display": "100", "missing_lines": 0, "excluded_lines": 0, "percent_statements_covered": 100.0, "percent_statements_covered_display": "100"}, "missing_lines": [], "excluded_lines": []}, "CoreComponentFactory._get_logger": {"executed_lines": [], "summary": {"covered_lines": 0, "num_statements": 7, "percent_covered": 0.0, "percent_covered_display": "0", "missing_lines": 7, "excluded_lines": 0, "percent_statements_covered": 0.0, "percent_statements_covered_display": "0"}, "missing_lines": [87, 89, 90, 91, 92, 93, 96], "excluded_lines": []}, "CoreComponentFactory._get_config_manager": {"executed_lines": [], "summary": {"covered_lines": 0, "num_statements": 7, "percent_covered": 0.0, "percent_covered_display": "0", "missing_lines": 7, "excluded_lines": 0, "percent_statements_covered": 0.0, "percent_statements_covered_display": "0"}, "missing_lines": [100, 102, 103, 104, 105, 106, 108], "excluded_lines": []}, "CoreComponentFactory._get_storage": {"executed_lines": [], "summary": {"covered_lines": 0, "num_statements": 7, "percent_covered": 0.0, "percent_covered_display": "0", "missing_lines": 7, "excluded_lines": 0, "percent_statements_covered": 0.0, "percent_statements_covered_display": "0"}, "missing_lines": [112, 114, 115, 116, 117, 118, 120], "excluded_lines": []}, "CoreComponentFactory.logger": {"executed_lines": [], "summary": {"covered_lines": 0, "num_statements": 1, "percent_covered": 0.0, "percent_covered_display": "0", "missing_lines": 1, "excluded_lines": 0, "percent_statements_covered": 0.0, "percent_statements_covered_display": "0"}, "missing_lines": [125], "excluded_lines": []}, "CoreComponentFactory.config_manager": {"executed_lines": [], "summary": {"covered_lines": 0, "num_statements": 1, "percent_covered": 0.0, "percent_covered_display": "0", "missing_lines": 1, "excluded_lines": 0, "percent_statements_covered": 0.0, "percent_statements_covered_display": "0"}, "missing_lines": [130], "excluded_lines": []}, "CoreComponentFactory.storage": {"executed_lines": [], "summary": {"covered_lines": 0, "num_statements": 1, "percent_covered": 0.0, "percent_covered_display": "0", "missing_lines": 1, "excluded_lines": 0, "percent_statements_covered": 0.0, "percent_statements_covered_display": "0"}, "missing_lines": [135], "excluded_lines": []}, "CoreComponentFactory._expensive_config": {"executed_lines": [], "summary": {"covered_lines": 0, "num_statements": 3, "percent_covered": 0.0, "percent_covered_display": "0", "missing_lines": 3, "excluded_lines": 0, "percent_statements_covered": 0.0, "percent_statements_covered_display": "0"}, "missing_lines": [141, 143, 144], "excluded_lines": []}, "CoreComponentFactory._component_cache": {"executed_lines": [], "summary": {"covered_lines": 0, "num_statements": 1, "percent_covered": 0.0, "percent_covered_display": "0", "missing_lines": 1, "excluded_lines": 0, "percent_statements_covered": 0.0, "percent_statements_covered_display": "0"}, "missing_lines": [150], "excluded_lines": []}, "CoreComponentFactory._process_config": {"executed_lines": [], "summary": {"covered_lines": 0, "num_statements": 1, "percent_covered": 0.0, "percent_covered_display": "0", "missing_lines": 1, "excluded_lines": 0, "percent_statements_covered": 0.0, "percent_statements_covered_display": "0"}, "missing_lines": [155], "excluded_lines": []}, "CoreComponentFactory._load_component_cache": {"executed_lines": [], "summary": {"covered_lines": 0, "num_statements": 1, "percent_covered": 0.0, "percent_covered_display": "0", "missing_lines": 1, "excluded_lines": 0, "percent_statements_covered": 0.0, "percent_statements_covered_display": "0"}, "missing_lines": [160], "excluded_lines": []}, "CoreComponentFactory.reset_lazy_loaders": {"executed_lines": [], "summary": {"covered_lines": 0, "num_statements": 6, "percent_covered": 0.0, "percent_covered_display": "0", "missing_lines": 6, "excluded_lines": 0, "percent_statements_covered": 0.0, "percent_statements_covered_display": "0"}, "missing_lines": [169, 170, 171, 174, 175, 176], "excluded_lines": []}, "CoreComponentFactory._validate_dependencies": {"executed_lines": [], "summary": {"covered_lines": 0, "num_statements": 16, "percent_covered": 0.0, "percent_covered_display": "0", "missing_lines": 16, "excluded_lines": 0, "percent_statements_covered": 0.0, "percent_statements_covered_display": "0"}, "missing_lines": [190, 192, 194, 196, 199, 200, 201, 205, 207, 209, 211, 214, 215, 216, 218, 219], "excluded_lines": []}, "CoreComponentFactory.create_components": {"executed_lines": [], "summary": {"covered_lines": 0, "num_statements": 30, "percent_covered": 0.0, "percent_covered_display": "0", "missing_lines": 30, "excluded_lines": 0, "percent_statements_covered": 0.0, "percent_statements_covered_display": "0"}, "missing_lines": [245, 246, 247, 248, 249, 251, 254, 255, 256, 257, 260, 261, 262, 263, 264, 265, 266, 267, 268, 270, 271, 274, 275, 276, 277, 280, 283, 284, 285, 290], "excluded_lines": []}, "CoreComponentFactory.create_with_container": {"executed_lines": [], "summary": {"covered_lines": 0, "num_statements": 2, "percent_covered": 0.0, "percent_covered_display": "0", "missing_lines": 2, "excluded_lines": 0, "percent_statements_covered": 0.0, "percent_statements_covered_display": "0"}, "missing_lines": [303, 305], "excluded_lines": []}, "CoreComponentFactory.create_minimal": {"executed_lines": [], "summary": {"covered_lines": 0, "num_statements": 30, "percent_covered": 0.0, "percent_covered_display": "0", "missing_lines": 30, "excluded_lines": 0, "percent_statements_covered": 0.0, "percent_statements_covered_display": "0"}, "missing_lines": [319, 320, 321, 322, 323, 324, 325, 327, 328, 330, 331, 332, 333, 334, 335, 336, 338, 339, 344, 345, 346, 348, 351, 352, 353, 354, 355, 356, 357, 359], "excluded_lines": []}, "CoreComponentFactory.create_logger": {"executed_lines": [], "summary": {"covered_lines": 0, "num_statements": 4, "percent_covered": 0.0, "percent_covered_display": "0", "missing_lines": 4, "excluded_lines": 0, "percent_statements_covered": 0.0, "percent_statements_covered_display": "0"}, "missing_lines": [376, 377, 380, 384], "excluded_lines": []}, "CoreComponentFactory.create_config_manager": {"executed_lines": [], "summary": {"covered_lines": 0, "num_statements": 5, "percent_covered": 0.0, "percent_covered_display": "0", "missing_lines": 5, "excluded_lines": 0, "percent_statements_covered": 0.0, "percent_statements_covered_display": "0"}, "missing_lines": [403, 404, 407, 410, 412], "excluded_lines": []}, "CoreComponentFactory.create_storage": {"executed_lines": [], "summary": {"covered_lines": 0, "num_statements": 13, "percent_covered": 0.0, "percent_covered_display": "0", "missing_lines": 13, "excluded_lines": 0, "percent_statements_covered": 0.0, "percent_statements_covered_display": "0"}, "missing_lines": [434, 435, 436, 438, 439, 445, 446, 448, 451, 454, 455, 457, 458], "excluded_lines": []}, "": {"executed_lines": [1, 8, 9, 10, 12, 14, 18, 19, 20, 21, 22, 24, 27, 28, 30, 33, 34, 36, 37, 38, 39, 42, 43, 45, 48, 49, 51, 54, 61, 62, 78, 85, 98, 110, 122, 123, 127, 128, 132, 133, 137, 138, 146, 147, 152, 157, 162, 178, 179, 221, 222, 223, 292, 293, 294, 307, 308, 309, 361, 362, 386, 387, 414, 415], "summary": {"covered_lines": 57, "num_statements": 57, "percent_covered": 100.0, "percent_covered_display": "100", "missing_lines": 0, "excluded_lines": 5, "percent_statements_covered": 100.0, "percent_statements_covered_display": "100"}, "missing_lines": [], "excluded_lines": [54, 55, 56, 57, 58]}}, "classes": {"BaseConfig": {"executed_lines": [], "summary": {"covered_lines": 0, "num_statements": 0, "percent_covered": 100.0, "percent_covered_display": "100", "missing_lines": 0, "excluded_lines": 0, "percent_statements_covered": 100.0, "percent_statements_covered_display": "100"}, "missing_lines": [], "excluded_lines": []}, "LoggerConfig": {"executed_lines": [], "summary": {"covered_lines": 0, "num_statements": 0, "percent_covered": 100.0, "percent_covered_display": "100", "missing_lines": 0, "excluded_lines": 0, "percent_statements_covered": 100.0, "percent_statements_covered_display": "100"}, "missing_lines": [], "excluded_lines": []}, "ConfigManagerConfig": {"executed_lines": [], "summary": {"covered_lines": 0, "num_statements": 0, "percent_covered": 100.0, "percent_covered_display": "100", "missing_lines": 0, "excluded_lines": 0, "percent_statements_covered": 100.0, "percent_statements_covered_display": "100"}, "missing_lines": [], "excluded_lines": []}, "StorageConfig": {"executed_lines": [], "summary": {"covered_lines": 0, "num_statements": 0, "percent_covered": 100.0, "percent_covered_display": "100", "missing_lines": 0, "excluded_lines": 0, "percent_statements_covered": 100.0, "percent_statements_covered_display": "100"}, "missing_lines": [], "excluded_lines": []}, "CoreComponentFactory": {"executed_lines": [80, 81, 82, 83], "summary": {"covered_lines": 4, "num_statements": 140, "percent_covered": 2.857142857142857, "percent_covered_display": "3", "missing_lines": 136, "excluded_lines": 0, "percent_statements_covered": 2.857142857142857, "percent_statements_covered_display": "3"}, "missing_lines": [87, 89, 90, 91, 92, 93, 96, 100, 102, 103, 104, 105, 106, 108, 112, 114, 115, 116, 117, 118, 120, 125, 130, 135, 141, 143, 144, 150, 155, 160, 169, 170, 171, 174, 175, 176, 190, 192, 194, 196, 199, 200, 201, 205, 207, 209, 211, 214, 215, 216, 218, 219, 245, 246, 247, 248, 249, 251, 254, 255, 256, 257, 260, 261, 262, 263, 264, 265, 266, 267, 268, 270, 271, 274, 275, 276, 277, 280, 283, 284, 285, 290, 303, 305, 319, 320, 321, 322, 323, 324, 325, 327, 328, 330, 331, 332, 333, 334, 335, 336, 338, 339, 344, 345, 346, 348, 351, 352, 353, 354, 355, 356, 357, 359, 376, 377, 380, 384, 403, 404, 407, 410, 412, 434, 435, 436, 438, 439, 445, 446, 448, 451, 454, 455, 457, 458], "excluded_lines": []}, "": {"executed_lines": [1, 8, 9, 10, 12, 14, 18, 19, 20, 21, 22, 24, 27, 28, 30, 33, 34, 36, 37, 38, 39, 42, 43, 45, 48, 49, 51, 54, 61, 62, 78, 85, 98, 110, 122, 123, 127, 128, 132, 133, 137, 138, 146, 147, 152, 157, 162, 178, 179, 221, 222, 223, 292, 293, 294, 307, 308, 309, 361, 362, 386, 387, 414, 415], "summary": {"covered_lines": 57, "num_statements": 57, "percent_covered": 100.0, "percent_covered_display": "100", "missing_lines": 0, "excluded_lines": 5, "percent_statements_covered": 100.0, "percent_statements_covered_display": "100"}, "missing_lines": [], "excluded_lines": [54, 55, 56, 57, 58]}}}, "neural_ai/core/base/implementations/__init__.py": {"executed_lines": [1, 8, 9, 10, 11, 13, 21, 22], "summary": {"covered_lines": 7, "num_statements": 7, "percent_covered": 100.0, "percent_covered_display": "100", "missing_lines": 0, "excluded_lines": 0, "percent_statements_covered": 100.0, "percent_statements_covered_display": "100"}, "missing_lines": [], "excluded_lines": [], "functions": {"": {"executed_lines": [1, 8, 9, 10, 11, 13, 21, 22], "summary": {"covered_lines": 7, "num_statements": 7, "percent_covered": 100.0, "percent_covered_display": "100", "missing_lines": 0, "excluded_lines": 0, "percent_statements_covered": 100.0, "percent_statements_covered_display": "100"}, "missing_lines": [], "excluded_lines": []}}, "classes": {"": {"executed_lines": [1, 8, 9, 10, 11, 13, 21, 22], "summary": {"covered_lines": 7, "num_statements": 7, "percent_covered": 100.0, "percent_covered_display": "100", "missing_lines": 0, "excluded_lines": 0, "percent_statements_covered": 100.0, "percent_statements_covered_display": "100"}, "missing_lines": [], "excluded_lines": []}}}, "neural_ai/core/base/implementations/component_bundle.py": {"executed_lines": [1, 3, 5, 6, 7, 10, 22, 25, 26, 28, 36, 38, 39, 40, 41, 46, 47, 53, 55, 57, 58, 60, 61, 67, 69, 71, 72, 74, 75, 81, 83, 85, 86, 88, 89, 95, 97, 99, 100, 102, 103, 109, 111, 113, 114, 116, 117, 130, 131, 144, 145, 158, 159, 172, 182, 192, 202, 212, 222, 232, 242, 252, 262, 270, 278, 286, 294, 302, 310, 318, 326, 334, 335], "summary": {"covered_lines": 70, "num_statements": 114, "percent_covered": 61.40350877192982, "percent_covered_display": "61", "missing_lines": 44, "excluded_lines": 11, "percent_statements_covered": 61.40350877192982, "percent_statements_covered_display": "61"}, "missing_lines": [123, 125, 127, 128, 137, 139, 141, 142, 151, 153, 155, 156, 165, 167, 169, 170, 178, 180, 188, 190, 198, 200, 208, 210, 218, 220, 228, 230, 238, 240, 248, 250, 258, 260, 268, 276, 284, 292, 300, 308, 316, 324, 332, 341], "excluded_lines": [10, 11, 12, 13, 14, 15, 16, 17, 18, 19, 20], "functions": {"CoreComponents.__init__": {"executed_lines": [36, 38, 39, 40, 41], "summary": {"covered_lines": 5, "num_statements": 5, "percent_covered": 100.0, "percent_covered_display": "100", "missing_lines": 0, "excluded_lines": 0, "percent_statements_covered": 100.0, "percent_statements_covered_display": "100"}, "missing_lines": [], "excluded_lines": []}, "CoreComponents.config": {"executed_lines": [53, 55, 57, 58], "summary": {"covered_lines": 4, "num_statements": 4, "percent_covered": 100.0, "percent_covered_display": "100", "missing_lines": 0, "excluded_lines": 0, "percent_statements_covered": 100.0, "percent_statements_covered_display": "100"}, "missing_lines": [], "excluded_lines": []}, "CoreComponents.logger": {"executed_lines": [67, 69, 71, 72], "summary": {"covered_lines": 4, "num_statements": 4, "percent_covered": 100.0, "percent_covered_display": "100", "missing_lines": 0, "excluded_lines": 0, "percent_statements_covered": 100.0, "percent_statements_covered_display": "100"}, "missing_lines": [], "excluded_lines": []}, "CoreComponents.storage": {"executed_lines": [81, 83, 85, 86], "summary": {"covered_lines": 4, "num_statements": 4, "percent_covered": 100.0, "percent_covered_display": "100", "missing_lines": 0, "excluded_lines": 0, "percent_statements_covered": 100.0, "percent_statements_covered_display": "100"}, "missing_lines": [], "excluded_lines": []}, "CoreComponents.database": {"executed_lines": [95, 97, 99, 100], "summary": {"covered_lines": 4, "num_statements": 4, "percent_covered": 100.0, "percent_covered_display": "100", "missing_lines": 0, "excluded_lines": 0, "percent_statements_covered": 100.0, "percent_statements_covered_display": "100"}, "missing_lines": [], "excluded_lines": []}, "CoreComponents.event_bus": {"executed_lines": [109, 111, 113, 114], "summary": {"covered_lines": 4, "num_statements": 4, "percent_covered": 100.0, "percent_covered_display": "100", "missing_lines": 0, "excluded_lines": 0, "percent_statements_covered": 100.0, "percent_statements_covered_display": "100"}, "missing_lines": [], "excluded_lines": []}, "CoreComponents.hardware": {"executed_lines": [], "summary": {"covered_lines": 0, "num_statements": 4, "percent_covered": 0.0, "percent_covered_display": "0", "missing_lines": 4, "excluded_lines": 0, "percent_statements_covered": 0.0, "percent_statements_covered_display": "0"}, "missing_lines": [123, 125, 127, 128], "excluded_lines": []}, "CoreComponents.persister": {"executed_lines": [], "summary": {"covered_lines": 0, "num_statements": 4, "percent_covered": 0.0, "percent_covered_display": "0", "missing_lines": 4, "excluded_lines": 0, "percent_statements_covered": 0.0, "percent_statements_covered_display": "0"}, "missing_lines": [137, 139, 141, 142], "excluded_lines": []}, "CoreComponents.live_feed": {"executed_lines": [], "summary": {"covered_lines": 0, "num_statements": 4, "percent_covered": 0.0, "percent_covered_display": "0", "missing_lines": 4, "excluded_lines": 0, "percent_statements_covered": 0.0, "percent_statements_covered_display": "0"}, "missing_lines": [151, 153, 155, 156], "excluded_lines": []}, "CoreComponents.health_monitor": {"executed_lines": [], "summary": {"covered_lines": 0, "num_statements": 4, "percent_covered": 0.0, "percent_covered_display": "0", "missing_lines": 4, "excluded_lines": 0, "percent_statements_covered": 0.0, "percent_statements_covered_display": "0"}, "missing_lines": [165, 167, 169, 170], "excluded_lines": []}, "CoreComponents.set_config": {"executed_lines": [], "summary": {"covered_lines": 0, "num_statements": 2, "percent_covered": 0.0, "percent_covered_display": "0", "missing_lines": 2, "excluded_lines": 0, "percent_statements_covered": 0.0, "percent_statements_covered_display": "0"}, "missing_lines": [178, 180], "excluded_lines": []}, "CoreComponents.set_logger": {"executed_lines": [], "summary": {"covered_lines": 0, "num_statements": 2, "percent_covered": 0.0, "percent_covered_display": "0", "missing_lines": 2, "excluded_lines": 0, "percent_statements_covered": 0.0, "percent_statements_covered_display": "0"}, "missing_lines": [188, 190], "excluded_lines": []}, "CoreComponents.set_storage": {"executed_lines": [], "summary": {"covered_lines": 0, "num_statements": 2, "percent_covered": 0.0, "percent_covered_display": "0", "missing_lines": 2, "excluded_lines": 0, "percent_statements_covered": 0.0, "percent_statements_covered_display": "0"}, "missing_lines": [198, 200], "excluded_lines": []}, "CoreComponents.set_database": {"executed_lines": [], "summary": {"covered_lines": 0, "num_statements": 2, "percent_covered": 0.0, "percent_covered_display": "0", "missing_lines": 2, "excluded_lines": 0, "percent_statements_covered": 0.0, "percent_statements_covered_display": "0"}, "missing_lines": [208, 210], "excluded_lines": []}, "CoreComponents.set_event_bus": {"executed_lines": [], "summary": {"covered_lines": 0, "num_statements": 2, "percent_covered": 0.0, "percent_covered_display": "0", "missing_lines": 2, "excluded_lines": 0, "percent_statements_covered": 0.0, "percent_statements_covered_display": "0"}, "missing_lines": [218, 220], "excluded_lines": []}, "CoreComponents.set_hardware": {"executed_lines": [], "summary": {"covered_lines": 0, "num_statements": 2, "percent_covered": 0.0, "percent_covered_display": "0", "missing_lines": 2, "excluded_lines": 0, "percent_statements_covered": 0.0, "percent_statements_covered_display": "0"}, "missing_lines": [228, 230], "excluded_lines": []}, "CoreComponents.set_persister": {"executed_lines": [], "summary": {"covered_lines": 0, "num_statements": 2, "percent_covered": 0.0, "percent_covered_display": "0", "missing_lines": 2, "excluded_lines": 0, "percent_statements_covered": 0.0, "percent_statements_covered_display": "0"}, "missing_lines": [238, 240], "excluded_lines": []}, "CoreComponents.set_live_feed": {"executed_lines": [], "summary": {"covered_lines": 0, "num_statements": 2, "percent_covered": 0.0, "percent_covered_display": "0", "missing_lines": 2, "excluded_lines": 0, "percent_statements_covered": 0.0, "percent_statements_covered_display": "0"}, "missing_lines": [248, 250], "excluded_lines": []}, "CoreComponents.set_health_monitor": {"executed_lines": [], "summary": {"covered_lines": 0, "num_statements": 2, "percent_covered": 0.0, "percent_covered_display": "0", "missing_lines": 2, "excluded_lines": 0, "percent_statements_covered": 0.0, "percent_statements_covered_display": "0"}, "missing_lines": [258, 260], "excluded_lines": []}, "CoreComponents.has_config": {"executed_lines": [], "summary": {"covered_lines": 0, "num_statements": 1, "percent_covered": 0.0, "percent_covered_display": "0", "missing_lines": 1, "excluded_lines": 0, "percent_statements_covered": 0.0, "percent_statements_covered_display": "0"}, "missing_lines": [268], "excluded_lines": []}, "CoreComponents.has_logger": {"executed_lines": [], "summary": {"covered_lines": 0, "num_statements": 1, "percent_covered": 0.0, "percent_covered_display": "0", "missing_lines": 1, "excluded_lines": 0, "percent_statements_covered": 0.0, "percent_statements_covered_display": "0"}, "missing_lines": [276], "excluded_lines": []}, "CoreComponents.has_storage": {"executed_lines": [], "summary": {"covered_lines": 0, "num_statements": 1, "percent_covered": 0.0, "percent_covered_display": "0", "missing_lines": 1, "excluded_lines": 0, "percent_statements_covered": 0.0, "percent_statements_covered_display": "0"}, "missing_lines": [284], "excluded_lines": []}, "CoreComponents.has_database": {"executed_lines": [], "summary": {"covered_lines": 0, "num_statements": 1, "percent_covered": 0.0, "percent_covered_display": "0", "missing_lines": 1, "excluded_lines": 0, "percent_statements_covered": 0.0, "percent_statements_covered_display": "0"}, "missing_lines": [292], "excluded_lines": []}, "CoreComponents.has_event_bus": {"executed_lines": [], "summary": {"covered_lines": 0, "num_statements": 1, "percent_covered": 0.0, "percent_covered_display": "0", "missing_lines": 1, "excluded_lines": 0, "percent_statements_covered": 0.0, "percent_statements_covered_display": "0"}, "missing_lines": [300], "excluded_lines": []}, "CoreComponents.has_hardware": {"executed_lines": [], "summary": {"covered_lines": 0, "num_statements": 1, "percent_covered": 0.0, "percent_covered_display": "0", "missing_lines": 1, "excluded_lines": 0, "percent_statements_covered": 0.0, "percent_statements_covered_display": "0"}, "missing_lines": [308], "excluded_lines": []}, "CoreComponents.has_persister": {"executed_lines": [], "summary": {"covered_lines": 0, "num_statements": 1, "percent_covered": 0.0, "percent_covered_display": "0", "missing_lines": 1, "excluded_lines": 0, "percent_statements_covered": 0.0, "percent_statements_covered_display": "0"}, "missing_lines": [316], "excluded_lines": []}, "CoreComponents.has_live_feed": {"executed_lines": [], "summary": {"covered_lines": 0, "num_statements": 1, "percent_covered": 0.0, "percent_covered_display": "0", "missing_lines": 1, "excluded_lines": 0, "percent_statements_covered": 0.0, "percent_statements_covered_display": "0"}, "missing_lines": [324], "excluded_lines": []}, "CoreComponents.has_health_monitor": {"executed_lines": [], "summary": {"covered_lines": 0, "num_statements": 1, "percent_covered": 0.0, "percent_covered_display": "0", "missing_lines": 1, "excluded_lines": 0, "percent_statements_covered": 0.0, "percent_statements_covered_display": "0"}, "missing_lines": [332], "excluded_lines": []}, "CoreComponents.validate": {"executed_lines": [], "summary": {"covered_lines": 0, "num_statements": 1, "percent_covered": 0.0, "percent_covered_display": "0", "missing_lines": 1, "excluded_lines": 0, "percent_statements_covered": 0.0, "percent_statements_covered_display": "0"}, "missing_lines": [341], "excluded_lines": []}, "": {"executed_lines": [1, 3, 5, 6, 7, 10, 22, 25, 26, 28, 46, 47, 60, 61, 74, 75, 88, 89, 102, 103, 116, 117, 130, 131, 144, 145, 158, 159, 172, 182, 192, 202, 212, 222, 232, 242, 252, 262, 270, 278, 286, 294, 302, 310, 318, 326, 334, 335], "summary": {"covered_lines": 45, "num_statements": 45, "percent_covered": 100.0, "percent_covered_display": "100", "missing_lines": 0, "excluded_lines": 11, "percent_statements_covered": 100.0, "percent_statements_covered_display": "100"}, "missing_lines": [], "excluded_lines": [10, 11, 12, 13, 14, 15, 16, 17, 18, 19, 20]}}, "classes": {"CoreComponents": {"executed_lines": [36, 38, 39, 40, 41, 53, 55, 57, 58, 67, 69, 71, 72, 81, 83, 85, 86, 95, 97, 99, 100, 109, 111, 113, 114], "summary": {"covered_lines": 25, "num_statements": 69, "percent_covered": 36.231884057971016, "percent_covered_display": "36", "missing_lines": 44, "excluded_lines": 0, "percent_statements_covered": 36.231884057971016, "percent_statements_covered_display": "36"}, "missing_lines": [123, 125, 127, 128, 137, 139, 141, 142, 151, 153, 155, 156, 165, 167, 169, 170, 178, 180, 188, 190, 198, 200, 208, 210, 218, 220, 228, 230, 238, 240, 248, 250, 258, 260, 268, 276, 284, 292, 300, 308, 316, 324, 332, 341], "excluded_lines": []}, "": {"executed_lines": [1, 3, 5, 6, 7, 10, 22, 25, 26, 28, 46, 47, 60, 61, 74, 75, 88, 89, 102, 103, 116, 117, 130, 131, 144, 145, 158, 159, 172, 182, 192, 202, 212, 222, 232, 242, 252, 262, 270, 278, 286, 294, 302, 310, 318, 326, 334, 335], "summary": {"covered_lines": 45, "num_statements": 45, "percent_covered": 100.0, "percent_covered_display": "100", "missing_lines": 0, "excluded_lines": 11, "percent_statements_covered": 100.0, "percent_statements_covered_display": "100"}, "missing_lines": [], "excluded_lines": [10, 11, 12, 13, 14, 15, 16, 17, 18, 19, 20]}}}, "neural_ai/core/base/implementations/di_container.py": {"executed_lines": [1, 3, 4, 5, 6, 8, 9, 10, 11, 13, 14, 17, 18, 25, 36, 52, 53, 62, 63, 69, 71, 72, 73, 74, 75, 77, 78, 85, 86, 87, 88, 90, 91, 105, 106, 115, 116, 118, 119, 131, 132, 153, 154, 189, 190, 199, 200, 211, 212, 218, 219, 228, 230, 231, 249, 250, 273, 274], "summary": {"covered_lines": 55, "num_statements": 122, "percent_covered": 45.08196721311475, "percent_covered_display": "45", "missing_lines": 67, "excluded_lines": 0, "percent_statements_covered": 45.08196721311475, "percent_statements_covered_display": "45"}, "missing_lines": [31, 32, 33, 34, 42, 43, 44, 45, 47, 48, 50, 59, 98, 99, 100, 103, 121, 122, 123, 124, 126, 127, 129, 143, 144, 146, 147, 149, 150, 151, 167, 168, 170, 171, 174, 175, 176, 179, 182, 183, 185, 187, 197, 206, 207, 208, 209, 214, 215, 216, 241, 242, 243, 244, 261, 262, 264, 265, 268, 270, 271, 276, 284, 285, 286, 287, 289], "excluded_lines": [], "functions": {"LazyComponent.__init__": {"executed_lines": [], "summary": {"covered_lines": 0, "num_statements": 4, "percent_covered": 0.0, "percent_covered_display": "0", "missing_lines": 4, "excluded_lines": 0, "percent_statements_covered": 0.0, "percent_statements_covered_display": "0"}, "missing_lines": [31, 32, 33, 34], "excluded_lines": []}, "LazyComponent.get": {"executed_lines": [], "summary": {"covered_lines": 0, "num_statements": 7, "percent_covered": 0.0, "percent_covered_display": "0", "missing_lines": 7, "excluded_lines": 0, "percent_statements_covered": 0.0, "percent_statements_covered_display": "0"}, "missing_lines": [42, 43, 44, 45, 47, 48, 50], "excluded_lines": []}, "LazyComponent.is_loaded": {"executed_lines": [], "summary": {"covered_lines": 0, "num_statements": 1, "percent_covered": 0.0, "percent_covered_display": "0", "missing_lines": 1, "excluded_lines": 0, "percent_statements_covered": 0.0, "percent_statements_covered_display": "0"}, "missing_lines": [59], "excluded_lines": []}, "DIContainer.__init__": {"executed_lines": [71, 72, 73, 74, 75], "summary": {"covered_lines": 5, "num_statements": 5, "percent_covered": 100.0, "percent_covered_display": "100", "missing_lines": 0, "excluded_lines": 0, "percent_statements_covered": 100.0, "percent_statements_covered_display": "100"}, "missing_lines": [], "excluded_lines": []}, "DIContainer.register_instance": {"executed_lines": [85, 86, 87, 88], "summary": {"covered_lines": 4, "num_statements": 4, "percent_covered": 100.0, "percent_covered_display": "100", "missing_lines": 0, "excluded_lines": 0, "percent_statements_covered": 100.0, "percent_statements_covered_display": "100"}, "missing_lines": [], "excluded_lines": []}, "DIContainer.register_factory": {"executed_lines": [], "summary": {"covered_lines": 0, "num_statements": 4, "percent_covered": 0.0, "percent_covered_display": "0", "missing_lines": 4, "excluded_lines": 0, "percent_statements_covered": 0.0, "percent_statements_covered_display": "0"}, "missing_lines": [98, 99, 100, 103], "excluded_lines": []}, "DIContainer.resolve": {"executed_lines": [115, 116, 118, 119], "summary": {"covered_lines": 4, "num_statements": 11, "percent_covered": 36.36363636363637, "percent_covered_display": "36", "missing_lines": 7, "excluded_lines": 0, "percent_statements_covered": 36.36363636363637, "percent_statements_covered_display": "36"}, "missing_lines": [121, 122, 123, 124, 126, 127, 129], "excluded_lines": []}, "DIContainer.register_lazy": {"executed_lines": [], "summary": {"covered_lines": 0, "num_statements": 7, "percent_covered": 0.0, "percent_covered_display": "0", "missing_lines": 7, "excluded_lines": 0, "percent_statements_covered": 0.0, "percent_statements_covered_display": "0"}, "missing_lines": [143, 144, 146, 147, 149, 150, 151], "excluded_lines": []}, "DIContainer.get": {"executed_lines": [], "summary": {"covered_lines": 0, "num_statements": 12, "percent_covered": 0.0, "percent_covered_display": "0", "missing_lines": 12, "excluded_lines": 0, "percent_statements_covered": 0.0, "percent_statements_covered_display": "0"}, "missing_lines": [167, 168, 170, 171, 174, 175, 176, 179, 182, 183, 185, 187], "excluded_lines": []}, "DIContainer.get_lazy_components": {"executed_lines": [], "summary": {"covered_lines": 0, "num_statements": 1, "percent_covered": 0.0, "percent_covered_display": "0", "missing_lines": 1, "excluded_lines": 0, "percent_statements_covered": 0.0, "percent_statements_covered_display": "0"}, "missing_lines": [197], "excluded_lines": []}, "DIContainer.preload_components": {"executed_lines": [], "summary": {"covered_lines": 0, "num_statements": 4, "percent_covered": 0.0, "percent_covered_display": "0", "missing_lines": 4, "excluded_lines": 0, "percent_statements_covered": 0.0, "percent_statements_covered_display": "0"}, "missing_lines": [206, 207, 208, 209], "excluded_lines": []}, "DIContainer.clear": {"executed_lines": [], "summary": {"covered_lines": 0, "num_statements": 3, "percent_covered": 0.0, "percent_covered_display": "0", "missing_lines": 3, "excluded_lines": 0, "percent_statements_covered": 0.0, "percent_statements_covered_display": "0"}, "missing_lines": [214, 215, 216], "excluded_lines": []}, "DIContainer._verify_singleton": {"executed_lines": [228], "summary": {"covered_lines": 1, "num_statements": 1, "percent_covered": 100.0, "percent_covered_display": "100", "missing_lines": 0, "excluded_lines": 0, "percent_statements_covered": 100.0, "percent_statements_covered_display": "100"}, "missing_lines": [], "excluded_lines": []}, "DIContainer._enforce_singleton": {"executed_lines": [], "summary": {"covered_lines": 0, "num_statements": 4, "percent_covered": 0.0, "percent_covered_display": "0", "missing_lines": 4, "excluded_lines": 0, "percent_statements_covered": 0.0, "percent_statements_covered_display": "0"}, "missing_lines": [241, 242, 243, 244], "excluded_lines": []}, "DIContainer.register": {"executed_lines": [], "summary": {"covered_lines": 0, "num_statements": 7, "percent_covered": 0.0, "percent_covered_display": "0", "missing_lines": 7, "excluded_lines": 0, "percent_statements_covered": 0.0, "percent_statements_covered_display": "0"}, "missing_lines": [261, 262, 264, 265, 268, 270, 271], "excluded_lines": []}, "DIContainer.get_memory_usage": {"executed_lines": [], "summary": {"covered_lines": 0, "num_statements": 6, "percent_covered": 0.0, "percent_covered_display": "0", "missing_lines": 6, "excluded_lines": 0, "percent_statements_covered": 0.0, "percent_statements_covered_display": "0"}, "missing_lines": [276, 284, 285, 286, 287, 289], "excluded_lines": []}, "": {"executed_lines": [1, 3, 4, 5, 6, 8, 9, 10, 11, 13, 14, 17, 18, 25, 36, 52, 53, 62, 63, 69, 77, 78, 90, 91, 105, 106, 131, 132, 153, 154, 189, 190, 199, 200, 211, 212, 218, 219, 230, 231, 249, 250, 273, 274], "summary": {"covered_lines": 41, "num_statements": 41, "percent_covered": 100.0, "percent_covered_display": "100", "missing_lines": 0, "excluded_lines": 0, "percent_statements_covered": 100.0, "percent_statements_covered_display": "100"}, "missing_lines": [], "excluded_lines": []}}, "classes": {"LazyComponent": {"executed_lines": [], "summary": {"covered_lines": 0, "num_statements": 12, "percent_covered": 0.0, "percent_covered_display": "0", "missing_lines": 12, "excluded_lines": 0, "percent_statements_covered": 0.0, "percent_statements_covered_display": "0"}, "missing_lines": [31, 32, 33, 34, 42, 43, 44, 45, 47, 48, 50, 59], "excluded_lines": []}, "DIContainer": {"executed_lines": [71, 72, 73, 74, 75, 85, 86, 87, 88, 115, 116, 118, 119, 228], "summary": {"covered_lines": 14, "num_statements": 69, "percent_covered": 20.28985507246377, "percent_covered_display": "20", "missing_lines": 55, "excluded_lines": 0, "percent_statements_covered": 20.28985507246377, "percent_statements_covered_display": "20"}, "missing_lines": [98, 99, 100, 103, 121, 122, 123, 124, 126, 127, 129, 143, 144, 146, 147, 149, 150, 151, 167, 168, 170, 171, 174, 175, 176, 179, 182, 183, 185, 187, 197, 206, 207, 208, 209, 214, 215, 216, 241, 242, 243, 244, 261, 262, 264, 265, 268, 270, 271, 276, 284, 285, 286, 287, 289], "excluded_lines": []}, "": {"executed_lines": [1, 3, 4, 5, 6, 8, 9, 10, 11, 13, 14, 17, 18, 25, 36, 52, 53, 62, 63, 69, 77, 78, 90, 91, 105, 106, 131, 132, 153, 154, 189, 190, 199, 200, 211, 212, 218, 219, 230, 231, 249, 250, 273, 274], "summary": {"covered_lines": 41, "num_statements": 41, "percent_covered": 100.0, "percent_covered_display": "100", "missing_lines": 0, "excluded_lines": 0, "percent_statements_covered": 100.0, "percent_statements_covered_display": "100"}, "missing_lines": [], "excluded_lines": []}}}, "neural_ai/core/base/implementations/lazy_loader.py": {"executed_lines": [1, 8, 9, 10, 12, 13, 15, 17, 20, 21, 31, 38, 39, 40, 41, 42, 43, 48, 65, 66, 76, 77, 85, 97, 123, 125, 131], "summary": {"covered_lines": 25, "num_statements": 40, "percent_covered": 62.5, "percent_covered_display": "62", "missing_lines": 15, "excluded_lines": 1, "percent_statements_covered": 62.5, "percent_statements_covered_display": "62"}, "missing_lines": [58, 59, 60, 61, 62, 63, 74, 83, 92, 93, 94, 126, 127, 128, 129], "excluded_lines": [98], "functions": {"LazyLoader.__init__": {"executed_lines": [38, 39, 40, 41, 42, 43], "summary": {"covered_lines": 6, "num_statements": 6, "percent_covered": 100.0, "percent_covered_display": "100", "missing_lines": 0, "excluded_lines": 0, "percent_statements_covered": 100.0, "percent_statements_covered_display": "100"}, "missing_lines": [], "excluded_lines": []}, "LazyLoader._load": {"executed_lines": [], "summary": {"covered_lines": 0, "num_statements": 6, "percent_covered": 0.0, "percent_covered_display": "0", "missing_lines": 6, "excluded_lines": 0, "percent_statements_covered": 0.0, "percent_statements_covered_display": "0"}, "missing_lines": [58, 59, 60, 61, 62, 63], "excluded_lines": []}, "LazyLoader.__call__": {"executed_lines": [], "summary": {"covered_lines": 0, "num_statements": 1, "percent_covered": 0.0, "percent_covered_display": "0", "missing_lines": 1, "excluded_lines": 0, "percent_statements_covered": 0.0, "percent_statements_covered_display": "0"}, "missing_lines": [74], "excluded_lines": []}, "LazyLoader.is_loaded": {"executed_lines": [], "summary": {"covered_lines": 0, "num_statements": 1, "percent_covered": 0.0, "percent_covered_display": "0", "missing_lines": 1, "excluded_lines": 0, "percent_statements_covered": 0.0, "percent_statements_covered_display": "0"}, "missing_lines": [83], "excluded_lines": []}, "LazyLoader.reset": {"executed_lines": [], "summary": {"covered_lines": 0, "num_statements": 3, "percent_covered": 0.0, "percent_covered_display": "0", "missing_lines": 3, "excluded_lines": 0, "percent_statements_covered": 0.0, "percent_statements_covered_display": "0"}, "missing_lines": [92, 93, 94], "excluded_lines": []}, "lazy_property": {"executed_lines": [123, 125, 131], "summary": {"covered_lines": 3, "num_statements": 3, "percent_covered": 100.0, "percent_covered_display": "100", "missing_lines": 0, "excluded_lines": 1, "percent_statements_covered": 100.0, "percent_statements_covered_display": "100"}, "missing_lines": [], "excluded_lines": [98]}, "lazy_property.wrapper": {"executed_lines": [], "summary": {"covered_lines": 0, "num_statements": 4, "percent_covered": 0.0, "percent_covered_display": "0", "missing_lines": 4, "excluded_lines": 0, "percent_statements_covered": 0.0, "percent_statements_covered_display": "0"}, "missing_lines": [126, 127, 128, 129], "excluded_lines": []}, "": {"executed_lines": [1, 8, 9, 10, 12, 13, 15, 17, 20, 21, 31, 48, 65, 66, 76, 77, 85, 97], "summary": {"covered_lines": 16, "num_statements": 16, "percent_covered": 100.0, "percent_covered_display": "100", "missing_lines": 0, "excluded_lines": 0, "percent_statements_covered": 100.0, "percent_statements_covered_display": "100"}, "missing_lines": [], "excluded_lines": []}}, "classes": {"LazyLoader": {"executed_lines": [38, 39, 40, 41, 42, 43], "summary": {"covered_lines": 6, "num_statements": 17, "percent_covered": 35.294117647058826, "percent_covered_display": "35", "missing_lines": 11, "excluded_lines": 0, "percent_statements_covered": 35.294117647058826, "percent_statements_covered_display": "35"}, "missing_lines": [58, 59, 60, 61, 62, 63, 74, 83, 92, 93, 94], "excluded_lines": []}, "": {"executed_lines": [1, 8, 9, 10, 12, 13, 15, 17, 20, 21, 31, 48, 65, 66, 76, 77, 85, 97, 123, 125, 131], "summary": {"covered_lines": 19, "num_statements": 23, "percent_covered": 82.6086956521739, "percent_covered_display": "83", "missing_lines": 4, "excluded_lines": 1, "percent_statements_covered": 82.6086956521739, "percent_statements_covered_display": "83"}, "missing_lines": [126, 127, 128, 129], "excluded_lines": [98]}}}, "neural_ai/core/base/implementations/singleton.py": {"executed_lines": [1, 8, 9, 11, 12, 14, 17, 20, 21, 44, 45, 46, 48, 49, 78, 80, 83, 87, 89, 92, 96, 98, 99], "summary": {"covered_lines": 20, "num_statements": 24, "percent_covered": 83.33333333333333, "percent_covered_display": "83", "missing_lines": 4, "excluded_lines": 4, "percent_statements_covered": 83.33333333333333, "percent_statements_covered_display": "83"}, "missing_lines": [105, 106, 107, 108], "excluded_lines": [14, 15, 21, 50], "functions": {"SingletonMeta.__call__": {"executed_lines": [78, 80, 83, 87, 89, 92, 96], "summary": {"covered_lines": 7, "num_statements": 7, "percent_covered": 100.0, "percent_covered_display": "100", "missing_lines": 0, "excluded_lines": 1, "percent_statements_covered": 100.0, "percent_statements_covered_display": "100"}, "missing_lines": [], "excluded_lines": [50]}, "SingletonMeta.reset_singleton": {"executed_lines": [], "summary": {"covered_lines": 0, "num_statements": 4, "percent_covered": 0.0, "percent_covered_display": "0", "missing_lines": 4, "excluded_lines": 0, "percent_statements_covered": 0.0, "percent_statements_covered_display": "0"}, "missing_lines": [105, 106, 107, 108], "excluded_lines": []}, "": {"executed_lines": [1, 8, 9, 11, 12, 14, 17, 20, 21, 44, 45, 46, 48, 49, 98, 99], "summary": {"covered_lines": 13, "num_statements": 13, "percent_covered": 100.0, "percent_covered_display": "100", "missing_lines": 0, "excluded_lines": 3, "percent_statements_covered": 100.0, "percent_statements_covered_display": "100"}, "missing_lines": [], "excluded_lines": [14, 15, 21]}}, "classes": {"SingletonMeta": {"executed_lines": [78, 80, 83, 87, 89, 92, 96], "summary": {"covered_lines": 7, "num_statements": 11, "percent_covered": 63.63636363636363, "percent_covered_display": "64", "missing_lines": 4, "excluded_lines": 1, "percent_statements_covered": 63.63636363636363, "percent_statements_covered_display": "64"}, "missing_lines": [105, 106, 107, 108], "excluded_lines": [50]}, "": {"executed_lines": [1, 8, 9, 11, 12, 14, 17, 20, 21, 44, 45, 46, 48, 49, 98, 99], "summary": {"covered_lines": 13, "num_statements": 13, "percent_covered": 100.0, "percent_covered_display": "100", "missing_lines": 0, "excluded_lines": 3, "percent_statements_covered": 100.0, "percent_statements_covered_display": "100"}, "missing_lines": [], "excluded_lines": [14, 15, 21]}}}, "neural_ai/core/base/interfaces/__init__.py": {"executed_lines": [1, 7, 11, 16], "summary": {"covered_lines": 3, "num_statements": 3, "percent_covered": 100.0, "percent_covered_display": "100", "missing_lines": 0, "excluded_lines": 0, "percent_statements_covered": 100.0, "percent_statements_covered_display": "100"}, "missing_lines": [], "excluded_lines": [], "functions": {"": {"executed_lines": [1, 7, 11, 16], "summary": {"covered_lines": 3, "num_statements": 3, "percent_covered": 100.0, "percent_covered_display": "100", "missing_lines": 0, "excluded_lines": 0, "percent_statements_covered": 100.0, "percent_statements_covered_display": "100"}, "missing_lines": [], "excluded_lines": []}}, "classes": {"": {"executed_lines": [1, 7, 11, 16], "summary": {"covered_lines": 3, "num_statements": 3, "percent_covered": 100.0, "percent_covered_display": "100", "missing_lines": 0, "excluded_lines": 0, "percent_statements_covered": 100.0, "percent_statements_covered_display": "100"}, "missing_lines": [], "excluded_lines": []}}}, "neural_ai/core/base/interfaces/component_interface.py": {"executed_lines": [1, 6, 7, 9, 11, 17, 18, 24, 25, 26, 34, 35, 36, 44, 45, 46, 54, 55, 63, 64, 72, 73, 81, 82, 91, 92, 98, 99, 100, 117, 118, 119, 130, 131, 132], "summary": {"covered_lines": 31, "num_statements": 41, "percent_covered": 75.60975609756098, "percent_covered_display": "76", "missing_lines": 10, "excluded_lines": 4, "percent_statements_covered": 75.60975609756098, "percent_statements_covered_display": "76"}, "missing_lines": [32, 42, 52, 61, 70, 79, 88, 115, 128, 138], "excluded_lines": [11, 12, 13, 14], "functions": {"CoreComponentsInterface.config": {"executed_lines": [], "summary": {"covered_lines": 0, "num_statements": 1, "percent_covered": 0.0, "percent_covered_display": "0", "missing_lines": 1, "excluded_lines": 0, "percent_statements_covered": 0.0, "percent_statements_covered_display": "0"}, "missing_lines": [32], "excluded_lines": []}, "CoreComponentsInterface.logger": {"executed_lines": [], "summary": {"covered_lines": 0, "num_statements": 1, "percent_covered": 0.0, "percent_covered_display": "0", "missing_lines": 1, "excluded_lines": 0, "percent_statements_covered": 0.0, "percent_statements_covered_display": "0"}, "missing_lines": [42], "excluded_lines": []}, "CoreComponentsInterface.storage": {"executed_lines": [], "summary": {"covered_lines": 0, "num_statements": 1, "percent_covered": 0.0, "percent_covered_display": "0", "missing_lines": 1, "excluded_lines": 0, "percent_statements_covered": 0.0, "percent_statements_covered_display": "0"}, "missing_lines": [52], "excluded_lines": []}, "CoreComponentsInterface.has_config": {"executed_lines": [], "summary": {"covered_lines": 0, "num_statements": 1, "percent_covered": 0.0, "percent_covered_display": "0", "missing_lines": 1, "excluded_lines": 0, "percent_statements_covered": 0.0, "percent_statements_covered_display": "0"}, "missing_lines": [61], "excluded_lines": []}, "CoreComponentsInterface.has_logger": {"executed_lines": [], "summary": {"covered_lines": 0, "num_statements": 1, "percent_covered": 0.0, "percent_covered_display": "0", "missing_lines": 1, "excluded_lines": 0, "percent_statements_covered": 0.0, "percent_statements_covered_display": "0"}, "missing_lines": [70], "excluded_lines": []}, "CoreComponentsInterface.has_storage": {"executed_lines": [], "summary": {"covered_lines": 0, "num_statements": 1, "percent_covered": 0.0, "percent_covered_display": "0", "missing_lines": 1, "excluded_lines": 0, "percent_statements_covered": 0.0, "percent_statements_covered_display": "0"}, "missing_lines": [79], "excluded_lines": []}, "CoreComponentsInterface.validate": {"executed_lines": [], "summary": {"covered_lines": 0, "num_statements": 1, "percent_covered": 0.0, "percent_covered_display": "0", "missing_lines": 1, "excluded_lines": 0, "percent_statements_covered": 0.0, "percent_statements_covered_display": "0"}, "missing_lines": [88], "excluded_lines": []}, "CoreComponentFactoryInterface.create_components": {"executed_lines": [], "summary": {"covered_lines": 0, "num_statements": 1, "percent_covered": 0.0, "percent_covered_display": "0", "missing_lines": 1, "excluded_lines": 0, "percent_statements_covered": 0.0, "percent_statements_covered_display": "0"}, "missing_lines": [115], "excluded_lines": []}, "CoreComponentFactoryInterface.create_with_container": {"executed_lines": [], "summary": {"covered_lines": 0, "num_statements": 1, "percent_covered": 0.0, "percent_covered_display": "0", "missing_lines": 1, "excluded_lines": 0, "percent_statements_covered": 0.0, "percent_statements_covered_display": "0"}, "missing_lines": [128], "excluded_lines": []}, "CoreComponentFactoryInterface.create_minimal": {"executed_lines": [], "summary": {"covered_lines": 0, "num_statements": 1, "percent_covered": 0.0, "percent_covered_display": "0", "missing_lines": 1, "excluded_lines": 0, "percent_statements_covered": 0.0, "percent_statements_covered_display": "0"}, "missing_lines": [138], "excluded_lines": []}, "": {"executed_lines": [1, 6, 7, 9, 11, 17, 18, 24, 25, 26, 34, 35, 36, 44, 45, 46, 54, 55, 63, 64, 72, 73, 81, 82, 91, 92, 98, 99, 100, 117, 118, 119, 130, 131, 132], "summary": {"covered_lines": 31, "num_statements": 31, "percent_covered": 100.0, "percent_covered_display": "100", "missing_lines": 0, "excluded_lines": 4, "percent_statements_covered": 100.0, "percent_statements_covered_display": "100"}, "missing_lines": [], "excluded_lines": [11, 12, 13, 14]}}, "classes": {"CoreComponentsInterface": {"executed_lines": [], "summary": {"covered_lines": 0, "num_statements": 7, "percent_covered": 0.0, "percent_covered_display": "0", "missing_lines": 7, "excluded_lines": 0, "percent_statements_covered": 0.0, "percent_statements_covered_display": "0"}, "missing_lines": [32, 42, 52, 61, 70, 79, 88], "excluded_lines": []}, "CoreComponentFactoryInterface": {"executed_lines": [], "summary": {"covered_lines": 0, "num_statements": 3, "percent_covered": 0.0, "percent_covered_display": "0", "missing_lines": 3, "excluded_lines": 0, "percent_statements_covered": 0.0, "percent_statements_covered_display": "0"}, "missing_lines": [115, 128, 138], "excluded_lines": []}, "": {"executed_lines": [1, 6, 7, 9, 11, 17, 18, 24, 25, 26, 34, 35, 36, 44, 45, 46, 54, 55, 63, 64, 72, 73, 81, 82, 91, 92, 98, 99, 100, 117, 118, 119, 130, 131, 132], "summary": {"covered_lines": 31, "num_statements": 31, "percent_covered": 100.0, "percent_covered_display": "100", "missing_lines": 0, "excluded_lines": 4, "percent_statements_covered": 100.0, "percent_statements_covered_display": "100"}, "missing_lines": [], "excluded_lines": [11, 12, 13, 14]}}}, "neural_ai/core/base/interfaces/container_interface.py": {"executed_lines": [1, 6, 7, 8, 10, 11, 14, 15, 21, 22, 31, 32, 41, 42, 53, 54, 66, 67, 81, 82, 87, 88, 94, 95, 103, 104, 105], "summary": {"covered_lines": 24, "num_statements": 32, "percent_covered": 75.0, "percent_covered_display": "75", "missing_lines": 8, "excluded_lines": 0, "percent_statements_covered": 75.0, "percent_statements_covered_display": "75"}, "missing_lines": [29, 39, 51, 64, 79, 84, 101, 111], "excluded_lines": [], "functions": {"DIContainerInterface.register_instance": {"executed_lines": [], "summary": {"covered_lines": 0, "num_statements": 1, "percent_covered": 0.0, "percent_covered_display": "0", "missing_lines": 1, "excluded_lines": 0, "percent_statements_covered": 0.0, "percent_statements_covered_display": "0"}, "missing_lines": [29], "excluded_lines": []}, "DIContainerInterface.register_factory": {"executed_lines": [], "summary": {"covered_lines": 0, "num_statements": 1, "percent_covered": 0.0, "percent_covered_display": "0", "missing_lines": 1, "excluded_lines": 0, "percent_statements_covered": 0.0, "percent_statements_covered_display": "0"}, "missing_lines": [39], "excluded_lines": []}, "DIContainerInterface.resolve": {"executed_lines": [], "summary": {"covered_lines": 0, "num_statements": 1, "percent_covered": 0.0, "percent_covered_display": "0", "missing_lines": 1, "excluded_lines": 0, "percent_statements_covered": 0.0, "percent_statements_covered_display": "0"}, "missing_lines": [51], "excluded_lines": []}, "DIContainerInterface.register_lazy": {"executed_lines": [], "summary": {"covered_lines": 0, "num_statements": 1, "percent_covered": 0.0, "percent_covered_display": "0", "missing_lines": 1, "excluded_lines": 0, "percent_statements_covered": 0.0, "percent_statements_covered_display": "0"}, "missing_lines": [64], "excluded_lines": []}, "DIContainerInterface.get": {"executed_lines": [], "summary": {"covered_lines": 0, "num_statements": 1, "percent_covered": 0.0, "percent_covered_display": "0", "missing_lines": 1, "excluded_lines": 0, "percent_statements_covered": 0.0, "percent_statements_covered_display": "0"}, "missing_lines": [79], "excluded_lines": []}, "DIContainerInterface.clear": {"executed_lines": [], "summary": {"covered_lines": 0, "num_statements": 1, "percent_covered": 0.0, "percent_covered_display": "0", "missing_lines": 1, "excluded_lines": 0, "percent_statements_covered": 0.0, "percent_statements_covered_display": "0"}, "missing_lines": [84], "excluded_lines": []}, "LazyComponentInterface.get": {"executed_lines": [], "summary": {"covered_lines": 0, "num_statements": 1, "percent_covered": 0.0, "percent_covered_display": "0", "missing_lines": 1, "excluded_lines": 0, "percent_statements_covered": 0.0, "percent_statements_covered_display": "0"}, "missing_lines": [101], "excluded_lines": []}, "LazyComponentInterface.is_loaded": {"executed_lines": [], "summary": {"covered_lines": 0, "num_statements": 1, "percent_covered": 0.0, "percent_covered_display": "0", "missing_lines": 1, "excluded_lines": 0, "percent_statements_covered": 0.0, "percent_statements_covered_display": "0"}, "missing_lines": [111], "excluded_lines": []}, "": {"executed_lines": [1, 6, 7, 8, 10, 11, 14, 15, 21, 22, 31, 32, 41, 42, 53, 54, 66, 67, 81, 82, 87, 88, 94, 95, 103, 104, 105], "summary": {"covered_lines": 24, "num_statements": 24, "percent_covered": 100.0, "percent_covered_display": "100", "missing_lines": 0, "excluded_lines": 0, "percent_statements_covered": 100.0, "percent_statements_covered_display": "100"}, "missing_lines": [], "excluded_lines": []}}, "classes": {"DIContainerInterface": {"executed_lines": [], "summary": {"covered_lines": 0, "num_statements": 6, "percent_covered": 0.0, "percent_covered_display": "0", "missing_lines": 6, "excluded_lines": 0, "percent_statements_covered": 0.0, "percent_statements_covered_display": "0"}, "missing_lines": [29, 39, 51, 64, 79, 84], "excluded_lines": []}, "LazyComponentInterface": {"executed_lines": [], "summary": {"covered_lines": 0, "num_statements": 2, "percent_covered": 0.0, "percent_covered_display": "0", "missing_lines": 2, "excluded_lines": 0, "percent_statements_covered": 0.0, "percent_statements_covered_display": "0"}, "missing_lines": [101, 111], "excluded_lines": []}, "": {"executed_lines": [1, 6, 7, 8, 10, 11, 14, 15, 21, 22, 31, 32, 41, 42, 53, 54, 66, 67, 81, 82, 87, 88, 94, 95, 103, 104, 105], "summary": {"covered_lines": 24, "num_statements": 24, "percent_covered": 100.0, "percent_covered_display": "100", "missing_lines": 0, "excluded_lines": 0, "percent_statements_covered": 100.0, "percent_statements_covered_display": "100"}, "missing_lines": [], "excluded_lines": []}}}, "neural_ai/core/config/__init__.py": {"executed_lines": [1, 40, 48, 49, 50, 51, 55], "summary": {"covered_lines": 6, "num_statements": 6, "percent_covered": 100.0, "percent_covered_display": "100", "missing_lines": 0, "excluded_lines": 0, "percent_statements_covered": 100.0, "percent_statements_covered_display": "100"}, "missing_lines": [], "excluded_lines": [], "functions": {"": {"executed_lines": [1, 40, 48, 49, 50, 51, 55], "summary": {"covered_lines": 6, "num_statements": 6, "percent_covered": 100.0, "percent_covered_display": "100", "missing_lines": 0, "excluded_lines": 0, "percent_statements_covered": 100.0, "percent_statements_covered_display": "100"}, "missing_lines": [], "excluded_lines": []}}, "classes": {"": {"executed_lines": [1, 40, 48, 49, 50, 51, 55], "summary": {"covered_lines": 6, "num_statements": 6, "percent_covered": 100.0, "percent_covered_display": "100", "missing_lines": 0, "excluded_lines": 0, "percent_statements_covered": 100.0, "percent_statements_covered_display": "100"}, "missing_lines": [], "excluded_lines": []}}}, "neural_ai/core/config/exceptions/__init__.py": {"executed_lines": [1, 6, 15], "summary": {"covered_lines": 2, "num_statements": 2, "percent_covered": 100.0, "percent_covered_display": "100", "missing_lines": 0, "excluded_lines": 0, "percent_statements_covered": 100.0, "percent_statements_covered_display": "100"}, "missing_lines": [], "excluded_lines": [], "functions": {"": {"executed_lines": [1, 6, 15], "summary": {"covered_lines": 2, "num_statements": 2, "percent_covered": 100.0, "percent_covered_display": "100", "missing_lines": 0, "excluded_lines": 0, "percent_statements_covered": 100.0, "percent_statements_covered_display": "100"}, "missing_lines": [], "excluded_lines": []}}, "classes": {"": {"executed_lines": [1, 6, 15], "summary": {"covered_lines": 2, "num_statements": 2, "percent_covered": 100.0, "percent_covered_display": "100", "missing_lines": 0, "excluded_lines": 0, "percent_statements_covered": 100.0, "percent_statements_covered_display": "100"}, "missing_lines": [], "excluded_lines": []}}}, "neural_ai/core/config/exceptions/config_error.py": {"executed_lines": [1, 9, 10, 20, 31, 32, 43, 58, 59, 70, 85, 86, 97, 112, 113, 125, 146, 147, 158], "summary": {"covered_lines": 12, "num_statements": 30, "percent_covered": 40.0, "percent_covered_display": "40", "missing_lines": 18, "excluded_lines": 0, "percent_statements_covered": 40.0, "percent_statements_covered_display": "40"}, "missing_lines": [27, 28, 53, 54, 55, 80, 81, 82, 107, 108, 109, 140, 141, 142, 143, 168, 169, 170], "excluded_lines": [], "functions": {"ConfigError.__init__": {"executed_lines": [], "summary": {"covered_lines": 0, "num_statements": 2, "percent_covered": 0.0, "percent_covered_display": "0", "missing_lines": 2, "excluded_lines": 0, "percent_statements_covered": 0.0, "percent_statements_covered_display": "0"}, "missing_lines": [27, 28], "excluded_lines": []}, "ConfigLoadError.__init__": {"executed_lines": [], "summary": {"covered_lines": 0, "num_statements": 3, "percent_covered": 0.0, "percent_covered_display": "0", "missing_lines": 3, "excluded_lines": 0, "percent_statements_covered": 0.0, "percent_statements_covered_display": "0"}, "missing_lines": [53, 54, 55], "excluded_lines": []}, "ConfigSaveError.__init__": {"executed_lines": [], "summary": {"covered_lines": 0, "num_statements": 3, "percent_covered": 0.0, "percent_covered_display": "0", "missing_lines": 3, "excluded_lines": 0, "percent_statements_covered": 0.0, "percent_statements_covered_display": "0"}, "missing_lines": [80, 81, 82], "excluded_lines": []}, "ConfigValidationError.__init__": {"executed_lines": [], "summary": {"covered_lines": 0, "num_statements": 3, "percent_covered": 0.0, "percent_covered_display": "0", "missing_lines": 3, "excluded_lines": 0, "percent_statements_covered": 0.0, "percent_statements_covered_display": "0"}, "missing_lines": [107, 108, 109], "excluded_lines": []}, "ConfigTypeError.__init__": {"executed_lines": [], "summary": {"covered_lines": 0, "num_statements": 4, "percent_covered": 0.0, "percent_covered_display": "0", "missing_lines": 4, "excluded_lines": 0, "percent_statements_covered": 0.0, "percent_statements_covered_display": "0"}, "missing_lines": [140, 141, 142, 143], "excluded_lines": []}, "ConfigKeyError.__init__": {"executed_lines": [], "summary": {"covered_lines": 0, "num_statements": 3, "percent_covered": 0.0, "percent_covered_display": "0", "missing_lines": 3, "excluded_lines": 0, "percent_statements_covered": 0.0, "percent_statements_covered_display": "0"}, "missing_lines": [168, 169, 170], "excluded_lines": []}, "": {"executed_lines": [1, 9, 10, 20, 31, 32, 43, 58, 59, 70, 85, 86, 97, 112, 113, 125, 146, 147, 158], "summary": {"covered_lines": 12, "num_statements": 12, "percent_covered": 100.0, "percent_covered_display": "100", "missing_lines": 0, "excluded_lines": 0, "percent_statements_covered": 100.0, "percent_statements_covered_display": "100"}, "missing_lines": [], "excluded_lines": []}}, "classes": {"ConfigError": {"executed_lines": [], "summary": {"covered_lines": 0, "num_statements": 2, "percent_covered": 0.0, "percent_covered_display": "0", "missing_lines": 2, "excluded_lines": 0, "percent_statements_covered": 0.0, "percent_statements_covered_display": "0"}, "missing_lines": [27, 28], "excluded_lines": []}, "ConfigLoadError": {"executed_lines": [], "summary": {"covered_lines": 0, "num_statements": 3, "percent_covered": 0.0, "percent_covered_display": "0", "missing_lines": 3, "excluded_lines": 0, "percent_statements_covered": 0.0, "percent_statements_covered_display": "0"}, "missing_lines": [53, 54, 55], "excluded_lines": []}, "ConfigSaveError": {"executed_lines": [], "summary": {"covered_lines": 0, "num_statements": 3, "percent_covered": 0.0, "percent_covered_display": "0", "missing_lines": 3, "excluded_lines": 0, "percent_statements_covered": 0.0, "percent_statements_covered_display": "0"}, "missing_lines": [80, 81, 82], "excluded_lines": []}, "ConfigValidationError": {"executed_lines": [], "summary": {"covered_lines": 0, "num_statements": 3, "percent_covered": 0.0, "percent_covered_display": "0", "missing_lines": 3, "excluded_lines": 0, "percent_statements_covered": 0.0, "percent_statements_covered_display": "0"}, "missing_lines": [107, 108, 109], "excluded_lines": []}, "ConfigTypeError": {"executed_lines": [], "summary": {"covered_lines": 0, "num_statements": 4, "percent_covered": 0.0, "percent_covered_display": "0", "missing_lines": 4, "excluded_lines": 0, "percent_statements_covered": 0.0, "percent_statements_covered_display": "0"}, "missing_lines": [140, 141, 142, 143], "excluded_lines": []}, "ConfigKeyError": {"executed_lines": [], "summary": {"covered_lines": 0, "num_statements": 3, "percent_covered": 0.0, "percent_covered_display": "0", "missing_lines": 3, "excluded_lines": 0, "percent_statements_covered": 0.0, "percent_statements_covered_display": "0"}, "missing_lines": [168, 169, 170], "excluded_lines": []}, "": {"executed_lines": [1, 9, 10, 20, 31, 32, 43, 58, 59, 70, 85, 86, 97, 112, 113, 125, 146, 147, 158], "summary": {"covered_lines": 12, "num_statements": 12, "percent_covered": 100.0, "percent_covered_display": "100", "missing_lines": 0, "excluded_lines": 0, "percent_statements_covered": 100.0, "percent_statements_covered_display": "100"}, "missing_lines": [], "excluded_lines": []}}}, "neural_ai/core/config/factory.py": {"executed_lines": [1, 8, 9, 11, 13, 17, 20, 21, 24, 25, 27, 33, 34, 49, 50, 51, 53, 54, 55, 61, 62, 64, 65, 69, 71, 75, 82, 84, 88, 95, 96, 97, 121, 122, 123, 145, 146, 147, 206, 207, 208, 256, 257, 258, 278, 279, 282, 283, 285, 286, 288, 290, 302, 303, 304, 313, 314, 315], "summary": {"covered_lines": 55, "num_statements": 100, "percent_covered": 55.0, "percent_covered_display": "55", "missing_lines": 45, "excluded_lines": 3, "percent_statements_covered": 55.0, "percent_statements_covered_display": "55"}, "missing_lines": [108, 109, 113, 114, 116, 117, 119, 136, 137, 140, 141, 143, 171, 172, 173, 176, 177, 178, 179, 180, 181, 184, 185, 186, 187, 190, 191, 193, 198, 200, 234, 235, 237, 238, 243, 246, 248, 250, 292, 294, 296, 310, 311, 321, 322], "excluded_lines": [27, 28, 30], "functions": {"ConfigManagerFactory._lazy_load_implementations": {"executed_lines": [61, 62, 64, 65, 69, 71, 75, 82, 84, 88], "summary": {"covered_lines": 10, "num_statements": 10, "percent_covered": 100.0, "percent_covered_display": "100", "missing_lines": 0, "excluded_lines": 0, "percent_statements_covered": 100.0, "percent_statements_covered_display": "100"}, "missing_lines": [], "excluded_lines": []}, "ConfigManagerFactory.register_manager": {"executed_lines": [], "summary": {"covered_lines": 0, "num_statements": 7, "percent_covered": 0.0, "percent_covered_display": "0", "missing_lines": 7, "excluded_lines": 0, "percent_statements_covered": 0.0, "percent_statements_covered_display": "0"}, "missing_lines": [108, 109, 113, 114, 116, 117, 119], "excluded_lines": []}, "ConfigManagerFactory.register_async_manager": {"executed_lines": [], "summary": {"covered_lines": 0, "num_statements": 5, "percent_covered": 0.0, "percent_covered_display": "0", "missing_lines": 5, "excluded_lines": 0, "percent_statements_covered": 0.0, "percent_statements_covered_display": "0"}, "missing_lines": [136, 137, 140, 141, 143], "excluded_lines": []}, "ConfigManagerFactory.get_manager": {"executed_lines": [], "summary": {"covered_lines": 0, "num_statements": 18, "percent_covered": 0.0, "percent_covered_display": "0", "missing_lines": 18, "excluded_lines": 0, "percent_statements_covered": 0.0, "percent_statements_covered_display": "0"}, "missing_lines": [171, 172, 173, 176, 177, 178, 179, 180, 181, 184, 185, 186, 187, 190, 191, 193, 198, 200], "excluded_lines": []}, "ConfigManagerFactory.get_async_manager": {"executed_lines": [], "summary": {"covered_lines": 0, "num_statements": 8, "percent_covered": 0.0, "percent_covered_display": "0", "missing_lines": 8, "excluded_lines": 0, "percent_statements_covered": 0.0, "percent_statements_covered_display": "0"}, "missing_lines": [234, 235, 237, 238, 243, 246, 248, 250], "excluded_lines": []}, "ConfigManagerFactory.create_manager": {"executed_lines": [278, 279, 282, 283, 285, 286, 288, 290], "summary": {"covered_lines": 8, "num_statements": 11, "percent_covered": 72.72727272727273, "percent_covered_display": "73", "missing_lines": 3, "excluded_lines": 0, "percent_statements_covered": 72.72727272727273, "percent_statements_covered_display": "73"}, "missing_lines": [292, 294, 296], "excluded_lines": []}, "ConfigManagerFactory.get_supported_extensions": {"executed_lines": [], "summary": {"covered_lines": 0, "num_statements": 2, "percent_covered": 0.0, "percent_covered_display": "0", "missing_lines": 2, "excluded_lines": 0, "percent_statements_covered": 0.0, "percent_statements_covered_display": "0"}, "missing_lines": [310, 311], "excluded_lines": []}, "ConfigManagerFactory.get_supported_async_types": {"executed_lines": [], "summary": {"covered_lines": 0, "num_statements": 2, "percent_covered": 0.0, "percent_covered_display": "0", "missing_lines": 2, "excluded_lines": 0, "percent_statements_covered": 0.0, "percent_statements_covered_display": "0"}, "missing_lines": [321, 322], "excluded_lines": []}, "": {"executed_lines": [1, 8, 9, 11, 13, 17, 20, 21, 24, 25, 27, 33, 34, 49, 50, 51, 53, 54, 55, 95, 96, 97, 121, 122, 123, 145, 146, 147, 206, 207, 208, 256, 257, 258, 302, 303, 304, 313, 314, 315], "summary": {"covered_lines": 37, "num_statements": 37, "percent_covered": 100.0, "percent_covered_display": "100", "missing_lines": 0, "excluded_lines": 3, "percent_statements_covered": 100.0, "percent_statements_covered_display": "100"}, "missing_lines": [], "excluded_lines": [27, 28, 30]}}, "classes": {"ConfigManagerFactory": {"executed_lines": [61, 62, 64, 65, 69, 71, 75, 82, 84, 88, 278, 279, 282, 283, 285, 286, 288, 290], "summary": {"covered_lines": 18, "num_statements": 63, "percent_covered": 28.571428571428573, "percent_covered_display": "29", "missing_lines": 45, "excluded_lines": 0, "percent_statements_covered": 28.571428571428573, "percent_statements_covered_display": "29"}, "missing_lines": [108, 109, 113, 114, 116, 117, 119, 136, 137, 140, 141, 143, 171, 172, 173, 176, 177, 178, 179, 180, 181, 184, 185, 186, 187, 190, 191, 193, 198, 200, 234, 235, 237, 238, 243, 246, 248, 250, 292, 294, 296, 310, 311, 321, 322], "excluded_lines": []}, "": {"executed_lines": [1, 8, 9, 11, 13, 17, 20, 21, 24, 25, 27, 33, 34, 49, 50, 51, 53, 54, 55, 95, 96, 97, 121, 122, 123, 145, 146, 147, 206, 207, 208, 256, 257, 258, 302, 303, 304, 313, 314, 315], "summary": {"covered_lines": 37, "num_statements": 37, "percent_covered": 100.0, "percent_covered_display": "100", "missing_lines": 0, "excluded_lines": 3, "percent_statements_covered": 100.0, "percent_statements_covered_display": "100"}, "missing_lines": [], "excluded_lines": [27, 28, 30]}}}, "neural_ai/core/config/implementations/__init__.py": {"executed_lines": [1, 23, 24, 26, 29, 32, 33, 38, 40], "summary": {"covered_lines": 7, "num_statements": 9, "percent_covered": 77.77777777777777, "percent_covered_display": "78", "missing_lines": 2, "excluded_lines": 2, "percent_statements_covered": 77.77777777777777, "percent_statements_covered_display": "78"}, "missing_lines": [34, 35], "excluded_lines": [26, 27], "functions": {"": {"executed_lines": [1, 23, 24, 26, 29, 32, 33, 38, 40], "summary": {"covered_lines": 7, "num_statements": 9, "percent_covered": 77.77777777777777, "percent_covered_display": "78", "missing_lines": 2, "excluded_lines": 2, "percent_statements_covered": 77.77777777777777, "percent_statements_covered_display": "78"}, "missing_lines": [34, 35], "excluded_lines": [26, 27]}}, "classes": {"": {"executed_lines": [1, 23, 24, 26, 29, 32, 33, 38, 40], "summary": {"covered_lines": 7, "num_statements": 9, "percent_covered": 77.77777777777777, "percent_covered_display": "78", "missing_lines": 2, "excluded_lines": 2, "percent_statements_covered": 77.77777777777777, "percent_statements_covered_display": "78"}, "missing_lines": [34, 35], "excluded_lines": [26, 27]}}}, "neural_ai/core/config/implementations/dynamic_config_manager.py": {"executed_lines": [1, 7, 8, 9, 10, 11, 13, 14, 16, 17, 20, 22, 26, 29, 30, 46, 73, 122, 181, 214, 231, 248, 265, 291, 303, 315, 355, 374, 399, 465, 506, 520, 549, 550], "summary": {"covered_lines": 31, "num_statements": 239, "percent_covered": 12.97071129707113, "percent_covered_display": "13", "missing_lines": 208, "excluded_lines": 2, "percent_statements_covered": 12.97071129707113, "percent_statements_covered_display": "13"}, "missing_lines": [62, 63, 65, 66, 67, 68, 69, 70, 71, 90, 91, 93, 96, 97, 100, 101, 106, 107, 109, 110, 113, 114, 115, 117, 118, 119, 120, 132, 133, 135, 138, 140, 142, 143, 144, 146, 148, 155, 158, 159, 160, 161, 163, 166, 167, 170, 172, 173, 175, 176, 177, 178, 179, 193, 194, 199, 200, 202, 203, 205, 207, 208, 209, 210, 211, 212, 226, 243, 260, 277, 279, 280, 282, 283, 284, 286, 287, 289, 298, 300, 301, 309, 310, 312, 313, 327, 328, 330, 332, 334, 335, 337, 338, 339, 340, 341, 342, 344, 345, 346, 348, 350, 351, 353, 357, 358, 360, 362, 363, 364, 365, 366, 367, 369, 370, 372, 383, 384, 386, 387, 389, 390, 392, 394, 395, 396, 397, 416, 418, 420, 421, 422, 424, 426, 434, 437, 438, 439, 440, 441, 442, 444, 447, 448, 451, 453, 454, 459, 460, 461, 462, 463, 477, 478, 479, 480, 482, 483, 486, 487, 489, 492, 493, 495, 496, 498, 500, 501, 502, 503, 504, 513, 514, 515, 516, 517, 518, 522, 524, 525, 526, 528, 530, 
[...]
, "summary": {"covered_lines": 0, "num_statements": 0, "percent_covered": 100.0, "percent_covered_display": "100", "missing_lines": 0, "excluded_lines": 0, "percent_statements_covered": 100.0, "percent_statements_covered_display": "100"}, "missing_lines": [], "excluded_lines": []}, "HealthStatus": {"executed_lines": [], "summary": {"covered_lines": 0, "num_statements": 0, "percent_covered": 100.0, "percent_covered_display": "100", "missing_lines": 0, "excluded_lines": 0, "percent_statements_covered": 100.0, "percent_statements_covered_display": "100"}, "missing_lines": [], "excluded_lines": []}, "ComponentHealth": {"executed_lines": [], "summary": {"covered_lines": 0, "num_statements": 0, "percent_covered": 100.0, "percent_covered_display": "100", "missing_lines": 0, "excluded_lines": 0, "percent_statements_covered": 100.0, "percent_statements_covered_display": "100"}, "missing_lines": [], "excluded_lines": []}, "SystemHealth": {"executed_lines": [], "summary": {"covered_lines": 0, "num_statements": 0, "percent_covered": 100.0, "percent_covered_display": "100", "missing_lines": 0, "excluded_lines": 0, "percent_statements_covered": 100.0, "percent_statements_covered_display": "100"}, "missing_lines": [], "excluded_lines": []}, "HealthMonitorInterface": {"executed_lines": [], "summary": {"covered_lines": 0, "num_statements": 0, "percent_covered": 100.0, "percent_covered_display": "100", "missing_lines": 0, "excluded_lines": 5, "percent_statements_covered": 100.0, "percent_statements_covered_display": "100"}, "missing_lines": [], "excluded_lines": [99, 114, 123, 135, 144]}, "HealthCheckInterface": {"executed_lines": [], "summary": {"covered_lines": 0, "num_statements": 0, "percent_covered": 100.0, "percent_covered_display": "100", "missing_lines": 0, "excluded_lines": 2, "percent_statements_covered": 100.0, "percent_statements_covered_display": "100"}, "missing_lines": [], "excluded_lines": [161, 170]}, "": {"executed_lines": [1, 8, 9, 10, 11, 12, 15, 16, 21, 22, 23, 24, 25, 28, 29, 34, 35, 36, 37, 40, 41, 42, 54, 55, 56, 57, 58, 61, 62, 63, 75, 76, 77, 78, 79, 82, 83, 89, 90, 101, 102, 116, 117, 125, 126, 137, 138, 147, 148, 154, 155, 163, 164], "summary": {"covered_lines": 46, "num_statements": 46, "percent_covered": 100.0, "percent_covered_display": "100", "missing_lines": 0, "excluded_lines": 0, "percent_statements_covered": 100.0, "percent_statements_covered_display": "100"}, "missing_lines": [], "excluded_lines": []}}}, "neural_ai/core/utils/__init__.py": {"executed_lines": [1, 8, 9, 10, 12], "summary": {"covered_lines": 4, "num_statements": 4, "percent_covered": 100.0, "percent_covered_display": "100", "missing_lines": 0, "excluded_lines": 0, "percent_statements_covered": 100.0, "percent_statements_covered_display": "100"}, "missing_lines": [], "excluded_lines": [], "functions": {"": {"executed_lines": [1, 8, 9, 10, 12], "summary": {"covered_lines": 4, "num_statements": 4, "percent_covered": 100.0, "percent_covered_display": "100", "missing_lines": 0, "excluded_lines": 0, "percent_statements_covered": 100.0, "percent_statements_covered_display": "100"}, "missing_lines": [], "excluded_lines": []}}, "classes": {"": {"executed_lines": [1, 8, 9, 10, 12], "summary": {"covered_lines": 4, "num_statements": 4, "percent_covered": 100.0, "percent_covered_display": "100", "missing_lines": 0, "excluded_lines": 0, "percent_statements_covered": 100.0, "percent_statements_covered_display": "100"}, "missing_lines": [], "excluded_lines": []}}}, "neural_ai/core/utils/decorators.py": {"executed_lines": [1, 8, 9, 10, 11, 12, 15, 16, 20, 21, 23, 26, 29, 31, 32, 33, 37, 40, 53, 54, 55, 58, 85, 86, 97, 100, 101, 104, 106, 108, 111, 114, 123, 125, 127, 129, 140, 142], "summary": {"covered_lines": 37, "num_statements": 37, "percent_covered": 100.0, "percent_covered_display": "100", "missing_lines": 0, "excluded_lines": 1, "percent_statements_covered": 100.0, "percent_statements_covered_display": "100"}, "missing_lines": [], "excluded_lines": [59], "functions": {"_get_trace_logger": {"executed_lines": [21, 23], "summary": {"covered_lines": 2, "num_statements": 2, "percent_covered": 100.0, "percent_covered_display": "100", "missing_lines": 0, "excluded_lines": 0, "percent_statements_covered": 100.0, "percent_statements_covered_display": "100"}, "missing_lines": [], "excluded_lines": []}, "_ensure_trace_logger": {"executed_lines": [31, 32, 33], "summary": {"covered_lines": 3, "num_statements": 3, "percent_covered": 100.0, "percent_covered_display": "100", "missing_lines": 0, "excluded_lines": 0, "percent_statements_covered": 100.0, "percent_statements_covered_display": "100"}, "missing_lines": [], "excluded_lines": []}, "_serialize_arg": {"executed_lines": [53, 54, 55], "summary": {"covered_lines": 3, "num_statements": 3, "percent_covered": 100.0, "percent_covered_display": "100", "missing_lines": 0, "excluded_lines": 0, "percent_statements_covered": 100.0, "percent_statements_covered_display": "100"}, "missing_lines": [], "excluded_lines": []}, "trace": {"executed_lines": [85, 86, 142], "summary": {"covered_lines": 3, "num_statements": 3, "percent_covered": 100.0, "percent_covered_display": "100", "missing_lines": 0, "excluded_lines": 1, "percent_statements_covered": 100.0, "percent_statements_covered_display": "100"}, "missing_lines": [], "excluded_lines": [59]}, "trace.wrapper": {"executed_lines": [97, 100, 101, 104, 106, 108, 111, 114, 123, 125, 127, 129, 140], "summary": {"covered_lines": 13, "num_statements": 13, "percent_covered": 100.0, "percent_covered_display": "100", "missing_lines": 0, "excluded_lines": 0, "percent_statements_covered": 100.0, "percent_statements_covered_display": "100"}, "missing_lines": [], "excluded_lines": []}, "": {"executed_lines": [1, 8, 9, 10, 11, 12, 15, 16, 20, 26, 29, 37, 40, 58], "summary": {"covered_lines": 13, "num_statements": 13, "percent_covered": 100.0, "percent_covered_display": "100", "missing_lines": 0, "excluded_lines": 0, "percent_statements_covered": 100.0, "percent_statements_covered_display": "100"}, "missing_lines": [], "excluded_lines": []}}, "classes": {"": {"executed_lines": [1, 8, 9, 10, 11, 12, 15, 16, 20, 21, 23, 26, 29, 31, 32, 33, 37, 40, 53, 54, 55, 58, 85, 86, 97, 100, 101, 104, 106, 108, 111, 114, 123, 125, 127, 129, 140, 142], "summary": {"covered_lines": 37, "num_statements": 37, "percent_covered": 100.0, "percent_covered_display": "100", "missing_lines": 0, "excluded_lines": 1, "percent_statements_covered": 100.0, "percent_statements_covered_display": "100"}, "missing_lines": [], "excluded_lines": [59]}}}, "neural_ai/core/utils/exceptions/__init__.py": {"executed_lines": [], "summary": {"covered_lines": 0, "num_statements": 2, "percent_covered": 0.0, "percent_covered_display": "0", "missing_lines": 2, "excluded_lines": 0, "percent_statements_covered": 0.0, "percent_statements_covered_display": "0"}, "missing_lines": [6, 11], "excluded_lines": [], "functions": {"": {"executed_lines": [], "summary": {"covered_lines": 0, "num_statements": 2, "percent_covered": 0.0, "percent_covered_display": "0", "missing_lines": 2, "excluded_lines": 0, "percent_statements_covered": 0.0, "percent_statements_covered_display": "0"}, "missing_lines": [6, 11], "excluded_lines": []}}, "classes": {"": {"executed_lines": [], "summary": {"covered_lines": 0, "num_statements": 2, "percent_covered": 0.0, "percent_covered_display": "0", "missing_lines": 2, "excluded_lines": 0, "percent_statements_covered": 0.0, "percent_statements_covered_display": "0"}, "missing_lines": [6, 11], "excluded_lines": []}}}, "neural_ai/core/utils/exceptions/util_error.py": {"executed_lines": [], "summary": {"covered_lines": 0, "num_statements": 9, "percent_covered": 0.0, "percent_covered_display": "0", "missing_lines": 9, "excluded_lines": 0, "percent_statements_covered": 0.0, "percent_statements_covered_display": "0"}, "missing_lines": [6, 9, 12, 19, 20, 23, 26, 33, 34], "excluded_lines": [], "functions": {"UtilError.__init__": {"executed_lines": [], "summary": {"covered_lines": 0, "num_statements": 2, "percent_covered": 0.0, "percent_covered_display": "0", "missing_lines": 2, "excluded_lines": 0, "percent_statements_covered": 0.0, "percent_statements_covered_display": "0"}, "missing_lines": [19, 20], "excluded_lines": []}, "HardwareDetectionError.__init__": {"executed_lines": [], "summary": {"covered_lines": 0, "num_statements": 2, "percent_covered": 0.0, "percent_covered_display": "0", "missing_lines": 2, "excluded_lines": 0, "percent_statements_covered": 0.0, "percent_statements_covered_display": "0"}, "missing_lines": [33, 34], "excluded_lines": []}, "": {"executed_lines": [], "summary": {"covered_lines": 0, "num_statements": 5, "percent_covered": 0.0, "percent_covered_display": "0", "missing_lines": 5, "excluded_lines": 0, "percent_statements_covered": 0.0, "percent_statements_covered_display": "0"}, "missing_lines": [6, 9, 12, 23, 26], "excluded_lines": []}}, "classes": {"UtilError": {"executed_lines": [], "summary": {"covered_lines": 0, "num_statements": 2, "percent_covered": 0.0, "percent_covered_display": "0", "missing_lines": 2, "excluded_lines": 0, "percent_statements_covered": 0.0, "percent_statements_covered_display": "0"}, "missing_lines": [19, 20], "excluded_lines": []}, "HardwareDetectionError": {"executed_lines": [], "summary": {"covered_lines": 0, "num_statements": 2, "percent_covered": 0.0, "percent_covered_display": "0", "missing_lines": 2, "excluded_lines": 0, "percent_statements_covered": 0.0, "percent_statements_covered_display": "0"}, "missing_lines": [33, 34], "excluded_lines": []}, "": {"executed_lines": [], "summary": {"covered_lines": 0, "num_statements": 5, "percent_covered": 0.0, "percent_covered_display": "0", "missing_lines": 5, "excluded_lines": 0, "percent_statements_covered": 0.0, "percent_statements_covered_display": "0"}, "missing_lines": [6, 9, 12, 23, 26], "excluded_lines": []}}}, "neural_ai/core/utils/factory.py": {"executed_lines": [1, 7, 9, 14, 15, 17, 18, 24, 26, 28, 29], "summary": {"covered_lines": 8, "num_statements": 10, "percent_covered": 80.0, "percent_covered_display": "80", "missing_lines": 2, "excluded_lines": 3, "percent_statements_covered": 80.0, "percent_statements_covered_display": "80"}, "missing_lines": [35, 37], "excluded_lines": [9, 10, 11], "functions": {"HardwareFactory.get_hardware_info": {"executed_lines": [24, 26], "summary": {"covered_lines": 2, "num_statements": 2, "percent_covered": 100.0, "percent_covered_display": "100", "missing_lines": 0, "excluded_lines": 0, "percent_statements_covered": 100.0, "percent_statements_covered_display": "100"}, "missing_lines": [], "excluded_lines": []}, "HardwareFactory.get_hardware_interface": {"executed_lines": [], "summary": {"covered_lines": 0, "num_statements": 2, "percent_covered": 0.0, "percent_covered_display": "0", "missing_lines": 2, "excluded_lines": 0, "percent_statements_covered": 0.0, "percent_statements_covered_display": "0"}, "missing_lines": [35, 37], "excluded_lines": []}, "": {"executed_lines": [1, 7, 9, 14, 15, 17, 18, 28, 29], "summary": {"covered_lines": 6, "num_statements": 6, "percent_covered": 100.0, "percent_covered_display": "100", "missing_lines": 0, "excluded_lines": 3, "percent_statements_covered": 100.0, "percent_statements_covered_display": "100"}, "missing_lines": [], "excluded_lines": [9, 10, 11]}}, "classes": {"HardwareFactory": {"executed_lines": [24, 26], "summary": {"covered_lines": 2, "num_statements": 4, "percent_covered": 50.0, "percent_covered_display": "50", "missing_lines": 2, "excluded_lines": 0, "percent_statements_covered": 50.0, "percent_statements_covered_display": "50"}, "missing_lines": [35, 37], "excluded_lines": []}, "": {"executed_lines": [1, 7, 9, 14, 15, 17, 18, 28, 29], "summary": {"covered_lines": 6, "num_statements": 6, "percent_covered": 100.0, "percent_covered_display": "100", "missing_lines": 0, "excluded_lines": 3, "percent_statements_covered": 100.0, "percent_statements_covered_display": "100"}, "missing_lines": [], "excluded_lines": [9, 10, 11]}}}, "neural_ai/core/utils/implementations/__init__.py": {"executed_lines": [1, 6, 8], "summary": {"covered_lines": 2, "num_statements": 2, "percent_covered": 100.0, "percent_covered_display": "100", "missing_lines": 0, "excluded_lines": 0, "percent_statements_covered": 100.0, "percent_statements_covered_display": "100"}, "missing_lines": [], "excluded_lines": [], "functions": {"": {"executed_lines": [1, 6, 8], "summary": {"covered_lines": 2, "num_statements": 2, "percent_covered": 100.0, "percent_covered_display": "100", "missing_lines": 0, "excluded_lines": 0, "percent_statements_covered": 100.0, "percent_statements_covered_display": "100"}, "missing_lines": [], "excluded_lines": []}}, "classes": {"": {"executed_lines": [1, 6, 8], "summary": {"covered_lines": 2, "num_statements": 2, "percent_covered": 100.0, "percent_covered_display": "100", "missing_lines": 0, "excluded_lines": 0, "percent_statements_covered": 100.0, "percent_statements_covered_display": "100"}, "missing_lines": [], "excluded_lines": []}}}, "neural_ai/core/utils/implementations/hardware_info.py": {"executed_lines": [1, 9, 10, 11, 13, 14, 15, 18, 20, 24, 25, 33, 34, 62, 67, 69, 73, 74, 75, 79, 81, 82, 84, 85, 86, 87, 96, 97, 136, 137], "summary": {"covered_lines": 27, "num_statements": 53, "percent_covered": 50.943396226415096, "percent_covered_display": "51", "missing_lines": 26, "excluded_lines": 3, "percent_statements_covered": 50.943396226415096, "percent_statements_covered_display": "51"}, "missing_lines": [65, 71, 89, 91, 94, 110, 111, 113, 115, 116, 118, 119, 120, 122, 124, 125, 126, 127, 128, 129, 131, 133, 134, 150, 151, 152], "excluded_lines": [20, 21, 35], "functions": {"HardwareInfo.has_avx2": {"executed_lines": [62, 67, 69, 73, 74, 75, 79, 81, 82, 84, 85, 86, 87], "summary": {"covered_lines": 13, "num_statements": 18, "percent_covered": 72.22222222222223, "percent_covered_display": "72", "missing_lines": 5, "excluded_lines": 1, "percent_statements_covered": 72.22222222222223, "percent_statements_covered_display": "72"}, "missing_lines": [65, 71, 89, 91, 94], "excluded_lines": [35]}, "HardwareInfo.get_cpu_features": {"executed_lines": [], "summary": {"covered_lines": 0, "num_statements": 18, "percent_covered": 0.0, "percent_covered_display": "0", "missing_lines": 18, "excluded_lines": 0, "percent_statements_covered": 0.0, "percent_statements_covered_display": "0"}, "missing_lines": [110, 111, 113, 115, 116, 118, 119, 120, 122, 124, 125, 126, 127, 128, 129, 131, 133, 134], "excluded_lines": []}, "HardwareInfo.supports_simd": {"executed_lines": [], "summary": {"covered_lines": 0, "num_statements": 3, "percent_covered": 0.0, "percent_covered_display": "0", "missing_lines": 3, "excluded_lines": 0, "percent_statements_covered": 0.0, "percent_statements_covered_display": "0"}, "missing_lines": [150, 151, 152], "excluded_lines": []}, "": {"executed_lines": [1, 9, 10, 11, 13, 14, 15, 18, 20, 24, 25, 33, 34, 96, 97, 136, 137], "summary": {"covered_lines": 14, "num_statements": 14, "percent_covered": 100.0, "percent_covered_display": "100", "missing_lines": 0, "excluded_lines": 2, "percent_statements_covered": 100.0, "percent_statements_covered_display": "100"}, "missing_lines": [], "excluded_lines": [20, 21]}}, "classes": {"HardwareInfo": {"executed_lines": [62, 67, 69, 73, 74, 75, 79, 81, 82, 84, 85, 86, 87], "summary": {"covered_lines": 13, "num_statements": 39, "percent_covered": 33.333333333333336, "percent_covered_display": "33", "missing_lines": 26, "excluded_lines": 1, "percent_statements_covered": 33.333333333333336, "percent_statements_covered_display": "33"}, "missing_lines": [65, 71, 89, 91, 94, 110, 111, 113, 115, 116, 118, 119, 120, 122, 124, 125, 126, 127, 128, 129, 131, 133, 134, 150, 151, 152], "excluded_lines": [35]}, "": {"executed_lines": [1, 9, 10, 11, 13, 14, 15, 18, 20, 24, 25, 33, 34, 96, 97, 136, 137], "summary": {"covered_lines": 14, "num_statements": 14, "percent_covered": 100.0, "percent_covered_display": "100", "missing_lines": 0, "excluded_lines": 2, "percent_statements_covered": 100.0, "percent_statements_covered_display": "100"}, "missing_lines": [], "excluded_lines": [20, 21]}}}, "neural_ai/core/utils/interfaces/__init__.py": {"executed_lines": [1, 6, 8], "summary": {"covered_lines": 2, "num_statements": 2, "percent_covered": 100.0, "percent_covered_display": "100", "missing_lines": 0, "excluded_lines": 0, "percent_statements_covered": 100.0, "percent_statements_covered_display": "100"}, "missing_lines": [], "excluded_lines": [], "functions": {"": {"executed_lines": [1, 6, 8], "summary": {"covered_lines": 2, "num_statements": 2, "percent_covered": 100.0, "percent_covered_display": "100", "missing_lines": 0, "excluded_lines": 0, "percent_statements_covered": 100.0, "percent_statements_covered_display": "100"}, "missing_lines": [], "excluded_lines": []}}, "classes": {"": {"executed_lines": [1, 6, 8], "summary": {"covered_lines": 2, "num_statements": 2, "percent_covered": 100.0, "percent_covered_display": "100", "missing_lines": 0, "excluded_lines": 0, "percent_statements_covered": 100.0, "percent_statements_covered_display": "100"}, "missing_lines": [], "excluded_lines": []}}}, "neural_ai/core/utils/interfaces/hardware_interface.py": {"executed_lines": [1, 8, 9, 11, 15, 16, 24, 25, 33, 34, 42, 43], "summary": {"covered_lines": 9, "num_statements": 9, "percent_covered": 100.0, "percent_covered_display": "100", "missing_lines": 0, "excluded_lines": 5, "percent_statements_covered": 100.0, "percent_statements_covered_display": "100"}, "missing_lines": [], "excluded_lines": [11, 12, 31, 40, 49], "functions": {"HardwareInterface.has_avx2": {"executed_lines": [], "summary": {"covered_lines": 0, "num_statements": 0, "percent_covered": 100.0, "percent_covered_display": "100", "missing_lines": 0, "excluded_lines": 1, "percent_statements_covered": 100.0, "percent_statements_covered_display": "100"}, "missing_lines": [], "excluded_lines": [31]}, "HardwareInterface.get_cpu_features": {"executed_lines": [], "summary": {"covered_lines": 0, "num_statements": 0, "percent_covered": 100.0, "percent_covered_display": "100", "missing_lines": 0, "excluded_lines": 1, "percent_statements_covered": 100.0, "percent_statements_covered_display": "100"}, "missing_lines": [], "excluded_lines": [40]}, "HardwareInterface.supports_simd": {"executed_lines": [], "summary": {"covered_lines": 0, "num_statements": 0, "percent_covered": 100.0, "percent_covered_display": "100", "missing_lines": 0, "excluded_lines": 1, "percent_statements_covered": 100.0, "percent_statements_covered_display": "100"}, "missing_lines": [], "excluded_lines": [49]}, "": {"executed_lines": [1, 8, 9, 11, 15, 16, 24, 25, 33, 34, 42, 43], "summary": {"covered_lines": 9, "num_statements": 9, "percent_covered": 100.0, "percent_covered_display": "100", "missing_lines": 0, "excluded_lines": 2, "percent_statements_covered": 100.0, "percent_statements_covered_display": "100"}, "missing_lines": [], "excluded_lines": [11, 12]}}, "classes": {"HardwareInterface": {"executed_lines": [], "summary": {"covered_lines": 0, "num_statements": 0, "percent_covered": 100.0, "percent_covered_display": "100", "missing_lines": 0, "excluded_lines": 3, "percent_statements_covered": 100.0, "percent_statements_covered_display": "100"}, "missing_lines": [], "excluded_lines": [31, 40, 49]}, "": {"executed_lines": [1, 8, 9, 11, 15, 16, 24, 25, 33, 34, 42, 43], "summary": {"covered_lines": 9, "num_statements": 9, "percent_covered": 100.0, "percent_covered_display": "100", "missing_lines": 0, "excluded_lines": 2, "percent_statements_covered": 100.0, "percent_statements_covered_display": "100"}, "missing_lines": [], "excluded_lines": [11, 12]}}}}, "totals": {"covered_lines": 1640, "num_statements": 2974, "percent_covered": 55.144586415601886, "percent_covered_display": "55", "missing_lines": 1334, "excluded_lines": 137, "percent_statements_covered": 55.144586415601886, "percent_statements_covered_display": "55"}}