============================= test session starts ==============================
platform linux -- Python 3.12.12, pytest-9.0.2, pluggy-1.6.0
rootdir: /home/elynea/Dokumentumok/neural-ai-next
configfile: pyproject.toml
testpaths: tests
plugins: mock-3.15.1, anyio-4.12.0, asyncio-1.3.0, json-report-1.5.0, cov-7.0.0, metadata-3.1.1
asyncio: mode=Mode.AUTO, debug=False, asyncio_default_fixture_loop_scope=None, asyncio_default_test_loop_scope=function
collected 2406 items

tests/neural_ai/collectors/jforex/exceptions/test_jforex_error.py ...... [  0%]
.........                                                                [  0%]
tests/neural_ai/collectors/jforex/exceptions/test_jforex_exceptions_init.py . [  0%]
....                                                                     [  0%]
tests/neural_ai/collectors/jforex/implementations/test_jforex_implementations_init.py . [  0%]
....                                                                     [  1%]
tests/neural_ai/collectors/jforex/interfaces/test_jforex_downloader_interface.py . [  1%]
......                                                                   [  1%]
tests/neural_ai/collectors/jforex/interfaces/test_jforex_interfaces_init.py . [  1%]
..                                                                       [  1%]
tests/neural_ai/collectors/jforex/interfaces/test_jforex_live_interface.py . [  1%]
......                                                                   [  1%]
tests/neural_ai/collectors/jforex/interfaces/test_jforex_tick_data.py .. [  1%]
........                                                                 [  2%]
tests/neural_ai/collectors/jforex/test_bi5_downloader.py ............... [  2%]
............................                                             [  3%]
tests/neural_ai/collectors/jforex/test_jforex_factory.py ..........      [  4%]
tests/neural_ai/collectors/jforex/test_jforex_init.py ..                 [  4%]
tests/neural_ai/collectors/jforex/test_live_feed.py ............         [  4%]
tests/neural_ai/collectors/jforex/test_live_feed_integration.py ........ [  5%]
                                                                         [  5%]
tests/neural_ai/collectors/test_collectors_init.py ..........            [  5%]
tests/neural_ai/core/base/exceptions/test_base_error.py ................ [  6%]
..........................                                               [  7%]
tests/neural_ai/core/base/exceptions/test_base_exceptions_init.py ...... [  7%]
............                                                             [  8%]
tests/neural_ai/core/base/implementations/test_base_implementations_init.py . [  8%]
..                                                                       [  8%]
tests/neural_ai/core/base/implementations/test_component_bundle.py ..... [  8%]
..................................                                       [  9%]
tests/neural_ai/core/base/implementations/test_di_container.py ......... [ 10%]
.......................                                                  [ 11%]
tests/neural_ai/core/base/implementations/test_lazy_loader.py .......... [ 11%]
                                                                         [ 11%]
tests/neural_ai/core/base/implementations/test_singleton.py ..........   [ 12%]
tests/neural_ai/core/base/interfaces/test_base_interfaces_init.py ...... [ 12%]
......                                                                   [ 12%]
tests/neural_ai/core/base/interfaces/test_component_interface.py ....... [ 12%]
......                                                                   [ 13%]
tests/neural_ai/core/base/interfaces/test_container_interface.py ....... [ 13%]
.............                                                            [ 13%]
tests/neural_ai/core/base/test_base_factory.py .F....................... [ 15%]
..........                                                               [ 15%]
tests/neural_ai/core/base/test_base_factory_functional.py s              [ 15%]
tests/neural_ai/core/base/test_base_init.py .......                      [ 15%]
tests/neural_ai/core/config/exceptions/test_config_error.py ............ [ 16%]
...                                                                      [ 16%]
tests/neural_ai/core/config/exceptions/test_config_exceptions_init.py .. [ 16%]
....................                                                     [ 17%]
tests/neural_ai/core/config/implementations/test_config_implementations_init.py . [ 17%]
.F...                                                                    [ 17%]
tests/neural_ai/core/config/implementations/test_dynamic_config_manager.py . [ 17%]
............................................................             [ 20%]
tests/neural_ai/core/config/implementations/test_yaml_config_manager.py . [ 20%]
........................................................................ [ 23%]
...                                                                      [ 23%]
tests/neural_ai/core/config/interfaces/test_async_config_interface.py .. [ 23%]
.......................                                                  [ 24%]
tests/neural_ai/core/config/interfaces/test_config_factory_interface.py . [ 24%]
......................                                                   [ 25%]
tests/neural_ai/core/config/interfaces/test_config_interface.py ........ [ 25%]
.........                                                                [ 25%]
tests/neural_ai/core/config/interfaces/test_config_interfaces_init.py .. [ 26%]
..............                                                           [ 26%]
tests/neural_ai/core/config/interfaces/test_types.py ................... [ 27%]
.........                                                                [ 27%]
tests/neural_ai/core/config/test_config_factory.py ..................... [ 28%]
......                                                                   [ 28%]
tests/neural_ai/core/config/test_config_init.py ..........               [ 29%]
tests/neural_ai/core/config/test_processors_config.py .................. [ 30%]
........                                                                 [ 30%]
tests/neural_ai/core/db/exceptions/test_db_error.py .........            [ 30%]
tests/neural_ai/core/db/exceptions/test_db_exceptions_init.py .....      [ 30%]
tests/neural_ai/core/db/implementations/test_db_implementations_init.py . [ 31%]
..                                                                       [ 31%]
tests/neural_ai/core/db/implementations/test_model_base.py ............  [ 31%]
tests/neural_ai/core/db/implementations/test_models.py ................. [ 32%]
.....                                                                    [ 32%]
tests/neural_ai/core/db/implementations/test_sqlalchemy_session.py ...F. [ 32%]
..FFFFFFFF...F...........FFFFFF.                                         [ 34%]
tests/neural_ai/core/db/interfaces/test_db_interfaces_init.py ....       [ 34%]
tests/neural_ai/core/db/test_db_factory.py ......................        [ 35%]
tests/neural_ai/core/db/test_db_init.py ....................             [ 35%]
tests/neural_ai/core/events/exceptions/test_event_error.py .........     [ 36%]
tests/neural_ai/core/events/exceptions/test_events_exceptions_init.py .. [ 36%]
...                                                                      [ 36%]
tests/neural_ai/core/events/implementations/test_events_implementations_init.py . [ 36%]
..                                                                       [ 36%]
tests/neural_ai/core/events/implementations/test_zeromq_bus.py ......... [ 37%]
........................................                                 [ 38%]
tests/neural_ai/core/events/interfaces/test_event_bus_interface.py ..... [ 38%]
......................                                                   [ 39%]
tests/neural_ai/core/events/interfaces/test_event_models.py ............ [ 40%]
..............                                                           [ 40%]
tests/neural_ai/core/events/interfaces/test_events_interfaces_init.py .. [ 40%]
.........                                                                [ 41%]
tests/neural_ai/core/events/test_events_factory.py ......FFFF....        [ 41%]
tests/neural_ai/core/events/test_events_init.py ..........               [ 42%]
tests/neural_ai/core/logger/exceptions/test_logger_error.py ............ [ 42%]
..                                                                       [ 42%]
tests/neural_ai/core/logger/exceptions/test_logger_exceptions_init.py .. [ 43%]
..............                                                           [ 43%]
tests/neural_ai/core/logger/formatters/test_logger_formatters.py ......  [ 43%]
tests/neural_ai/core/logger/implementations/test_colored_logger.py ..... [ 44%]
....                                                                     [ 44%]
tests/neural_ai/core/logger/implementations/test_default_logger.py ..... [ 44%]
...                                                                      [ 44%]
tests/neural_ai/core/logger/implementations/test_logger_implementations_init.py . [ 44%]
....                                                                     [ 44%]
tests/neural_ai/core/logger/implementations/test_rotating_file_logger.py . [ 44%]
......                                                                   [ 45%]
tests/neural_ai/core/logger/interfaces/test_logger_factory_interface.py . [ 45%]
....                                                                     [ 45%]
tests/neural_ai/core/logger/interfaces/test_logger_interface.py ...      [ 45%]
tests/neural_ai/core/logger/interfaces/test_logger_interfaces_init.py .. [ 45%]
.............                                                            [ 46%]
tests/neural_ai/core/logger/test_logger_factory.py ............          [ 46%]
tests/neural_ai/core/logger/test_logger_init.py .......                  [ 46%]
tests/neural_ai/core/system/exceptions/test_health_error.py ............ [ 47%]
.....                                                                    [ 47%]
tests/neural_ai/core/system/exceptions/test_system_exceptions_init.py .. [ 47%]
................                                                         [ 48%]
tests/neural_ai/core/system/implementations/test_health_monitor.py ..... [ 48%]
.......................                                                  [ 49%]
tests/neural_ai/core/system/interfaces/test_health_interface.py ........ [ 49%]
..............                                                           [ 50%]
tests/neural_ai/core/system/interfaces/test_system_interfaces_init.py .. [ 50%]
....................                                                     [ 51%]
tests/neural_ai/core/system/test_system_factory.py ...................   [ 52%]
tests/neural_ai/core/system/test_system_init.py ........................ [ 53%]
                                                                         [ 53%]
tests/neural_ai/core/test_core_init.py .....F...F..F.FF.FF...            [ 53%]
tests/neural_ai/core/utils/exceptions/test_util_error.py ............    [ 54%]
tests/neural_ai/core/utils/exceptions/test_utils_exceptions_init.py .... [ 54%]
.                                                                        [ 54%]
tests/neural_ai/core/utils/implementations/test_utils_implementations_init.py . [ 54%]
....                                                                     [ 54%]
tests/neural_ai/core/utils/interfaces/test_hardware_interface.py ...     [ 54%]
tests/neural_ai/core/utils/interfaces/test_utils_interfaces_init.py .... [ 55%]
                                                                         [ 55%]
tests/neural_ai/core/utils/test_decorators.py .............              [ 55%]
tests/neural_ai/core/utils/test_hardware_info.py ...............         [ 56%]
tests/neural_ai/core/utils/test_utils_factory.py ...........             [ 56%]
tests/neural_ai/core/utils/test_utils_init.py ......                     [ 57%]
tests/neural_ai/data/ingestion/test_ingestion_init.py ....               [ 57%]
tests/neural_ai/data/ingestion/test_market_data_persister.py ..........s [ 57%]
s.....ss.s....                                                           [ 58%]
tests/neural_ai/data/storage/backends/test_pandas_backend.py ........... [ 58%]
...................                                                      [ 59%]
tests/neural_ai/data/storage/backends/test_polars_backend.py ........... [ 59%]
.............ssssss                                                      [ 60%]
tests/neural_ai/data/storage/backends/test_storage_backends_base.py .... [ 60%]
....                                                                     [ 61%]
tests/neural_ai/data/storage/backends/test_storage_backends_init.py .... [ 61%]
.                                                                        [ 61%]
tests/neural_ai/data/storage/exceptions/test_storage_exceptions_init.py . [ 61%]
......................                                                   [ 62%]
tests/neural_ai/data/storage/implementations/test_file_storage.py ...... [ 62%]
.............................s...s............                           [ 64%]
tests/neural_ai/data/storage/implementations/test_parquet_storage.py ... [ 64%]
...............................                                          [ 65%]
tests/neural_ai/data/storage/implementations/test_storage_implementations_init.py . [ 65%]
....                                                                     [ 66%]
tests/neural_ai/data/storage/interfaces/test_storage_factory_interface.py . [ 66%]
.....                                                                    [ 66%]
tests/neural_ai/data/storage/interfaces/test_storage_interface.py ...... [ 66%]
.....                                                                    [ 66%]
tests/neural_ai/data/storage/interfaces/test_storage_interfaces_init.py . [ 66%]
............                                                             [ 67%]
tests/neural_ai/data/storage/test_storage_factory.py ............        [ 67%]
tests/neural_ai/data/storage/test_storage_init.py .....                  [ 67%]
tests/neural_ai/data/test_data_init.py ..                                [ 68%]
tests/neural_ai/processors/dimensions/d01_price/test_d01_factory.py .F   [ 68%]
tests/neural_ai/processors/dimensions/d01_price/test_d01_price_init.py . [ 68%]
.                                                                        [ 68%]
tests/neural_ai/processors/dimensions/d01_price/test_d01_processor.py .. [ 68%]
.......                                                                  [ 68%]
tests/neural_ai/processors/dimensions/d01_price/test_processor.py ...... [ 68%]
............                                                             [ 69%]
tests/neural_ai/processors/dimensions/d02_support/exceptions/test_d02_support_exceptions_init.py . [ 69%]
.                                                                        [ 69%]
tests/neural_ai/processors/dimensions/d02_support/exceptions/test_support_error.py . [ 69%]
........                                                                 [ 69%]
tests/neural_ai/processors/dimensions/d02_support/implementations/test_d02_support_implementations_init.py . [ 69%]
.                                                                        [ 69%]
tests/neural_ai/processors/dimensions/d02_support/implementations/test_support_processor.py . [ 69%]
.........................                                                [ 70%]
tests/neural_ai/processors/dimensions/d02_support/interfaces/test_d02_support_interfaces_init.py . [ 70%]
.                                                                        [ 71%]
tests/neural_ai/processors/dimensions/d02_support/test_d02_support_factory.py . [ 71%]
.                                                                        [ 71%]
tests/neural_ai/processors/dimensions/d02_support/test_d02_support_init.py . [ 71%]
.                                                                        [ 71%]
tests/neural_ai/processors/dimensions/test_dimensions_base.py .FFF....   [ 71%]
tests/neural_ai/processors/dimensions/test_dimensions_init.py ..         [ 71%]
tests/neural_ai/processors/implementations/test_processors_implementations_init.py . [ 71%]
.                                                                        [ 71%]
tests/neural_ai/processors/implementations/test_time_alignment_service.py . [ 71%]
.......                                                                  [ 72%]
tests/neural_ai/processors/interfaces/test_processors_dimension_processor_interface.py . [ 72%]
......                                                                   [ 72%]
tests/neural_ai/processors/interfaces/test_processors_interfaces_init.py . [ 72%]
..                                                                       [ 72%]
tests/neural_ai/processors/interfaces/test_processors_tensor_converter_interface.py . [ 72%]
......                                                                   [ 72%]
tests/neural_ai/processors/interfaces/test_processors_time_alignment_interface.py . [ 72%]
.......                                                                  [ 73%]
tests/neural_ai/processors/resampler_service/exceptions/test_resampler_error.py . [ 73%]
................                                                         [ 73%]
tests/neural_ai/processors/resampler_service/interfaces/test_resampler_resampler_interface.py . [ 73%]
......                                                                   [ 74%]
tests/neural_ai/processors/resampler_service/test_resampler_factory.py . [ 74%]
......                                                                   [ 74%]
tests/neural_ai/processors/resampler_service/test_resampler_service.py . [ 74%]
..................................                                       [ 75%]
tests/neural_ai/processors/resampler_service/test_resampler_service_init.py . [ 75%]
.....                                                                    [ 76%]
tests/neural_ai/processors/test_processors_factory.py ...                [ 76%]
tests/neural_ai/processors/test_processors_init.py ....                  [ 76%]
tests/neural_ai/test_neural_ai_init.py .....................             [ 77%]
tests/neural_ai/ui/components/test_base_widget.py ..........             [ 77%]
tests/neural_ai/ui/components/test_components_init.py .........          [ 78%]
tests/neural_ai/ui/interfaces/test_ai_service_interface.py ...........   [ 78%]
tests/neural_ai/ui/interfaces/test_core_bridge_interface.py ............ [ 78%]
.                                                                        [ 79%]
tests/neural_ai/ui/interfaces/test_dashboard_service_interface.py ...... [ 79%]
....                                                                     [ 79%]
tests/neural_ai/ui/interfaces/test_data_service_interface.py ........... [ 79%]
........                                                                 [ 80%]
tests/neural_ai/ui/interfaces/test_live_ops_service_interface.py ....... [ 80%]
.......                                                                  [ 80%]
tests/neural_ai/ui/interfaces/test_navigation_service_interface.py ..... [ 81%]
.......                                                                  [ 81%]
tests/neural_ai/ui/interfaces/test_page_interface.py ...........         [ 81%]
tests/neural_ai/ui/interfaces/test_strategy_service_interface.py ....... [ 82%]
..........                                                               [ 82%]
tests/neural_ai/ui/interfaces/test_ui_interfaces_init.py ............... [ 83%]
..                                                                       [ 83%]
tests/neural_ai/ui/pages/test_ai_lab_page.py ..........                  [ 83%]
tests/neural_ai/ui/pages/test_data_hub_page.py ...........               [ 84%]
tests/neural_ai/ui/pages/test_dev_center_page.py ..........              [ 84%]
tests/neural_ai/ui/pages/test_launchpad_page.py ..........               [ 84%]
tests/neural_ai/ui/pages/test_live_ops_page.py ..........                [ 85%]
tests/neural_ai/ui/pages/test_pages_init.py ..........                   [ 85%]
tests/neural_ai/ui/pages/test_strategy_lab_page.py ..................... [ 86%]
.....                                                                    [ 86%]
tests/neural_ai/ui/services/test_ai_service.py ...............           [ 87%]
tests/neural_ai/ui/services/test_dashboard_service.py .............      [ 87%]
tests/neural_ai/ui/services/test_data_service.py .................       [ 88%]
tests/neural_ai/ui/services/test_live_ops_service.py ................    [ 89%]
tests/neural_ai/ui/services/test_navigation_service.py ................  [ 89%]
tests/neural_ai/ui/services/test_services_init.py .........              [ 90%]
tests/neural_ai/ui/services/test_strategy_service.py ................... [ 91%]
                                                                         [ 91%]
tests/neural_ai/ui/test_app.py ................                          [ 91%]
tests/neural_ai/ui/test_core_bridge.py ....................              [ 92%]
tests/neural_ai/ui/test_streamlit_app.py ........                        [ 92%]
tests/neural_ai/ui/test_ui_factory.py FF.............                    [ 93%]
tests/neural_ai/ui/test_ui_init.py .........                             [ 93%]
tests/scripts/test_audit_architecture.py .......                         [ 94%]
tests/scripts/test_audit_architecture_detailed.py .....                  [ 94%]
tests/scripts/test_audit_data.py .......                                 [ 94%]
tests/scripts/test_bootstrap_integration_test.py ......                  [ 95%]
tests/scripts/test_bootstrap_test.py .......                             [ 95%]
tests/scripts/test_data_reset.py ..............                          [ 95%]
tests/scripts/test_deploy_jforex.py .....                                [ 96%]
tests/scripts/test_download_history.py ...........                       [ 96%]
tests/scripts/test_force_kill.py .....                                   [ 96%]
tests/scripts/test_generate.py .....                                     [ 96%]
tests/scripts/test_generate_docs.py .....                                [ 97%]
tests/scripts/test_install.py .....                                      [ 97%]
tests/scripts/test_migrate_structure.py .............                    [ 97%]
tests/scripts/test_scripts_init.py ...                                   [ 98%]
tests/scripts/test_smart_pack.py .....                                   [ 98%]
tests/scripts/test_test_d2_standalone.py .....                           [ 98%]
tests/scripts/test_test_tick_pipeline.py .....                           [ 98%]
tests/scripts/test_validation_end_to_end.py F..                          [ 98%]
tests/test_main.py .............................                         [100%]

=============================== warnings summary ===============================
../../miniconda3/envs/neural-ai-next/lib/python3.12/site-packages/pydantic/_internal/_generate_schema.py:319
../../miniconda3/envs/neural-ai-next/lib/python3.12/site-packages/pydantic/_internal/_generate_schema.py:319
../../miniconda3/envs/neural-ai-next/lib/python3.12/site-packages/pydantic/_internal/_generate_schema.py:319
../../miniconda3/envs/neural-ai-next/lib/python3.12/site-packages/pydantic/_internal/_generate_schema.py:319
../../miniconda3/envs/neural-ai-next/lib/python3.12/site-packages/pydantic/_internal/_generate_schema.py:319
../../miniconda3/envs/neural-ai-next/lib/python3.12/site-packages/pydantic/_internal/_generate_schema.py:319
  /home/elynea/miniconda3/envs/neural-ai-next/lib/python3.12/site-packages/pydantic/_internal/_generate_schema.py:319: PydanticDeprecatedSince20: `json_encoders` is deprecated. See https://docs.pydantic.dev/2.12/concepts/serialization/#custom-serializers for alternatives. Deprecated in Pydantic V2.0 to be removed in V3.0. See Pydantic V2 Migration Guide at https://errors.pydantic.dev/2.12/migration/
    warnings.warn(

tests/scripts/test_audit_architecture.py:133
  /home/elynea/Dokumentumok/neural-ai-next/tests/scripts/test_audit_architecture.py:133: PytestUnknownMarkWarning: Unknown pytest.mark.slow - is this a typo?  You can register custom marks to avoid this warning - for details, see https://docs.pytest.org/en/stable/how-to/mark.html
    @pytest.mark.slow

tests/neural_ai/data/ingestion/test_market_data_persister.py::TestMarketDataPersisterIntegration::test_full_workflow
  /home/elynea/Dokumentumok/neural-ai-next/neural_ai/data/ingestion/market_data_persister.py:346: RuntimeWarning: coroutine 'AsyncMockMixin._execute_mock_call' was never awaited
    self.storage.save_dataframe(df, path, **kwargs)  # type: ignore[arg-type]
  Enable tracemalloc to get traceback where the object was allocated.
  See https://docs.pytest.org/en/stable/how-to/capture-warnings.html#resource-warnings for more info.

tests/test_main.py::TestMainFunction::test_main_live_mode
tests/test_main.py::TestMainFunction::test_main_live_mode_keyboard_interrupt
tests/test_main.py::TestMainFunction::test_main_live_mode_exception
  /home/elynea/Dokumentumok/neural-ai-next/tests/conftest.py:162: RuntimeWarning: coroutine 'run_live_mode' was never awaited
    gc.collect()
  Enable tracemalloc to get traceback where the object was allocated.
  See https://docs.pytest.org/en/stable/how-to/capture-warnings.html#resource-warnings for more info.

tests/test_main.py::TestMainFunction::test_main_download_mode_success
tests/test_main.py::TestMainFunction::test_main_download_mode_keyboard_interrupt
tests/test_main.py::TestMainFunction::test_main_download_mode_exception
  /home/elynea/Dokumentumok/neural-ai-next/tests/conftest.py:162: RuntimeWarning: coroutine 'run_download_mode' was never awaited
    gc.collect()
  Enable tracemalloc to get traceback where the object was allocated.
  See https://docs.pytest.org/en/stable/how-to/capture-warnings.html#resource-warnings for more info.

-- Docs: https://docs.pytest.org/en/stable/how-to/capture-warnings.html
=========================== short test summary info ============================
FAILED tests/neural_ai/core/base/test_base_factory.py::TestCoreComponentFactory::test_logger_property_returns_logger
FAILED tests/neural_ai/core/config/implementations/test_config_implementations_init.py::TestConfigImplementationsInit::test_module_is_empty
FAILED tests/neural_ai/core/db/implementations/test_sqlalchemy_session.py::TestDatabaseURL::test_get_database_url_without_config
FAILED tests/neural_ai/core/db/implementations/test_sqlalchemy_session.py::TestCreateEngine::test_create_engine_postgresql
FAILED tests/neural_ai/core/db/implementations/test_sqlalchemy_session.py::TestCreateEngine::test_create_engine_postgresql_with_pool_config
FAILED tests/neural_ai/core/db/implementations/test_sqlalchemy_session.py::TestCreateEngine::test_create_engine_postgresql_with_none_pool_values
FAILED tests/neural_ai/core/db/implementations/test_sqlalchemy_session.py::TestGetEngine::test_get_engine_creates_on_first_call
FAILED tests/neural_ai/core/db/implementations/test_sqlalchemy_session.py::TestGetEngine::test_get_engine_caches_result
FAILED tests/neural_ai/core/db/implementations/test_sqlalchemy_session.py::TestGetEngine::test_get_engine_echo_fallback_exception
FAILED tests/neural_ai/core/db/implementations/test_sqlalchemy_session.py::TestGetEngine::test_get_engine_with_pool_config
FAILED tests/neural_ai/core/db/implementations/test_sqlalchemy_session.py::TestGetAsyncSessionMaker::test_get_async_session_maker_creates_once
FAILED tests/neural_ai/core/db/implementations/test_sqlalchemy_session.py::TestDatabaseManager::test_database_manager_initialize_with_pool_config
FAILED tests/neural_ai/core/db/implementations/test_sqlalchemy_session.py::TestContextManagers::test_get_db_session
FAILED tests/neural_ai/core/db/implementations/test_sqlalchemy_session.py::TestContextManagers::test_get_db_session_direct
FAILED tests/neural_ai/core/db/implementations/test_sqlalchemy_session.py::TestContextManagers::test_get_db_session_exception_rollback
FAILED tests/neural_ai/core/db/implementations/test_sqlalchemy_session.py::TestContextManagers::test_get_db_session_finally_block
FAILED tests/neural_ai/core/db/implementations/test_sqlalchemy_session.py::TestDatabaseInitialization::test_init_db
FAILED tests/neural_ai/core/db/implementations/test_sqlalchemy_session.py::TestDatabaseInitialization::test_close_db
FAILED tests/neural_ai/core/events/test_events_factory.py::TestEventBusFactoryCreateFromConfig::test_create_from_config_success
FAILED tests/neural_ai/core/events/test_events_factory.py::TestEventBusFactoryCreateFromConfig::test_create_from_config_with_key_error
FAILED tests/neural_ai/core/events/test_events_factory.py::TestEventBusFactoryCreateFromConfig::test_create_from_config_with_value_error
FAILED tests/neural_ai/core/events/test_events_factory.py::TestEventBusFactoryCreateFromConfig::test_create_from_config_partial_config
FAILED tests/neural_ai/core/test_core_init.py::TestBootstrapCore::test_bootstrap_core_success
FAILED tests/neural_ai/core/test_core_init.py::TestBootstrapCore::test_bootstrap_core_returns_core_components
FAILED tests/neural_ai/core/test_core_init.py::TestGetCoreComponents::test_get_core_components_first_call
FAILED tests/neural_ai/core/test_core_init.py::TestGetCoreComponents::test_get_core_components_returns_core_components
FAILED tests/neural_ai/core/test_core_init.py::TestIntegration::test_version_and_bootstrap_integration
FAILED tests/neural_ai/core/test_core_init.py::TestIntegration::test_core_components_singleton_pattern
FAILED tests/neural_ai/core/test_core_init.py::TestBootstrapCoreRealConfig::test_bootstrap_with_real_yaml_configs
FAILED tests/neural_ai/processors/dimensions/d01_price/test_d01_factory.py::TestD01PriceFactory::test_factory_has_create_processor_method
FAILED tests/neural_ai/processors/dimensions/test_dimensions_base.py::TestBaseDimensionProcessor::test_concrete_implementation_can_be_instantiated
FAILED tests/neural_ai/processors/dimensions/test_dimensions_base.py::TestBaseDimensionProcessor::test_initialization_loads_config
FAILED tests/neural_ai/processors/dimensions/test_dimensions_base.py::TestBaseDimensionProcessor::test_initialization_with_missing_config
FAILED tests/neural_ai/ui/test_ui_factory.py::TestUIServiceFactoryInit::test_init_creates_instance
FAILED tests/neural_ai/ui/test_ui_factory.py::TestUIServiceFactoryInitialize::test_initialize_with_dict_config
FAILED tests/scripts/test_validation_end_to_end.py::test_end_to_end_validation
===== 36 failed, 2356 passed, 14 skipped, 14 warnings in 647.33s (0:10:47) =====
