============================= test session starts ==============================
platform linux -- Python 3.12.12, pytest-9.0.2, pluggy-1.6.0 -- /home/elynea/miniconda3/envs/neural-ai-next/bin/python3.12
cachedir: .pytest_cache
metadata: {'Python': '3.12.12', 'Platform': 'Linux-6.17.0-19-generic-x86_64-with-glibc2.39', 'Packages': {'pytest': '9.0.2', 'pluggy': '1.6.0'}, 'Plugins': {'mock': '3.15.1', 'anyio': '4.12.0', 'asyncio': '1.3.0', 'json-report': '1.5.0', 'cov': '7.0.0', 'metadata': '3.1.1'}}
rootdir: /home/elynea/Dokumentumok/neural-ai-next
configfile: pyproject.toml
testpaths: tests
plugins: mock-3.15.1, anyio-4.12.0, asyncio-1.3.0, json-report-1.5.0, cov-7.0.0, metadata-3.1.1
asyncio: mode=Mode.AUTO, debug=False, asyncio_default_fixture_loop_scope=None, asyncio_default_test_loop_scope=function
collecting ... collected 2406 items

tests/neural_ai/collectors/jforex/exceptions/test_jforex_error.py::TestJForexError::test_jforex_error_is_exception PASSED [  0%]
tests/neural_ai/collectors/jforex/exceptions/test_jforex_error.py::TestJForexError::test_jforex_error_can_be_raised PASSED [  0%]
tests/neural_ai/collectors/jforex/exceptions/test_jforex_error.py::TestJForexError::test_jforex_error_with_message PASSED [  0%]
tests/neural_ai/collectors/jforex/exceptions/test_jforex_error.py::TestDownloadError::test_download_error_is_jforex_error PASSED [  0%]
tests/neural_ai/collectors/jforex/exceptions/test_jforex_error.py::TestDownloadError::test_download_error_can_be_raised PASSED [  0%]
tests/neural_ai/collectors/jforex/exceptions/test_jforex_error.py::TestDownloadError::test_download_error_with_message PASSED [  0%]
tests/neural_ai/collectors/jforex/exceptions/test_jforex_error.py::TestDownloadError::test_download_error_caught_as_jforex_error PASSED [  0%]
tests/neural_ai/collectors/jforex/exceptions/test_jforex_error.py::TestDecodeError::test_decode_error_is_jforex_error PASSED [  0%]
tests/neural_ai/collectors/jforex/exceptions/test_jforex_error.py::TestDecodeError::test_decode_error_can_be_raised PASSED [  0%]
tests/neural_ai/collectors/jforex/exceptions/test_jforex_error.py::TestDecodeError::test_decode_error_with_message PASSED [  0%]
tests/neural_ai/collectors/jforex/exceptions/test_jforex_error.py::TestDecodeError::test_decode_error_caught_as_jforex_error PASSED [  0%]
tests/neural_ai/collectors/jforex/exceptions/test_jforex_error.py::TestDataNotAvailableError::test_data_not_available_error_is_jforex_error PASSED [  0%]
tests/neural_ai/collectors/jforex/exceptions/test_jforex_error.py::TestDataNotAvailableError::test_data_not_available_error_can_be_raised PASSED [  0%]
tests/neural_ai/collectors/jforex/exceptions/test_jforex_error.py::TestDataNotAvailableError::test_data_not_available_error_with_message PASSED [  0%]
tests/neural_ai/collectors/jforex/exceptions/test_jforex_error.py::TestDataNotAvailableError::test_data_not_available_error_caught_as_jforex_error PASSED [  0%]
tests/neural_ai/collectors/jforex/exceptions/test_jforex_exceptions_init.py::TestJForexExceptionsInit::test_jforexerror_exported PASSED [  0%]
tests/neural_ai/collectors/jforex/exceptions/test_jforex_exceptions_init.py::TestJForexExceptionsInit::test_downloaderror_exported PASSED [  0%]
tests/neural_ai/collectors/jforex/exceptions/test_jforex_exceptions_init.py::TestJForexExceptionsInit::test_decodeerror_exported PASSED [  0%]
tests/neural_ai/collectors/jforex/exceptions/test_jforex_exceptions_init.py::TestJForexExceptionsInit::test_datanotavailableerror_exported PASSED [  0%]
tests/neural_ai/collectors/jforex/exceptions/test_jforex_exceptions_init.py::TestJForexExceptionsInit::test_exception_instantiation PASSED [  0%]
tests/neural_ai/collectors/jforex/implementations/test_jforex_implementations_init.py::TestJForexImplementationsInit::test_module_docstring_exists PASSED [  0%]
tests/neural_ai/collectors/jforex/implementations/test_jforex_implementations_init.py::TestJForexImplementationsInit::test_module_docstring_contains_warning PASSED [  0%]
tests/neural_ai/collectors/jforex/implementations/test_jforex_implementations_init.py::TestJForexImplementationsInit::test_module_has_no_all_attribute PASSED [  0%]
tests/neural_ai/collectors/jforex/implementations/test_jforex_implementations_init.py::TestJForexImplementationsInit::test_module_is_empty PASSED [  0%]
tests/neural_ai/collectors/jforex/implementations/test_jforex_implementations_init.py::TestJForexImplementationsInit::test_module_docstring_mentions_factory PASSED [  1%]
tests/neural_ai/collectors/jforex/interfaces/test_jforex_downloader_interface.py::TestIJForexDownloader::test_interface_is_abstract PASSED [  1%]
tests/neural_ai/collectors/jforex/interfaces/test_jforex_downloader_interface.py::TestIJForexDownloader::test_concrete_implementation_can_be_instantiated PASSED [  1%]
tests/neural_ai/collectors/jforex/interfaces/test_jforex_downloader_interface.py::TestIJForexDownloader::test_download_tick_data_signature PASSED [  1%]
tests/neural_ai/collectors/jforex/interfaces/test_jforex_downloader_interface.py::TestIJForexDownloader::test_get_available_dates_signature PASSED [  1%]
tests/neural_ai/collectors/jforex/interfaces/test_jforex_downloader_interface.py::TestIJForexDownloader::test_validate_bi5_data_signature PASSED [  1%]
tests/neural_ai/collectors/jforex/interfaces/test_jforex_downloader_interface.py::TestIJForexDownloader::test_close_signature PASSED [  1%]
tests/neural_ai/collectors/jforex/interfaces/test_jforex_downloader_interface.py::TestIJForexDownloader::test_interface_has_all_required_methods PASSED [  1%]
tests/neural_ai/collectors/jforex/interfaces/test_jforex_interfaces_init.py::TestJForexInterfacesInit::test_ijforexdownloader_exported PASSED [  1%]
tests/neural_ai/collectors/jforex/interfaces/test_jforex_interfaces_init.py::TestJForexInterfacesInit::test_ilivefeed_exported PASSED [  1%]
tests/neural_ai/collectors/jforex/interfaces/test_jforex_interfaces_init.py::TestJForexInterfacesInit::test_tickdata_exported PASSED [  1%]
tests/neural_ai/collectors/jforex/interfaces/test_jforex_live_interface.py::TestILiveFeed::test_interface_is_abstract PASSED [  1%]
tests/neural_ai/collectors/jforex/interfaces/test_jforex_live_interface.py::TestILiveFeed::test_concrete_implementation_can_be_instantiated PASSED [  1%]
tests/neural_ai/collectors/jforex/interfaces/test_jforex_live_interface.py::TestILiveFeed::test_start_signature PASSED [  1%]
tests/neural_ai/collectors/jforex/interfaces/test_jforex_live_interface.py::TestILiveFeed::test_stop_signature PASSED [  1%]
tests/neural_ai/collectors/jforex/interfaces/test_jforex_live_interface.py::TestILiveFeed::test_is_running_signature PASSED [  1%]
tests/neural_ai/collectors/jforex/interfaces/test_jforex_live_interface.py::TestILiveFeed::test_interface_has_all_required_methods PASSED [  1%]
tests/neural_ai/collectors/jforex/interfaces/test_jforex_live_interface.py::TestILiveFeed::test_lifecycle PASSED [  1%]
tests/neural_ai/collectors/jforex/interfaces/test_jforex_tick_data.py::TestTickData::test_tick_data_creation_with_required_fields PASSED [  1%]
tests/neural_ai/collectors/jforex/interfaces/test_jforex_tick_data.py::TestTickData::test_tick_data_creation_with_all_fields PASSED [  1%]
tests/neural_ai/collectors/jforex/interfaces/test_jforex_tick_data.py::TestTickData::test_spread_calculation PASSED [  1%]
tests/neural_ai/collectors/jforex/interfaces/test_jforex_tick_data.py::TestTickData::test_spread_calculation_with_larger_spread PASSED [  1%]
tests/neural_ai/collectors/jforex/interfaces/test_jforex_tick_data.py::TestTickData::test_mid_price_calculation PASSED [  1%]
tests/neural_ai/collectors/jforex/interfaces/test_jforex_tick_data.py::TestTickData::test_mid_price_rounding PASSED [  1%]
tests/neural_ai/collectors/jforex/interfaces/test_jforex_tick_data.py::TestTickData::test_tick_data_is_dataclass PASSED [  2%]
tests/neural_ai/collectors/jforex/interfaces/test_jforex_tick_data.py::TestTickData::test_tick_data_equality PASSED [  2%]
tests/neural_ai/collectors/jforex/interfaces/test_jforex_tick_data.py::TestTickData::test_tick_data_inequality PASSED [  2%]
tests/neural_ai/collectors/jforex/interfaces/test_jforex_tick_data.py::TestTickData::test_spread_with_zero_spread PASSED [  2%]
tests/neural_ai/collectors/jforex/test_bi5_downloader.py::TestBi5Downloader::test_base_timestamp_calculation_retains_hour PASSED [  2%]
tests/neural_ai/collectors/jforex/test_bi5_downloader.py::TestBi5Downloader::test_base_timestamp_calculation_different_hours PASSED [  2%]
tests/neural_ai/collectors/jforex/test_bi5_downloader.py::TestBi5Downloader::test_process_bi5_data_12_byte_format PASSED [  2%]
tests/neural_ai/collectors/jforex/test_bi5_downloader.py::TestBi5Downloader::test_process_bi5_data_20_byte_format PASSED [  2%]
tests/neural_ai/collectors/jforex/test_bi5_downloader.py::TestBi5Downloader::test_process_bi5_data_empty_file PASSED [  2%]
tests/neural_ai/collectors/jforex/test_bi5_downloader.py::TestBi5Downloader::test_process_bi5_data_invalid_prices PASSED [  2%]
tests/neural_ai/collectors/jforex/test_bi5_downloader.py::TestBi5Downloader::test_process_bi5_data_invalid_timestamp_delta PASSED [  2%]
tests/neural_ai/collectors/jforex/test_bi5_downloader.py::TestBi5Downloader::test_process_bi5_data_date_mismatch PASSED [  2%]
tests/neural_ai/collectors/jforex/test_bi5_downloader.py::TestBi5Downloader::test_build_url PASSED [  2%]
tests/neural_ai/collectors/jforex/test_bi5_downloader.py::TestBi5Downloader::test_build_storage_path PASSED [  2%]
tests/neural_ai/collectors/jforex/test_bi5_downloader.py::TestBi5Downloader::test_download_tick_data_success PASSED [  2%]
tests/neural_ai/collectors/jforex/test_bi5_downloader.py::TestBi5Downloader::test_download_tick_data_not_available PASSED [  2%]
tests/neural_ai/collectors/jforex/test_bi5_downloader.py::TestBi5Downloader::test_download_tick_data_already_exists PASSED [  2%]
tests/neural_ai/collectors/jforex/test_bi5_downloader.py::TestBi5Downloader::test_validate_bi5_data_valid PASSED [  2%]
tests/neural_ai/collectors/jforex/test_bi5_downloader.py::TestBi5Downloader::test_validate_bi5_data_invalid_size PASSED [  2%]
tests/neural_ai/collectors/jforex/test_bi5_downloader.py::TestBi5Downloader::test_validate_bi5_data_invalid_lzma PASSED [  2%]
tests/neural_ai/collectors/jforex/test_bi5_downloader.py::TestBi5Downloader::test_validate_bi5_data_empty_decompressed PASSED [  2%]
tests/neural_ai/collectors/jforex/test_bi5_downloader.py::TestBi5Downloader::test_validate_bi5_data_invalid_record_count PASSED [  2%]
tests/neural_ai/collectors/jforex/test_bi5_downloader.py::TestBi5Downloader::test_validate_bi5_data_negative_timestamp_delta PASSED [  2%]
tests/neural_ai/collectors/jforex/test_bi5_downloader.py::TestBi5Downloader::test_validate_bi5_data_invalid_prices PASSED [  2%]
tests/neural_ai/collectors/jforex/test_bi5_downloader.py::TestBi5Downloader::test_validate_bi5_data_extreme_prices PASSED [  3%]
tests/neural_ai/collectors/jforex/test_bi5_downloader.py::TestBi5Downloader::test_validate_bi5_data_20_byte_format PASSED [  3%]
tests/neural_ai/collectors/jforex/test_bi5_downloader.py::TestBi5Downloader::test_validate_bi5_data_20_byte_noise_volumes PASSED [  3%]
tests/neural_ai/collectors/jforex/test_bi5_downloader.py::TestBi5Downloader::test_validate_bi5_data_zero_records PASSED [  3%]
tests/neural_ai/collectors/jforex/test_bi5_downloader.py::TestBi5Downloader::test_close PASSED [  3%]
tests/neural_ai/collectors/jforex/test_bi5_downloader.py::TestBi5Downloader::test_detect_format_12_byte_default PASSED [  3%]
tests/neural_ai/collectors/jforex/test_bi5_downloader.py::TestBi5Downloader::test_detect_format_20_byte_with_valid_volumes PASSED [  3%]
tests/neural_ai/collectors/jforex/test_bi5_downloader.py::TestBi5Downloader::test_detect_format_20_byte_rejects_noise_volumes PASSED [  3%]
tests/neural_ai/collectors/jforex/test_bi5_downloader.py::TestBi5Downloader::test_detect_format_20_byte_rejects_zero_volumes PASSED [  3%]
tests/neural_ai/collectors/jforex/test_bi5_downloader.py::TestBi5Downloader::test_detect_format_12_byte_only PASSED [  3%]
tests/neural_ai/collectors/jforex/test_bi5_downloader.py::TestBi5Downloader::test_download_binary_http_error PASSED [  3%]
tests/neural_ai/collectors/jforex/test_bi5_downloader.py::TestBi5Downloader::test_download_binary_status_error PASSED [  3%]
tests/neural_ai/collectors/jforex/test_bi5_downloader.py::TestBi5Downloader::test_detect_format_exception PASSED [  3%]
tests/neural_ai/collectors/jforex/test_bi5_downloader.py::TestBi5Downloader::test_process_bi5_data_decode_error PASSED [  3%]
tests/neural_ai/collectors/jforex/test_bi5_downloader.py::TestBi5Downloader::test_publish_ticks_batching PASSED [  3%]
tests/neural_ai/collectors/jforex/test_bi5_downloader.py::TestBi5Downloader::test_publish_ticks_no_event_bus PASSED [  3%]
tests/neural_ai/collectors/jforex/test_bi5_downloader.py::TestBi5Downloader::test_download_tick_data_metadata_error PASSED [  3%]
tests/neural_ai/collectors/jforex/test_bi5_downloader.py::TestBi5Downloader::test_validate_bi5_data_first_record_failure PASSED [  3%]
tests/neural_ai/collectors/jforex/test_bi5_downloader.py::TestBi5Downloader::test_process_bi5_data_negative_delta PASSED [  3%]
tests/neural_ai/collectors/jforex/test_bi5_downloader.py::TestBi5Downloader::test_validate_bi5_data_struct_error PASSED [  3%]
tests/neural_ai/collectors/jforex/test_bi5_downloader.py::TestBi5Downloader::test_validate_bi5_data_large_price PASSED [  3%]
tests/neural_ai/collectors/jforex/test_bi5_downloader.py::TestBi5Downloader::test_get_available_dates PASSED [  3%]
tests/neural_ai/collectors/jforex/test_bi5_downloader.py::TestBi5Downloader::test_init_default_url PASSED [  3%]
tests/neural_ai/collectors/jforex/test_jforex_factory.py::TestJForexFactory::test_create_downloader_valid_config PASSED [  3%]
tests/neural_ai/collectors/jforex/test_jforex_factory.py::TestJForexFactory::test_create_downloader_invalid_config PASSED [  4%]
tests/neural_ai/collectors/jforex/test_jforex_factory.py::TestJForexFactory::test_create_live_feed_valid_config PASSED [  4%]
tests/neural_ai/collectors/jforex/test_jforex_factory.py::TestJForexFactory::test_create_live_feed_invalid_port PASSED [  4%]
tests/neural_ai/collectors/jforex/test_jforex_factory.py::TestJForexFactory::test_create_live_feed_disabled_config PASSED [  4%]
tests/neural_ai/collectors/jforex/test_jforex_factory.py::TestJForexFactory::test_create_live_feed_missing_config PASSED [  4%]
tests/neural_ai/collectors/jforex/test_jforex_factory.py::TestJForexFactory::test_create_downloader_none_config PASSED [  4%]
tests/neural_ai/collectors/jforex/test_jforex_factory.py::TestJForexFactory::test_create_live_feed_empty_host PASSED [  4%]
tests/neural_ai/collectors/jforex/test_jforex_factory.py::TestJForexFactory::test_create_downloader_returns_correct_interface PASSED [  4%]
tests/neural_ai/collectors/jforex/test_jforex_factory.py::TestJForexFactory::test_create_live_feed_returns_correct_interface PASSED [  4%]
tests/neural_ai/collectors/jforex/test_jforex_init.py::TestJForexCollectorInit::test_jforexfactory_exported PASSED [  4%]
tests/neural_ai/collectors/jforex/test_jforex_init.py::TestJForexCollectorInit::test_ijforexdownloader_exported PASSED [  4%]
tests/neural_ai/collectors/jforex/test_live_feed.py::TestJForexLiveFeed::test_start_success PASSED [  4%]
tests/neural_ai/collectors/jforex/test_live_feed.py::TestJForexLiveFeed::test_start_when_already_running PASSED [  4%]
tests/neural_ai/collectors/jforex/test_live_feed.py::TestJForexLiveFeed::test_stop_success PASSED [  4%]
tests/neural_ai/collectors/jforex/test_live_feed.py::TestJForexLiveFeed::test_stop_when_not_running PASSED [  4%]
tests/neural_ai/collectors/jforex/test_live_feed.py::TestJForexLiveFeed::test_process_tick_data_success PASSED [  4%]
tests/neural_ai/collectors/jforex/test_live_feed.py::TestJForexLiveFeed::test_process_tick_data_error PASSED [  4%]
tests/neural_ai/collectors/jforex/test_live_feed.py::TestJForexLiveFeed::test_listen_loop_processes_tick PASSED [  4%]
tests/neural_ai/collectors/jforex/test_live_feed.py::TestJForexLiveFeed::test_is_running_returns_correct_state PASSED [  4%]
tests/neural_ai/collectors/jforex/test_live_feed.py::TestJForexLiveFeed::test_init_with_empty_config_logs_warning PASSED [  4%]
tests/neural_ai/collectors/jforex/test_live_feed.py::TestJForexLiveFeed::test_init_with_config_logs_debug PASSED [  4%]
tests/neural_ai/collectors/jforex/test_live_feed.py::TestJForexLiveFeed::test_start_raises_exception_on_zmq_failure PASSED [  4%]
tests/neural_ai/collectors/jforex/test_live_feed.py::TestJForexLiveFeed::test_listen_loop_handles_socket_none PASSED [  4%]
tests/neural_ai/collectors/jforex/test_live_feed_integration.py::TestJForexLiveFeedIntegration::test_valid_json_creates_market_data_event PASSED [  4%]
tests/neural_ai/collectors/jforex/test_live_feed_integration.py::TestJForexLiveFeedIntegration::test_invalid_json_handles_gracefully PASSED [  5%]
tests/neural_ai/collectors/jforex/test_live_feed_integration.py::TestJForexLiveFeedIntegration::test_missing_required_fields PASSED [  5%]
tests/neural_ai/collectors/jforex/test_live_feed_integration.py::TestJForexLiveFeedIntegration::test_negative_bid_price PASSED [  5%]
tests/neural_ai/collectors/jforex/test_live_feed_integration.py::TestJForexLiveFeedIntegration::test_multiple_ticks_sequential PASSED [  5%]
tests/neural_ai/collectors/jforex/test_live_feed_integration.py::TestJForexLiveFeedIntegration::test_zmq_socket_mock_full_flow PASSED [  5%]
tests/neural_ai/collectors/jforex/test_live_feed_integration.py::TestJForexLiveFeedIntegration::test_reconnect_on_socket_error PASSED [  5%]
tests/neural_ai/collectors/jforex/test_live_feed_integration.py::TestJForexLiveFeedIntegration::test_event_bus_publish_called_with_correct_topic PASSED [  5%]
tests/neural_ai/collectors/test_collectors_init.py::TestCollectorsInit::test_module_has_all_attribute PASSED [  5%]
tests/neural_ai/collectors/test_collectors_init.py::TestCollectorsInit::test_all_exports_jforex_factory PASSED [  5%]
tests/neural_ai/collectors/test_collectors_init.py::TestCollectorsInit::test_all_exports_count PASSED [  5%]
tests/neural_ai/collectors/test_collectors_init.py::TestCollectorsInit::test_jforex_factory_importable PASSED [  5%]
tests/neural_ai/collectors/test_collectors_init.py::TestCollectorsInit::test_jforex_factory_is_correct_class PASSED [  5%]
tests/neural_ai/collectors/test_collectors_init.py::TestCollectorsInit::test_module_docstring_exists PASSED [  5%]
tests/neural_ai/collectors/test_collectors_init.py::TestCollectorsInit::test_module_docstring_contains_description PASSED [  5%]
tests/neural_ai/collectors/test_collectors_init.py::TestCollectorsInit::test_no_private_exports PASSED [  5%]
tests/neural_ai/collectors/test_collectors_init.py::TestCollectorsInit::test_all_exports_are_accessible PASSED [  5%]
tests/neural_ai/collectors/test_collectors_init.py::TestCollectorsInit::test_all_exports_are_classes PASSED [  5%]
tests/neural_ai/core/base/exceptions/test_base_error.py::TestNeuralAIException::test_base_exception_can_be_raised PASSED [  5%]
tests/neural_ai/core/base/exceptions/test_base_error.py::TestNeuralAIException::test_base_exception_with_message PASSED [  5%]
tests/neural_ai/core/base/exceptions/test_base_error.py::TestNeuralAIException::test_base_exception_inheritance PASSED [  5%]
tests/neural_ai/core/base/exceptions/test_base_error.py::TestStorageException::test_storage_exception_can_be_raised PASSED [  5%]
tests/neural_ai/core/base/exceptions/test_base_error.py::TestStorageException::test_storage_exception_inheritance PASSED [  5%]
tests/neural_ai/core/base/exceptions/test_base_error.py::TestStorageException::test_storage_exception_with_message PASSED [  5%]
tests/neural_ai/core/base/exceptions/test_base_error.py::TestStorageWriteError::test_storage_write_error_can_be_raised PASSED [  5%]
tests/neural_ai/core/base/exceptions/test_base_error.py::TestStorageWriteError::test_storage_write_error_inheritance PASSED [  6%]
tests/neural_ai/core/base/exceptions/test_base_error.py::TestStorageWriteError::test_storage_write_error_message PASSED [  6%]
tests/neural_ai/core/base/exceptions/test_base_error.py::TestStorageReadError::test_storage_read_error_can_be_raised PASSED [  6%]
tests/neural_ai/core/base/exceptions/test_base_error.py::TestStorageReadError::test_storage_read_error_inheritance PASSED [  6%]
tests/neural_ai/core/base/exceptions/test_base_error.py::TestStorageReadError::test_storage_read_error_message PASSED [  6%]
tests/neural_ai/core/base/exceptions/test_base_error.py::TestStoragePermissionError::test_storage_permission_error_can_be_raised PASSED [  6%]
tests/neural_ai/core/base/exceptions/test_base_error.py::TestStoragePermissionError::test_storage_permission_error_inheritance PASSED [  6%]
tests/neural_ai/core/base/exceptions/test_base_error.py::TestStoragePermissionError::test_storage_permission_error_message PASSED [  6%]
tests/neural_ai/core/base/exceptions/test_base_error.py::TestConfigurationError::test_configuration_error_can_be_raised PASSED [  6%]
tests/neural_ai/core/base/exceptions/test_base_error.py::TestConfigurationError::test_configuration_error_inheritance PASSED [  6%]
tests/neural_ai/core/base/exceptions/test_base_error.py::TestConfigurationError::test_configuration_error_message PASSED [  6%]
tests/neural_ai/core/base/exceptions/test_base_error.py::TestDependencyError::test_dependency_error_can_be_raised PASSED [  6%]
tests/neural_ai/core/base/exceptions/test_base_error.py::TestDependencyError::test_dependency_error_inheritance PASSED [  6%]
tests/neural_ai/core/base/exceptions/test_base_error.py::TestDependencyError::test_dependency_error_message PASSED [  6%]
tests/neural_ai/core/base/exceptions/test_base_error.py::TestSingletonViolationError::test_singleton_violation_error_can_be_raised PASSED [  6%]
tests/neural_ai/core/base/exceptions/test_base_error.py::TestSingletonViolationError::test_singleton_violation_error_inheritance PASSED [  6%]
tests/neural_ai/core/base/exceptions/test_base_error.py::TestSingletonViolationError::test_singleton_violation_error_message PASSED [  6%]
tests/neural_ai/core/base/exceptions/test_base_error.py::TestComponentNotFoundError::test_component_not_found_error_can_be_raised PASSED [  6%]
tests/neural_ai/core/base/exceptions/test_base_error.py::TestComponentNotFoundError::test_component_not_found_error_inheritance PASSED [  6%]
tests/neural_ai/core/base/exceptions/test_base_error.py::TestComponentNotFoundError::test_component_not_found_error_message PASSED [  6%]
tests/neural_ai/core/base/exceptions/test_base_error.py::TestNetworkException::test_network_exception_can_be_raised PASSED [  6%]
tests/neural_ai/core/base/exceptions/test_base_error.py::TestNetworkException::test_network_exception_inheritance PASSED [  6%]
tests/neural_ai/core/base/exceptions/test_base_error.py::TestNetworkException::test_network_exception_message PASSED [  6%]
tests/neural_ai/core/base/exceptions/test_base_error.py::TestTimeoutError::test_timeout_error_can_be_raised PASSED [  6%]
tests/neural_ai/core/base/exceptions/test_base_error.py::TestTimeoutError::test_timeout_error_inheritance PASSED [  7%]
tests/neural_ai/core/base/exceptions/test_base_error.py::TestTimeoutError::test_timeout_error_message PASSED [  7%]
tests/neural_ai/core/base/exceptions/test_base_error.py::TestConnectionError::test_connection_error_can_be_raised PASSED [  7%]
tests/neural_ai/core/base/exceptions/test_base_error.py::TestConnectionError::test_connection_error_inheritance PASSED [  7%]
tests/neural_ai/core/base/exceptions/test_base_error.py::TestConnectionError::test_connection_error_message PASSED [  7%]
tests/neural_ai/core/base/exceptions/test_base_error.py::TestInsufficientDiskSpaceError::test_insufficient_disk_space_error_can_be_raised PASSED [  7%]
tests/neural_ai/core/base/exceptions/test_base_error.py::TestInsufficientDiskSpaceError::test_insufficient_disk_space_error_inheritance PASSED [  7%]
tests/neural_ai/core/base/exceptions/test_base_error.py::TestInsufficientDiskSpaceError::test_insufficient_disk_space_error_message PASSED [  7%]
tests/neural_ai/core/base/exceptions/test_base_error.py::TestPermissionDeniedError::test_permission_denied_error_can_be_raised PASSED [  7%]
tests/neural_ai/core/base/exceptions/test_base_error.py::TestPermissionDeniedError::test_permission_denied_error_inheritance PASSED [  7%]
tests/neural_ai/core/base/exceptions/test_base_error.py::TestPermissionDeniedError::test_permission_denied_error_message PASSED [  7%]
tests/neural_ai/core/base/exceptions/test_base_exceptions_init.py::TestExceptionsInit::test_neural_ai_exception_import PASSED [  7%]
tests/neural_ai/core/base/exceptions/test_base_exceptions_init.py::TestExceptionsInit::test_storage_exception_import PASSED [  7%]
tests/neural_ai/core/base/exceptions/test_base_exceptions_init.py::TestExceptionsInit::test_storage_write_error_import PASSED [  7%]
tests/neural_ai/core/base/exceptions/test_base_exceptions_init.py::TestExceptionsInit::test_storage_read_error_import PASSED [  7%]
tests/neural_ai/core/base/exceptions/test_base_exceptions_init.py::TestExceptionsInit::test_storage_permission_error_import PASSED [  7%]
tests/neural_ai/core/base/exceptions/test_base_exceptions_init.py::TestExceptionsInit::test_configuration_error_import PASSED [  7%]
tests/neural_ai/core/base/exceptions/test_base_exceptions_init.py::TestExceptionsInit::test_dependency_error_import PASSED [  7%]
tests/neural_ai/core/base/exceptions/test_base_exceptions_init.py::TestExceptionsInit::test_singleton_violation_error_import PASSED [  7%]
tests/neural_ai/core/base/exceptions/test_base_exceptions_init.py::TestExceptionsInit::test_component_not_found_error_import PASSED [  7%]
tests/neural_ai/core/base/exceptions/test_base_exceptions_init.py::TestExceptionsInit::test_network_exception_import PASSED [  7%]
tests/neural_ai/core/base/exceptions/test_base_exceptions_init.py::TestExceptionsInit::test_timeout_error_import PASSED [  7%]
tests/neural_ai/core/base/exceptions/test_base_exceptions_init.py::TestExceptionsInit::test_connection_error_import PASSED [  7%]
tests/neural_ai/core/base/exceptions/test_base_exceptions_init.py::TestExceptionsInit::test_insufficient_disk_space_error_import PASSED [  7%]
tests/neural_ai/core/base/exceptions/test_base_exceptions_init.py::TestExceptionsInit::test_permission_denied_error_import PASSED [  8%]
tests/neural_ai/core/base/exceptions/test_base_exceptions_init.py::TestExceptionsInit::test_all_exports_available PASSED [  8%]
tests/neural_ai/core/base/exceptions/test_base_exceptions_init.py::TestExceptionsInit::test_exception_inheritance_hierarchy PASSED [  8%]
tests/neural_ai/core/base/exceptions/test_base_exceptions_init.py::TestExceptionsInit::test_exceptions_can_be_raised PASSED [  8%]
tests/neural_ai/core/base/exceptions/test_base_exceptions_init.py::TestExceptionsInit::test_exception_messages PASSED [  8%]
tests/neural_ai/core/base/implementations/test_base_implementations_init.py::test_implementations_init_importable PASSED [  8%]
tests/neural_ai/core/base/implementations/test_base_implementations_init.py::test_implementations_init_exports_nothing PASSED [  8%]
tests/neural_ai/core/base/implementations/test_base_implementations_init.py::test_implementations_init_has_docstring PASSED [  8%]
tests/neural_ai/core/base/implementations/test_component_bundle.py::TestCoreComponents::test_init_with_container PASSED [  8%]
tests/neural_ai/core/base/implementations/test_component_bundle.py::TestCoreComponents::test_init_without_container PASSED [  8%]
tests/neural_ai/core/base/implementations/test_component_bundle.py::TestCoreComponents::test_config_property_none PASSED [  8%]
tests/neural_ai/core/base/implementations/test_component_bundle.py::TestCoreComponents::test_config_property_with_instance PASSED [  8%]
tests/neural_ai/core/base/implementations/test_component_bundle.py::TestCoreComponents::test_logger_property_none PASSED [  8%]
tests/neural_ai/core/base/implementations/test_component_bundle.py::TestCoreComponents::test_logger_property_with_instance PASSED [  8%]
tests/neural_ai/core/base/implementations/test_component_bundle.py::TestCoreComponents::test_storage_property_none PASSED [  8%]
tests/neural_ai/core/base/implementations/test_component_bundle.py::TestCoreComponents::test_storage_property_with_instance PASSED [  8%]
tests/neural_ai/core/base/implementations/test_component_bundle.py::TestCoreComponents::test_database_property_none PASSED [  8%]
tests/neural_ai/core/base/implementations/test_component_bundle.py::TestCoreComponents::test_database_property_with_instance PASSED [  8%]
tests/neural_ai/core/base/implementations/test_component_bundle.py::TestCoreComponents::test_event_bus_property_none PASSED [  8%]
tests/neural_ai/core/base/implementations/test_component_bundle.py::TestCoreComponents::test_event_bus_property_with_instance PASSED [  8%]
tests/neural_ai/core/base/implementations/test_component_bundle.py::TestCoreComponents::test_hardware_property_none PASSED [  8%]
tests/neural_ai/core/base/implementations/test_component_bundle.py::TestCoreComponents::test_hardware_property_with_instance PASSED [  8%]
tests/neural_ai/core/base/implementations/test_component_bundle.py::TestCoreComponents::test_has_config_false PASSED [  8%]
tests/neural_ai/core/base/implementations/test_component_bundle.py::TestCoreComponents::test_has_config_true PASSED [  8%]
tests/neural_ai/core/base/implementations/test_component_bundle.py::TestCoreComponents::test_has_logger_false PASSED [  9%]
tests/neural_ai/core/base/implementations/test_component_bundle.py::TestCoreComponents::test_has_logger_true PASSED [  9%]
tests/neural_ai/core/base/implementations/test_component_bundle.py::TestCoreComponents::test_has_storage_false PASSED [  9%]
tests/neural_ai/core/base/implementations/test_component_bundle.py::TestCoreComponents::test_has_storage_true PASSED [  9%]
tests/neural_ai/core/base/implementations/test_component_bundle.py::TestCoreComponents::test_has_database_false PASSED [  9%]
tests/neural_ai/core/base/implementations/test_component_bundle.py::TestCoreComponents::test_has_database_true PASSED [  9%]
tests/neural_ai/core/base/implementations/test_component_bundle.py::TestCoreComponents::test_has_event_bus_false PASSED [  9%]
tests/neural_ai/core/base/implementations/test_component_bundle.py::TestCoreComponents::test_has_event_bus_true PASSED [  9%]
tests/neural_ai/core/base/implementations/test_component_bundle.py::TestCoreComponents::test_has_hardware_false PASSED [  9%]
tests/neural_ai/core/base/implementations/test_component_bundle.py::TestCoreComponents::test_has_hardware_true PASSED [  9%]
tests/neural_ai/core/base/implementations/test_component_bundle.py::TestCoreComponents::test_validate_false_when_empty PASSED [  9%]
tests/neural_ai/core/base/implementations/test_component_bundle.py::TestCoreComponents::test_validate_true_when_all_present PASSED [  9%]
tests/neural_ai/core/base/implementations/test_component_bundle.py::TestCoreComponents::test_validate_false_when_some_missing PASSED [  9%]
tests/neural_ai/core/base/implementations/test_component_bundle.py::TestCoreComponents::test_persister_property_none PASSED [  9%]
tests/neural_ai/core/base/implementations/test_component_bundle.py::TestCoreComponents::test_persister_property_with_instance PASSED [  9%]
tests/neural_ai/core/base/implementations/test_component_bundle.py::TestCoreComponents::test_live_feed_property_none PASSED [  9%]
tests/neural_ai/core/base/implementations/test_component_bundle.py::TestCoreComponents::test_live_feed_property_with_instance PASSED [  9%]
tests/neural_ai/core/base/implementations/test_component_bundle.py::TestCoreComponents::test_set_persister PASSED [  9%]
tests/neural_ai/core/base/implementations/test_component_bundle.py::TestCoreComponents::test_set_live_feed PASSED [  9%]
tests/neural_ai/core/base/implementations/test_component_bundle.py::TestCoreComponents::test_has_persister_false PASSED [  9%]
tests/neural_ai/core/base/implementations/test_component_bundle.py::TestCoreComponents::test_has_persister_true PASSED [  9%]
tests/neural_ai/core/base/implementations/test_component_bundle.py::TestCoreComponents::test_has_live_feed_false PASSED [  9%]
tests/neural_ai/core/base/implementations/test_component_bundle.py::TestCoreComponents::test_has_live_feed_true PASSED [  9%]
tests/neural_ai/core/base/implementations/test_di_container.py::TestLazyComponent::test_initialization PASSED [  9%]
tests/neural_ai/core/base/implementations/test_di_container.py::TestLazyComponent::test_get_multiple_times PASSED [ 10%]
tests/neural_ai/core/base/implementations/test_di_container.py::TestLazyComponent::test_lazy_component_factory_returns_none PASSED [ 10%]
tests/neural_ai/core/base/implementations/test_di_container.py::TestDIContainer::test_initialization PASSED [ 10%]
tests/neural_ai/core/base/implementations/test_di_container.py::TestDIContainer::test_initialization_with_logger PASSED [ 10%]
tests/neural_ai/core/base/implementations/test_di_container.py::TestDIContainer::test_initialization_singleton_early_return PASSED [ 10%]
tests/neural_ai/core/base/implementations/test_di_container.py::TestDIContainer::test_register_instance PASSED [ 10%]
tests/neural_ai/core/base/implementations/test_di_container.py::TestDIContainer::test_register_instance_with_logger PASSED [ 10%]
tests/neural_ai/core/base/implementations/test_di_container.py::TestDIContainer::test_register_factory PASSED [ 10%]
tests/neural_ai/core/base/implementations/test_di_container.py::TestDIContainer::test_register_factory_with_logger PASSED [ 10%]
tests/neural_ai/core/base/implementations/test_di_container.py::TestDIContainer::test_resolve_instance PASSED [ 10%]
tests/neural_ai/core/base/implementations/test_di_container.py::TestDIContainer::test_resolve_factory PASSED [ 10%]
tests/neural_ai/core/base/implementations/test_di_container.py::TestDIContainer::test_resolve_not_found PASSED [ 10%]
tests/neural_ai/core/base/implementations/test_di_container.py::TestDIContainer::test_register_lazy PASSED [ 10%]
tests/neural_ai/core/base/implementations/test_di_container.py::TestDIContainer::test_register_lazy_with_logger PASSED [ 10%]
tests/neural_ai/core/base/implementations/test_di_container.py::TestDIContainer::test_register_lazy_invalid_name PASSED [ 10%]
tests/neural_ai/core/base/implementations/test_di_container.py::TestDIContainer::test_register_lazy_invalid_factory PASSED [ 10%]
tests/neural_ai/core/base/implementations/test_di_container.py::TestDIContainer::test_get_regular_instance PASSED [ 10%]
tests/neural_ai/core/base/implementations/test_di_container.py::TestDIContainer::test_get_lazy_component PASSED [ 10%]
tests/neural_ai/core/base/implementations/test_di_container.py::TestDIContainer::test_get_not_found PASSED [ 10%]
tests/neural_ai/core/base/implementations/test_di_container.py::TestDIContainer::test_get_lazy_components_status PASSED [ 10%]
tests/neural_ai/core/base/implementations/test_di_container.py::TestDIContainer::test_preload_components PASSED [ 10%]
tests/neural_ai/core/base/implementations/test_di_container.py::TestDIContainer::test_preload_components_with_logger PASSED [ 10%]
tests/neural_ai/core/base/implementations/test_di_container.py::TestDIContainer::test_preload_components_not_found PASSED [ 10%]
tests/neural_ai/core/base/implementations/test_di_container.py::TestDIContainer::test_clear PASSED [ 10%]
tests/neural_ai/core/base/implementations/test_di_container.py::TestDIContainer::test_register_method PASSED [ 11%]
tests/neural_ai/core/base/implementations/test_di_container.py::TestDIContainer::test_register_method_with_logger PASSED [ 11%]
tests/neural_ai/core/base/implementations/test_di_container.py::TestDIContainer::test_register_invalid_name PASSED [ 11%]
tests/neural_ai/core/base/implementations/test_di_container.py::TestDIContainer::test_register_none_instance PASSED [ 11%]
tests/neural_ai/core/base/implementations/test_di_container.py::TestDIContainer::test_enforce_singleton_violation PASSED [ 11%]
tests/neural_ai/core/base/implementations/test_di_container.py::TestDIContainer::test_enforce_singleton_no_violation PASSED [ 11%]
tests/neural_ai/core/base/implementations/test_di_container.py::TestDIContainer::test_get_memory_usage PASSED [ 11%]
tests/neural_ai/core/base/implementations/test_lazy_loader.py::TestLazyLoader::test_init PASSED [ 11%]
tests/neural_ai/core/base/implementations/test_lazy_loader.py::TestLazyLoader::test_call_first_time PASSED [ 11%]
tests/neural_ai/core/base/implementations/test_lazy_loader.py::TestLazyLoader::test_call_multiple_times PASSED [ 11%]
tests/neural_ai/core/base/implementations/test_lazy_loader.py::TestLazyLoader::test_is_loaded_property PASSED [ 11%]
tests/neural_ai/core/base/implementations/test_lazy_loader.py::TestLazyLoader::test_reset PASSED [ 11%]
tests/neural_ai/core/base/implementations/test_lazy_loader.py::TestLazyLoader::test_thread_safety PASSED [ 11%]
tests/neural_ai/core/base/implementations/test_lazy_loader.py::TestLazyProperty::test_lazy_property_first_access PASSED [ 11%]
tests/neural_ai/core/base/implementations/test_lazy_loader.py::TestLazyProperty::test_lazy_property_multiple_access PASSED [ 11%]
tests/neural_ai/core/base/implementations/test_lazy_loader.py::TestLazyProperty::test_lazy_property_different_instances PASSED [ 11%]
tests/neural_ai/core/base/implementations/test_lazy_loader.py::TestLazyProperty::test_lazy_property_with_complex_object PASSED [ 11%]
tests/neural_ai/core/base/implementations/test_singleton.py::TestSingletonMeta::test_singleton_creates_only_one_instance PASSED [ 11%]
tests/neural_ai/core/base/implementations/test_singleton.py::TestSingletonMeta::test_singleton_different_classes PASSED [ 11%]
tests/neural_ai/core/base/implementations/test_singleton.py::TestSingletonMeta::test_singleton_with_kwargs PASSED [ 11%]
tests/neural_ai/core/base/implementations/test_singleton.py::TestSingletonMeta::test_singleton_without_args PASSED [ 11%]
tests/neural_ai/core/base/implementations/test_singleton.py::TestSingletonMeta::test_singleton_has_initialized_flag PASSED [ 11%]
tests/neural_ai/core/base/implementations/test_singleton.py::TestSingletonMeta::test_singleton_has_instance_class_variable PASSED [ 11%]
tests/neural_ai/core/base/implementations/test_singleton.py::TestSingletonMeta::test_singleton_multiple_inheritance PASSED [ 11%]
tests/neural_ai/core/base/implementations/test_singleton.py::TestSingletonMeta::test_singleton_with_class_method PASSED [ 12%]
tests/neural_ai/core/base/implementations/test_singleton.py::TestSingletonMeta::test_singleton_instances_dict PASSED [ 12%]
tests/neural_ai/core/base/implementations/test_singleton.py::TestSingletonMeta::test_singleton_reset_behavior PASSED [ 12%]
tests/neural_ai/core/base/interfaces/test_base_interfaces_init.py::TestInterfacesInit::test_dicontainer_interface_import PASSED [ 12%]
tests/neural_ai/core/base/interfaces/test_base_interfaces_init.py::TestInterfacesInit::test_lazy_component_interface_import PASSED [ 12%]
tests/neural_ai/core/base/interfaces/test_base_interfaces_init.py::TestInterfacesInit::test_core_components_interface_import PASSED [ 12%]
tests/neural_ai/core/base/interfaces/test_base_interfaces_init.py::TestInterfacesInit::test_core_component_factory_interface_import PASSED [ 12%]
tests/neural_ai/core/base/interfaces/test_base_interfaces_init.py::TestInterfacesInit::test_all_exports_available PASSED [ 12%]
tests/neural_ai/core/base/interfaces/test_base_interfaces_init.py::TestInterfacesInit::test_interfaces_are_abstract PASSED [ 12%]
tests/neural_ai/core/base/interfaces/test_base_interfaces_init.py::TestInterfacesInit::test_dicontainer_interface_methods PASSED [ 12%]
tests/neural_ai/core/base/interfaces/test_base_interfaces_init.py::TestInterfacesInit::test_lazy_component_interface_methods PASSED [ 12%]
tests/neural_ai/core/base/interfaces/test_base_interfaces_init.py::TestInterfacesInit::test_core_components_interface_methods PASSED [ 12%]
tests/neural_ai/core/base/interfaces/test_base_interfaces_init.py::TestInterfacesInit::test_core_component_factory_interface_methods PASSED [ 12%]
tests/neural_ai/core/base/interfaces/test_base_interfaces_init.py::TestInterfacesInit::test_interfaces_cannot_be_instantiated PASSED [ 12%]
tests/neural_ai/core/base/interfaces/test_base_interfaces_init.py::TestInterfacesInit::test_interface_methods_are_abstract PASSED [ 12%]
tests/neural_ai/core/base/interfaces/test_component_interface.py::TestCoreComponentsInterface::test_interface_is_abstract PASSED [ 12%]
tests/neural_ai/core/base/interfaces/test_component_interface.py::TestCoreComponentsInterface::test_interface_has_required_methods PASSED [ 12%]
tests/neural_ai/core/base/interfaces/test_component_interface.py::TestCoreComponentsInterface::test_interface_methods_are_abstract PASSED [ 12%]
tests/neural_ai/core/base/interfaces/test_component_interface.py::TestCoreComponentsInterface::test_interface_has_correct_type_hints PASSED [ 12%]
tests/neural_ai/core/base/interfaces/test_component_interface.py::TestCoreComponentsInterface::test_interface_properties_accessible PASSED [ 12%]
tests/neural_ai/core/base/interfaces/test_component_interface.py::TestCoreComponentFactoryInterface::test_interface_is_abstract PASSED [ 12%]
tests/neural_ai/core/base/interfaces/test_component_interface.py::TestCoreComponentFactoryInterface::test_interface_has_required_methods PASSED [ 12%]
tests/neural_ai/core/base/interfaces/test_component_interface.py::TestCoreComponentFactoryInterface::test_interface_methods_are_abstract_and_static PASSED [ 12%]
tests/neural_ai/core/base/interfaces/test_component_interface.py::TestCoreComponentFactoryInterface::test_interface_has_correct_signatures PASSED [ 12%]
tests/neural_ai/core/base/interfaces/test_component_interface.py::TestCoreComponentFactoryInterface::test_all_abstract_methods_implemented PASSED [ 13%]
tests/neural_ai/core/base/interfaces/test_component_interface.py::TestCoreComponentFactoryInterface::test_factory_create_components_with_parameters PASSED [ 13%]
tests/neural_ai/core/base/interfaces/test_component_interface.py::TestCoreComponentFactoryInterface::test_factory_create_with_container_parameter PASSED [ 13%]
tests/neural_ai/core/base/interfaces/test_component_interface.py::TestCoreComponentFactoryInterface::test_factory_create_minimal_implementation PASSED [ 13%]
tests/neural_ai/core/base/interfaces/test_container_interface.py::TestDIContainerInterface::test_interface_is_abstract PASSED [ 13%]
tests/neural_ai/core/base/interfaces/test_container_interface.py::TestDIContainerInterface::test_interface_has_required_methods PASSED [ 13%]
tests/neural_ai/core/base/interfaces/test_container_interface.py::TestDIContainerInterface::test_interface_methods_are_abstract PASSED [ 13%]
tests/neural_ai/core/base/interfaces/test_container_interface.py::TestDIContainerInterface::test_interface_has_correct_type_hints PASSED [ 13%]
tests/neural_ai/core/base/interfaces/test_container_interface.py::TestDIContainerInterface::test_interface_methods_are_callable PASSED [ 13%]
tests/neural_ai/core/base/interfaces/test_container_interface.py::TestDIContainerInterface::test_interface_uses_generic_types PASSED [ 13%]
tests/neural_ai/core/base/interfaces/test_container_interface.py::TestDIContainerInterface::test_mock_implementation_register_instance PASSED [ 13%]
tests/neural_ai/core/base/interfaces/test_container_interface.py::TestDIContainerInterface::test_mock_implementation_register_factory PASSED [ 13%]
tests/neural_ai/core/base/interfaces/test_container_interface.py::TestDIContainerInterface::test_mock_implementation_resolve PASSED [ 13%]
tests/neural_ai/core/base/interfaces/test_container_interface.py::TestDIContainerInterface::test_mock_implementation_register_lazy PASSED [ 13%]
tests/neural_ai/core/base/interfaces/test_container_interface.py::TestDIContainerInterface::test_mock_implementation_get PASSED [ 13%]
tests/neural_ai/core/base/interfaces/test_container_interface.py::TestDIContainerInterface::test_mock_implementation_clear PASSED [ 13%]
tests/neural_ai/core/base/interfaces/test_container_interface.py::TestLazyComponentInterface::test_interface_is_abstract PASSED [ 13%]
tests/neural_ai/core/base/interfaces/test_container_interface.py::TestLazyComponentInterface::test_interface_has_required_methods PASSED [ 13%]
tests/neural_ai/core/base/interfaces/test_container_interface.py::TestLazyComponentInterface::test_interface_methods_are_abstract PASSED [ 13%]
tests/neural_ai/core/base/interfaces/test_container_interface.py::TestLazyComponentInterface::test_interface_has_correct_type_hints PASSED [ 13%]
tests/neural_ai/core/base/interfaces/test_container_interface.py::TestLazyComponentInterface::test_interface_methods_are_callable PASSED [ 13%]
tests/neural_ai/core/base/interfaces/test_container_interface.py::TestLazyComponentInterface::test_interface_defines_lazy_loading_contract PASSED [ 13%]
tests/neural_ai/core/base/interfaces/test_container_interface.py::TestLazyComponentInterface::test_mock_implementation_get PASSED [ 13%]
tests/neural_ai/core/base/interfaces/test_container_interface.py::TestLazyComponentInterface::test_mock_implementation_is_loaded PASSED [ 13%]
tests/neural_ai/core/base/test_base_factory.py::TestCoreComponentFactory::test_init_with_container PASSED [ 14%]
tests/neural_ai/core/base/test_base_factory.py::TestCoreComponentFactory::test_logger_property_returns_logger FAILED [ 14%]
tests/neural_ai/core/base/test_base_factory.py::TestCoreComponentFactory::test_config_manager_property_raises_dependency_error PASSED [ 14%]
tests/neural_ai/core/base/test_base_factory.py::TestCoreComponentFactory::test_storage_property_raises_dependency_error PASSED [ 14%]
tests/neural_ai/core/base/test_base_factory.py::TestCoreComponentFactory::test_reset_lazy_loaders PASSED [ 14%]
tests/neural_ai/core/base/test_base_factory.py::TestCoreComponentFactory::test_validate_dependencies_storage_missing_base_directory PASSED [ 14%]
tests/neural_ai/core/base/test_base_factory.py::TestCoreComponentFactory::test_validate_dependencies_storage_invalid_path PASSED [ 14%]
tests/neural_ai/core/base/test_base_factory.py::TestCoreComponentFactory::test_validate_dependencies_storage_valid PASSED [ 14%]
tests/neural_ai/core/base/test_base_factory.py::TestCoreComponentFactory::test_validate_dependencies_logger_missing_name PASSED [ 14%]
tests/neural_ai/core/base/test_base_factory.py::TestCoreComponentFactory::test_validate_dependencies_logger_valid PASSED [ 14%]
tests/neural_ai/core/base/test_base_factory.py::TestCoreComponentFactory::test_validate_dependencies_config_manager_missing_path PASSED [ 14%]
tests/neural_ai/core/base/test_base_factory.py::TestCoreComponentFactory::test_validate_dependencies_config_manager_nonexistent_file PASSED [ 14%]
tests/neural_ai/core/base/test_base_factory.py::TestCoreComponentFactory::test_validate_dependencies_config_manager_valid PASSED [ 14%]
tests/neural_ai/core/base/test_base_factory.py::TestCoreComponentFactory::test_validate_dependencies_invalid_component_type PASSED [ 14%]
tests/neural_ai/core/base/test_base_factory.py::TestCoreComponentFactory::test_create_components_with_all_paths PASSED [ 14%]
tests/neural_ai/core/base/test_base_factory.py::TestCoreComponentFactory::test_create_with_container PASSED [ 14%]
tests/neural_ai/core/base/test_base_factory.py::TestCoreComponentFactory::test_create_minimal_with_config_file PASSED [ 14%]
tests/neural_ai/core/base/test_base_factory.py::TestCoreComponentFactory::test_create_minimal_without_config_file PASSED [ 14%]
tests/neural_ai/core/base/test_base_factory.py::TestCoreComponentFactory::test_create_minimal_with_config_file_no_logger_section PASSED [ 14%]
tests/neural_ai/core/base/test_base_factory.py::TestCoreComponentFactory::test_create_logger PASSED [ 14%]
tests/neural_ai/core/base/test_base_factory.py::TestCoreComponentFactory::test_create_logger_invalid_config PASSED [ 14%]
tests/neural_ai/core/base/test_base_factory.py::TestCoreComponentFactory::test_create_config_manager PASSED [ 14%]
tests/neural_ai/core/base/test_base_factory.py::TestCoreComponentFactory::test_create_config_manager_invalid_path PASSED [ 14%]
tests/neural_ai/core/base/test_base_factory.py::TestCoreComponentFactory::test_create_storage PASSED [ 14%]
tests/neural_ai/core/base/test_base_factory.py::TestCoreComponentFactory::test_create_storage_invalid_path PASSED [ 15%]
tests/neural_ai/core/base/test_base_factory.py::TestCoreComponentFactory::test_lazy_property_decorator_exists PASSED [ 15%]
tests/neural_ai/core/base/test_base_factory.py::TestCoreComponentFactory::test_component_cache_lazy_property PASSED [ 15%]
tests/neural_ai/core/base/test_base_factory.py::TestCoreComponentFactory::test_get_logger_with_registered_logger PASSED [ 15%]
tests/neural_ai/core/base/test_base_factory.py::TestCoreComponentFactory::test_get_logger_fallback_to_default_logger_factory PASSED [ 15%]
tests/neural_ai/core/base/test_base_factory.py::TestCoreComponentFactory::test_get_logger_with_invalid_logger_raises_dependency_error PASSED [ 15%]
tests/neural_ai/core/base/test_base_factory.py::TestCoreComponentFactory::test_get_config_manager_with_registered_config PASSED [ 15%]
tests/neural_ai/core/base/test_base_factory.py::TestCoreComponentFactory::test_get_storage_raises_dependency_error_if_not_found PASSED [ 15%]
tests/neural_ai/core/base/test_base_factory.py::TestCoreComponentFactory::test_expensive_config_lazy_property PASSED [ 15%]
tests/neural_ai/core/base/test_base_factory.py::TestCoreComponentFactory::test_process_config PASSED [ 15%]
tests/neural_ai/core/base/test_base_factory.py::TestCoreComponentFactory::test_reset_lazy_loaders_clears_lazy_properties PASSED [ 15%]
tests/neural_ai/core/base/test_base_factory_functional.py::TestCoreComponentFactoryFunctional::test_create_components_without_paths SKIPPED [ 15%]
tests/neural_ai/core/base/test_base_init.py::TestBaseInit::test_interface_imports PASSED [ 15%]
tests/neural_ai/core/base/test_base_init.py::TestBaseInit::test_factory_import PASSED [ 15%]
tests/neural_ai/core/base/test_base_init.py::TestBaseInit::test_all_exports_available PASSED [ 15%]
tests/neural_ai/core/base/test_base_init.py::TestBaseInit::test_implementations_not_exported PASSED [ 15%]
tests/neural_ai/core/base/test_base_init.py::TestBaseInit::test_dicontainer_instantiation PASSED [ 15%]
tests/neural_ai/core/base/test_base_init.py::TestBaseInit::test_core_components_instantiation PASSED [ 15%]
tests/neural_ai/core/base/test_base_init.py::TestBaseInit::test_core_component_factory_instantiation PASSED [ 15%]
tests/neural_ai/core/config/exceptions/test_config_error.py::TestConfigError::test_base_error_creation PASSED [ 15%]
tests/neural_ai/core/config/exceptions/test_config_error.py::TestConfigError::test_base_error_with_code PASSED [ 15%]
tests/neural_ai/core/config/exceptions/test_config_error.py::TestConfigLoadError::test_load_error_creation PASSED [ 15%]
tests/neural_ai/core/config/exceptions/test_config_error.py::TestConfigLoadError::test_load_error_without_optional_params PASSED [ 15%]
tests/neural_ai/core/config/exceptions/test_config_error.py::TestConfigSaveError::test_save_error_creation PASSED [ 15%]
tests/neural_ai/core/config/exceptions/test_config_error.py::TestConfigSaveError::test_save_error_without_optional_params PASSED [ 16%]
tests/neural_ai/core/config/exceptions/test_config_error.py::TestConfigValidationError::test_validation_error_creation PASSED [ 16%]
tests/neural_ai/core/config/exceptions/test_config_error.py::TestConfigValidationError::test_validation_error_without_optional_params PASSED [ 16%]
tests/neural_ai/core/config/exceptions/test_config_error.py::TestConfigTypeError::test_type_error_creation PASSED [ 16%]
tests/neural_ai/core/config/exceptions/test_config_error.py::TestConfigTypeError::test_type_error_without_optional_params PASSED [ 16%]
tests/neural_ai/core/config/exceptions/test_config_error.py::TestConfigKeyError::test_key_error_creation PASSED [ 16%]
tests/neural_ai/core/config/exceptions/test_config_error.py::TestConfigKeyError::test_key_error_without_optional_params PASSED [ 16%]
tests/neural_ai/core/config/exceptions/test_config_error.py::TestConfigKeyError::test_key_error_with_none_available_keys PASSED [ 16%]
tests/neural_ai/core/config/exceptions/test_config_error.py::TestExceptionHierarchy::test_exception_inheritance PASSED [ 16%]
tests/neural_ai/core/config/exceptions/test_config_error.py::TestExceptionHierarchy::test_exception_is_exception PASSED [ 16%]
tests/neural_ai/core/config/exceptions/test_config_exceptions_init.py::TestConfigExceptionsModuleExports::test_exceptions_module_exports_config_error PASSED [ 16%]
tests/neural_ai/core/config/exceptions/test_config_exceptions_init.py::TestConfigExceptionsModuleExports::test_exceptions_module_exports_config_load_error PASSED [ 16%]
tests/neural_ai/core/config/exceptions/test_config_exceptions_init.py::TestConfigExceptionsModuleExports::test_exceptions_module_exports_config_save_error PASSED [ 16%]
tests/neural_ai/core/config/exceptions/test_config_exceptions_init.py::TestConfigExceptionsModuleExports::test_exceptions_module_exports_config_validation_error PASSED [ 16%]
tests/neural_ai/core/config/exceptions/test_config_exceptions_init.py::TestConfigExceptionsModuleExports::test_exceptions_module_exports_config_type_error PASSED [ 16%]
tests/neural_ai/core/config/exceptions/test_config_exceptions_init.py::TestConfigExceptionsModuleExports::test_exceptions_module_exports_config_key_error PASSED [ 16%]
tests/neural_ai/core/config/exceptions/test_config_exceptions_init.py::TestConfigExceptionsModuleExports::test_exceptions_module_all_exports PASSED [ 16%]
tests/neural_ai/core/config/exceptions/test_config_exceptions_init.py::TestConfigErrorHierarchy::test_config_error_is_base_exception PASSED [ 16%]
tests/neural_ai/core/config/exceptions/test_config_exceptions_init.py::TestConfigErrorHierarchy::test_config_load_error_inherits_from_config_error PASSED [ 16%]
tests/neural_ai/core/config/exceptions/test_config_exceptions_init.py::TestConfigErrorHierarchy::test_config_save_error_inherits_from_config_error PASSED [ 16%]
tests/neural_ai/core/config/exceptions/test_config_exceptions_init.py::TestConfigErrorHierarchy::test_config_validation_error_inherits_from_config_error PASSED [ 16%]
tests/neural_ai/core/config/exceptions/test_config_exceptions_init.py::TestConfigErrorHierarchy::test_config_type_error_inherits_from_config_error PASSED [ 16%]
tests/neural_ai/core/config/exceptions/test_config_exceptions_init.py::TestConfigErrorHierarchy::test_config_key_error_inherits_from_config_error PASSED [ 16%]
tests/neural_ai/core/config/exceptions/test_config_exceptions_init.py::TestConfigErrorRaising::test_config_error_can_be_raised PASSED [ 16%]
tests/neural_ai/core/config/exceptions/test_config_exceptions_init.py::TestConfigErrorRaising::test_config_load_error_can_be_raised PASSED [ 16%]
tests/neural_ai/core/config/exceptions/test_config_exceptions_init.py::TestConfigErrorRaising::test_config_save_error_can_be_raised PASSED [ 17%]
tests/neural_ai/core/config/exceptions/test_config_exceptions_init.py::TestConfigErrorRaising::test_config_validation_error_can_be_raised PASSED [ 17%]
tests/neural_ai/core/config/exceptions/test_config_exceptions_init.py::TestConfigErrorRaising::test_config_type_error_can_be_raised PASSED [ 17%]
tests/neural_ai/core/config/exceptions/test_config_exceptions_init.py::TestConfigErrorRaising::test_config_key_error_can_be_raised PASSED [ 17%]
tests/neural_ai/core/config/exceptions/test_config_exceptions_init.py::TestConfigErrorChaining::test_config_error_with_chaining PASSED [ 17%]
tests/neural_ai/core/config/exceptions/test_config_exceptions_init.py::TestConfigErrorChaining::test_config_load_error_with_chaining PASSED [ 17%]
tests/neural_ai/core/config/exceptions/test_config_exceptions_init.py::TestConfigErrorChaining::test_config_validation_error_with_chaining PASSED [ 17%]
tests/neural_ai/core/config/implementations/test_config_implementations_init.py::TestConfigImplementationsInit::test_module_import PASSED [ 17%]
tests/neural_ai/core/config/implementations/test_config_implementations_init.py::TestConfigImplementationsInit::test_module_docstring_exists PASSED [ 17%]
tests/neural_ai/core/config/implementations/test_config_implementations_init.py::TestConfigImplementationsInit::test_module_is_empty FAILED [ 17%]
tests/neural_ai/core/config/implementations/test_config_implementations_init.py::TestConfigImplementationsInit::test_module_file_attribute PASSED [ 17%]
tests/neural_ai/core/config/implementations/test_config_implementations_init.py::TestConfigImplementationsInit::test_module_name_attribute PASSED [ 17%]
tests/neural_ai/core/config/implementations/test_config_implementations_init.py::TestConfigImplementationsInit::test_module_package_attribute PASSED [ 17%]
tests/neural_ai/core/config/implementations/test_dynamic_config_manager.py::TestDynamicConfigManagerInit::test_init_without_session_raises_value_error PASSED [ 17%]
tests/neural_ai/core/config/implementations/test_dynamic_config_manager.py::TestDynamicConfigManagerInit::test_init_with_session_success PASSED [ 17%]
tests/neural_ai/core/config/implementations/test_dynamic_config_manager.py::TestDynamicConfigManagerInit::test_init_with_session_and_logger_success PASSED [ 17%]
tests/neural_ai/core/config/implementations/test_dynamic_config_manager.py::TestDynamicConfigManagerGet::test_get_with_multiple_keys_raises_value_error PASSED [ 17%]
tests/neural_ai/core/config/implementations/test_dynamic_config_manager.py::TestDynamicConfigManagerGet::test_get_from_cache PASSED [ 17%]
tests/neural_ai/core/config/implementations/test_dynamic_config_manager.py::TestDynamicConfigManagerGet::test_get_from_database_success PASSED [ 17%]
tests/neural_ai/core/config/implementations/test_dynamic_config_manager.py::TestDynamicConfigManagerGet::test_get_from_database_not_found_returns_default PASSED [ 17%]
tests/neural_ai/core/config/implementations/test_dynamic_config_manager.py::TestDynamicConfigManagerGet::test_get_database_error_raises_config_error PASSED [ 17%]
tests/neural_ai/core/config/implementations/test_dynamic_config_manager.py::TestDynamicConfigManagerSet::test_set_with_multiple_keys_raises_value_error PASSED [ 17%]
tests/neural_ai/core/config/implementations/test_dynamic_config_manager.py::TestDynamicConfigManagerSet::test_set_new_config_success PASSED [ 17%]
tests/neural_ai/core/config/implementations/test_dynamic_config_manager.py::TestDynamicConfigManagerSet::test_set_existing_config_success PASSED [ 17%]
tests/neural_ai/core/config/implementations/test_dynamic_config_manager.py::TestDynamicConfigManagerSet::test_set_database_error_raises_config_error PASSED [ 18%]
tests/neural_ai/core/config/implementations/test_dynamic_config_manager.py::TestDynamicConfigManagerGetSection::test_get_section_success PASSED [ 18%]
tests/neural_ai/core/config/implementations/test_dynamic_config_manager.py::TestDynamicConfigManagerGetSection::test_get_section_not_found_raises_key_error PASSED [ 18%]
tests/neural_ai/core/config/implementations/test_dynamic_config_manager.py::TestDynamicConfigManagerGetSection::test_get_section_database_error_raises_config_error PASSED [ 18%]
tests/neural_ai/core/config/implementations/test_dynamic_config_manager.py::TestDynamicConfigManagerNotImplementedMethods::test_save_raises_not_implemented_error PASSED [ 18%]
tests/neural_ai/core/config/implementations/test_dynamic_config_manager.py::TestDynamicConfigManagerNotImplementedMethods::test_load_raises_not_implemented_error PASSED [ 18%]
tests/neural_ai/core/config/implementations/test_dynamic_config_manager.py::TestDynamicConfigManagerNotImplementedMethods::test_load_directory_raises_not_implemented_error PASSED [ 18%]
tests/neural_ai/core/config/implementations/test_dynamic_config_manager.py::TestDynamicConfigManagerValidate::test_validate_success PASSED [ 18%]
tests/neural_ai/core/config/implementations/test_dynamic_config_manager.py::TestDynamicConfigManagerValidate::test_validate_missing_required_field PASSED [ 18%]
tests/neural_ai/core/config/implementations/test_dynamic_config_manager.py::TestDynamicConfigManagerValidate::test_validate_invalid_type PASSED [ 18%]
tests/neural_ai/core/config/implementations/test_dynamic_config_manager.py::TestDynamicConfigManagerListeners::test_add_listener_success PASSED [ 18%]
tests/neural_ai/core/config/implementations/test_dynamic_config_manager.py::TestDynamicConfigManagerListeners::test_remove_listener_success PASSED [ 18%]
tests/neural_ai/core/config/implementations/test_dynamic_config_manager.py::TestDynamicConfigManagerListeners::test_remove_nonexistent_listener_no_error PASSED [ 18%]
tests/neural_ai/core/config/implementations/test_dynamic_config_manager.py::TestDynamicConfigManagerHotReload::test_start_hot_reload_success PASSED [ 18%]
tests/neural_ai/core/config/implementations/test_dynamic_config_manager.py::TestDynamicConfigManagerHotReload::test_start_hot_reload_when_already_running_raises_runtime_error PASSED [ 18%]
tests/neural_ai/core/config/implementations/test_dynamic_config_manager.py::TestDynamicConfigManagerHotReload::test_stop_hot_reload_success PASSED [ 18%]
tests/neural_ai/core/config/implementations/test_dynamic_config_manager.py::TestDynamicConfigManagerHotReload::test_stop_hot_reload_when_not_running_no_error PASSED [ 18%]
tests/neural_ai/core/config/implementations/test_dynamic_config_manager.py::TestDynamicConfigManagerGetAll::test_get_all_success PASSED [ 18%]
tests/neural_ai/core/config/implementations/test_dynamic_config_manager.py::TestDynamicConfigManagerGetAll::test_get_all_with_category_filter PASSED [ 18%]
tests/neural_ai/core/config/implementations/test_dynamic_config_manager.py::TestDynamicConfigManagerGetAll::test_get_all_database_error_raises_config_error PASSED [ 18%]
tests/neural_ai/core/config/implementations/test_dynamic_config_manager.py::TestDynamicConfigManagerSetWithMetadata::test_set_with_metadata_new_config_success PASSED [ 18%]
tests/neural_ai/core/config/implementations/test_dynamic_config_manager.py::TestDynamicConfigManagerSetWithMetadata::test_set_with_metadata_existing_config_success PASSED [ 18%]
tests/neural_ai/core/config/implementations/test_dynamic_config_manager.py::TestDynamicConfigManagerDelete::test_delete_existing_config_success PASSED [ 18%]
tests/neural_ai/core/config/implementations/test_dynamic_config_manager.py::TestDynamicConfigManagerDelete::test_delete_nonexistent_config_returns_false PASSED [ 18%]
tests/neural_ai/core/config/implementations/test_dynamic_config_manager.py::TestDynamicConfigManagerDelete::test_delete_database_error_raises_config_error PASSED [ 19%]
tests/neural_ai/core/config/implementations/test_dynamic_config_manager.py::TestDynamicConfigManagerDetermineValueType::test_determine_value_type_bool PASSED [ 19%]
tests/neural_ai/core/config/implementations/test_dynamic_config_manager.py::TestDynamicConfigManagerDetermineValueType::test_determine_value_type_int PASSED [ 19%]
tests/neural_ai/core/config/implementations/test_dynamic_config_manager.py::TestDynamicConfigManagerDetermineValueType::test_determine_value_type_float PASSED [ 19%]
tests/neural_ai/core/config/implementations/test_dynamic_config_manager.py::TestDynamicConfigManagerDetermineValueType::test_determine_value_type_str PASSED [ 19%]
tests/neural_ai/core/config/implementations/test_dynamic_config_manager.py::TestDynamicConfigManagerDetermineValueType::test_determine_value_type_list PASSED [ 19%]
tests/neural_ai/core/config/implementations/test_dynamic_config_manager.py::TestDynamicConfigManagerDetermineValueType::test_determine_value_type_dict PASSED [ 19%]
tests/neural_ai/core/config/implementations/test_dynamic_config_manager.py::TestDynamicConfigManagerDetermineValueType::test_determine_value_type_unknown_defaults_to_str PASSED [ 19%]
tests/neural_ai/core/config/implementations/test_dynamic_config_manager.py::TestDynamicConfigManagerNotifyListeners::test_notify_listeners_success PASSED [ 19%]
tests/neural_ai/core/config/implementations/test_dynamic_config_manager.py::TestDynamicConfigManagerNotifyListeners::test_notify_listeners_with_exception_in_listener PASSED [ 19%]
tests/neural_ai/core/config/implementations/test_dynamic_config_manager.py::TestDynamicConfigManagerCheckForUpdates::test_check_for_updates_first_time_loads_all PASSED [ 19%]
tests/neural_ai/core/config/implementations/test_dynamic_config_manager.py::TestDynamicConfigManagerCheckForUpdates::test_check_for_updates_with_changes PASSED [ 19%]
tests/neural_ai/core/config/implementations/test_dynamic_config_manager.py::TestDynamicConfigManagerCheckForUpdates::test_check_for_updates_database_error_logged PASSED [ 19%]
tests/neural_ai/core/config/implementations/test_dynamic_config_manager.py::TestDynamicConfigManagerComprehensive::test_get_logs_error_on_exception PASSED [ 19%]
tests/neural_ai/core/config/implementations/test_dynamic_config_manager.py::TestDynamicConfigManagerComprehensive::test_set_logs_info_on_success PASSED [ 19%]
tests/neural_ai/core/config/implementations/test_dynamic_config_manager.py::TestDynamicConfigManagerComprehensive::test_set_logs_error_on_exception PASSED [ 19%]
tests/neural_ai/core/config/implementations/test_dynamic_config_manager.py::TestDynamicConfigManagerComprehensive::test_get_section_logs_error_on_exception PASSED [ 19%]
tests/neural_ai/core/config/implementations/test_dynamic_config_manager.py::TestDynamicConfigManagerComprehensive::test_start_hot_reload_logs_info_and_error PASSED [ 19%]
tests/neural_ai/core/config/implementations/test_dynamic_config_manager.py::TestDynamicConfigManagerComprehensive::test_stop_hot_reload_logs_warning_on_timeout PASSED [ 19%]
tests/neural_ai/core/config/implementations/test_dynamic_config_manager.py::TestDynamicConfigManagerComprehensive::test_stop_hot_reload_logs_info_on_successful_stop PASSED [ 19%]
tests/neural_ai/core/config/implementations/test_dynamic_config_manager.py::TestDynamicConfigManagerComprehensive::test_get_all_logs_error_on_exception PASSED [ 19%]
tests/neural_ai/core/config/implementations/test_dynamic_config_manager.py::TestDynamicConfigManagerComprehensive::test_set_with_metadata_logs_info_and_error PASSED [ 19%]
tests/neural_ai/core/config/implementations/test_dynamic_config_manager.py::TestDynamicConfigManagerComprehensive::test_delete_logs_info_and_error PASSED [ 19%]
tests/neural_ai/core/config/implementations/test_dynamic_config_manager.py::TestDynamicConfigManagerComprehensive::test_notify_listeners_logs_error PASSED [ 19%]
tests/neural_ai/core/config/implementations/test_dynamic_config_manager.py::TestDynamicConfigManagerComprehensive::test_check_for_updates_logs_error PASSED [ 20%]
tests/neural_ai/core/config/implementations/test_dynamic_config_manager.py::TestDynamicConfigManagerComprehensive::test_add_and_remove_listener_logging PASSED [ 20%]
tests/neural_ai/core/config/implementations/test_yaml_config_manager.py::TestValidationContext::test_initialization PASSED [ 20%]
tests/neural_ai/core/config/implementations/test_yaml_config_manager.py::TestValidationContext::test_initialization_with_none_value PASSED [ 20%]
tests/neural_ai/core/config/implementations/test_yaml_config_manager.py::TestYAMLConfigManager::test_initialization_without_filename PASSED [ 20%]
tests/neural_ai/core/config/implementations/test_yaml_config_manager.py::TestYAMLConfigManager::test_initialization_with_filename PASSED [ 20%]
tests/neural_ai/core/config/implementations/test_yaml_config_manager.py::TestYAMLConfigManager::test_get_current_schema_version PASSED [ 20%]
tests/neural_ai/core/config/implementations/test_yaml_config_manager.py::TestYAMLConfigManager::test_check_schema_compatibility PASSED [ 20%]
tests/neural_ai/core/config/implementations/test_yaml_config_manager.py::TestYAMLConfigManager::test_ensure_dict_with_dict PASSED [ 20%]
tests/neural_ai/core/config/implementations/test_yaml_config_manager.py::TestYAMLConfigManager::test_ensure_dict_with_none PASSED [ 20%]
tests/neural_ai/core/config/implementations/test_yaml_config_manager.py::TestYAMLConfigManager::test_ensure_dict_with_invalid_type PASSED [ 20%]
tests/neural_ai/core/config/implementations/test_yaml_config_manager.py::TestYAMLConfigManager::test_get_existing_value PASSED [ 20%]
tests/neural_ai/core/config/implementations/test_yaml_config_manager.py::TestYAMLConfigManager::test_get_nonexistent_value_with_default PASSED [ 20%]
tests/neural_ai/core/config/implementations/test_yaml_config_manager.py::TestYAMLConfigManager::test_get_nonexistent_path PASSED [ 20%]
tests/neural_ai/core/config/implementations/test_yaml_config_manager.py::TestYAMLConfigManager::test_get_section_existing PASSED [ 20%]
tests/neural_ai/core/config/implementations/test_yaml_config_manager.py::TestYAMLConfigManager::test_get_section_nonexistent PASSED [ 20%]
tests/neural_ai/core/config/implementations/test_yaml_config_manager.py::TestYAMLConfigManager::test_set_single_key PASSED [ 20%]
tests/neural_ai/core/config/implementations/test_yaml_config_manager.py::TestYAMLConfigManager::test_set_nested_keys PASSED [ 20%]
tests/neural_ai/core/config/implementations/test_yaml_config_manager.py::TestYAMLConfigManager::test_set_without_keys PASSED [ 20%]
tests/neural_ai/core/config/implementations/test_yaml_config_manager.py::TestYAMLConfigManager::test_set_overwriting_value PASSED [ 20%]
tests/neural_ai/core/config/implementations/test_yaml_config_manager.py::TestYAMLConfigManager::test_save_with_filename PASSED [ 20%]
tests/neural_ai/core/config/implementations/test_yaml_config_manager.py::TestYAMLConfigManager::test_save_without_filename PASSED [ 20%]
tests/neural_ai/core/config/implementations/test_yaml_config_manager.py::TestYAMLConfigManager::test_save_with_manager_filename PASSED [ 20%]
tests/neural_ai/core/config/implementations/test_yaml_config_manager.py::TestYAMLConfigManager::test_load_existing_file PASSED [ 20%]
tests/neural_ai/core/config/implementations/test_yaml_config_manager.py::TestYAMLConfigManager::test_load_nonexistent_file PASSED [ 21%]
tests/neural_ai/core/config/implementations/test_yaml_config_manager.py::TestYAMLConfigManager::test_load_invalid_yaml PASSED [ 21%]
tests/neural_ai/core/config/implementations/test_yaml_config_manager.py::TestYAMLConfigManager::test_load_with_schema_version PASSED [ 21%]
tests/neural_ai/core/config/implementations/test_yaml_config_manager.py::TestYAMLConfigManager::test_validate_valid_config PASSED [ 21%]
tests/neural_ai/core/config/implementations/test_yaml_config_manager.py::TestYAMLConfigManager::test_validate_invalid_type PASSED [ 21%]
tests/neural_ai/core/config/implementations/test_yaml_config_manager.py::TestYAMLConfigManager::test_validate_missing_required PASSED [ 21%]
tests/neural_ai/core/config/implementations/test_yaml_config_manager.py::TestYAMLConfigManager::test_validate_optional_field PASSED [ 21%]
tests/neural_ai/core/config/implementations/test_yaml_config_manager.py::TestYAMLConfigManager::test_validate_choices_valid PASSED [ 21%]
tests/neural_ai/core/config/implementations/test_yaml_config_manager.py::TestYAMLConfigManager::test_validate_choices_invalid PASSED [ 21%]
tests/neural_ai/core/config/implementations/test_yaml_config_manager.py::TestYAMLConfigManager::test_validate_range_valid PASSED [ 21%]
tests/neural_ai/core/config/implementations/test_yaml_config_manager.py::TestYAMLConfigManager::test_validate_range_invalid_min PASSED [ 21%]
tests/neural_ai/core/config/implementations/test_yaml_config_manager.py::TestYAMLConfigManager::test_validate_range_invalid_max PASSED [ 21%]
tests/neural_ai/core/config/implementations/test_yaml_config_manager.py::TestYAMLConfigManager::test_validate_nested_dict PASSED [ 21%]
tests/neural_ai/core/config/implementations/test_yaml_config_manager.py::TestYAMLConfigManager::test_validate_nested_dict_invalid PASSED [ 21%]
tests/neural_ai/core/config/implementations/test_yaml_config_manager.py::TestYAMLConfigManager::test_load_directory PASSED [ 21%]
tests/neural_ai/core/config/implementations/test_yaml_config_manager.py::TestYAMLConfigManager::test_load_directory_nonexistent PASSED [ 21%]
tests/neural_ai/core/config/implementations/test_yaml_config_manager.py::TestYAMLConfigManager::test_load_directory_not_a_directory PASSED [ 21%]
tests/neural_ai/core/config/implementations/test_yaml_config_manager.py::TestYAMLConfigManager::test_validate_dict_with_non_dict_value PASSED [ 21%]
tests/neural_ai/core/config/implementations/test_yaml_config_manager.py::TestYAMLConfigManager::test_validate_unsupported_type PASSED [ 21%]
tests/neural_ai/core/config/implementations/test_yaml_config_manager.py::TestYAMLConfigManager::test_save_creates_directory PASSED [ 21%]
tests/neural_ai/core/config/implementations/test_yaml_config_manager.py::TestYAMLConfigManager::test_save_error_handling PASSED [ 21%]
tests/neural_ai/core/config/implementations/test_yaml_config_manager.py::TestYAMLConfigManager::test_get_with_logger_debug PASSED [ 21%]
tests/neural_ai/core/config/implementations/test_yaml_config_manager.py::TestYAMLConfigManager::test_set_nested_creates_intermediate_dicts PASSED [ 21%]
tests/neural_ai/core/config/implementations/test_yaml_config_manager.py::TestYAMLConfigManager::test_load_with_incompatible_schema_version_warning PASSED [ 21%]
tests/neural_ai/core/config/implementations/test_yaml_config_manager.py::TestYAMLConfigManager::test_validate_dict_with_dict_value PASSED [ 22%]
tests/neural_ai/core/config/implementations/test_yaml_config_manager.py::TestYAMLConfigManager::test_validate_type_with_none_value PASSED [ 22%]
tests/neural_ai/core/config/implementations/test_yaml_config_manager.py::TestYAMLConfigManager::test_validate_nested_dict_valid PASSED [ 22%]
tests/neural_ai/core/config/implementations/test_yaml_config_manager.py::TestYAMLConfigManager::test_load_directory_logs_debug_messages PASSED [ 22%]
tests/neural_ai/core/config/implementations/test_yaml_config_manager.py::TestYAMLConfigManager::test_load_directory_system_yaml_special_handling PASSED [ 22%]
tests/neural_ai/core/config/implementations/test_yaml_config_manager.py::TestYAMLConfigManager::test_get_without_logger_no_debug PASSED [ 22%]
tests/neural_ai/core/config/implementations/test_yaml_config_manager.py::TestYAMLConfigManager::test_set_creates_intermediate_dicts_edge_case PASSED [ 22%]
tests/neural_ai/core/config/implementations/test_yaml_config_manager.py::TestYAMLConfigManager::test_validate_dict_with_none_value PASSED [ 22%]
tests/neural_ai/core/config/implementations/test_yaml_config_manager.py::TestYAMLConfigManager::test_validate_type_with_no_type_specified PASSED [ 22%]
tests/neural_ai/core/config/implementations/test_yaml_config_manager.py::TestYAMLConfigManager::test_validate_nested_without_schema PASSED [ 22%]
tests/neural_ai/core/config/implementations/test_yaml_config_manager.py::TestYAMLConfigManager::test_load_directory_without_logger_no_debug PASSED [ 22%]
tests/neural_ai/core/config/implementations/test_yaml_config_manager.py::TestYAMLConfigManager::test_load_directory_system_yaml_no_overwrite PASSED [ 22%]
tests/neural_ai/core/config/implementations/test_yaml_config_manager.py::TestYAMLConfigManager::test_get_returns_default_when_current_not_dict PASSED [ 22%]
tests/neural_ai/core/config/implementations/test_yaml_config_manager.py::TestYAMLConfigManager::test_set_raises_error_when_intermediate_not_dict PASSED [ 22%]
tests/neural_ai/core/config/implementations/test_yaml_config_manager.py::TestYAMLConfigManager::test_validate_dict_with_non_dict_value_error_path PASSED [ 22%]
tests/neural_ai/core/config/implementations/test_yaml_config_manager.py::TestYAMLConfigManager::test_validate_nested_with_non_dict_value_error_path PASSED [ 22%]
tests/neural_ai/core/config/implementations/test_yaml_config_manager.py::TestYAMLConfigManager::test_load_directory_error_handling PASSED [ 22%]
tests/neural_ai/core/config/implementations/test_yaml_config_manager.py::TestYAMLConfigManager::test_validate_dict_with_non_dict_no_type_specified PASSED [ 22%]
tests/neural_ai/core/config/implementations/test_yaml_config_manager.py::TestYAMLConfigManager::test_validate_nested_with_non_dict_no_type_specified PASSED [ 22%]
tests/neural_ai/core/config/implementations/test_yaml_config_manager.py::TestConfigManagerTypeValidation::test_get_with_valid_string_keys PASSED [ 22%]
tests/neural_ai/core/config/implementations/test_yaml_config_manager.py::TestConfigManagerTypeValidation::test_get_with_single_key PASSED [ 22%]
tests/neural_ai/core/config/implementations/test_yaml_config_manager.py::TestConfigManagerTypeValidation::test_get_with_nested_keys PASSED [ 22%]
tests/neural_ai/core/config/implementations/test_yaml_config_manager.py::TestConfigManagerTypeValidation::test_get_with_invalid_dict_key_raises_type_error PASSED [ 22%]
tests/neural_ai/core/config/implementations/test_yaml_config_manager.py::TestConfigManagerTypeValidation::test_get_with_invalid_int_key_raises_type_error PASSED [ 22%]
tests/neural_ai/core/config/implementations/test_yaml_config_manager.py::TestConfigManagerTypeValidation::test_get_with_invalid_none_key_raises_type_error PASSED [ 23%]
tests/neural_ai/core/config/implementations/test_yaml_config_manager.py::TestConfigManagerTypeValidation::test_get_with_invalid_list_key_raises_type_error PASSED [ 23%]
tests/neural_ai/core/config/implementations/test_yaml_config_manager.py::TestConfigManagerTypeValidation::test_get_with_default_value PASSED [ 23%]
tests/neural_ai/core/config/implementations/test_yaml_config_manager.py::TestConfigManagerTypeValidation::test_get_nonexistent_key_returns_none PASSED [ 23%]
tests/neural_ai/core/config/implementations/test_yaml_config_manager.py::TestConfigManagerTypeValidation::test_get_error_message_contains_helpful_info PASSED [ 23%]
tests/neural_ai/core/config/implementations/test_yaml_config_manager.py::TestConfigManagerTypeValidation::test_multiple_valid_string_keys PASSED [ 23%]
tests/neural_ai/core/config/interfaces/test_async_config_interface.py::TestAsyncConfigManagerInterface::test_interface_is_abstract PASSED [ 23%]
tests/neural_ai/core/config/interfaces/test_async_config_interface.py::TestAsyncConfigManagerInterface::test_interface_has_abstract_methods PASSED [ 23%]
tests/neural_ai/core/config/interfaces/test_async_config_interface.py::TestAsyncConfigManagerInterface::test_interface_method_signatures PASSED [ 23%]
tests/neural_ai/core/config/interfaces/test_async_config_interface.py::TestAsyncConfigManagerInterface::test_config_listener_type_alias PASSED [ 23%]
tests/neural_ai/core/config/interfaces/test_async_config_interface.py::TestAsyncConfigManagerInterface::test_implementation_can_be_instantiated PASSED [ 23%]
tests/neural_ai/core/config/interfaces/test_async_config_interface.py::TestAsyncConfigManagerInterface::test_implementation_has_all_methods PASSED [ 23%]
tests/neural_ai/core/config/interfaces/test_async_config_interface.py::TestAsyncConfigManagerInterface::test_async_methods_are_awaitable PASSED [ 23%]
tests/neural_ai/core/config/interfaces/test_async_config_interface.py::TestAsyncConfigManagerInterface::test_sync_methods_are_callable PASSED [ 23%]
tests/neural_ai/core/config/interfaces/test_async_config_interface.py::TestAsyncConfigManagerInterface::test_interface_enforces_method_implementation PASSED [ 23%]
tests/neural_ai/core/config/interfaces/test_async_config_interface.py::TestAsyncConfigManagerInterface::test_interface_docstrings_present PASSED [ 23%]
tests/neural_ai/core/config/interfaces/test_async_config_interface.py::TestAsyncConfigManagerInterface::test_interface_method_order PASSED [ 23%]
tests/neural_ai/core/config/interfaces/test_async_config_interface.py::TestAsyncConfigManagerInterface::test_constructor_accepts_optional_params PASSED [ 23%]
tests/neural_ai/core/config/interfaces/test_async_config_interface.py::TestAsyncConfigManagerInterface::test_get_method_accepts_variable_keys PASSED [ 23%]
[...]
633439Z\x1b[0m [\x1b[32m\x1b[1minfo     \x1b[0m] \x1b[1mStorage instance created successfully\x1b[0m [\x1b[0m\x1b[1m\x1b[34mneural_ai.core\x1b[0m]\x1b[0m \x1b[36mextra\x1b[0m=\x1b[35m{\'storage_type\': \'parquet\'}\x1b[0m\n\x1b[1mfunction_call                 \x1b[0m\n\x1b[2m2026-03-31T04:05:24.633756Z\x1b[0m [\x1b[32m\x1b[1mdebug    \x1b[0m] \x1b[1mfunction_call                 \x1b[0m [\x1b[0m\x1b[1m\x1b[34mneural_ai.trace\x1b[0m]\x1b[0m \x1b[36mextra\x1b[0m=\x1b[35m{\'call_id\': \'b8b3d36a-74be-4d45-a935-094de343a0d0\', \'function\': \'register_instance\', \'call_args\': [\'UNSAFE_ARG\', \'UNSAFE_ARG\', \'UNSAFE_ARG\'], \'call_kwargs\': {}, \'duration_ms\': 0.004}\x1b[0m\n\x1b[1m\u23f3 8. Rendszer monitoroz\xe1s ind\xedt\xe1sa...\x1b[0m\n\x1b[2m2026-03-31T04:05:24.634073Z\x1b[0m [\x1b[32m\x1b[1minfo     \x1b[0m] \x1b[1m\u23f3 8. Rendszer monitoroz\xe1s ind\xedt\xe1sa...\x1b[0m [\x1b[0m\x1b[1m\x1b[34mneural_ai.core\x1b[0m]\x1b[0m \x1b[36mextra\x1b[0m=\x1b[35mNone\x1b[0m\n\x1b[1m\'logger\' komponens regisztr\xe1lva\x1b[0m\n\x1b[2m2026-03-31T04:05:24.643980Z\x1b[0m [\x1b[32m\x1b[1minfo     \x1b[0m] \x1b[1m\'logger\' komponens regisztr\xe1lva\x1b[0m [\x1b[0m\x1b[1m\x1b[34mneural_ai.core\x1b[0m]\x1b[0m \x1b[36mextra\x1b[0m=\x1b[35mNone\x1b[0m\n\x1b[1m\'core\' komponens regisztr\xe1lva \x1b[0m\n\x1b[2m2026-03-31T04:05:24.644248Z\x1b[0m [\x1b[32m\x1b[1minfo     \x1b[0m] \x1b[1m\'core\' komponens regisztr\xe1lva \x1b[0m [\x1b[0m\x1b[1m\x1b[34mneural_ai.core\x1b[0m]\x1b[0m \x1b[36mextra\x1b[0m=\x1b[35mNone\x1b[0m\n\x1b[1m\'database\' komponens regisztr\xe1lva\x1b[0m\n\x1b[2m2026-03-31T04:05:24.644498Z\x1b[0m [\x1b[32m\x1b[1minfo     \x1b[0m] \x1b[1m\'database\' komponens regisztr\xe1lva\x1b[0m [\x1b[0m\x1b[1m\x1b[34mneural_ai.core\x1b[0m]\x1b[0m \x1b[36mextra\x1b[0m=\x1b[35mNone\x1b[0m\n\x1b[1m\'event_bus\' komponens regisztr\xe1lva\x1b[0m\n\x1b[2m2026-03-31T04:05:24.644718Z\x1b[0m [\x1b[32m\x1b[1minfo     \x1b[0m] \x1b[1m\'event_bus\' komponens regisztr\xe1lva\x1b[0m [\x1b[0m\x1b[1m\x1b[34mneural_ai.core\x1b[0m]\x1b[0m \x1b[36mextra\x1b[0m=\x1b[35mNone\x1b[0m\n\x1b[1m\'collectors\' komponens regisztr\xe1lva\x1b[0m\n\x1b[2m2026-03-31T04:05:24.644955Z\x1b[0m [\x1b[32m\x1b[1minfo     \x1b[0m] \x1b[1m\'collectors\' komponens regisztr\xe1lva\x1b[0m [\x1b[0m\x1b[1m\x1b[34mneural_ai.core\x1b[0m]\x1b[0m \x1b[36mextra\x1b[0m=\x1b[35mNone\x1b[0m\n\x1b[1m\'storage\' komponens regisztr\xe1lva\x1b[0m\n\x1b[2m2026-03-31T04:05:24.645173Z\x1b[0m [\x1b[32m\x1b[1minfo     \x1b[0m] \x1b[1m\'storage\' komponens regisztr\xe1lva\x1b[0m [\x1b[0m\x1b[1m\x1b[34mneural_ai.core\x1b[0m]\x1b[0m \x1b[36mextra\x1b[0m=\x1b[35mNone\x1b[0m\n\x1b[1mfunction_call                 \x1b[0m\n\x1b[2m2026-03-31T04:05:24.645509Z\x1b[0m [\x1b[32m\x1b[1mdebug    \x1b[0m] \x1b[1mfunction_call                 \x1b[0m [\x1b[0m\x1b[1m\x1b[34mneural_ai.trace\x1b[0m]\x1b[0m \x1b[36mextra\x1b[0m=\x1b[35m{\'call_id\': \'2bd647a5-66ba-4313-a5f5-6fe4ad61ebac\', \'function\': \'register_instance\', \'call_args\': [\'UNSAFE_ARG\', \'UNSAFE_ARG\', \'UNSAFE_ARG\'], \'call_kwargs\': {}, \'duration_ms\': 0.003}\x1b[0m\n\x1b[1m\u23f3 9. MarketDataPersister ind\xedt\xe1sa...\x1b[0m\n\x1b[2m2026-03-31T04:05:24.645861Z\x1b[0m [\x1b[32m\x1b[1minfo     \x1b[0m] \x1b[1m\u23f3 9. MarketDataPersister ind\xedt\xe1sa...\x1b[0m [\x1b[0m\x1b[1m\x1b[34mneural_ai.core\x1b[0m]\x1b[0m \x1b[36mextra\x1b[0m=\x1b[35mNone\x1b[0m\n\x1b[1mMarketDataPersister inicializ\xe1lva\x1b[0m\n\x1b[2m2026-03-31T04:05:24.646140Z\x1b[0m [\x1b[32m\x1b[1minfo     \x1b[0m] \x1b[1mMarketDataPersister inicializ\xe1lva\x1b[0m [\x1b[0m\x1b[1m\x1b[34mneural_ai.core\x1b[0m]\x1b[0m \x1b[36mextra\x1b[0m=\x1b[35m{\'extra\': {\'buffer_size_limit\': 10000, \'flush_interval_minutes\': 5}}\x1b[0m\n\x1b[1mfunction_call                 \x1b[0m\n\x1b[2m2026-03-31T04:05:24.646483Z\x1b[0m [\x1b[32m\x1b[1mdebug    \x1b[0m] \x1b[1mfunction_call                 \x1b[0m [\x1b[0m\x1b[1m\x1b[34mneural_ai.trace\x1b[0m]\x1b[0m \x1b[36mextra\x1b[0m=\x1b[35m{\'call_id\': \'87f375c6-3f88-4f2a-968b-a54740b5212c\', \'function\': \'register_instance\', \'call_args\': [\'UNSAFE_ARG\', \'UNSAFE_ARG\', \'UNSAFE_ARG\'], \'call_kwargs\': {}, \'duration_ms\': 0.003}\x1b[0m\n\x1b[1m\u23f3 10. JForex Live Feed ellen\u0151rz\xe9se...\x1b[0m\n\x1b[2m2026-03-31T04:05:24.646879Z\x1b[0m [\x1b[32m\x1b[1minfo     \x1b[0m] \x1b[1m\u23f3 10. JForex Live Feed ellen\u0151rz\xe9se...\x1b[0m [\x1b[0m\x1b[1m\x1b[34mneural_ai.core\x1b[0m]\x1b[0m \x1b[36mextra\x1b[0m=\x1b[35mNone\x1b[0m\n\x1b[1mjforex_live_feed_disabled     \x1b[0m\n\x1b[2m2026-03-31T04:05:24.649342Z\x1b[0m [\x1b[33m\x1b[1mwarning  \x1b[0m] \x1b[1mjforex_live_feed_disabled     \x1b[0m [\x1b[0m\x1b[1m\x1b[34mneural_ai.core\x1b[0m]\x1b[0m \x1b[36mextra\x1b[0m=\x1b[35m{\'_message\': \'JForex live feed is disabled in configuration\'}\x1b[0m\n\x1b[1mjforex_live_feed_created      \x1b[0m\n\x1b[2m2026-03-31T04:05:24.649626Z\x1b[0m [\x1b[32m\x1b[1minfo     \x1b[0m] \x1b[1mjforex_live_feed_created      \x1b[0m [\x1b[0m\x1b[1m\x1b[34mneural_ai.core\x1b[0m]\x1b[0m \x1b[36mextra\x1b[0m=\x1b[35m{\'host\': \'127.0.0.1\', \'tick_port\': 5555, \'enabled\': False}\x1b[0m\n\x1b[1mfunction_call                 \x1b[0m\n\x1b[2m2026-03-31T04:05:24.649984Z\x1b[0m [\x1b[32m\x1b[1mdebug    \x1b[0m] \x1b[1mfunction_call                 \x1b[0m [\x1b[0m\x1b[1m\x1b[34mneural_ai.trace\x1b[0m]\x1b[0m \x1b[36mextra\x1b[0m=\x1b[35m{\'call_id\': \'fdd373bf-5d72-4ada-901f-7b225cb2da58\', \'function\': \'register_instance\', \'call_args\': [\'UNSAFE_ARG\', \'UNSAFE_ARG\', \'UNSAFE_ARG\'], \'call_kwargs\': {}, \'duration_ms\': 0.002}\x1b[0m\n\x1b[1m\u2705 JForex Live Feed inicializ\xe1lva\x1b[0m\n\x1b[2m2026-03-31T04:05:24.650290Z\x1b[0m [\x1b[32m\x1b[1minfo     \x1b[0m] \x1b[1m\u2705 JForex Live Feed inicializ\xe1lva\x1b[0m [\x1b[0m\x1b[1m\x1b[34mneural_ai.core\x1b[0m]\x1b[0m \x1b[36mextra\x1b[0m=\x1b[35mNone\x1b[0m\n\x1b[1m\u2705 RENDSZER \xdcZEMK\xc9SZ           \x1b[0m\n\x1b[2m2026-03-31T04:05:24.650512Z\x1b[0m [\x1b[32m\x1b[1minfo     \x1b[0m] \x1b[1m\u2705 RENDSZER \xdcZEMK\xc9SZ           \x1b[0m [\x1b[0m\x1b[1m\x1b[34mneural_ai.core\x1b[0m]\x1b[0m \x1b[36mextra\x1b[0m=\x1b[35mNone\x1b[0m\n\x1b[1mSingleton p\xe9ld\xe1ny inicializ\xe1lva\x1b[0m\n\x1b[2m2026-03-31T04:05:24.650771Z\x1b[0m [\x1b[32m\x1b[1minfo     \x1b[0m] \x1b[1mSingleton p\xe9ld\xe1ny inicializ\xe1lva\x1b[0m [\x1b[0m\x1b[1m\x1b[34mneural_ai.core.base.implementations.singleton\x1b[0m]\x1b[0m \x1b[36mextra\x1b[0m=\x1b[35m{\'extra\': {\'class_name\': \'CoreComponentFactory\'}}\x1b[0m\n\x1b[1mfunction_call                 \x1b[0m\n\x1b[2m2026-03-31T04:05:24.651091Z\x1b[0m [\x1b[32m\x1b[1mdebug    \x1b[0m] \x1b[1mfunction_call                 \x1b[0m [\x1b[0m\x1b[1m\x1b[34mneural_ai.trace\x1b[0m]\x1b[0m \x1b[36mextra\x1b[0m=\x1b[35m{\'call_id\': \'d6d3ad17-16b7-4635-8d04-1e855865671b\', \'function\': \'__call__\', \'call_args\': [\'UNSAFE_ARG\', \'UNSAFE_ARG\'], \'call_kwargs\': {}, \'duration_ms\': 0.261}\x1b[0m\n\x1b[1mfunction_call                 \x1b[0m\n\x1b[2m2026-03-31T04:05:24.651481Z\x1b[0m [\x1b[32m\x1b[1mdebug    \x1b[0m] \x1b[1mfunction_call                 \x1b[0m [\x1b[0m\x1b[1m\x1b[34mneural_ai.trace\x1b[0m]\x1b[0m \x1b[36mextra\x1b[0m=\x1b[35m{\'call_id\': \'5bc82fc6-03e7-46d6-8ade-be14330c8ec7\', \'function\': \'_verify_singleton\', \'call_args\': [\'UNSAFE_ARG\', \'UNSAFE_ARG\', "<class \'neural_ai.core.logger.interfaces.logger_interface.LoggerInterface\'>"], \'call_kwargs\': {}, \'duration_ms\': 0.0}\x1b[0m\n\x1b[1mfunction_call                 \x1b[0m\n\x1b[2m2026-03-31T04:05:24.651847Z\x1b[0m [\x1b[32m\x1b[1mdebug    \x1b[0m] \x1b[1mfunction_call                 \x1b[0m [\x1b[0m\x1b[1m\x1b[34mneural_ai.trace\x1b[0m]\x1b[0m \x1b[36mextra\x1b[0m=\x1b[35m{\'call_id\': \'3ed9da77-e7f8-4c91-8628-a3882a420fc4\', \'function\': \'resolve\', \'call_args\': [\'UNSAFE_ARG\', \'UNSAFE_ARG\'], \'call_kwargs\': {}, \'duration_ms\': 0.38}\x1b[0m\n\x1b[1mCore komponensek inicializ\xe1l\xe1sa befejezve\x1b[0m\n\x1b[2m2026-03-31T04:05:24.652158Z\x1b[0m [\x1b[32m\x1b[1minfo     \x1b[0m] \x1b[1mCore komponensek inicializ\xe1l\xe1sa befejezve\x1b[0m [\x1b[0m\x1b[1m\x1b[34mneural_ai.core\x1b[0m]\x1b[0m \x1b[36mextra\x1b[0m=\x1b[35m{\'extra\': {\'container_type\': \'DIContainer\'}}\x1b[0m\n\x1b[1mfunction_call                 \x1b[0m\n\x1b[2m2026-03-31T04:05:24.652468Z\x1b[0m [\x1b[32m\x1b[1mdebug    \x1b[0m] \x1b[1mfunction_call                 \x1b[0m [\x1b[0m\x1b[1m\x1b[34mneural_ai.trace\x1b[0m]\x1b[0m \x1b[36mextra\x1b[0m=\x1b[35m{\'call_id\': \'fb4f09ab-01da-4905-b9db-10b8a733c613\', \'function\': \'bootstrap_core\', \'call_args\': [], \'call_kwargs\': {\'config_path\': \'/home/elynea/Dokumentumok/neural-ai-next/configs\'}, \'duration_ms\': 324.175}\x1b[0m\n\x1b[1mfunction_call                 \x1b[0m\n\x1b[2m2026-03-31T04:05:24.652896Z\x1b[0m [\x1b[32m\x1b[1mdebug    \x1b[0m] \x1b[1mfunction_call                 \x1b[0m [\x1b[0m\x1b[1m\x1b[34mneural_ai.trace\x1b[0m]\x1b[0m \x1b[36mextra\x1b[0m=\x1b[35m{\'call_id\': \'3b79b485-d12c-49fb-93ac-633399f0d96c\', \'function\': \'_verify_singleton\', \'call_args\': [\'UNSAFE_ARG\', \'UNSAFE_ARG\', "<class \'neural_ai.core.logger.interfaces.logger_interface.LoggerInterface\'>"], \'call_kwargs\': {}, \'duration_ms\': 0.0}\x1b[0m\n\x1b[1mfunction_call                 \x1b[0m\n\x1b[2m2026-03-31T04:05:24.653291Z\x1b[0m [\x1b[32m\x1b[1mdebug    \x1b[0m] \x1b[1mfunction_call                 \x1b[0m [\x1b[0m\x1b[1m\x1b[34mneural_ai.trace\x1b[0m]\x1b[0m \x1b[36mextra\x1b[0m=\x1b[35m{\'call_id\': \'aec1082d-52d9-4954-9b08-b7b4c645ad80\', \'function\': \'resolve\', \'call_args\': [\'UNSAFE_ARG\', \'UNSAFE_ARG\'], \'call_kwargs\': {}, \'duration_ms\': 0.435}\x1b[0m\n\x1b[1mfunction_call                 \x1b[0m\n\x1b[2m2026-03-31T04:05:24.653686Z\x1b[0m [\x1b[32m\x1b[1mdebug    \x1b[0m] \x1b[1mfunction_call                 \x1b[0m [\x1b[0m\x1b[1m\x1b[34mneural_ai.trace\x1b[0m]\x1b[0m \x1b[36mextra\x1b[0m=\x1b[35m{\'call_id\': \'7f8306d6-9f6f-49e9-831c-e81faa62c692\', \'function\': \'_verify_singleton\', \'call_args\': [\'UNSAFE_ARG\', \'UNSAFE_ARG\', "<class \'neural_ai.core.logger.interfaces.logger_interface.LoggerInterface\'>"], \'call_kwargs\': {}, \'duration_ms\': 0.0}\x1b[0m\n\x1b[1mfunction_call                 \x1b[0m\n\x1b[2m2026-03-31T04:05:24.654067Z\x1b[0m [\x1b[32m\x1b[1mdebug    \x1b[0m] \x1b[1mfunction_call                 \x1b[0m [\x1b[0m\x1b[1m\x1b[34mneural_ai.trace\x1b[0m]\x1b[0m \x1b[36mextra\x1b[0m=\x1b[35m{\'call_id\': \'163239fe-5779-4653-8c16-29df286c6759\', \'function\': \'resolve\', \'call_args\': [\'UNSAFE_ARG\', \'UNSAFE_ARG\'], \'call_kwargs\': {}, \'duration_ms\': 0.394}\x1b[0m\n\x1b[1mCore Bridge inicializ\xe1lva     \x1b[0m\n\x1b[2m2026-03-31T04:05:24.654373Z\x1b[0m [\x1b[32m\x1b[1minfo     \x1b[0m] \x1b[1mCore Bridge inicializ\xe1lva     \x1b[0m [\x1b[0m\x1b[1m\x1b[34mneural_ai.core\x1b[0m]\x1b[0m \x1b[36mextra\x1b[0m=\x1b[35mNone\x1b[0m\n\x1b[1mfunction_call                 \x1b[0m\n\x1b[2m2026-03-31T04:05:24.659211Z\x1b[0m [\x1b[32m\x1b[1mdebug    \x1b[0m] \x1b[1mfunction_call                 \x1b[0m [\x1b[0m\x1b[1m\x1b[34mneural_ai.trace\x1b[0m]\x1b[0m \x1b[36mextra\x1b[0m=\x1b[35m{\'call_id\': \'317059ff-3577-485c-aad8-f43119d12318\', \'function\': \'_verify_singleton\', \'call_args\': [\'UNSAFE_ARG\', \'UNSAFE_ARG\', "<class \'neural_ai.core.logger.interfaces.logger_interface.LoggerInterface\'>"], \'call_kwargs\': {}, \'duration_ms\': 0.0}\x1b[0m\n\x1b[1mfunction_call                 \x1b[0m\n\x1b[2m2026-03-31T04:05:24.659634Z\x1b[0m [\x1b[32m\x1b[1mdebug    \x1b[0m] \x1b[1mfunction_call                 \x1b[0m [\x1b[0m\x1b[1m\x1b[34mneural_ai.trace\x1b[0m]\x1b[0m \x1b[36mextra\x1b[0m=\x1b[35m{\'call_id\': \'f2989cc3-edaa-4f65-821d-f902c5252466\', \'function\': \'resolve\', \'call_args\': [\'UNSAFE_ARG\', \'UNSAFE_ARG\'], \'call_kwargs\': {}, \'duration_ms\': 0.491}\x1b[0m\n\x1b[1mfunction_call                 \x1b[0m\n\x1b[2m2026-03-31T04:05:24.660066Z\x1b[0m [\x1b[32m\x1b[1mdebug    \x1b[0m] \x1b[1mfunction_call                 \x1b[0m [\x1b[0m\x1b[1m\x1b[34mneural_ai.trace\x1b[0m]\x1b[0m \x1b[36mextra\x1b[0m=\x1b[35m{\'call_id\': \'2f92d1f4-9c3e-445e-9a14-7a88f7a70547\', \'function\': \'_verify_singleton\', \'call_args\': [\'UNSAFE_ARG\', \'UNSAFE_ARG\', "<class \'neural_ai.core.logger.interfaces.logger_interface.LoggerInterface\'>"], \'call_kwargs\': {}, \'duration_ms\': 0.0}\x1b[0m\n\x1b[1mfunction_call                 \x1b[0m\n\x1b[2m2026-03-31T04:05:24.660447Z\x1b[0m [\x1b[32m\x1b[1mdebug    \x1b[0m] \x1b[1mfunction_call                 \x1b[0m [\x1b[0m\x1b[1m\x1b[34mneural_ai.trace\x1b[0m]\x1b[0m \x1b[36mextra\x1b[0m=\x1b[35m{\'call_id\': \'f907a3d4-f45d-4c4e-90c7-9c4557d11d9a\', \'function\': \'resolve\', \'call_args\': [\'UNSAFE_ARG\', \'UNSAFE_ARG\'], \'call_kwargs\': {}, \'duration_ms\': 0.417}\x1b[0m\n\x1b[1mfunction_call                 \x1b[0m\n\x1b[2m2026-03-31T04:05:24.660841Z\x1b[0m [\x1b[32m\x1b[1mdebug    \x1b[0m] \x1b[1mfunction_call                 \x1b[0m [\x1b[0m\x1b[1m\x1b[34mneural_ai.trace\x1b[0m]\x1b[0m \x1b[36mextra\x1b[0m=\x1b[35m{\'call_id\': \'5615d32f-e6ee-4175-85a2-161ef729fcc7\', \'function\': \'_verify_singleton\', \'call_args\': [\'UNSAFE_ARG\', \'UNSAFE_ARG\', "<class \'neural_ai.core.logger.interfaces.logger_interface.LoggerInterface\'>"], \'call_kwargs\': {}, \'duration_ms\': 0.0}\x1b[0m\n\x1b[1mfunction_call                 \x1b[0m\n\x1b[2m2026-03-31T04:05:24.661221Z\x1b[0m [\x1b[32m\x1b[1mdebug    \x1b[0m] \x1b[1mfunction_call                 \x1b[0m [\x1b[0m\x1b[1m\x1b[34mneural_ai.trace\x1b[0m]\x1b[0m \x1b[36mextra\x1b[0m=\x1b[35m{\'call_id\': \'7c33bbe0-7974-442c-a68c-343d7de825c2\', \'function\': \'resolve\', \'call_args\': [\'UNSAFE_ARG\', \'UNSAFE_ARG\'], \'call_kwargs\': {}, \'duration_ms\': 0.393}\x1b[0m\n\x1b[1mfunction_call                 \x1b[0m\n\x1b[2m2026-03-31T04:05:24.661631Z\x1b[0m [\x1b[32m\x1b[1mdebug    \x1b[0m] \x1b[1mfunction_call                 \x1b[0m [\x1b[0m\x1b[1m\x1b[34mneural_ai.trace\x1b[0m]\x1b[0m \x1b[36mextra\x1b[0m=\x1b[35m{\'call_id\': \'139e209f-f387-41cb-90b0-19355594718d\', \'function\': \'_verify_singleton\', \'call_args\': [\'UNSAFE_ARG\', \'UNSAFE_ARG\', "<class \'neural_ai.core.logger.interfaces.logger_interface.LoggerInterface\'>"], \'call_kwargs\': {}, \'duration_ms\': 0.0}\x1b[0m\n\x1b[1mfunction_call                 \x1b[0m\n\x1b[2m2026-03-31T04:05:24.662065Z\x1b[0m [\x1b[32m\x1b[1mdebug    \x1b[0m] \x1b[1mfunction_call                 \x1b[0m [\x1b[0m\x1b[1m\x1b[34mneural_ai.trace\x1b[0m]\x1b[0m \x1b[36mextra\x1b[0m=\x1b[35m{\'call_id\': \'38e19567-bddf-42c7-8f2d-af179c461003\', \'function\': \'resolve\', \'call_args\': [\'UNSAFE_ARG\', \'UNSAFE_ARG\'], \'call_kwargs\': {}, \'duration_ms\': 0.403}\x1b[0m\n\x1b[1mfunction_call                 \x1b[0m\n\x1b[2m2026-03-31T04:05:24.662530Z\x1b[0m [\x1b[32m\x1b[1mdebug    \x1b[0m] \x1b[1mfunction_call                 \x1b[0m [\x1b[0m\x1b[1m\x1b[34mneural_ai.trace\x1b[0m]\x1b[0m \x1b[36mextra\x1b[0m=\x1b[35m{\'call_id\': \'cd66aff0-5f51-4109-9962-2f5b9dd4aa18\', \'function\': \'_verify_singleton\', \'call_args\': [\'UNSAFE_ARG\', \'UNSAFE_ARG\', "<class \'neural_ai.core.logger.interfaces.logger_interface.LoggerInterface\'>"], \'call_kwargs\': {}, \'duration_ms\': 0.0}\x1b[0m\n\x1b[1mfunction_call                 \x1b[0m\n\x1b[2m2026-03-31T04:05:24.663050Z\x1b[0m [\x1b[32m\x1b[1mdebug    \x1b[0m] \x1b[1mfunction_call                 \x1b[0m [\x1b[0m\x1b[1m\x1b[34mneural_ai.trace\x1b[0m]\x1b[0m \x1b[36mextra\x1b[0m=\x1b[35m{\'call_id\': \'cc0ed099-3e2f-40dc-9567-18cdd0d802c0\', \'function\': \'resolve\', \'call_args\': [\'UNSAFE_ARG\', \'UNSAFE_ARG\'], \'call_kwargs\': {}, \'duration_ms\': 0.497}\x1b[0m\n\x1b[1mfunction_call                 \x1b[0m\n\x1b[2m2026-03-31T04:05:24.665210Z\x1b[0m [\x1b[32m\x1b[1mdebug    \x1b[0m] \x1b[1mfunction_call                 \x1b[0m [\x1b[0m\x1b[1m\x1b[34mneural_ai.trace\x1b[0m]\x1b[0m \x1b[36mextra\x1b[0m=\x1b[35m{\'call_id\': \'449c4e84-86b4-494c-8f5d-87280edd76c6\', \'function\': \'__call__\', \'call_args\': [\'UNSAFE_ARG\'], \'call_kwargs\': {}, \'duration_ms\': 0.002}\x1b[0m\n\x1b[1mfunction_call_error           \x1b[0m\n\x1b[2m2026-03-31T04:05:24.665656Z\x1b[0m [\x1b[32m\x1b[1mdebug    \x1b[0m] \x1b[1mfunction_call_error           \x1b[0m [\x1b[0m\x1b[1m\x1b[34mneural_ai.trace\x1b[0m]\x1b[0m \x1b[36mextra\x1b[0m=\x1b[35m{\'call_id\': \'d383b33e-4b51-438f-9872-466502cd00cc\', \'function\': \'get\', \'call_args\': [\'UNSAFE_ARG\', \'ResamplerService\'], \'call_kwargs\': {}, \'duration_ms\': 0.005, \'error\': "Component \'ResamplerService\' not found"}\x1b[0m\n\x1b[1mfunction_call                 \x1b[0m\n\x1b[2m2026-03-31T04:05:24.666076Z\x1b[0m [\x1b[32m\x1b[1mdebug    \x1b[0m] \x1b[1mfunction_call                 \x1b[0m [\x1b[0m\x1b[1m\x1b[34mneural_ai.trace\x1b[0m]\x1b[0m \x1b[36mextra\x1b[0m=\x1b[35m{\'call_id\': \'c5787b9c-3cdb-486c-8024-42d1a18c63c6\', \'function\': \'_verify_singleton\', \'call_args\': [\'UNSAFE_ARG\', \'UNSAFE_ARG\', "<class \'neural_ai.data.storage.interfaces.storage_interface.StorageInterface\'>"], \'call_kwargs\': {}, \'duration_ms\': 0.0}\x1b[0m\n\x1b[1mfunction_call                 \x1b[0m\n\x1b[2m2026-03-31T04:05:24.666448Z\x1b[0m [\x1b[32m\x1b[1mdebug    \x1b[0m] \x1b[1mfunction_call                 \x1b[0m [\x1b[0m\x1b[1m\x1b[34mneural_ai.trace\x1b[0m]\x1b[0m \x1b[36mextra\x1b[0m=\x1b[35m{\'call_id\': \'6edc3736-0767-46e3-b013-d8f00c9a976d\', \'function\': \'resolve\', \'call_args\': [\'UNSAFE_ARG\', \'UNSAFE_ARG\'], \'call_kwargs\': {}, \'duration_ms\': 0.39}\x1b[0m\n\x1b[1mfunction_call                 \x1b[0m\n\x1b[2m2026-03-31T04:05:24.666939Z\x1b[0m [\x1b[32m\x1b[1mdebug    \x1b[0m] \x1b[1mfunction_call                 \x1b[0m [\x1b[0m\x1b[1m\x1b[34mneural_ai.trace\x1b[0m]\x1b[0m \x1b[36mextra\x1b[0m=\x1b[35m{\'call_id\': \'ce4e7321-2575-469f-818f-9eb4e6e79cca\', \'function\': \'_enforce_singleton\', \'call_args\': [\'UNSAFE_ARG\', \'ResamplerService\', \'UNSAFE_ARG\'], \'call_kwargs\': {}, \'duration_ms\': 0.001}\x1b[0m\n\x1b[1mfunction_call                 \x1b[0m\n\x1b[2m2026-03-31T04:05:24.667333Z\x1b[0m [\x1b[32m\x1b[1mdebug    \x1b[0m] \x1b[1mfunction_call                 \x1b[0m [\x1b[0m\x1b[1m\x1b[34mneural_ai.trace\x1b[0m]\x1b[0m \x1b[36mextra\x1b[0m=\x1b[35m{\'call_id\': \'69246f00-a4dd-4909-a458-6302be5ee21a\', \'function\': \'register\', \'call_args\': [\'UNSAFE_ARG\', \'ResamplerService\', \'UNSAFE_ARG\'], \'call_kwargs\': {}, \'duration_ms\': 0.453}\x1b[0m\n\x1b[1mfunction_call                 \x1b[0m\n\x1b[2m2026-03-31T04:05:24.668404Z\x1b[0m [\x1b[32m\x1b[1mdebug    \x1b[0m] \x1b[1mfunction_call                 \x1b[0m [\x1b[0m\x1b[1m\x1b[34mneural_ai.trace\x1b[0m]\x1b[0m \x1b[36mextra\x1b[0m=\x1b[35m{\'call_id\': \'ccc475bc-4ea1-43a6-af07-a52e9c55c10f\', \'function\': \'read_tick_data\', \'call_args\': [\'UNSAFE_ARG\', \'EURUSD\', \'UNSAFE_ARG\', \'UNSAFE_ARG\'], \'call_kwargs\': {}, \'duration_ms\': 0.001}\x1b[0m\n\x1b[1mNo data found for date range  \x1b[0m\n\x1b[2m2026-03-31T04:05:24.668892Z\x1b[0m [\x1b[33m\x1b[1mwarning  \x1b[0m] \x1b[1mNo data found for date range  \x1b[0m [\x1b[0m\x1b[1m\x1b[34mneural_ai.core\x1b[0m]\x1b[0m \x1b[36mextra\x1b[0m=\x1b[35m{\'symbol\': \'EURUSD\', \'start_date\': \'2024-03-20T00:00:00\', \'end_date\': \'2024-03-20T23:59:59\'}\x1b[0m\n\x1b[1mNo tick data found for the specified range\x1b[0m\n\x1b[2m2026-03-31T04:05:24.669282Z\x1b[0m [\x1b[33m\x1b[1mwarning  \x1b[0m] \x1b[1mNo tick data found for the specified range\x1b[0m [\x1b[0m\x1b[1m\x1b[34mneural_ai.processors.resampler_service.factory\x1b[0m]\x1b[0m \x1b[36mextra\x1b[0m=\x1b[35m{\'symbol\': \'EURUSD\', \'start\': \'2024-03-20T00:00:00\', \'end\': \'2024-03-20T23:59:59\'}\x1b[0m\n\u274c Nincs el\xe9rhet\u0151 adat\n\u274c Valid\xe1ci\xf3 sikertelen az adatok valid\xe1l\xe1s\xe1n\xe1l\n', stderr='').stdout
===== 36 failed, 2356 passed, 14 skipped, 14 warnings in 671.50s (0:11:11) =====
