============================= test session starts ==============================
platform linux -- Python 3.12.12, pytest-9.0.2, pluggy-1.6.0 -- /home/elynea/miniconda3/envs/neural-ai-next/bin/python3.12
cachedir: .pytest_cache
metadata: {'Python': '3.12.12', 'Platform': 'Linux-6.17.0-19-generic-x86_64-with-glibc2.39', 'Packages': {'pytest': '9.0.2', 'pluggy': '1.6.0'}, 'Plugins': {'mock': '3.15.1', 'anyio': '4.12.0', 'asyncio': '1.3.0', 'json-report': '1.5.0', 'cov': '7.0.0', 'metadata': '3.1.1'}}
rootdir: /home/elynea/Dokumentumok/neural-ai-next
configfile: pyproject.toml
testpaths: tests
plugins: mock-3.15.1, anyio-4.12.0, asyncio-1.3.0, json-report-1.5.0, cov-7.0.0, metadata-3.1.1
asyncio: mode=Mode.AUTO, debug=False, asyncio_default_fixture_loop_scope=None, asyncio_default_test_loop_scope=function
collecting ... collected 2406 items

tests/neural_ai/collectors/jforex/exceptions/test_jforex_error.py::TestJForexError::test_jforex_error_is_exception PASSED [  0%]
tests/neural_ai/collectors/jforex/exceptions/test_jforex_error.py::TestJForexError::test_jforex_error_can_be_raised PASSED [  0%]
tests/neural_ai/collectors/jforex/exceptions/test_jforex_error.py::TestJForexError::test_jforex_error_with_message PASSED [  0%]
tests/neural_ai/collectors/jforex/exceptions/test_jforex_error.py::TestDownloadError::test_download_error_is_jforex_error PASSED [  0%]
tests/neural_ai/collectors/jforex/exceptions/test_jforex_error.py::TestDownloadError::test_download_error_can_be_raised PASSED [  0%]
tests/neural_ai/collectors/jforex/exceptions/test_jforex_error.py::TestDownloadError::test_download_error_with_message PASSED [  0%]
tests/neural_ai/collectors/jforex/exceptions/test_jforex_error.py::TestDownloadError::test_download_error_caught_as_jforex_error PASSED [  0%]
tests/neural_ai/collectors/jforex/exceptions/test_jforex_error.py::TestDecodeError::test_decode_error_is_jforex_error PASSED [  0%]
tests/neural_ai/collectors/jforex/exceptions/test_jforex_error.py::TestDecodeError::test_decode_error_can_be_raised PASSED [  0%]
tests/neural_ai/collectors/jforex/exceptions/test_jforex_error.py::TestDecodeError::test_decode_error_with_message PASSED [  0%]
tests/neural_ai/collectors/jforex/exceptions/test_jforex_error.py::TestDecodeError::test_decode_error_caught_as_jforex_error PASSED [  0%]
tests/neural_ai/collectors/jforex/exceptions/test_jforex_error.py::TestDataNotAvailableError::test_data_not_available_error_is_jforex_error PASSED [  0%]
tests/neural_ai/collectors/jforex/exceptions/test_jforex_error.py::TestDataNotAvailableError::test_data_not_available_error_can_be_raised PASSED [  0%]
tests/neural_ai/collectors/jforex/exceptions/test_jforex_error.py::TestDataNotAvailableError::test_data_not_available_error_with_message PASSED [  0%]
tests/neural_ai/collectors/jforex/exceptions/test_jforex_error.py::TestDataNotAvailableError::test_data_not_available_error_caught_as_jforex_error PASSED [  0%]
tests/neural_ai/collectors/jforex/exceptions/test_jforex_exceptions_init.py::TestJForexExceptionsInit::test_jforexerror_exported PASSED [  0%]
tests/neural_ai/collectors/jforex/exceptions/test_jforex_exceptions_init.py::TestJForexExceptionsInit::test_downloaderror_exported PASSED [  0%]
tests/neural_ai/collectors/jforex/exceptions/test_jforex_exceptions_init.py::TestJForexExceptionsInit::test_decodeerror_exported PASSED [  0%]
tests/neural_ai/collectors/jforex/exceptions/test_jforex_exceptions_init.py::TestJForexExceptionsInit::test_datanotavailableerror_exported PASSED [  0%]
tests/neural_ai/collectors/jforex/exceptions/test_jforex_exceptions_init.py::TestJForexExceptionsInit::test_exception_instantiation PASSED [  0%]
tests/neural_ai/collectors/jforex/implementations/test_jforex_implementations_init.py::TestJForexImplementationsInit::test_module_docstring_exists PASSED [  0%]
tests/neural_ai/collectors/jforex/implementations/test_jforex_implementations_init.py::TestJForexImplementationsInit::test_module_docstring_contains_warning PASSED [  0%]
tests/neural_ai/collectors/jforex/implementations/test_jforex_implementations_init.py::TestJForexImplementationsInit::test_module_has_no_all_attribute PASSED [  0%]
tests/neural_ai/collectors/jforex/implementations/test_jforex_implementations_init.py::TestJForexImplementationsInit::test_module_is_empty PASSED [  0%]
tests/neural_ai/collectors/jforex/implementations/test_jforex_implementations_init.py::TestJForexImplementationsInit::test_module_docstring_mentions_factory PASSED [  1%]
tests/neural_ai/collectors/jforex/interfaces/test_jforex_downloader_interface.py::TestIJForexDownloader::test_interface_is_abstract PASSED [  1%]
tests/neural_ai/collectors/jforex/interfaces/test_jforex_downloader_interface.py::TestIJForexDownloader::test_concrete_implementation_can_be_instantiated PASSED [  1%]
tests/neural_ai/collectors/jforex/interfaces/test_jforex_downloader_interface.py::TestIJForexDownloader::test_download_tick_data_signature PASSED [  1%]
tests/neural_ai/collectors/jforex/interfaces/test_jforex_downloader_interface.py::TestIJForexDownloader::test_get_available_dates_signature PASSED [  1%]
tests/neural_ai/collectors/jforex/interfaces/test_jforex_downloader_interface.py::TestIJForexDownloader::test_validate_bi5_data_signature PASSED [  1%]
tests/neural_ai/collectors/jforex/interfaces/test_jforex_downloader_interface.py::TestIJForexDownloader::test_close_signature PASSED [  1%]
tests/neural_ai/collectors/jforex/interfaces/test_jforex_downloader_interface.py::TestIJForexDownloader::test_interface_has_all_required_methods PASSED [  1%]
tests/neural_ai/collectors/jforex/interfaces/test_jforex_interfaces_init.py::TestJForexInterfacesInit::test_ijforexdownloader_exported PASSED [  1%]
tests/neural_ai/collectors/jforex/interfaces/test_jforex_interfaces_init.py::TestJForexInterfacesInit::test_ilivefeed_exported PASSED [  1%]
tests/neural_ai/collectors/jforex/interfaces/test_jforex_interfaces_init.py::TestJForexInterfacesInit::test_tickdata_exported PASSED [  1%]
tests/neural_ai/collectors/jforex/interfaces/test_jforex_live_interface.py::TestILiveFeed::test_interface_is_abstract PASSED [  1%]
tests/neural_ai/collectors/jforex/interfaces/test_jforex_live_interface.py::TestILiveFeed::test_concrete_implementation_can_be_instantiated PASSED [  1%]
tests/neural_ai/collectors/jforex/interfaces/test_jforex_live_interface.py::TestILiveFeed::test_start_signature PASSED [  1%]
tests/neural_ai/collectors/jforex/interfaces/test_jforex_live_interface.py::TestILiveFeed::test_stop_signature PASSED [  1%]
tests/neural_ai/collectors/jforex/interfaces/test_jforex_live_interface.py::TestILiveFeed::test_is_running_signature PASSED [  1%]
tests/neural_ai/collectors/jforex/interfaces/test_jforex_live_interface.py::TestILiveFeed::test_interface_has_all_required_methods PASSED [  1%]
tests/neural_ai/collectors/jforex/interfaces/test_jforex_live_interface.py::TestILiveFeed::test_lifecycle PASSED [  1%]
tests/neural_ai/collectors/jforex/interfaces/test_jforex_tick_data.py::TestTickData::test_tick_data_creation_with_required_fields PASSED [  1%]
tests/neural_ai/collectors/jforex/interfaces/test_jforex_tick_data.py::TestTickData::test_tick_data_creation_with_all_fields PASSED [  1%]
tests/neural_ai/collectors/jforex/interfaces/test_jforex_tick_data.py::TestTickData::test_spread_calculation PASSED [  1%]
tests/neural_ai/collectors/jforex/interfaces/test_jforex_tick_data.py::TestTickData::test_spread_calculation_with_larger_spread PASSED [  1%]
tests/neural_ai/collectors/jforex/interfaces/test_jforex_tick_data.py::TestTickData::test_mid_price_calculation PASSED [  1%]
tests/neural_ai/collectors/jforex/interfaces/test_jforex_tick_data.py::TestTickData::test_mid_price_rounding PASSED [  1%]
tests/neural_ai/collectors/jforex/interfaces/test_jforex_tick_data.py::TestTickData::test_tick_data_is_dataclass PASSED [  2%]
tests/neural_ai/collectors/jforex/interfaces/test_jforex_tick_data.py::TestTickData::test_tick_data_equality PASSED [  2%]
tests/neural_ai/collectors/jforex/interfaces/test_jforex_tick_data.py::TestTickData::test_tick_data_inequality PASSED [  2%]
tests/neural_ai/collectors/jforex/interfaces/test_jforex_tick_data.py::TestTickData::test_spread_with_zero_spread PASSED [  2%]
tests/neural_ai/collectors/jforex/test_bi5_downloader.py::TestBi5Downloader::test_base_timestamp_calculation_retains_hour PASSED [  2%]
tests/neural_ai/collectors/jforex/test_bi5_downloader.py::TestBi5Downloader::test_base_timestamp_calculation_different_hours PASSED [  2%]
tests/neural_ai/collectors/jforex/test_bi5_downloader.py::TestBi5Downloader::test_process_bi5_data_12_byte_format PASSED [  2%]
tests/neural_ai/collectors/jforex/test_bi5_downloader.py::TestBi5Downloader::test_process_bi5_data_20_byte_format PASSED [  2%]
tests/neural_ai/collectors/jforex/test_bi5_downloader.py::TestBi5Downloader::test_process_bi5_data_empty_file PASSED [  2%]
tests/neural_ai/collectors/jforex/test_bi5_downloader.py::TestBi5Downloader::test_process_bi5_data_invalid_prices PASSED [  2%]
tests/neural_ai/collectors/jforex/test_bi5_downloader.py::TestBi5Downloader::test_process_bi5_data_invalid_timestamp_delta PASSED [  2%]
tests/neural_ai/collectors/jforex/test_bi5_downloader.py::TestBi5Downloader::test_process_bi5_data_date_mismatch PASSED [  2%]
tests/neural_ai/collectors/jforex/test_bi5_downloader.py::TestBi5Downloader::test_build_url PASSED [  2%]
tests/neural_ai/collectors/jforex/test_bi5_downloader.py::TestBi5Downloader::test_build_storage_path PASSED [  2%]
tests/neural_ai/collectors/jforex/test_bi5_downloader.py::TestBi5Downloader::test_download_tick_data_success PASSED [  2%]
tests/neural_ai/collectors/jforex/test_bi5_downloader.py::TestBi5Downloader::test_download_tick_data_not_available PASSED [  2%]
tests/neural_ai/collectors/jforex/test_bi5_downloader.py::TestBi5Downloader::test_download_tick_data_already_exists PASSED [  2%]
tests/neural_ai/collectors/jforex/test_bi5_downloader.py::TestBi5Downloader::test_validate_bi5_data_valid PASSED [  2%]
tests/neural_ai/collectors/jforex/test_bi5_downloader.py::TestBi5Downloader::test_validate_bi5_data_invalid_size PASSED [  2%]
tests/neural_ai/collectors/jforex/test_bi5_downloader.py::TestBi5Downloader::test_validate_bi5_data_invalid_lzma PASSED [  2%]
tests/neural_ai/collectors/jforex/test_bi5_downloader.py::TestBi5Downloader::test_validate_bi5_data_empty_decompressed PASSED [  2%]
tests/neural_ai/collectors/jforex/test_bi5_downloader.py::TestBi5Downloader::test_validate_bi5_data_invalid_record_count PASSED [  2%]
tests/neural_ai/collectors/jforex/test_bi5_downloader.py::TestBi5Downloader::test_validate_bi5_data_negative_timestamp_delta PASSED [  2%]
tests/neural_ai/collectors/jforex/test_bi5_downloader.py::TestBi5Downloader::test_validate_bi5_data_invalid_prices PASSED [  2%]
tests/neural_ai/collectors/jforex/test_bi5_downloader.py::TestBi5Downloader::test_validate_bi5_data_extreme_prices PASSED [  3%]
tests/neural_ai/collectors/jforex/test_bi5_downloader.py::TestBi5Downloader::test_validate_bi5_data_20_byte_format PASSED [  3%]
tests/neural_ai/collectors/jforex/test_bi5_downloader.py::TestBi5Downloader::test_validate_bi5_data_20_byte_noise_volumes PASSED [  3%]
tests/neural_ai/collectors/jforex/test_bi5_downloader.py::TestBi5Downloader::test_validate_bi5_data_zero_records PASSED [  3%]
tests/neural_ai/collectors/jforex/test_bi5_downloader.py::TestBi5Downloader::test_close PASSED [  3%]
tests/neural_ai/collectors/jforex/test_bi5_downloader.py::TestBi5Downloader::test_detect_format_12_byte_default PASSED [  3%]
tests/neural_ai/collectors/jforex/test_bi5_downloader.py::TestBi5Downloader::test_detect_format_20_byte_with_valid_volumes PASSED [  3%]
tests/neural_ai/collectors/jforex/test_bi5_downloader.py::TestBi5Downloader::test_detect_format_20_byte_rejects_noise_volumes PASSED [  3%]
tests/neural_ai/collectors/jforex/test_bi5_downloader.py::TestBi5Downloader::test_detect_format_20_byte_rejects_zero_volumes PASSED [  3%]
tests/neural_ai/collectors/jforex/test_bi5_downloader.py::TestBi5Downloader::test_detect_format_12_byte_only PASSED [  3%]
tests/neural_ai/collectors/jforex/test_bi5_downloader.py::TestBi5Downloader::test_download_binary_http_error PASSED [  3%]
tests/neural_ai/collectors/jforex/test_bi5_downloader.py::TestBi5Downloader::test_download_binary_status_error PASSED [  3%]
tests/neural_ai/collectors/jforex/test_bi5_downloader.py::TestBi5Downloader::test_detect_format_exception PASSED [  3%]
tests/neural_ai/collectors/jforex/test_bi5_downloader.py::TestBi5Downloader::test_process_bi5_data_decode_error PASSED [  3%]
tests/neural_ai/collectors/jforex/test_bi5_downloader.py::TestBi5Downloader::test_publish_ticks_batching PASSED [  3%]
tests/neural_ai/collectors/jforex/test_bi5_downloader.py::TestBi5Downloader::test_publish_ticks_no_event_bus PASSED [  3%]
tests/neural_ai/collectors/jforex/test_bi5_downloader.py::TestBi5Downloader::test_download_tick_data_metadata_error PASSED [  3%]
tests/neural_ai/collectors/jforex/test_bi5_downloader.py::TestBi5Downloader::test_validate_bi5_data_first_record_failure PASSED [  3%]
tests/neural_ai/collectors/jforex/test_bi5_downloader.py::TestBi5Downloader::test_process_bi5_data_negative_delta PASSED [  3%]
tests/neural_ai/collectors/jforex/test_bi5_downloader.py::TestBi5Downloader::test_validate_bi5_data_struct_error PASSED [  3%]
tests/neural_ai/collectors/jforex/test_bi5_downloader.py::TestBi5Downloader::test_validate_bi5_data_large_price PASSED [  3%]
tests/neural_ai/collectors/jforex/test_bi5_downloader.py::TestBi5Downloader::test_get_available_dates PASSED [  3%]
tests/neural_ai/collectors/jforex/test_bi5_downloader.py::TestBi5Downloader::test_init_default_url PASSED [  3%]
tests/neural_ai/collectors/jforex/test_jforex_factory.py::TestJForexFactory::test_create_downloader_valid_config PASSED [  3%]
tests/neural_ai/collectors/jforex/test_jforex_factory.py::TestJForexFactory::test_create_downloader_invalid_config PASSED [  4%]
tests/neural_ai/collectors/jforex/test_jforex_factory.py::TestJForexFactory::test_create_live_feed_valid_config PASSED [  4%]
tests/neural_ai/collectors/jforex/test_jforex_factory.py::TestJForexFactory::test_create_live_feed_invalid_port PASSED [  4%]
tests/neural_ai/collectors/jforex/test_jforex_factory.py::TestJForexFactory::test_create_live_feed_disabled_config PASSED [  4%]
tests/neural_ai/collectors/jforex/test_jforex_factory.py::TestJForexFactory::test_create_live_feed_missing_config PASSED [  4%]
tests/neural_ai/collectors/jforex/test_jforex_factory.py::TestJForexFactory::test_create_downloader_none_config PASSED [  4%]
tests/neural_ai/collectors/jforex/test_jforex_factory.py::TestJForexFactory::test_create_live_feed_empty_host PASSED [  4%]
tests/neural_ai/collectors/jforex/test_jforex_factory.py::TestJForexFactory::test_create_downloader_returns_correct_interface PASSED [  4%]
tests/neural_ai/collectors/jforex/test_jforex_factory.py::TestJForexFactory::test_create_live_feed_returns_correct_interface PASSED [  4%]
tests/neural_ai/collectors/jforex/test_jforex_init.py::TestJForexCollectorInit::test_jforexfactory_exported PASSED [  4%]
tests/neural_ai/collectors/jforex/test_jforex_init.py::TestJForexCollectorInit::test_ijforexdownloader_exported PASSED [  4%]
tests/neural_ai/collectors/jforex/test_live_feed.py::TestJForexLiveFeed::test_start_success PASSED [  4%]
tests/neural_ai/collectors/jforex/test_live_feed.py::TestJForexLiveFeed::test_start_when_already_running PASSED [  4%]
tests/neural_ai/collectors/jforex/test_live_feed.py::TestJForexLiveFeed::test_stop_success PASSED [  4%]
tests/neural_ai/collectors/jforex/test_live_feed.py::TestJForexLiveFeed::test_stop_when_not_running PASSED [  4%]
tests/neural_ai/collectors/jforex/test_live_feed.py::TestJForexLiveFeed::test_process_tick_data_success PASSED [  4%]
tests/neural_ai/collectors/jforex/test_live_feed.py::TestJForexLiveFeed::test_process_tick_data_error PASSED [  4%]
tests/neural_ai/collectors/jforex/test_live_feed.py::TestJForexLiveFeed::test_listen_loop_processes_tick PASSED [  4%]
tests/neural_ai/collectors/jforex/test_live_feed.py::TestJForexLiveFeed::test_is_running_returns_correct_state PASSED [  4%]
tests/neural_ai/collectors/jforex/test_live_feed.py::TestJForexLiveFeed::test_init_with_empty_config_logs_warning PASSED [  4%]
tests/neural_ai/collectors/jforex/test_live_feed.py::TestJForexLiveFeed::test_init_with_config_logs_debug PASSED [  4%]
tests/neural_ai/collectors/jforex/test_live_feed.py::TestJForexLiveFeed::test_start_raises_exception_on_zmq_failure PASSED [  4%]
tests/neural_ai/collectors/jforex/test_live_feed.py::TestJForexLiveFeed::test_listen_loop_handles_socket_none PASSED [  4%]
tests/neural_ai/collectors/jforex/test_live_feed_integration.py::TestJForexLiveFeedIntegration::test_valid_json_creates_market_data_event PASSED [  4%]
tests/neural_ai/collectors/jforex/test_live_feed_integration.py::TestJForexLiveFeedIntegration::test_invalid_json_handles_gracefully PASSED [  5%]
tests/neural_ai/collectors/jforex/test_live_feed_integration.py::TestJForexLiveFeedIntegration::test_missing_required_fields PASSED [  5%]
tests/neural_ai/collectors/jforex/test_live_feed_integration.py::TestJForexLiveFeedIntegration::test_negative_bid_price PASSED [  5%]
tests/neural_ai/collectors/jforex/test_live_feed_integration.py::TestJForexLiveFeedIntegration::test_multiple_ticks_sequential PASSED [  5%]
tests/neural_ai/collectors/jforex/test_live_feed_integration.py::TestJForexLiveFeedIntegration::test_zmq_socket_mock_full_flow PASSED [  5%]
tests/neural_ai/collectors/jforex/test_live_feed_integration.py::TestJForexLiveFeedIntegration::test_reconnect_on_socket_error PASSED [  5%]
tests/neural_ai/collectors/jforex/test_live_feed_integration.py::TestJForexLiveFeedIntegration::test_event_bus_publish_called_with_correct_topic PASSED [  5%]
tests/neural_ai/collectors/test_collectors_init.py::TestCollectorsInit::test_module_has_all_attribute PASSED [  5%]
tests/neural_ai/collectors/test_collectors_init.py::TestCollectorsInit::test_all_exports_jforex_factory PASSED [  5%]
tests/neural_ai/collectors/test_collectors_init.py::TestCollectorsInit::test_all_exports_count PASSED [  5%]
tests/neural_ai/collectors/test_collectors_init.py::TestCollectorsInit::test_jforex_factory_importable PASSED [  5%]
tests/neural_ai/collectors/test_collectors_init.py::TestCollectorsInit::test_jforex_factory_is_correct_class PASSED [  5%]
tests/neural_ai/collectors/test_collectors_init.py::TestCollectorsInit::test_module_docstring_exists PASSED [  5%]
tests/neural_ai/collectors/test_collectors_init.py::TestCollectorsInit::test_module_docstring_contains_description PASSED [  5%]
tests/neural_ai/collectors/test_collectors_init.py::TestCollectorsInit::test_no_private_exports PASSED [  5%]
tests/neural_ai/collectors/test_collectors_init.py::TestCollectorsInit::test_all_exports_are_accessible PASSED [  5%]
tests/neural_ai/collectors/test_collectors_init.py::TestCollectorsInit::test_all_exports_are_classes PASSED [  5%]
tests/neural_ai/core/base/exceptions/test_base_error.py::TestNeuralAIException::test_base_exception_can_be_raised PASSED [  5%]
tests/neural_ai/core/base/exceptions/test_base_error.py::TestNeuralAIException::test_base_exception_with_message PASSED [  5%]
tests/neural_ai/core/base/exceptions/test_base_error.py::TestNeuralAIException::test_base_exception_inheritance PASSED [  5%]
tests/neural_ai/core/base/exceptions/test_base_error.py::TestStorageException::test_storage_exception_can_be_raised PASSED [  5%]
tests/neural_ai/core/base/exceptions/test_base_error.py::TestStorageException::test_storage_exception_inheritance PASSED [  5%]
tests/neural_ai/core/base/exceptions/test_base_error.py::TestStorageException::test_storage_exception_with_message PASSED [  5%]
tests/neural_ai/core/base/exceptions/test_base_error.py::TestStorageWriteError::test_storage_write_error_can_be_raised PASSED [  5%]
tests/neural_ai/core/base/exceptions/test_base_error.py::TestStorageWriteError::test_storage_write_error_inheritance PASSED [  6%]
tests/neural_ai/core/base/exceptions/test_base_error.py::TestStorageWriteError::test_storage_write_error_message PASSED [  6%]
tests/neural_ai/core/base/exceptions/test_base_error.py::TestStorageReadError::test_storage_read_error_can_be_raised PASSED [  6%]
tests/neural_ai/core/base/exceptions/test_base_error.py::TestStorageReadError::test_storage_read_error_inheritance PASSED [  6%]
tests/neural_ai/core/base/exceptions/test_base_error.py::TestStorageReadError::test_storage_read_error_message PASSED [  6%]
tests/neural_ai/core/base/exceptions/test_base_error.py::TestStoragePermissionError::test_storage_permission_error_can_be_raised PASSED [  6%]
tests/neural_ai/core/base/exceptions/test_base_error.py::TestStoragePermissionError::test_storage_permission_error_inheritance PASSED [  6%]
tests/neural_ai/core/base/exceptions/test_base_error.py::TestStoragePermissionError::test_storage_permission_error_message PASSED [  6%]
tests/neural_ai/core/base/exceptions/test_base_error.py::TestConfigurationError::test_configuration_error_can_be_raised PASSED [  6%]
tests/neural_ai/core/base/exceptions/test_base_error.py::TestConfigurationError::test_configuration_error_inheritance PASSED [  6%]
tests/neural_ai/core/base/exceptions/test_base_error.py::TestConfigurationError::test_configuration_error_message PASSED [  6%]
tests/neural_ai/core/base/exceptions/test_base_error.py::TestDependencyError::test_dependency_error_can_be_raised PASSED [  6%]
tests/neural_ai/core/base/exceptions/test_base_error.py::TestDependencyError::test_dependency_error_inheritance PASSED [  6%]
tests/neural_ai/core/base/exceptions/test_base_error.py::TestDependencyError::test_dependency_error_message PASSED [  6%]
tests/neural_ai/core/base/exceptions/test_base_error.py::TestSingletonViolationError::test_singleton_violation_error_can_be_raised PASSED [  6%]
tests/neural_ai/core/base/exceptions/test_base_error.py::TestSingletonViolationError::test_singleton_violation_error_inheritance PASSED [  6%]
tests/neural_ai/core/base/exceptions/test_base_error.py::TestSingletonViolationError::test_singleton_violation_error_message PASSED [  6%]
tests/neural_ai/core/base/exceptions/test_base_error.py::TestComponentNotFoundError::test_component_not_found_error_can_be_raised PASSED [  6%]
tests/neural_ai/core/base/exceptions/test_base_error.py::TestComponentNotFoundError::test_component_not_found_error_inheritance PASSED [  6%]
tests/neural_ai/core/base/exceptions/test_base_error.py::TestComponentNotFoundError::test_component_not_found_error_message PASSED [  6%]
tests/neural_ai/core/base/exceptions/test_base_error.py::TestNetworkException::test_network_exception_can_be_raised PASSED [  6%]
tests/neural_ai/core/base/exceptions/test_base_error.py::TestNetworkException::test_network_exception_inheritance PASSED [  6%]
tests/neural_ai/core/base/exceptions/test_base_error.py::TestNetworkException::test_network_exception_message PASSED [  6%]
tests/neural_ai/core/base/exceptions/test_base_error.py::TestTimeoutError::test_timeout_error_can_be_raised PASSED [  6%]
tests/neural_ai/core/base/exceptions/test_base_error.py::TestTimeoutError::test_timeout_error_inheritance PASSED [  7%]
tests/neural_ai/core/base/exceptions/test_base_error.py::TestTimeoutError::test_timeout_error_message PASSED [  7%]
tests/neural_ai/core/base/exceptions/test_base_error.py::TestConnectionError::test_connection_error_can_be_raised PASSED [  7%]
tests/neural_ai/core/base/exceptions/test_base_error.py::TestConnectionError::test_connection_error_inheritance PASSED [  7%]
tests/neural_ai/core/base/exceptions/test_base_error.py::TestConnectionError::test_connection_error_message PASSED [  7%]
tests/neural_ai/core/base/exceptions/test_base_error.py::TestInsufficientDiskSpaceError::test_insufficient_disk_space_error_can_be_raised PASSED [  7%]
tests/neural_ai/core/base/exceptions/test_base_error.py::TestInsufficientDiskSpaceError::test_insufficient_disk_space_error_inheritance PASSED [  7%]
tests/neural_ai/core/base/exceptions/test_base_error.py::TestInsufficientDiskSpaceError::test_insufficient_disk_space_error_message PASSED [  7%]
tests/neural_ai/core/base/exceptions/test_base_error.py::TestPermissionDeniedError::test_permission_denied_error_can_be_raised PASSED [  7%]
tests/neural_ai/core/base/exceptions/test_base_error.py::TestPermissionDeniedError::test_permission_denied_error_inheritance PASSED [  7%]
tests/neural_ai/core/base/exceptions/test_base_error.py::TestPermissionDeniedError::test_permission_denied_error_message PASSED [  7%]
tests/neural_ai/core/base/exceptions/test_base_exceptions_init.py::TestExceptionsInit::test_neural_ai_exception_import PASSED [  7%]
tests/neural_ai/core/base/exceptions/test_base_exceptions_init.py::TestExceptionsInit::test_storage_exception_import PASSED [  7%]
tests/neural_ai/core/base/exceptions/test_base_exceptions_init.py::TestExceptionsInit::test_storage_write_error_import PASSED [  7%]
tests/neural_ai/core/base/exceptions/test_base_exceptions_init.py::TestExceptionsInit::test_storage_read_error_import PASSED [  7%]
tests/neural_ai/core/base/exceptions/test_base_exceptions_init.py::TestExceptionsInit::test_storage_permission_error_import PASSED [  7%]
tests/neural_ai/core/base/exceptions/test_base_exceptions_init.py::TestExceptionsInit::test_configuration_error_import PASSED [  7%]
tests/neural_ai/core/base/exceptions/test_base_exceptions_init.py::TestExceptionsInit::test_dependency_error_import PASSED [  7%]
tests/neural_ai/core/base/exceptions/test_base_exceptions_init.py::TestExceptionsInit::test_singleton_violation_error_import PASSED [  7%]
tests/neural_ai/core/base/exceptions/test_base_exceptions_init.py::TestExceptionsInit::test_component_not_found_error_import PASSED [  7%]
tests/neural_ai/core/base/exceptions/test_base_exceptions_init.py::TestExceptionsInit::test_network_exception_import PASSED [  7%]
tests/neural_ai/core/base/exceptions/test_base_exceptions_init.py::TestExceptionsInit::test_timeout_error_import PASSED [  7%]
tests/neural_ai/core/base/exceptions/test_base_exceptions_init.py::TestExceptionsInit::test_connection_error_import PASSED [  7%]
tests/neural_ai/core/base/exceptions/test_base_exceptions_init.py::TestExceptionsInit::test_insufficient_disk_space_error_import PASSED [  7%]
tests/neural_ai/core/base/exceptions/test_base_exceptions_init.py::TestExceptionsInit::test_permission_denied_error_import PASSED [  8%]
tests/neural_ai/core/base/exceptions/test_base_exceptions_init.py::TestExceptionsInit::test_all_exports_available PASSED [  8%]
tests/neural_ai/core/base/exceptions/test_base_exceptions_init.py::TestExceptionsInit::test_exception_inheritance_hierarchy PASSED [  8%]
tests/neural_ai/core/base/exceptions/test_base_exceptions_init.py::TestExceptionsInit::test_exceptions_can_be_raised PASSED [  8%]
tests/neural_ai/core/base/exceptions/test_base_exceptions_init.py::TestExceptionsInit::test_exception_messages PASSED [  8%]
tests/neural_ai/core/base/implementations/test_base_implementations_init.py::test_implementations_init_importable PASSED [  8%]
tests/neural_ai/core/base/implementations/test_base_implementations_init.py::test_implementations_init_exports_nothing PASSED [  8%]
tests/neural_ai/core/base/implementations/test_base_implementations_init.py::test_implementations_init_has_docstring PASSED [  8%]
tests/neural_ai/core/base/implementations/test_component_bundle.py::TestCoreComponents::test_init_with_container PASSED [  8%]
tests/neural_ai/core/base/implementations/test_component_bundle.py::TestCoreComponents::test_init_without_container PASSED [  8%]
tests/neural_ai/core/base/implementations/test_component_bundle.py::TestCoreComponents::test_config_property_none PASSED [  8%]
tests/neural_ai/core/base/implementations/test_component_bundle.py::TestCoreComponents::test_config_property_with_instance PASSED [  8%]
tests/neural_ai/core/base/implementations/test_component_bundle.py::TestCoreComponents::test_logger_property_none PASSED [  8%]
tests/neural_ai/core/base/implementations/test_component_bundle.py::TestCoreComponents::test_logger_property_with_instance PASSED [  8%]
tests/neural_ai/core/base/implementations/test_component_bundle.py::TestCoreComponents::test_storage_property_none PASSED [  8%]
tests/neural_ai/core/base/implementations/test_component_bundle.py::TestCoreComponents::test_storage_property_with_instance PASSED [  8%]
tests/neural_ai/core/base/implementations/test_component_bundle.py::TestCoreComponents::test_database_property_none PASSED [  8%]
tests/neural_ai/core/base/implementations/test_component_bundle.py::TestCoreComponents::test_database_property_with_instance PASSED [  8%]
tests/neural_ai/core/base/implementations/test_component_bundle.py::TestCoreComponents::test_event_bus_property_none PASSED [  8%]
tests/neural_ai/core/base/implementations/test_component_bundle.py::TestCoreComponents::test_event_bus_property_with_instance PASSED [  8%]
tests/neural_ai/core/base/implementations/test_component_bundle.py::TestCoreComponents::test_hardware_property_none PASSED [  8%]
tests/neural_ai/core/base/implementations/test_component_bundle.py::TestCoreComponents::test_hardware_property_with_instance PASSED [  8%]
tests/neural_ai/core/base/implementations/test_component_bundle.py::TestCoreComponents::test_has_config_false PASSED [  8%]
tests/neural_ai/core/base/implementations/test_component_bundle.py::TestCoreComponents::test_has_config_true PASSED [  8%]
tests/neural_ai/core/base/implementations/test_component_bundle.py::TestCoreComponents::test_has_logger_false PASSED [  9%]
tests/neural_ai/core/base/implementations/test_component_bundle.py::TestCoreComponents::test_has_logger_true PASSED [  9%]
tests/neural_ai/core/base/implementations/test_component_bundle.py::TestCoreComponents::test_has_storage_false PASSED [  9%]
tests/neural_ai/core/base/implementations/test_component_bundle.py::TestCoreComponents::test_has_storage_true PASSED [  9%]
tests/neural_ai/core/base/implementations/test_component_bundle.py::TestCoreComponents::test_has_database_false PASSED [  9%]
tests/neural_ai/core/base/implementations/test_component_bundle.py::TestCoreComponents::test_has_database_true PASSED [  9%]
tests/neural_ai/core/base/implementations/test_component_bundle.py::TestCoreComponents::test_has_event_bus_false PASSED [  9%]
tests/neural_ai/core/base/implementations/test_component_bundle.py::TestCoreComponents::test_has_event_bus_true PASSED [  9%]
tests/neural_ai/core/base/implementations/test_component_bundle.py::TestCoreComponents::test_has_hardware_false PASSED [  9%]
tests/neural_ai/core/base/implementations/test_component_bundle.py::TestCoreComponents::test_has_hardware_true PASSED [  9%]
tests/neural_ai/core/base/implementations/test_component_bundle.py::TestCoreComponents::test_validate_false_when_empty PASSED [  9%]
tests/neural_ai/core/base/implementations/test_component_bundle.py::TestCoreComponents::test_validate_true_when_all_present PASSED [  9%]
tests/neural_ai/core/base/implementations/test_component_bundle.py::TestCoreComponents::test_validate_false_when_some_missing PASSED [  9%]
tests/neural_ai/core/base/implementations/test_component_bundle.py::TestCoreComponents::test_persister_property_none PASSED [  9%]
tests/neural_ai/core/base/implementations/test_component_bundle.py::TestCoreComponents::test_persister_property_with_instance PASSED [  9%]
tests/neural_ai/core/base/implementations/test_component_bundle.py::TestCoreComponents::test_live_feed_property_none PASSED [  9%]
tests/neural_ai/core/base/implementations/test_component_bundle.py::TestCoreComponents::test_live_feed_property_with_instance PASSED [  9%]
tests/neural_ai/core/base/implementations/test_component_bundle.py::TestCoreComponents::test_set_persister PASSED [  9%]
tests/neural_ai/core/base/implementations/test_component_bundle.py::TestCoreComponents::test_set_live_feed PASSED [  9%]
tests/neural_ai/core/base/implementations/test_component_bundle.py::TestCoreComponents::test_has_persister_false PASSED [  9%]
tests/neural_ai/core/base/implementations/test_component_bundle.py::TestCoreComponents::test_has_persister_true PASSED [  9%]
tests/neural_ai/core/base/implementations/test_component_bundle.py::TestCoreComponents::test_has_live_feed_false PASSED [  9%]
tests/neural_ai/core/base/implementations/test_component_bundle.py::TestCoreComponents::test_has_live_feed_true PASSED [  9%]
tests/neural_ai/core/base/implementations/test_di_container.py::TestLazyComponent::test_initialization PASSED [  9%]
tests/neural_ai/core/base/implementations/test_di_container.py::TestLazyComponent::test_get_multiple_times PASSED [ 10%]
tests/neural_ai/core/base/implementations/test_di_container.py::TestLazyComponent::test_lazy_component_factory_returns_none PASSED [ 10%]
tests/neural_ai/core/base/implementations/test_di_container.py::TestDIContainer::test_initialization PASSED [ 10%]
tests/neural_ai/core/base/implementations/test_di_container.py::TestDIContainer::test_initialization_with_logger PASSED [ 10%]
tests/neural_ai/core/base/implementations/test_di_container.py::TestDIContainer::test_initialization_singleton_early_return PASSED [ 10%]
tests/neural_ai/core/base/implementations/test_di_container.py::TestDIContainer::test_register_instance PASSED [ 10%]
tests/neural_ai/core/base/implementations/test_di_container.py::TestDIContainer::test_register_instance_with_logger PASSED [ 10%]
tests/neural_ai/core/base/implementations/test_di_container.py::TestDIContainer::test_register_factory PASSED [ 10%]
tests/neural_ai/core/base/implementations/test_di_container.py::TestDIContainer::test_register_factory_with_logger PASSED [ 10%]
tests/neural_ai/core/base/implementations/test_di_container.py::TestDIContainer::test_resolve_instance PASSED [ 10%]
tests/neural_ai/core/base/implementations/test_di_container.py::TestDIContainer::test_resolve_factory PASSED [ 10%]
tests/neural_ai/core/base/implementations/test_di_container.py::TestDIContainer::test_resolve_not_found PASSED [ 10%]
tests/neural_ai/core/base/implementations/test_di_container.py::TestDIContainer::test_register_lazy PASSED [ 10%]
tests/neural_ai/core/base/implementations/test_di_container.py::TestDIContainer::test_register_lazy_with_logger PASSED [ 10%]
tests/neural_ai/core/base/implementations/test_di_container.py::TestDIContainer::test_register_lazy_invalid_name PASSED [ 10%]
tests/neural_ai/core/base/implementations/test_di_container.py::TestDIContainer::test_register_lazy_invalid_factory PASSED [ 10%]
tests/neural_ai/core/base/implementations/test_di_container.py::TestDIContainer::test_get_regular_instance PASSED [ 10%]
tests/neural_ai/core/base/implementations/test_di_container.py::TestDIContainer::test_get_lazy_component PASSED [ 10%]
tests/neural_ai/core/base/implementations/test_di_container.py::TestDIContainer::test_get_not_found PASSED [ 10%]
tests/neural_ai/core/base/implementations/test_di_container.py::TestDIContainer::test_get_lazy_components_status PASSED [ 10%]
tests/neural_ai/core/base/implementations/test_di_container.py::TestDIContainer::test_preload_components PASSED [ 10%]
tests/neural_ai/core/base/implementations/test_di_container.py::TestDIContainer::test_preload_components_with_logger PASSED [ 10%]
tests/neural_ai/core/base/implementations/test_di_container.py::TestDIContainer::test_preload_components_not_found PASSED [ 10%]
tests/neural_ai/core/base/implementations/test_di_container.py::TestDIContainer::test_clear PASSED [ 10%]
tests/neural_ai/core/base/implementations/test_di_container.py::TestDIContainer::test_register_method PASSED [ 11%]
tests/neural_ai/core/base/implementations/test_di_container.py::TestDIContainer::test_register_method_with_logger PASSED [ 11%]
tests/neural_ai/core/base/implementations/test_di_container.py::TestDIContainer::test_register_invalid_name PASSED [ 11%]
tests/neural_ai/core/base/implementations/test_di_container.py::TestDIContainer::test_register_none_instance PASSED [ 11%]
tests/neural_ai/core/base/implementations/test_di_container.py::TestDIContainer::test_enforce_singleton_violation PASSED [ 11%]
tests/neural_ai/core/base/implementations/test_di_container.py::TestDIContainer::test_enforce_singleton_no_violation PASSED [ 11%]
tests/neural_ai/core/base/implementations/test_di_container.py::TestDIContainer::test_get_memory_usage PASSED [ 11%]
tests/neural_ai/core/base/implementations/test_lazy_loader.py::TestLazyLoader::test_init PASSED [ 11%]
tests/neural_ai/core/base/implementations/test_lazy_loader.py::TestLazyLoader::test_call_first_time PASSED [ 11%]
tests/neural_ai/core/base/implementations/test_lazy_loader.py::TestLazyLoader::test_call_multiple_times PASSED [ 11%]
tests/neural_ai/core/base/implementations/test_lazy_loader.py::TestLazyLoader::test_is_loaded_property PASSED [ 11%]
tests/neural_ai/core/base/implementations/test_lazy_loader.py::TestLazyLoader::test_reset PASSED [ 11%]
tests/neural_ai/core/base/implementations/test_lazy_loader.py::TestLazyLoader::test_thread_safety PASSED [ 11%]
tests/neural_ai/core/base/implementations/test_lazy_loader.py::TestLazyProperty::test_lazy_property_first_access PASSED [ 11%]
tests/neural_ai/core/base/implementations/test_lazy_loader.py::TestLazyProperty::test_lazy_property_multiple_access PASSED [ 11%]
tests/neural_ai/core/base/implementations/test_lazy_loader.py::TestLazyProperty::test_lazy_property_different_instances PASSED [ 11%]
tests/neural_ai/core/base/implementations/test_lazy_loader.py::TestLazyProperty::test_lazy_property_with_complex_object PASSED [ 11%]
tests/neural_ai/core/base/implementations/test_singleton.py::TestSingletonMeta::test_singleton_creates_only_one_instance PASSED [ 11%]
tests/neural_ai/core/base/implementations/test_singleton.py::TestSingletonMeta::test_singleton_different_classes PASSED [ 11%]
tests/neural_ai/core/base/implementations/test_singleton.py::TestSingletonMeta::test_singleton_with_kwargs PASSED [ 11%]
tests/neural_ai/core/base/implementations/test_singleton.py::TestSingletonMeta::test_singleton_without_args PASSED [ 11%]
tests/neural_ai/core/base/implementations/test_singleton.py::TestSingletonMeta::test_singleton_has_initialized_flag PASSED [ 11%]
tests/neural_ai/core/base/implementations/test_singleton.py::TestSingletonMeta::test_singleton_has_instance_class_variable PASSED [ 11%]
tests/neural_ai/core/base/implementations/test_singleton.py::TestSingletonMeta::test_singleton_multiple_inheritance PASSED [ 11%]
tests/neural_ai/core/base/implementations/test_singleton.py::TestSingletonMeta::test_singleton_with_class_method PASSED [ 12%]
tests/neural_ai/core/base/implementations/test_singleton.py::TestSingletonMeta::test_singleton_instances_dict PASSED [ 12%]
tests/neural_ai/core/base/implementations/test_singleton.py::TestSingletonMeta::test_singleton_reset_behavior PASSED [ 12%]
tests/neural_ai/core/base/interfaces/test_base_interfaces_init.py::TestInterfacesInit::test_dicontainer_interface_import PASSED [ 12%]
tests/neural_ai/core/base/interfaces/test_base_interfaces_init.py::TestInterfacesInit::test_lazy_component_interface_import PASSED [ 12%]
tests/neural_ai/core/base/interfaces/test_base_interfaces_init.py::TestInterfacesInit::test_core_components_interface_import PASSED [ 12%]
tests/neural_ai/core/base/interfaces/test_base_interfaces_init.py::TestInterfacesInit::test_core_component_factory_interface_import PASSED [ 12%]
tests/neural_ai/core/base/interfaces/test_base_interfaces_init.py::TestInterfacesInit::test_all_exports_available PASSED [ 12%]
tests/neural_ai/core/base/interfaces/test_base_interfaces_init.py::TestInterfacesInit::test_interfaces_are_abstract PASSED [ 12%]
tests/neural_ai/core/base/interfaces/test_base_interfaces_init.py::TestInterfacesInit::test_dicontainer_interface_methods PASSED [ 12%]
tests/neural_ai/core/base/interfaces/test_base_interfaces_init.py::TestInterfacesInit::test_lazy_component_interface_methods PASSED [ 12%]
tests/neural_ai/core/base/interfaces/test_base_interfaces_init.py::TestInterfacesInit::test_core_components_interface_methods PASSED [ 12%]
tests/neural_ai/core/base/interfaces/test_base_interfaces_init.py::TestInterfacesInit::test_core_component_factory_interface_methods PASSED [ 12%]
tests/neural_ai/core/base/interfaces/test_base_interfaces_init.py::TestInterfacesInit::test_interfaces_cannot_be_instantiated PASSED [ 12%]
tests/neural_ai/core/base/interfaces/test_base_interfaces_init.py::TestInterfacesInit::test_interface_methods_are_abstract PASSED [ 12%]
tests/neural_ai/core/base/interfaces/test_component_interface.py::TestCoreComponentsInterface::test_interface_is_abstract PASSED [ 12%]
tests/neural_ai/core/base/interfaces/test_component_interface.py::TestCoreComponentsInterface::test_interface_has_required_methods PASSED [ 12%]
tests/neural_ai/core/base/interfaces/test_component_interface.py::TestCoreComponentsInterface::test_interface_methods_are_abstract PASSED [ 12%]
tests/neural_ai/core/base/interfaces/test_component_interface.py::TestCoreComponentsInterface::test_interface_has_correct_type_hints PASSED [ 12%]
tests/neural_ai/core/base/interfaces/test_component_interface.py::TestCoreComponentsInterface::test_interface_properties_accessible PASSED [ 12%]
tests/neural_ai/core/base/interfaces/test_component_interface.py::TestCoreComponentFactoryInterface::test_interface_is_abstract PASSED [ 12%]
tests/neural_ai/core/base/interfaces/test_component_interface.py::TestCoreComponentFactoryInterface::test_interface_has_required_methods PASSED [ 12%]
tests/neural_ai/core/base/interfaces/test_component_interface.py::TestCoreComponentFactoryInterface::test_interface_methods_are_abstract_and_static PASSED [ 12%]
tests/neural_ai/core/base/interfaces/test_component_interface.py::TestCoreComponentFactoryInterface::test_interface_has_correct_signatures PASSED [ 12%]
tests/neural_ai/core/base/interfaces/test_component_interface.py::TestCoreComponentFactoryInterface::test_all_abstract_methods_implemented PASSED [ 13%]
tests/neural_ai/core/base/interfaces/test_component_interface.py::TestCoreComponentFactoryInterface::test_factory_create_components_with_parameters PASSED [ 13%]
tests/neural_ai/core/base/interfaces/test_component_interface.py::TestCoreComponentFactoryInterface::test_factory_create_with_container_parameter PASSED [ 13%]
tests/neural_ai/core/base/interfaces/test_component_interface.py::TestCoreComponentFactoryInterface::test_factory_create_minimal_implementation PASSED [ 13%]
tests/neural_ai/core/base/interfaces/test_container_interface.py::TestDIContainerInterface::test_interface_is_abstract PASSED [ 13%]
tests/neural_ai/core/base/interfaces/test_container_interface.py::TestDIContainerInterface::test_interface_has_required_methods PASSED [ 13%]
tests/neural_ai/core/base/interfaces/test_container_interface.py::TestDIContainerInterface::test_interface_methods_are_abstract PASSED [ 13%]
tests/neural_ai/core/base/interfaces/test_container_interface.py::TestDIContainerInterface::test_interface_has_correct_type_hints PASSED [ 13%]
tests/neural_ai/core/base/interfaces/test_container_interface.py::TestDIContainerInterface::test_interface_methods_are_callable PASSED [ 13%]
tests/neural_ai/core/base/interfaces/test_container_interface.py::TestDIContainerInterface::test_interface_uses_generic_types PASSED [ 13%]
tests/neural_ai/core/base/interfaces/test_container_interface.py::TestDIContainerInterface::test_mock_implementation_register_instance PASSED [ 13%]
tests/neural_ai/core/base/interfaces/test_container_interface.py::TestDIContainerInterface::test_mock_implementation_register_factory PASSED [ 13%]
tests/neural_ai/core/base/interfaces/test_container_interface.py::TestDIContainerInterface::test_mock_implementation_resolve PASSED [ 13%]
tests/neural_ai/core/base/interfaces/test_container_interface.py::TestDIContainerInterface::test_mock_implementation_register_lazy PASSED [ 13%]
tests/neural_ai/core/base/interfaces/test_container_interface.py::TestDIContainerInterface::test_mock_implementation_get PASSED [ 13%]
tests/neural_ai/core/base/interfaces/test_container_interface.py::TestDIContainerInterface::test_mock_implementation_clear PASSED [ 13%]
tests/neural_ai/core/base/interfaces/test_container_interface.py::TestLazyComponentInterface::test_interface_is_abstract PASSED [ 13%]
tests/neural_ai/core/base/interfaces/test_container_interface.py::TestLazyComponentInterface::test_interface_has_required_methods PASSED [ 13%]
tests/neural_ai/core/base/interfaces/test_container_interface.py::TestLazyComponentInterface::test_interface_methods_are_abstract PASSED [ 13%]
tests/neural_ai/core/base/interfaces/test_container_interface.py::TestLazyComponentInterface::test_interface_has_correct_type_hints PASSED [ 13%]
tests/neural_ai/core/base/interfaces/test_container_interface.py::TestLazyComponentInterface::test_interface_methods_are_callable PASSED [ 13%]
tests/neural_ai/core/base/interfaces/test_container_interface.py::TestLazyComponentInterface::test_interface_defines_lazy_loading_contract PASSED [ 13%]
tests/neural_ai/core/base/interfaces/test_container_interface.py::TestLazyComponentInterface::test_mock_implementation_get PASSED [ 13%]
tests/neural_ai/core/base/interfaces/test_container_interface.py::TestLazyComponentInterface::test_mock_implementation_is_loaded PASSED [ 13%]
tests/neural_ai/core/base/test_base_factory.py::TestCoreComponentFactory::test_init_with_container PASSED [ 14%]
tests/neural_ai/core/base/test_base_factory.py::TestCoreComponentFactory::test_logger_property_returns_logger FAILED [ 14%]

=================================== FAILURES ===================================
_________ TestCoreComponentFactory.test_logger_property_returns_logger _________
tests/neural_ai/core/base/test_base_factory.py:74: in test_logger_property_returns_logger
    assert isinstance(logger, LoggerInterface)
           ^^^^^^^^^^^^^^^^^^^^^^^^^^^^^^^^^^^
E   TypeError: isinstance() arg 2 must be a type, a tuple of types, or a union
----------------------------- Captured stdout call -----------------------------
2026-04-03 14:59:25 [info     ] Singleton példány inicializálva extra={'extra': {'class_name': 'DIContainer'}}
2026-04-03 14:59:25 [debug    ] function_call                  extra={'call_id': '59551ac1-5ab6-4f17-81a4-99bc416b6ad4', 'function': '__call__', 'call_args': ['UNSAFE_ARG'], 'call_kwargs': {}, 'duration_ms': 0.297}
2026-04-03 14:59:25 [debug    ] function_call                  extra={'call_id': '806f364d-4b13-40f7-acdf-108c0ecc8ef0', 'function': 'register_instance', 'call_args': ['UNSAFE_ARG', 'UNSAFE_ARG', 'UNSAFE_ARG'], 'call_kwargs': {}, 'duration_ms': 0.054}
2026-04-03 14:59:25 [info     ] Singleton példány inicializálva extra={'extra': {'class_name': 'CoreComponentFactory'}}
2026-04-03 14:59:25 [debug    ] function_call                  extra={'call_id': '638be645-fb4b-441b-b81d-0d7dc1f386e2', 'function': '__call__', 'call_args': ['UNSAFE_ARG', 'UNSAFE_ARG'], 'call_kwargs': {}, 'duration_ms': 0.227}
2026-04-03 14:59:25 [debug    ] function_call                  extra={'call_id': '4cca182d-1206-4538-9ad8-7f1d26e1d55c', 'function': '_verify_singleton', 'call_args': ['UNSAFE_ARG', 'UNSAFE_ARG', "<MagicMock name='mock.LoggerInterface' id='124557068638720'>"], 'call_kwargs': {}, 'duration_ms': 0.001}
2026-04-03 14:59:25 [debug    ] function_call                  extra={'call_id': '5f97420a-a89f-4180-9d63-b1fba0d27a40', 'function': 'resolve', 'call_args': ['UNSAFE_ARG', 'UNSAFE_ARG'], 'call_kwargs': {}, 'duration_ms': 0.191}
2026-04-03 14:59:25 [debug    ] function_call                  extra={'call_id': '5d14f15d-7dc2-4a38-9466-a3fd6edc3b8d', 'function': '__call__', 'call_args': ['UNSAFE_ARG'], 'call_kwargs': {}, 'duration_ms': 0.34}
------------------------------ Captured log call -------------------------------
INFO     neural_ai.core.base.implementations.singleton:default_logger.py:106 Singleton példány inicializálva
INFO     neural_ai.core.base.implementations.singleton:default_logger.py:106 Singleton példány inicializálva
=============================== warnings summary ===============================
../../miniconda3/envs/neural-ai-next/lib/python3.12/site-packages/pydantic/_internal/_generate_schema.py:319
../../miniconda3/envs/neural-ai-next/lib/python3.12/site-packages/pydantic/_internal/_generate_schema.py:319
../../miniconda3/envs/neural-ai-next/lib/python3.12/site-packages/pydantic/_internal/_generate_schema.py:319
../../miniconda3/envs/neural-ai-next/lib/python3.12/site-packages/pydantic/_internal/_generate_schema.py:319
../../miniconda3/envs/neural-ai-next/lib/python3.12/site-packages/pydantic/_internal/_generate_schema.py:319
../../miniconda3/envs/neural-ai-next/lib/python3.12/site-packages/pydantic/_internal/_generate_schema.py:319
  /home/elynea/miniconda3/envs/neural-ai-next/lib/python3.12/site-packages/pydantic/_internal/_generate_schema.py:319: PydanticDeprecatedSince20: `json_encoders` is deprecated. See https://docs.pydantic.dev/2.12/concepts/serialization/#custom-serializers for alternatives. Deprecated in Pydantic V2.0 to be removed in V3.0. See Pydantic V2 Migration Guide at https://errors.pydantic.dev/2.12/migration/
    warnings.warn(

tests/scripts/test_audit_architecture.py:133
  /home/elynea/Dokumentumok/neural-ai-next/tests/scripts/test_audit_architecture.py:133: PytestUnknownMarkWarning: Unknown pytest.mark.slow - is this a typo?  You can register custom marks to avoid this warning - for details, see https://docs.pytest.org/en/stable/how-to/mark.html
    @pytest.mark.slow

-- Docs: https://docs.pytest.org/en/stable/how-to/capture-warnings.html
=========================== short test summary info ============================
FAILED tests/neural_ai/core/base/test_base_factory.py::TestCoreComponentFactory::test_logger_property_returns_logger
!!!!!!!!!!!!!!!!!!!!!!!!!! stopping after 1 failures !!!!!!!!!!!!!!!!!!!!!!!!!!!
============= 1 failed, 337 passed, 7 warnings in 81.18s (0:01:21) =============
