{"meta": {"format": 3, "version": "7.13.0", "timestamp": "2026-02-17T20:39:24.472565", "branch_coverage": true, "show_contexts": false}, "files": {"neural_ai/__init__.py": {"executed_lines": [1, 18, 19, 21, 23, 24, 29, 32, 35, 36, 41], "summary": {"covered_lines": 10, "num_statements": 12, "percent_covered": 83.33333333333333, "percent_covered_display": "83", "missing_lines": 2, "excluded_lines": 0, "percent_statements_covered": 83.33333333333333, "percent_statements_covered_display": "83", "num_branches": 0, "num_partial_branches": 0, "covered_branches": 0, "missing_branches": 0, "percent_branches_covered": 100.0, "percent_branches_covered_display": "100"}, "missing_lines": [25, 27], "excluded_lines": [], "executed_branches": [], "missing_branches": [], "functions": {"": {"executed_lines": [1, 18, 19, 21, 23, 24, 29, 32, 35, 36, 41], "summary": {"covered_lines": 10, "num_statements": 12, "percent_covered": 83.33333333333333, "percent_covered_display": "83", "missing_lines": 2, "excluded_lines": 0, "percent_statements_covered": 83.33333333333333, "percent_statements_covered_display": "83", "num_branches": 0, "num_partial_branches": 0, "covered_branches": 0, "missing_branches": 0, "percent_branches_covered": 100.0, "percent_branches_covered_display": "100"}, "missing_lines": [25, 27], "excluded_lines": [], "executed_branches": [], "missing_branches": []}}, "classes": {"": {"executed_lines": [1, 18, 19, 21, 23, 24, 29, 32, 35, 36, 41], "summary": {"covered_lines": 10, "num_statements": 12, "percent_covered": 83.33333333333333, "percent_covered_display": "83", "missing_lines": 2, "excluded_lines": 0, "percent_statements_covered": 83.33333333333333, "percent_statements_covered_display": "83", "num_branches": 0, "num_partial_branches": 0, "covered_branches": 0, "missing_branches": 0, "percent_branches_covered": 100.0, "percent_branches_covered_display": "100"}, "missing_lines": [25, 27], "excluded_lines": [], "executed_branches": [], "missing_branches": []}}}, "neural_ai/collectors/__init__.py": {"executed_lines": [1, 3, 5], "summary": {"covered_lines": 2, "num_statements": 2, "percent_covered": 100.0, "percent_covered_display": "100", "missing_lines": 0, "excluded_lines": 0, "percent_statements_covered": 100.0, "percent_statements_covered_display": "100", "num_branches": 0, "num_partial_branches": 0, "covered_branches": 0, "missing_branches": 0, "percent_branches_covered": 100.0, "percent_branches_covered_display": "100"}, "missing_lines": [], "excluded_lines": [], "executed_branches": [], "missing_branches": [], "functions": {"": {"executed_lines": [1, 3, 5], "summary": {"covered_lines": 2, "num_statements": 2, "percent_covered": 100.0, "percent_covered_display": "100", "missing_lines": 0, "excluded_lines": 0, "percent_statements_covered": 100.0, "percent_statements_covered_display": "100", "num_branches": 0, "num_partial_branches": 0, "covered_branches": 0, "missing_branches": 0, "percent_branches_covered": 100.0, "percent_branches_covered_display": "100"}, "missing_lines": [], "excluded_lines": [], "executed_branches": [], "missing_branches": []}}, "classes": {"": {"executed_lines": [1, 3, 5], "summary": {"covered_lines": 2, "num_statements": 2, "percent_covered": 100.0, "percent_covered_display": "100", "missing_lines": 0, "excluded_lines": 0, "percent_statements_covered": 100.0, "percent_statements_covered_display": "100", "num_branches": 0, "num_partial_branches": 0, "covered_branches": 0, "missing_branches": 0, "percent_branches_covered": 100.0, "percent_branches_covered_display": "100"}, "missing_lines": [], "excluded_lines": [], "executed_branches": [], "missing_branches": []}}}, "neural_ai/collectors/jforex/__init__.py": {"executed_lines": [1, 3, 4, 6], "summary": {"covered_lines": 3, "num_statements": 3, "percent_covered": 100.0, "percent_covered_display": "100", "missing_lines": 0, "excluded_lines": 0, "percent_statements_covered": 100.0, "percent_statements_covered_display": "100", "num_branches": 0, "num_partial_branches": 0, "covered_branches": 0, "missing_branches": 0, "percent_branches_covered": 100.0, "percent_branches_covered_display": "100"}, "missing_lines": [], "excluded_lines": [], "executed_branches": [], "missing_branches": [], "functions": {"": {"executed_lines": [1, 3, 4, 6], "summary": {"covered_lines": 3, "num_statements": 3, "percent_covered": 100.0, "percent_covered_display": "100", "missing_lines": 0, "excluded_lines": 0, "percent_statements_covered": 100.0, "percent_statements_covered_display": "100", "num_branches": 0, "num_partial_branches": 0, "covered_branches": 0, "missing_branches": 0, "percent_branches_covered": 100.0, "percent_branches_covered_display": "100"}, "missing_lines": [], "excluded_lines": [], "executed_branches": [], "missing_branches": []}}, "classes": {"": {"executed_lines": [1, 3, 4, 6], "summary": {"covered_lines": 3, "num_statements": 3, "percent_covered": 100.0, "percent_covered_display": "100", "missing_lines": 0, "excluded_lines": 0, "percent_statements_covered": 100.0, "percent_statements_covered_display": "100", "num_branches": 0, "num_partial_branches": 0, "covered_branches": 0, "missing_branches": 0, "percent_branches_covered": 100.0, "percent_branches_covered_display": "100"}, "missing_lines": [], "excluded_lines": [], "executed_branches": [], "missing_branches": []}}}, "neural_ai/collectors/jforex/exceptions/__init__.py": {"executed_lines": [1, 3, 10], "summary": {"covered_lines": 2, "num_statements": 2, "percent_covered": 100.0, "percent_covered_display": "100", "missing_lines": 0, "excluded_lines": 0, "percent_statements_covered": 100.0, "percent_statements_covered_display": "100", "num_branches": 0, "num_partial_branches": 0, "covered_branches": 0, "missing_branches": 0, "percent_branches_covered": 100.0, "percent_branches_covered_display": "100"}, "missing_lines": [], "excluded_lines": [], "executed_branches": [], "missing_branches": [], "functions": {"": {"executed_lines": [1, 3, 10], "summary": {"covered_lines": 2, "num_statements": 2, "percent_covered": 100.0, "percent_covered_display": "100", "missing_lines": 0, "excluded_lines": 0, "percent_statements_covered": 100.0, "percent_statements_covered_display": "100", "num_branches": 0, "num_partial_branches": 0, "covered_branches": 0, "missing_branches": 0, "percent_branches_covered": 100.0, "percent_branches_covered_display": "100"}, "missing_lines": [], "excluded_lines": [], "executed_branches": [], "missing_branches": []}}, "classes": {"": {"executed_lines": [1, 3, 10], "summary": {"covered_lines": 2, "num_statements": 2, "percent_covered": 100.0, "percent_covered_display": "100", "missing_lines": 0, "excluded_lines": 0, "percent_statements_covered": 100.0, "percent_statements_covered_display": "100", "num_branches": 0, "num_partial_branches": 0, "covered_branches": 0, "missing_branches": 0, "percent_branches_covered": 100.0, "percent_branches_covered_display": "100"}, "missing_lines": [], "excluded_lines": [], "executed_branches": [], "missing_branches": []}}}, "neural_ai/collectors/jforex/exceptions/jforex_error.py": {"executed_lines": [1, 4, 5, 7, 10, 11, 16, 19, 20, 25, 28, 29, 34], "summary": {"covered_lines": 8, "num_statements": 8, "percent_covered": 100.0, "percent_covered_display": "100", "missing_lines": 0, "excluded_lines": 0, "percent_statements_covered": 100.0, "percent_statements_covered_display": "100", "num_branches": 0, "num_partial_branches": 0, "covered_branches": 0, "missing_branches": 0, "percent_branches_covered": 100.0, "percent_branches_covered_display": "100"}, "missing_lines": [], "excluded_lines": [], "executed_branches": [], "missing_branches": [], "functions": {"": {"executed_lines": [1, 4, 5, 7, 10, 11, 16, 19, 20, 25, 28, 29, 34], "summary": {"covered_lines": 8, "num_statements": 8, "percent_covered": 100.0, "percent_covered_display": "100", "missing_lines": 0, "excluded_lines": 0, "percent_statements_covered": 100.0, "percent_statements_covered_display": "100", "num_branches": 0, "num_partial_branches": 0, "covered_branches": 0, "missing_branches": 0, "percent_branches_covered": 100.0, "percent_branches_covered_display": "100"}, "missing_lines": [], "excluded_lines": [], "executed_branches": [], "missing_branches": []}}, "classes": {"JForexError": {"executed_lines": [], "summary": {"covered_lines": 0, "num_statements": 0, "percent_covered": 100.0, "percent_covered_display": "100", "missing_lines": 0, "excluded_lines": 0, "percent_statements_covered": 100.0, "percent_statements_covered_display": "100", "num_branches": 0, "num_partial_branches": 0, "covered_branches": 0, "missing_branches": 0, "percent_branches_covered": 100.0, "percent_branches_covered_display": "100"}, "missing_lines": [], "excluded_lines": [], "executed_branches": [], "missing_branches": []}, "DownloadError": {"executed_lines": [], "summary": {"covered_lines": 0, "num_statements": 0, "percent_covered": 100.0, "percent_covered_display": "100", "missing_lines": 0, "excluded_lines": 0, "percent_statements_covered": 100.0, "percent_statements_covered_display": "100", "num_branches": 0, "num_partial_branches": 0, "covered_branches": 0, "missing_branches": 0, "percent_branches_covered": 100.0, "percent_branches_covered_display": "100"}, "missing_lines": [], "excluded_lines": [], "executed_branches": [], "missing_branches": []}, "DecodeError": {"executed_lines": [], "summary": {"covered_lines": 0, "num_statements": 0, "percent_covered": 100.0, "percent_covered_display": "100", "missing_lines": 0, "excluded_lines": 0, "percent_statements_covered": 100.0, "percent_statements_covered_display": "100", "num_branches": 0, "num_partial_branches": 0, "covered_branches": 0, "missing_branches": 0, "percent_branches_covered": 100.0, "percent_branches_covered_display": "100"}, "missing_lines": [], "excluded_lines": [], "executed_branches": [], "missing_branches": []}, "DataNotAvailableError": {"executed_lines": [], "summary": {"covered_lines": 0, "num_statements": 0, "percent_covered": 100.0, "percent_covered_display": "100", "missing_lines": 0, "excluded_lines": 0, "percent_statements_covered": 100.0, "percent_statements_covered_display": "100", "num_branches": 0, "num_partial_branches": 0, "covered_branches": 0, "missing_branches": 0, "percent_branches_covered": 100.0, "percent_branches_covered_display": "100"}, "missing_lines": [], "excluded_lines": [], "executed_branches": [], "missing_branches": []}, "": {"executed_lines": [1, 4, 5, 7, 10, 11, 16, 19, 20, 25, 28, 29, 34], "summary": {"covered_lines": 8, "num_statements": 8, "percent_covered": 100.0, "percent_covered_display": "100", "missing_lines": 0, "excluded_lines": 0, "percent_statements_covered": 100.0, "percent_statements_covered_display": "100", "num_branches": 0, "num_partial_branches": 0, "covered_branches": 0, "missing_branches": 0, "percent_branches_covered": 100.0, "percent_branches_covered_display": "100"}, "missing_lines": [], "excluded_lines": [], "executed_branches": [], "missing_branches": []}}}, "neural_ai/collectors/jforex/factory.py": {"executed_lines": [1, 3, 5, 7, 8, 9, 11, 18, 19, 24, 25, 99, 100], "summary": {"covered_lines": 10, "num_statements": 47, "percent_covered": 18.867924528301888, "percent_covered_display": "19", "missing_lines": 37, "excluded_lines": 5, "percent_statements_covered": 21.27659574468085, "percent_statements_covered_display": "21", "num_branches": 6, "num_partial_branches": 0, "covered_branches": 0, "missing_branches": 6, "percent_branches_covered": 0.0, "percent_branches_covered_display": "0"}, "missing_lines": [43, 45, 48, 49, 53, 54, 55, 56, 57, 60, 61, 62, 64, 65, 68, 69, 70, 73, 75, 76, 79, 87, 97, 114, 117, 118, 122, 123, 124, 125, 126, 129, 131, 132, 138, 140, 147], "excluded_lines": [11, 12, 13, 14, 15], "executed_branches": [], "missing_branches": [[61, 62], [61, 64], [69, 70], [69, 73], [131, 132], [131, 138]], "functions": {"JForexFactory.create_downloader": {"executed_lines": [], "summary": {"covered_lines": 0, "num_statements": 23, "percent_covered": 0.0, "percent_covered_display": "0", "missing_lines": 23, "excluded_lines": 0, "percent_statements_covered": 0.0, "percent_statements_covered_display": "0", "num_branches": 4, "num_partial_branches": 0, "covered_branches": 0, "missing_branches": 4, "percent_branches_covered": 0.0, "percent_branches_covered_display": "0"}, "missing_lines": [43, 45, 48, 49, 53, 54, 55, 56, 57, 60, 61, 62, 64, 65, 68, 69, 70, 73, 75, 76, 79, 87, 97], "excluded_lines": [], "executed_branches": [], "missing_branches": [[61, 62], [61, 64], [69, 70], [69, 73]]}, "JForexFactory.create_live_feed": {"executed_lines": [], "summary": {"covered_lines": 0, "num_statements": 14, "percent_covered": 0.0, "percent_covered_display": "0", "missing_lines": 14, "excluded_lines": 0, "percent_statements_covered": 0.0, "percent_statements_covered_display": "0", "num_branches": 2, "num_partial_branches": 0, "covered_branches": 0, "missing_branches": 2, "percent_branches_covered": 0.0, "percent_branches_covered_display": "0"}, "missing_lines": [114, 117, 118, 122, 123, 124, 125, 126, 129, 131, 132, 138, 140, 147], "excluded_lines": [], "executed_branches": [], "missing_branches": [[131, 132], [131, 138]]}, "": {"executed_lines": [1, 3, 5, 7, 8, 9, 11, 18, 19, 24, 25, 99, 100], "summary": {"covered_lines": 10, "num_statements": 10, "percent_covered": 100.0, "percent_covered_display": "100", "missing_lines": 0, "excluded_lines": 5, "percent_statements_covered": 100.0, "percent_statements_covered_display": "100", "num_branches": 0, "num_partial_branches": 0, "covered_branches": 0, "missing_branches": 0, "percent_branches_covered": 100.0, "percent_branches_covered_display": "100"}, "missing_lines": [], "excluded_lines": [11, 12, 13, 14, 15], "executed_branches": [], "missing_branches": []}}, "classes": {"JForexFactory": {"executed_lines": [], "summary": {"covered_lines": 0, "num_statements": 37, "percent_covered": 0.0, "percent_covered_display": "0", "missing_lines": 37, "excluded_lines": 0, "percent_statements_covered": 0.0, "percent_statements_covered_display": "0", "num_branches": 6, "num_partial_branches": 0, "covered_branches": 0, "missing_branches": 6, "percent_branches_covered": 0.0, "percent_branches_covered_display": "0"}, "missing_lines": [43, 45, 48, 49, 53, 54, 55, 56, 57, 60, 61, 62, 64, 65, 68, 69, 70, 73, 75, 76, 79, 87, 97, 114, 117, 118, 122, 123, 124, 125, 126, 129, 131, 132, 138, 140, 147], "excluded_lines": [], "executed_branches": [], "missing_branches": [[61, 62], [61, 64], [69, 70], [69, 73], [131, 132], [131, 138]]}, "": {"executed_lines": [1, 3, 5, 7, 8, 9, 11, 18, 19, 24, 25, 99, 100], "summary": {"covered_lines": 10, "num_statements": 10, "percent_covered": 100.0, "percent_covered_display": "100", "missing_lines": 0, "excluded_lines": 5, "percent_statements_covered": 100.0, "percent_statements_covered_display": "100", "num_branches": 0, "num_partial_branches": 0, "covered_branches": 0, "missing_branches": 0, "percent_branches_covered": 100.0, "percent_branches_covered_display": "100"}, "missing_lines": [], "excluded_lines": [11, 12, 13, 14, 15], "executed_branches": [], "missing_branches": []}}}, "neural_ai/collectors/jforex/implementations/__init__.py": {"executed_lines": [1, 3, 4, 6], "summary": {"covered_lines": 3, "num_statements": 3, "percent_covered": 100.0, "percent_covered_display": "100", "missing_lines": 0, "excluded_lines": 0, "percent_statements_covered": 100.0, "percent_statements_covered_display": "100", "num_branches": 0, "num_partial_branches": 0, "covered_branches": 0, "missing_branches": 0, "percent_branches_covered": 100.0, "percent_branches_covered_display": "100"}, "missing_lines": [], "excluded_lines": [], "executed_branches": [], "missing_branches": [], "functions": {"": {"executed_lines": [1, 3, 4, 6], "summary": {"covered_lines": 3, "num_statements": 3, "percent_covered": 100.0, "percent_covered_display": "100", "missing_lines": 0, "excluded_lines": 0, "percent_statements_covered": 100.0, "percent_statements_covered_display": "100", "num_branches": 0, "num_partial_branches": 0, "covered_branches": 0, "missing_branches": 0, "percent_branches_covered": 100.0, "percent_branches_covered_display": "100"}, "missing_lines": [], "excluded_lines": [], "executed_branches": [], "missing_branches": []}}, "classes": {"": {"executed_lines": [1, 3, 4, 6], "summary": {"covered_lines": 3, "num_statements": 3, "percent_covered": 100.0, "percent_covered_display": "100", "missing_lines": 0, "excluded_lines": 0, "percent_statements_covered": 100.0, "percent_statements_covered_display": "100", "num_branches": 0, "num_partial_branches": 0, "covered_branches": 0, "missing_branches": 0, "percent_branches_covered": 100.0, "percent_branches_covered_display": "100"}, "missing_lines": [], "excluded_lines": [], "executed_branches": [], "missing_branches": []}}}, "neural_ai/collectors/jforex/implementations/bi5_downloader.py": {"executed_lines": [1, 3, 4, 5, 6, 8, 9, 11, 16, 17, 19, 26, 27, 32, 59, 82, 101, 133, 184, 327, 374, 377, 435, 538, 564], "summary": {"covered_lines": 22, "num_statements": 199, "percent_covered": 8.494208494208495, "percent_covered_display": "8", "missing_lines": 177, "excluded_lines": 5, "percent_statements_covered": 11.055276381909549, "percent_statements_covered_display": "11", "num_branches": 60, "num_partial_branches": 0, "covered_branches": 0, "missing_branches": 60, "percent_branches_covered": 0.0, "percent_branches_covered_display": "0"}, "missing_lines": [49, 50, 51, 52, 53, 54, 55, 70, 71, 72, 73, 76, 80, 94, 99, 114, 115, 116, 117, 120, 122, 123, 125, 127, 129, 130, 131, 149, 150, 153, 154, 155, 158, 163, 164, 166, 167, 168, 169, 171, 172, 173, 175, 182, 199, 200, 201, 203, 205, 208, 209, 214, 216, 219, 220, 221, 224, 225, 227, 228, 230, 231, 234, 237, 242, 243, 252, 253, 254, 257, 258, 261, 262, 263, 266, 267, 270, 273, 274, 278, 279, 288, 291, 301, 302, 305, 315, 319, 321, 322, 325, 333, 335, 337, 340, 343, 344, 345, 348, 365, 366, 368, 392, 395, 397, 399, 400, 401, 403, 404, 409, 411, 412, 418, 421, 424, 427, 429, 433, 448, 449, 450, 453, 454, 457, 458, 459, 462, 463, 464, 465, 466, 468, 469, 474, 477, 478, 479, 482, 483, 484, 486, 487, 491, 494, 495, 497, 498, 500, 501, 503, 504, 506, 507, 510, 511, 513, 514, 516, 517, 520, 522, 524, 532, 534, 535, 536, 553, 555, 556, 558, 559, 560, 562, 570, 571, 572], "excluded_lines": [19, 20, 21, 22, 23], "executed_branches": [], "missing_branches": [[116, 117], [116, 122], [153, 154], [153, 175], [166, 167], [166, 171], [171, 172], [171, 175], [199, 200], [199, 203], [227, 228], [227, 305], [234, 237], [234, 252], [242, 243], [242, 257], [261, 262], [261, 266], [266, 267], [266, 273], [278, 279], [278, 291], [333, 335], [333, 337], [344, 345], [344, 368], [365, 344], [365, 366], [397, 399], [397, 418], [403, 404], [403, 418], [448, 449], [448, 453], [457, 458], [457, 462], [463, 464], [463, 465], [465, 466], [465, 468], [468, 469], [468, 477], [478, 479], [478, 516], [486, 487], [486, 491], [494, 495], [494, 497], [497, 498], [497, 500], [503, 504], [503, 506], [506, 507], [506, 510], [516, 517], [516, 522], [558, 559], [558, 562], [570, -564], [570, 571]], "functions": {"Bi5Downloader.__init__": {"executed_lines": [], "summary": {"covered_lines": 0, "num_statements": 7, "percent_covered": 0.0, "percent_covered_display": "0", "missing_lines": 7, "excluded_lines": 0, "percent_statements_covered": 0.0, "percent_statements_covered_display": "0", "num_branches": 0, "num_partial_branches": 0, "covered_branches": 0, "missing_branches": 0, "percent_branches_covered": 100.0, "percent_branches_covered_display": "100"}, "missing_lines": [49, 50, 51, 52, 53, 54, 55], "excluded_lines": [], "executed_branches": [], "missing_branches": []}, "Bi5Downloader._build_url": {"executed_lines": [], "summary": {"covered_lines": 0, "num_statements": 6, "percent_covered": 0.0, "percent_covered_display": "0", "missing_lines": 6, "excluded_lines": 0, "percent_statements_covered": 0.0, "percent_statements_covered_display": "0", "num_branches": 0, "num_partial_branches": 0, "covered_branches": 0, "missing_branches": 0, "percent_branches_covered": 100.0, "percent_branches_covered_display": "100"}, "missing_lines": [70, 71, 72, 73, 76, 80], "excluded_lines": [], "executed_branches": [], "missing_branches": []}, "Bi5Downloader._build_storage_path": {"executed_lines": [], "summary": {"covered_lines": 0, "num_statements": 2, "percent_covered": 0.0, "percent_covered_display": "0", "missing_lines": 2, "excluded_lines": 0, "percent_statements_covered": 0.0, "percent_statements_covered_display": "0", "num_branches": 0, "num_partial_branches": 0, "covered_branches": 0, "missing_branches": 0, "percent_branches_covered": 100.0, "percent_branches_covered_display": "100"}, "missing_lines": [94, 99], "excluded_lines": [], "executed_branches": [], "missing_branches": []}, "Bi5Downloader._download_binary": {"executed_lines": [], "summary": {"covered_lines": 0, "num_statements": 12, "percent_covered": 0.0, "percent_covered_display": "0", "missing_lines": 12, "excluded_lines": 0, "percent_statements_covered": 0.0, "percent_statements_covered_display": "0", "num_branches": 2, "num_partial_branches": 0, "covered_branches": 0, "missing_branches": 2, "percent_branches_covered": 0.0, "percent_branches_covered_display": "0"}, "missing_lines": [114, 115, 116, 117, 120, 122, 123, 125, 127, 129, 130, 131], "excluded_lines": [], "executed_branches": [], "missing_branches": [[116, 117], [116, 122]]}, "Bi5Downloader._detect_format": {"executed_lines": [], "summary": {"covered_lines": 0, "num_statements": 17, "percent_covered": 0.0, "percent_covered_display": "0", "missing_lines": 17, "excluded_lines": 0, "percent_statements_covered": 0.0, "percent_statements_covered_display": "0", "num_branches": 6, "num_partial_branches": 0, "covered_branches": 0, "missing_branches": 6, "percent_branches_covered": 0.0, "percent_branches_covered_display": "0"}, "missing_lines": [149, 150, 153, 154, 155, 158, 163, 164, 166, 167, 168, 169, 171, 172, 173, 175, 182], "excluded_lines": [], "executed_branches": [], "missing_branches": [[153, 154], [153, 175], [166, 167], [166, 171], [171, 172], [171, 175]]}, "Bi5Downloader._process_bi5_data": {"executed_lines": [], "summary": {"covered_lines": 0, "num_statements": 47, "percent_covered": 0.0, "percent_covered_display": "0", "missing_lines": 47, "excluded_lines": 0, "percent_statements_covered": 0.0, "percent_statements_covered_display": "0", "num_branches": 14, "num_partial_branches": 0, "covered_branches": 0, "missing_branches": 14, "percent_branches_covered": 0.0, "percent_branches_covered_display": "0"}, "missing_lines": [199, 200, 201, 203, 205, 208, 209, 214, 216, 219, 220, 221, 224, 225, 227, 228, 230, 231, 234, 237, 242, 243, 252, 253, 254, 257, 258, 261, 262, 263, 266, 267, 270, 273, 274, 278, 279, 288, 291, 301, 302, 305, 315, 319, 321, 322, 325], "excluded_lines": [], "executed_branches": [], "missing_branches": [[199, 200], [199, 203], [227, 228], [227, 305], [234, 237], [234, 252], [242, 243], [242, 257], [261, 262], [261, 266], [266, 267], [266, 273], [278, 279], [278, 291]]}, "Bi5Downloader._publish_ticks": {"executed_lines": [], "summary": {"covered_lines": 0, "num_statements": 11, "percent_covered": 0.0, "percent_covered_display": "0", "missing_lines": 11, "excluded_lines": 0, "percent_statements_covered": 0.0, "percent_statements_covered_display": "0", "num_branches": 6, "num_partial_branches": 0, "covered_branches": 0, "missing_branches": 6, "percent_branches_covered": 0.0, "percent_branches_covered_display": "0"}, "missing_lines": [333, 335, 337, 340, 343, 344, 345, 348, 365, 366, 368], "excluded_lines": [], "executed_branches": [], "missing_branches": [[333, 335], [333, 337], [344, 345], [344, 368], [365, 344], [365, 366]]}, "Bi5Downloader.download_tick_data": {"executed_lines": [], "summary": {"covered_lines": 0, "num_statements": 17, "percent_covered": 0.0, "percent_covered_display": "0", "missing_lines": 17, "excluded_lines": 0, "percent_statements_covered": 0.0, "percent_statements_covered_display": "0", "num_branches": 4, "num_partial_branches": 0, "covered_branches": 0, "missing_branches": 4, "percent_branches_covered": 0.0, "percent_branches_covered_display": "0"}, "missing_lines": [392, 395, 397, 399, 400, 401, 403, 404, 409, 411, 412, 418, 421, 424, 427, 429, 433], "excluded_lines": [], "executed_branches": [], "missing_branches": [[397, 399], [397, 418], [403, 404], [403, 418]]}, "Bi5Downloader.validate_bi5_data": {"executed_lines": [], "summary": {"covered_lines": 0, "num_statements": 48, "percent_covered": 0.0, "percent_covered_display": "0", "missing_lines": 48, "excluded_lines": 0, "percent_statements_covered": 0.0, "percent_statements_covered_display": "0", "num_branches": 24, "num_partial_branches": 0, "covered_branches": 0, "missing_branches": 24, "percent_branches_covered": 0.0, "percent_branches_covered_display": "0"}, "missing_lines": [448, 449, 450, 453, 454, 457, 458, 459, 462, 463, 464, 465, 466, 468, 469, 474, 477, 478, 479, 482, 483, 484, 486, 487, 491, 494, 495, 497, 498, 500, 501, 503, 504, 506, 507, 510, 511, 513, 514, 516, 517, 520, 522, 524, 532, 534, 535, 536], "excluded_lines": [], "executed_branches": [], "missing_branches": [[448, 449], [448, 453], [457, 458], [457, 462], [463, 464], [463, 465], [465, 466], [465, 468], [468, 469], [468, 477], [478, 479], [478, 516], [486, 487], [486, 491], [494, 495], [494, 497], [497, 498], [497, 500], [503, 504], [503, 506], [506, 507], [506, 510], [516, 517], [516, 522]]}, "Bi5Downloader.get_available_dates": {"executed_lines": [], "summary": {"covered_lines": 0, "num_statements": 7, "percent_covered": 0.0, "percent_covered_display": "0", "missing_lines": 7, "excluded_lines": 0, "percent_statements_covered": 0.0, "percent_statements_covered_display": "0", "num_branches": 2, "num_partial_branches": 0, "covered_branches": 0, "missing_branches": 2, "percent_branches_covered": 0.0, "percent_branches_covered_display": "0"}, "missing_lines": [553, 555, 556, 558, 559, 560, 562], "excluded_lines": [], "executed_branches": [], "missing_branches": [[558, 559], [558, 562]]}, "Bi5Downloader.close": {"executed_lines": [], "summary": {"covered_lines": 0, "num_statements": 3, "percent_covered": 0.0, "percent_covered_display": "0", "missing_lines": 3, "excluded_lines": 0, "percent_statements_covered": 0.0, "percent_statements_covered_display": "0", "num_branches": 2, "num_partial_branches": 0, "covered_branches": 0, "missing_branches": 2, "percent_branches_covered": 0.0, "percent_branches_covered_display": "0"}, "missing_lines": [570, 571, 572], "excluded_lines": [], "executed_branches": [], "missing_branches": [[570, -564], [570, 571]]}, "": {"executed_lines": [1, 3, 4, 5, 6, 8, 9, 11, 16, 17, 19, 26, 27, 32, 59, 82, 101, 133, 184, 327, 374, 377, 435, 538, 564], "summary": {"covered_lines": 22, "num_statements": 22, "percent_covered": 100.0, "percent_covered_display": "100", "missing_lines": 0, "excluded_lines": 5, "percent_statements_covered": 100.0, "percent_statements_covered_display": "100", "num_branches": 0, "num_partial_branches": 0, "covered_branches": 0, "missing_branches": 0, "percent_branches_covered": 100.0, "percent_branches_covered_display": "100"}, "missing_lines": [], "excluded_lines": [19, 20, 21, 22, 23], "executed_branches": [], "missing_branches": []}}, "classes": {"Bi5Downloader": {"executed_lines": [], "summary": {"covered_lines": 0, "num_statements": 177, "percent_covered": 0.0, "percent_covered_display": "0", "missing_lines": 177, "excluded_lines": 0, "percent_statements_covered": 0.0, "percent_statements_covered_display": "0", "num_branches": 60, "num_partial_branches": 0, "covered_branches": 0, "missing_branches": 60, "percent_branches_covered": 0.0, "percent_branches_covered_display": "0"}, "missing_lines": [49, 50, 51, 52, 53, 54, 55, 70, 71, 72, 73, 76, 80, 94, 99, 114, 115, 116, 117, 120, 122, 123, 125, 127, 129, 130, 131, 149, 150, 153, 154, 155, 158, 163, 164, 166, 167, 168, 169, 171, 172, 173, 175, 182, 199, 200, 201, 203, 205, 208, 209, 214, 216, 219, 220, 221, 224, 225, 227, 228, 230, 231, 234, 237, 242, 243, 252, 253, 254, 257, 258, 261, 262, 263, 266, 267, 270, 273, 274, 278, 279, 288, 291, 301, 302, 305, 315, 319, 321, 322, 325, 333, 335, 337, 340, 343, 344, 345, 348, 365, 366, 368, 392, 395, 397, 399, 400, 401, 403, 404, 409, 411, 412, 418, 421, 424, 427, 429, 433, 448, 449, 450, 453, 454, 457, 458, 459, 462, 463, 464, 465, 466, 468, 469, 474, 477, 478, 479, 482, 483, 484, 486, 487, 491, 494, 495, 497, 498, 500, 501, 503, 504, 506, 507, 510, 511, 513, 514, 516, 517, 520, 522, 524, 532, 534, 535, 536, 553, 555, 556, 558, 559, 560, 562, 570, 571, 572], "excluded_lines": [], "executed_branches": [], "missing_branches": [[116, 117], [116, 122], [153, 154], [153, 175], [166, 167], [166, 171], [171, 172], [171, 175], [199, 200], [199, 203], [227, 228], [227, 305], [234, 237], [234, 252], [242, 243], [242, 257], [261, 262], [261, 266], [266, 267], [266, 273], [278, 279], [278, 291], [333, 335], [333, 337], [344, 345], [344, 368], [365, 344], [365, 366], [397, 399], [397, 418], [403, 404], [403, 418], [448, 449], [448, 453], [457, 458], [457, 462], [463, 464], [463, 465], [465, 466], [465, 468], [468, 469], [468, 477], [478, 479], [478, 516], [486, 487], [486, 491], [494, 495], [494, 497], [497, 498], [497, 500], [503, 504], [503, 506], [506, 507], [506, 510], [516, 517], [516, 522], [558, 559], [558, 562], [570, -564], [570, 571]]}, "": {"executed_lines": [1, 3, 4, 5, 6, 8, 9, 11, 16, 17, 19, 26, 27, 32, 59, 82, 101, 133, 184, 327, 374, 377, 435, 538, 564], "summary": {"covered_lines": 22, "num_statements": 22, "percent_covered": 100.0, "percent_covered_display": "100", "missing_lines": 0, "excluded_lines": 5, "percent_statements_covered": 100.0, "percent_statements_covered_display": "100", "num_branches": 0, "num_partial_branches": 0, "covered_branches": 0, "missing_branches": 0, "percent_branches_covered": 100.0, "percent_branches_covered_display": "100"}, "missing_lines": [], "excluded_lines": [19, 20, 21, 22, 23], "executed_branches": [], "missing_branches": []}}}, "neural_ai/collectors/jforex/implementations/live_feed.py": {"executed_lines": [1, 7, 8, 9, 10, 12, 13, 15, 16, 18, 24, 25, 41, 86, 128, 159, 167, 202], "summary": {"covered_lines": 15, "num_statements": 97, "percent_covered": 12.820512820512821, "percent_covered_display": "13", "missing_lines": 82, "excluded_lines": 4, "percent_statements_covered": 15.463917525773196, "percent_statements_covered_display": "15", "num_branches": 20, "num_partial_branches": 0, "covered_branches": 0, "missing_branches": 20, "percent_branches_covered": 0.0, "percent_branches_covered_display": "0"}, "missing_lines": [54, 55, 56, 58, 59, 60, 61, 64, 66, 69, 70, 73, 74, 75, 77, 79, 80, 82, 83, 84, 95, 96, 97, 99, 101, 104, 107, 108, 111, 114, 117, 119, 121, 122, 125, 126, 133, 134, 136, 139, 140, 141, 142, 143, 144, 145, 148, 149, 150, 153, 154, 155, 157, 165, 174, 176, 177, 178, 179, 180, 183, 186, 189, 191, 192, 193, 195, 197, 199, 200, 214, 216, 217, 218, 220, 223, 224, 227, 239, 242, 246, 247], "excluded_lines": [18, 19, 20, 21], "executed_branches": [], "missing_branches": [[69, 70], [69, 73], [73, 74], [73, 77], [95, 96], [95, 99], [133, 134], [133, 136], [139, 140], [139, 148], [148, 149], [148, 153], [153, 154], [153, 157], [176, -167], [176, 177], [178, 179], [178, 183], [217, 218], [217, 220]], "functions": {"JForexLiveFeed.__init__": {"executed_lines": [], "summary": {"covered_lines": 0, "num_statements": 20, "percent_covered": 0.0, "percent_covered_display": "0", "missing_lines": 20, "excluded_lines": 0, "percent_statements_covered": 0.0, "percent_statements_covered_display": "0", "num_branches": 4, "num_partial_branches": 0, "covered_branches": 0, "missing_branches": 4, "percent_branches_covered": 0.0, "percent_branches_covered_display": "0"}, "missing_lines": [54, 55, 56, 58, 59, 60, 61, 64, 66, 69, 70, 73, 74, 75, 77, 79, 80, 82, 83, 84], "excluded_lines": [], "executed_branches": [], "missing_branches": [[69, 70], [69, 73], [73, 74], [73, 77]]}, "JForexLiveFeed.start": {"executed_lines": [], "summary": {"covered_lines": 0, "num_statements": 16, "percent_covered": 0.0, "percent_covered_display": "0", "missing_lines": 16, "excluded_lines": 0, "percent_statements_covered": 0.0, "percent_statements_covered_display": "0", "num_branches": 2, "num_partial_branches": 0, "covered_branches": 0, "missing_branches": 2, "percent_branches_covered": 0.0, "percent_branches_covered_display": "0"}, "missing_lines": [95, 96, 97, 99, 101, 104, 107, 108, 111, 114, 117, 119, 121, 122, 125, 126], "excluded_lines": [], "executed_branches": [], "missing_branches": [[95, 96], [95, 99]]}, "JForexLiveFeed.stop": {"executed_lines": [], "summary": {"covered_lines": 0, "num_statements": 17, "percent_covered": 0.0, "percent_covered_display": "0", "missing_lines": 17, "excluded_lines": 0, "percent_statements_covered": 0.0, "percent_statements_covered_display": "0", "num_branches": 8, "num_partial_branches": 0, "covered_branches": 0, "missing_branches": 8, "percent_branches_covered": 0.0, "percent_branches_covered_display": "0"}, "missing_lines": [133, 134, 136, 139, 140, 141, 142, 143, 144, 145, 148, 149, 150, 153, 154, 155, 157], "excluded_lines": [], "executed_branches": [], "missing_branches": [[133, 134], [133, 136], [139, 140], [139, 148], [148, 149], [148, 153], [153, 154], [153, 157]]}, "JForexLiveFeed.is_running": {"executed_lines": [], "summary": {"covered_lines": 0, "num_statements": 1, "percent_covered": 0.0, "percent_covered_display": "0", "missing_lines": 1, "excluded_lines": 0, "percent_statements_covered": 0.0, "percent_statements_covered_display": "0", "num_branches": 0, "num_partial_branches": 0, "covered_branches": 0, "missing_branches": 0, "percent_branches_covered": 100.0, "percent_branches_covered_display": "100"}, "missing_lines": [165], "excluded_lines": [], "executed_branches": [], "missing_branches": []}, "JForexLiveFeed._listen_loop": {"executed_lines": [], "summary": {"covered_lines": 0, "num_statements": 16, "percent_covered": 0.0, "percent_covered_display": "0", "missing_lines": 16, "excluded_lines": 0, "percent_statements_covered": 0.0, "percent_statements_covered_display": "0", "num_branches": 4, "num_partial_branches": 0, "covered_branches": 0, "missing_branches": 4, "percent_branches_covered": 0.0, "percent_branches_covered_display": "0"}, "missing_lines": [174, 176, 177, 178, 179, 180, 183, 186, 189, 191, 192, 193, 195, 197, 199, 200], "excluded_lines": [], "executed_branches": [], "missing_branches": [[176, -167], [176, 177], [178, 179], [178, 183]]}, "JForexLiveFeed._process_tick_data": {"executed_lines": [], "summary": {"covered_lines": 0, "num_statements": 12, "percent_covered": 0.0, "percent_covered_display": "0", "missing_lines": 12, "excluded_lines": 0, "percent_statements_covered": 0.0, "percent_statements_covered_display": "0", "num_branches": 2, "num_partial_branches": 0, "covered_branches": 0, "missing_branches": 2, "percent_branches_covered": 0.0, "percent_branches_covered_display": "0"}, "missing_lines": [214, 216, 217, 218, 220, 223, 224, 227, 239, 242, 246, 247], "excluded_lines": [], "executed_branches": [], "missing_branches": [[217, 218], [217, 220]]}, "": {"executed_lines": [1, 7, 8, 9, 10, 12, 13, 15, 16, 18, 24, 25, 41, 86, 128, 159, 167, 202], "summary": {"covered_lines": 15, "num_statements": 15, "percent_covered": 100.0, "percent_covered_display": "100", "missing_lines": 0, "excluded_lines": 4, "percent_statements_covered": 100.0, "percent_statements_covered_display": "100", "num_branches": 0, "num_partial_branches": 0, "covered_branches": 0, "missing_branches": 0, "percent_branches_covered": 100.0, "percent_branches_covered_display": "100"}, "missing_lines": [], "excluded_lines": [18, 19, 20, 21], "executed_branches": [], "missing_branches": []}}, "classes": {"JForexLiveFeed": {"executed_lines": [], "summary": {"covered_lines": 0, "num_statements": 82, "percent_covered": 0.0, "percent_covered_display": "0", "missing_lines": 82, "excluded_lines": 0, "percent_statements_covered": 0.0, "percent_statements_covered_display": "0", "num_branches": 20, "num_partial_branches": 0, "covered_branches": 0, "missing_branches": 20, "percent_branches_covered": 0.0, "percent_branches_covered_display": "0"}, "missing_lines": [54, 55, 56, 58, 59, 60, 61, 64, 66, 69, 70, 73, 74, 75, 77, 79, 80, 82, 83, 84, 95, 96, 97, 99, 101, 104, 107, 108, 111, 114, 117, 119, 121, 122, 125, 126, 133, 134, 136, 139, 140, 141, 142, 143, 144, 145, 148, 149, 150, 153, 154, 155, 157, 165, 174, 176, 177, 178, 179, 180, 183, 186, 189, 191, 192, 193, 195, 197, 199, 200, 214, 216, 217, 218, 220, 223, 224, 227, 239, 242, 246, 247], "excluded_lines": [], "executed_branches": [], "missing_branches": [[69, 70], [69, 73], [73, 74], [73, 77], [95, 96], [95, 99], [133, 134], [133, 136], [139, 140], [139, 148], [148, 149], [148, 153], [153, 154], [153, 157], [176, -167], [176, 177], [178, 179], [178, 183], [217, 218], [217, 220]]}, "": {"executed_lines": [1, 7, 8, 9, 10, 12, 13, 15, 16, 18, 24, 25, 41, 86, 128, 159, 167, 202], "summary": {"covered_lines": 15, "num_statements": 15, "percent_covered": 100.0, "percent_covered_display": "100", "missing_lines": 0, "excluded_lines": 4, "percent_statements_covered": 100.0, "percent_statements_covered_display": "100", "num_branches": 0, "num_partial_branches": 0, "covered_branches": 0, "missing_branches": 0, "percent_branches_covered": 100.0, "percent_branches_covered_display": "100"}, "missing_lines": [], "excluded_lines": [18, 19, 20, 21], "executed_branches": [], "missing_branches": []}}}, "neural_ai/collectors/jforex/interfaces/__init__.py": {"executed_lines": [1, 6, 7, 8, 10], "summary": {"covered_lines": 4, "num_statements": 4, "percent_covered": 100.0, "percent_covered_display": "100", "missing_lines": 0, "excluded_lines": 0, "percent_statements_covered": 100.0, "percent_statements_covered_display": "100", "num_branches": 0, "num_partial_branches": 0, "covered_branches": 0, "missing_branches": 0, "percent_branches_covered": 100.0, "percent_branches_covered_display": "100"}, "missing_lines": [], "excluded_lines": [], "executed_branches": [], "missing_branches": [], "functions": {"": {"executed_lines": [1, 6, 7, 8, 10], "summary": {"covered_lines": 4, "num_statements": 4, "percent_covered": 100.0, "percent_covered_display": "100", "missing_lines": 0, "excluded_lines": 0, "percent_statements_covered": 100.0, "percent_statements_covered_display": "100", "num_branches": 0, "num_partial_branches": 0, "covered_branches": 0, "missing_branches": 0, "percent_branches_covered": 100.0, "percent_branches_covered_display": "100"}, "missing_lines": [], "excluded_lines": [], "executed_branches": [], "missing_branches": []}}, "classes": {"": {"executed_lines": [1, 6, 7, 8, 10], "summary": {"covered_lines": 4, "num_statements": 4, "percent_covered": 100.0, "percent_covered_display": "100", "missing_lines": 0, "excluded_lines": 0, "percent_statements_covered": 100.0, "percent_statements_covered_display": "100", "num_branches": 0, "num_partial_branches": 0, "covered_branches": 0, "missing_branches": 0, "percent_branches_covered": 100.0, "percent_branches_covered_display": "100"}, "missing_lines": [], "excluded_lines": [], "executed_branches": [], "missing_branches": []}}}, "neural_ai/collectors/jforex/interfaces/downloader_interface.py": {"executed_lines": [1, 3, 4, 5, 7, 11, 12, 18, 19, 36, 37, 52, 53, 64, 65], "summary": {"covered_lines": 12, "num_statements": 16, "percent_covered": 75.0, "percent_covered_display": "75", "missing_lines": 4, "excluded_lines": 2, "percent_statements_covered": 75.0, "percent_statements_covered_display": "75", "num_branches": 0, "num_partial_branches": 0, "covered_branches": 0, "missing_branches": 0, "percent_branches_covered": 100.0, "percent_branches_covered_display": "100"}, "missing_lines": [34, 50, 62, 71], "excluded_lines": [7, 8], "executed_branches": [], "missing_branches": [], "functions": {"IJForexDownloader.download_tick_data": {"executed_lines": [], "summary": {"covered_lines": 0, "num_statements": 1, "percent_covered": 0.0, "percent_covered_display": "0", "missing_lines": 1, "excluded_lines": 0, "percent_statements_covered": 0.0, "percent_statements_covered_display": "0", "num_branches": 0, "num_partial_branches": 0, "covered_branches": 0, "missing_branches": 0, "percent_branches_covered": 100.0, "percent_branches_covered_display": "100"}, "missing_lines": [34], "excluded_lines": [], "executed_branches": [], "missing_branches": []}, "IJForexDownloader.get_available_dates": {"executed_lines": [], "summary": {"covered_lines": 0, "num_statements": 1, "percent_covered": 0.0, "percent_covered_display": "0", "missing_lines": 1, "excluded_lines": 0, "percent_statements_covered": 0.0, "percent_statements_covered_display": "0", "num_branches": 0, "num_partial_branches": 0, "covered_branches": 0, "missing_branches": 0, "percent_branches_covered": 100.0, "percent_branches_covered_display": "100"}, "missing_lines": [50], "excluded_lines": [], "executed_branches": [], "missing_branches": []}, "IJForexDownloader.validate_bi5_data": {"executed_lines": [], "summary": {"covered_lines": 0, "num_statements": 1, "percent_covered": 0.0, "percent_covered_display": "0", "missing_lines": 1, "excluded_lines": 0, "percent_statements_covered": 0.0, "percent_statements_covered_display": "0", "num_branches": 0, "num_partial_branches": 0, "covered_branches": 0, "missing_branches": 0, "percent_branches_covered": 100.0, "percent_branches_covered_display": "100"}, "missing_lines": [62], "excluded_lines": [], "executed_branches": [], "missing_branches": []}, "IJForexDownloader.close": {"executed_lines": [], "summary": {"covered_lines": 0, "num_statements": 1, "percent_covered": 0.0, "percent_covered_display": "0", "missing_lines": 1, "excluded_lines": 0, "percent_statements_covered": 0.0, "percent_statements_covered_display": "0", "num_branches": 0, "num_partial_branches": 0, "covered_branches": 0, "missing_branches": 0, "percent_branches_covered": 100.0, "percent_branches_covered_display": "100"}, "missing_lines": [71], "excluded_lines": [], "executed_branches": [], "missing_branches": []}, "": {"executed_lines": [1, 3, 4, 5, 7, 11, 12, 18, 19, 36, 37, 52, 53, 64, 65], "summary": {"covered_lines": 12, "num_statements": 12, "percent_covered": 100.0, "percent_covered_display": "100", "missing_lines": 0, "excluded_lines": 2, "percent_statements_covered": 100.0, "percent_statements_covered_display": "100", "num_branches": 0, "num_partial_branches": 0, "covered_branches": 0, "missing_branches": 0, "percent_branches_covered": 100.0, "percent_branches_covered_display": "100"}, "missing_lines": [], "excluded_lines": [7, 8], "executed_branches": [], "missing_branches": []}}, "classes": {"IJForexDownloader": {"executed_lines": [], "summary": {"covered_lines": 0, "num_statements": 4, "percent_covered": 0.0, "percent_covered_display": "0", "missing_lines": 4, "excluded_lines": 0, "percent_statements_covered": 0.0, "percent_statements_covered_display": "0", "num_branches": 0, "num_partial_branches": 0, "covered_branches": 0, "missing_branches": 0, "percent_branches_covered": 100.0, "percent_branches_covered_display": "100"}, "missing_lines": [34, 50, 62, 71], "excluded_lines": [], "executed_branches": [], "missing_branches": []}, "": {"executed_lines": [1, 3, 4, 5, 7, 11, 12, 18, 19, 36, 37, 52, 53, 64, 65], "summary": {"covered_lines": 12, "num_statements": 12, "percent_covered": 100.0, "percent_covered_display": "100", "missing_lines": 0, "excluded_lines": 2, "percent_statements_covered": 100.0, "percent_statements_covered_display": "100", "num_branches": 0, "num_partial_branches": 0, "covered_branches": 0, "missing_branches": 0, "percent_branches_covered": 100.0, "percent_branches_covered_display": "100"}, "missing_lines": [], "excluded_lines": [7, 8], "executed_branches": [], "missing_branches": []}}}, "neural_ai/collectors/jforex/interfaces/live_interface.py": {"executed_lines": [1, 7, 10, 11, 18, 19, 30, 31, 38, 39], "summary": {"covered_lines": 8, "num_statements": 11, "percent_covered": 72.72727272727273, "percent_covered_display": "73", "missing_lines": 3, "excluded_lines": 0, "percent_statements_covered": 72.72727272727273, "percent_statements_covered_display": "73", "num_branches": 0, "num_partial_branches": 0, "covered_branches": 0, "missing_branches": 0, "percent_branches_covered": 100.0, "percent_branches_covered_display": "100"}, "missing_lines": [28, 36, 45], "excluded_lines": [], "executed_branches": [], "missing_branches": [], "functions": {"ILiveFeed.start": {"executed_lines": [], "summary": {"covered_lines": 0, "num_statements": 1, "percent_covered": 0.0, "percent_covered_display": "0", "missing_lines": 1, "excluded_lines": 0, "percent_statements_covered": 0.0, "percent_statements_covered_display": "0", "num_branches": 0, "num_partial_branches": 0, "covered_branches": 0, "missing_branches": 0, "percent_branches_covered": 100.0, "percent_branches_covered_display": "100"}, "missing_lines": [28], "excluded_lines": [], "executed_branches": [], "missing_branches": []}, "ILiveFeed.stop": {"executed_lines": [], "summary": {"covered_lines": 0, "num_statements": 1, "percent_covered": 0.0, "percent_covered_display": "0", "missing_lines": 1, "excluded_lines": 0, "percent_statements_covered": 0.0, "percent_statements_covered_display": "0", "num_branches": 0, "num_partial_branches": 0, "covered_branches": 0, "missing_branches": 0, "percent_branches_covered": 100.0, "percent_branches_covered_display": "100"}, "missing_lines": [36], "excluded_lines": [], "executed_branches": [], "missing_branches": []}, "ILiveFeed.is_running": {"executed_lines": [], "summary": {"covered_lines": 0, "num_statements": 1, "percent_covered": 0.0, "percent_covered_display": "0", "missing_lines": 1, "excluded_lines": 0, "percent_statements_covered": 0.0, "percent_statements_covered_display": "0", "num_branches": 0, "num_partial_branches": 0, "covered_branches": 0, "missing_branches": 0, "percent_branches_covered": 100.0, "percent_branches_covered_display": "100"}, "missing_lines": [45], "excluded_lines": [], "executed_branches": [], "missing_branches": []}, "": {"executed_lines": [1, 7, 10, 11, 18, 19, 30, 31, 38, 39], "summary": {"covered_lines": 8, "num_statements": 8, "percent_covered": 100.0, "percent_covered_display": "100", "missing_lines": 0, "excluded_lines": 0, "percent_statements_covered": 100.0, "percent_statements_covered_display": "100", "num_branches": 0, "num_partial_branches": 0, "covered_branches": 0, "missing_branches": 0, "percent_branches_covered": 100.0, "percent_branches_covered_display": "100"}, "missing_lines": [], "excluded_lines": [], "executed_branches": [], "missing_branches": []}}, "classes": {"ILiveFeed": {"executed_lines": [], "summary": {"covered_lines": 0, "num_statements": 3, "percent_covered": 0.0, "percent_covered_display": "0", "missing_lines": 3, "excluded_lines": 0, "percent_statements_covered": 0.0, "percent_statements_covered_display": "0", "num_branches": 0, "num_partial_branches": 0, "covered_branches": 0, "missing_branches": 0, "percent_branches_covered": 100.0, "percent_branches_covered_display": "100"}, "missing_lines": [28, 36, 45], "excluded_lines": [], "executed_branches": [], "missing_branches": []}, "": {"executed_lines": [1, 7, 10, 11, 18, 19, 30, 31, 38, 39], "summary": {"covered_lines": 8, "num_statements": 8, "percent_covered": 100.0, "percent_covered_display": "100", "missing_lines": 0, "excluded_lines": 0, "percent_statements_covered": 100.0, "percent_statements_covered_display": "100", "num_branches": 0, "num_partial_branches": 0, "covered_branches": 0, "missing_branches": 0, "percent_branches_covered": 100.0, "percent_branches_covered_display": "100"}, "missing_lines": [], "excluded_lines": [], "executed_branches": [], "missing_branches": []}}}, "neural_ai/collectors/jforex/interfaces/tick_data.py": {"executed_lines": [1, 3, 4, 7, 8, 9, 23, 24, 25, 26, 27, 28, 29, 31, 32, 40, 41], "summary": {"covered_lines": 15, "num_statements": 17, "percent_covered": 88.23529411764706, "percent_covered_display": "88", "missing_lines": 2, "excluded_lines": 0, "percent_statements_covered": 88.23529411764706, "percent_statements_covered_display": "88", "num_branches": 0, "num_partial_branches": 0, "covered_branches": 0, "missing_branches": 0, "percent_branches_covered": 100.0, "percent_branches_covered_display": "100"}, "missing_lines": [38, 47], "excluded_lines": [], "executed_branches": [], "missing_branches": [], "functions": {"TickData.spread": {"executed_lines": [], "summary": {"covered_lines": 0, "num_statements": 1, "percent_covered": 0.0, "percent_covered_display": "0", "missing_lines": 1, "excluded_lines": 0, "percent_statements_covered": 0.0, "percent_statements_covered_display": "0", "num_branches": 0, "num_partial_branches": 0, "covered_branches": 0, "missing_branches": 0, "percent_branches_covered": 100.0, "percent_branches_covered_display": "100"}, "missing_lines": [38], "excluded_lines": [], "executed_branches": [], "missing_branches": []}, "TickData.mid_price": {"executed_lines": [], "summary": {"covered_lines": 0, "num_statements": 1, "percent_covered": 0.0, "percent_covered_display": "0", "missing_lines": 1, "excluded_lines": 0, "percent_statements_covered": 0.0, "percent_statements_covered_display": "0", "num_branches": 0, "num_partial_branches": 0, "covered_branches": 0, "missing_branches": 0, "percent_branches_covered": 100.0, "percent_branches_covered_display": "100"}, "missing_lines": [47], "excluded_lines": [], "executed_branches": [], "missing_branches": []}, "": {"executed_lines": [1, 3, 4, 7, 8, 9, 23, 24, 25, 26, 27, 28, 29, 31, 32, 40, 41], "summary": {"covered_lines": 15, "num_statements": 15, "percent_covered": 100.0, "percent_covered_display": "100", "missing_lines": 0, "excluded_lines": 0, "percent_statements_covered": 100.0, "percent_statements_covered_display": "100", "num_branches": 0, "num_partial_branches": 0, "covered_branches": 0, "missing_branches": 0, "percent_branches_covered": 100.0, "percent_branches_covered_display": "100"}, "missing_lines": [], "excluded_lines": [], "executed_branches": [], "missing_branches": []}}, "classes": {"TickData": {"executed_lines": [], "summary": {"covered_lines": 0, "num_statements": 2, "percent_covered": 0.0, "percent_covered_display": "0", "missing_lines": 2, "excluded_lines": 0, "percent_statements_covered": 0.0, "percent_statements_covered_display": "0", "num_branches": 0, "num_partial_branches": 0, "covered_branches": 0, "missing_branches": 0, "percent_branches_covered": 100.0, "percent_branches_covered_display": "100"}, "missing_lines": [38, 47], "excluded_lines": [], "executed_branches": [], "missing_branches": []}, "": {"executed_lines": [1, 3, 4, 7, 8, 9, 23, 24, 25, 26, 27, 28, 29, 31, 32, 40, 41], "summary": {"covered_lines": 15, "num_statements": 15, "percent_covered": 100.0, "percent_covered_display": "100", "missing_lines": 0, "excluded_lines": 0, "percent_statements_covered": 100.0, "percent_statements_covered_display": "100", "num_branches": 0, "num_partial_branches": 0, "covered_branches": 0, "missing_branches": 0, "percent_branches_covered": 100.0, "percent_branches_covered_display": "100"}, "missing_lines": [], "excluded_lines": [], "executed_branches": [], "missing_branches": []}}}, "neural_ai/core/__init__.py": {"executed_lines": [1, 13, 15, 21, 23, 51, 52, 67, 68, 77, 78, 256, 257, 278], "summary": {"covered_lines": 12, "num_statements": 103, "percent_covered": 11.214953271028037, "percent_covered_display": "11", "missing_lines": 91, "excluded_lines": 10, "percent_statements_covered": 11.650485436893204, "percent_statements_covered_display": "12", "num_branches": 4, "num_partial_branches": 0, "covered_branches": 0, "missing_branches": 4, "percent_branches_covered": 0.0, "percent_branches_covered_display": "0"}, "missing_lines": [59, 60, 62, 63, 64, 74, 116, 117, 118, 119, 120, 121, 122, 123, 124, 125, 126, 127, 128, 129, 130, 131, 132, 135, 138, 140, 141, 142, 145, 146, 147, 149, 150, 153, 154, 155, 156, 159, 160, 161, 162, 165, 167, 168, 169, 170, 173, 174, 175, 176, 177, 180, 181, 182, 183, 185, 186, 193, 194, 195, 196, 197, 200, 201, 204, 207, 210, 213, 216, 220, 221, 224, 225, 226, 232, 233, 236, 238, 239, 241, 242, 243, 245, 246, 247, 249, 251, 253, 271, 272, 274], "excluded_lines": [23, 24, 25, 28, 31, 34, 37, 40, 43, 46], "executed_branches": [], "missing_branches": [[241, 242], [241, 249], [271, 272], [271, 274]], "functions": {"get_version": {"executed_lines": [], "summary": {"covered_lines": 0, "num_statements": 5, "percent_covered": 0.0, "percent_covered_display": "0", "missing_lines": 5, "excluded_lines": 0, "percent_statements_covered": 0.0, "percent_statements_covered_display": "0", "num_branches": 0, "num_partial_branches": 0, "covered_branches": 0, "missing_branches": 0, "percent_branches_covered": 100.0, "percent_branches_covered_display": "100"}, "missing_lines": [59, 60, 62, 63, 64], "excluded_lines": [], "executed_branches": [], "missing_branches": []}, "get_schema_version": {"executed_lines": [], "summary": {"covered_lines": 0, "num_statements": 1, "percent_covered": 0.0, "percent_covered_display": "0", "missing_lines": 1, "excluded_lines": 0, "percent_statements_covered": 0.0, "percent_statements_covered_display": "0", "num_branches": 0, "num_partial_branches": 0, "covered_branches": 0, "missing_branches": 0, "percent_branches_covered": 100.0, "percent_branches_covered_display": "100"}, "missing_lines": [74], "excluded_lines": [], "executed_branches": [], "missing_branches": []}, "bootstrap_core": {"executed_lines": [], "summary": {"covered_lines": 0, "num_statements": 82, "percent_covered": 0.0, "percent_covered_display": "0", "missing_lines": 82, "excluded_lines": 0, "percent_statements_covered": 0.0, "percent_statements_covered_display": "0", "num_branches": 2, "num_partial_branches": 0, "covered_branches": 0, "missing_branches": 2, "percent_branches_covered": 0.0, "percent_branches_covered_display": "0"}, "missing_lines": [116, 117, 118, 119, 120, 121, 122, 123, 124, 125, 126, 127, 128, 129, 130, 131, 132, 135, 138, 140, 141, 142, 145, 146, 147, 149, 150, 153, 154, 155, 156, 159, 160, 161, 162, 165, 167, 168, 169, 170, 173, 174, 175, 176, 177, 180, 181, 182, 183, 185, 186, 193, 194, 195, 196, 197, 200, 201, 204, 207, 210, 213, 216, 220, 221, 224, 225, 226, 232, 233, 236, 238, 239, 241, 242, 243, 245, 246, 247, 249, 251, 253], "excluded_lines": [], "executed_branches": [], "missing_branches": [[241, 242], [241, 249]]}, "get_core_components": {"executed_lines": [], "summary": {"covered_lines": 0, "num_statements": 3, "percent_covered": 0.0, "percent_covered_display": "0", "missing_lines": 3, "excluded_lines": 0, "percent_statements_covered": 0.0, "percent_statements_covered_display": "0", "num_branches": 2, "num_partial_branches": 0, "covered_branches": 0, "missing_branches": 2, "percent_branches_covered": 0.0, "percent_branches_covered_display": "0"}, "missing_lines": [271, 272, 274], "excluded_lines": [], "executed_branches": [], "missing_branches": [[271, 272], [271, 274]]}, "": {"executed_lines": [1, 13, 15, 21, 23, 51, 52, 67, 68, 77, 78, 256, 257, 278], "summary": {"covered_lines": 12, "num_statements": 12, "percent_covered": 100.0, "percent_covered_display": "100", "missing_lines": 0, "excluded_lines": 10, "percent_statements_covered": 100.0, "percent_statements_covered_display": "100", "num_branches": 0, "num_partial_branches": 0, "covered_branches": 0, "missing_branches": 0, "percent_branches_covered": 100.0, "percent_branches_covered_display": "100"}, "missing_lines": [], "excluded_lines": [23, 24, 25, 28, 31, 34, 37, 40, 43, 46], "executed_branches": [], "missing_branches": []}}, "classes": {"": {"executed_lines": [1, 13, 15, 21, 23, 51, 52, 67, 68, 77, 78, 256, 257, 278], "summary": {"covered_lines": 12, "num_statements": 103, "percent_covered": 11.214953271028037, "percent_covered_display": "11", "missing_lines": 91, "excluded_lines": 10, "percent_statements_covered": 11.650485436893204, "percent_statements_covered_display": "12", "num_branches": 4, "num_partial_branches": 0, "covered_branches": 0, "missing_branches": 4, "percent_branches_covered": 0.0, "percent_branches_covered_display": "0"}, "missing_lines": [59, 60, 62, 63, 64, 74, 116, 117, 118, 119, 120, 121, 122, 123, 124, 125, 126, 127, 128, 129, 130, 131, 132, 135, 138, 140, 141, 142, 145, 146, 147, 149, 150, 153, 154, 155, 156, 159, 160, 161, 162, 165, 167, 168, 169, 170, 173, 174, 175, 176, 177, 180, 181, 182, 183, 185, 186, 193, 194, 195, 196, 197, 200, 201, 204, 207, 210, 213, 216, 220, 221, 224, 225, 226, 232, 233, 236, 238, 239, 241, 242, 243, 245, 246, 247, 249, 251, 253, 271, 272, 274], "excluded_lines": [23, 24, 25, 28, 31, 34, 37, 40, 43, 46], "executed_branches": [], "missing_branches": [[241, 242], [241, 249], [271, 272], [271, 274]]}}}, "neural_ai/core/base/__init__.py": {"executed_lines": [1, 7, 9, 14, 15, 16, 18], "summary": {"covered_lines": 5, "num_statements": 5, "percent_covered": 100.0, "percent_covered_display": "100", "missing_lines": 0, "excluded_lines": 4, "percent_statements_covered": 100.0, "percent_statements_covered_display": "100", "num_branches": 0, "num_partial_branches": 0, "covered_branches": 0, "missing_branches": 0, "percent_branches_covered": 100.0, "percent_branches_covered_display": "100"}, "missing_lines": [], "excluded_lines": [9, 10, 11, 12], "executed_branches": [], "missing_branches": [], "functions": {"": {"executed_lines": [1, 7, 9, 14, 15, 16, 18], "summary": {"covered_lines": 5, "num_statements": 5, "percent_covered": 100.0, "percent_covered_display": "100", "missing_lines": 0, "excluded_lines": 4, "percent_statements_covered": 100.0, "percent_statements_covered_display": "100", "num_branches": 0, "num_partial_branches": 0, "covered_branches": 0, "missing_branches": 0, "percent_branches_covered": 100.0, "percent_branches_covered_display": "100"}, "missing_lines": [], "excluded_lines": [9, 10, 11, 12], "executed_branches": [], "missing_branches": []}}, "classes": {"": {"executed_lines": [1, 7, 9, 14, 15, 16, 18], "summary": {"covered_lines": 5, "num_statements": 5, "percent_covered": 100.0, "percent_covered_display": "100", "missing_lines": 0, "excluded_lines": 4, "percent_statements_covered": 100.0, "percent_statements_covered_display": "100", "num_branches": 0, "num_partial_branches": 0, "covered_branches": 0, "missing_branches": 0, "percent_branches_covered": 100.0, "percent_branches_covered_display": "100"}, "missing_lines": [], "excluded_lines": [9, 10, 11, 12], "executed_branches": [], "missing_branches": []}}}, "neural_ai/core/base/exceptions/__init__.py": {"executed_lines": [1, 7, 24], "summary": {"covered_lines": 2, "num_statements": 2, "percent_covered": 100.0, "percent_covered_display": "100", "missing_lines": 0, "excluded_lines": 0, "percent_statements_covered": 100.0, "percent_statements_covered_display": "100", "num_branches": 0, "num_partial_branches": 0, "covered_branches": 0, "missing_branches": 0, "percent_branches_covered": 100.0, "percent_branches_covered_display": "100"}, "missing_lines": [], "excluded_lines": [], "executed_branches": [], "missing_branches": [], "functions": {"": {"executed_lines": [1, 7, 24], "summary": {"covered_lines": 2, "num_statements": 2, "percent_covered": 100.0, "percent_covered_display": "100", "missing_lines": 0, "excluded_lines": 0, "percent_statements_covered": 100.0, "percent_statements_covered_display": "100", "num_branches": 0, "num_partial_branches": 0, "covered_branches": 0, "missing_branches": 0, "percent_branches_covered": 100.0, "percent_branches_covered_display": "100"}, "missing_lines": [], "excluded_lines": [], "executed_branches": [], "missing_branches": []}}, "classes": {"": {"executed_lines": [1, 7, 24], "summary": {"covered_lines": 2, "num_statements": 2, "percent_covered": 100.0, "percent_covered_display": "100", "missing_lines": 0, "excluded_lines": 0, "percent_statements_covered": 100.0, "percent_statements_covered_display": "100", "num_branches": 0, "num_partial_branches": 0, "covered_branches": 0, "missing_branches": 0, "percent_branches_covered": 100.0, "percent_branches_covered_display": "100"}, "missing_lines": [], "excluded_lines": [], "executed_branches": [], "missing_branches": []}}}, "neural_ai/core/base/exceptions/base_error.py": {"executed_lines": [1, 8, 9, 15, 18, 19, 25, 28, 29, 35, 38, 39, 45, 48, 49, 55, 58, 59, 65, 68, 69, 75, 78, 79, 85, 88, 89, 95, 98, 99, 105, 108, 109, 115, 118, 119, 125, 128, 129, 135, 138, 139, 145], "summary": {"covered_lines": 28, "num_statements": 28, "percent_covered": 100.0, "percent_covered_display": "100", "missing_lines": 0, "excluded_lines": 0, "percent_statements_covered": 100.0, "percent_statements_covered_display": "100", "num_branches": 0, "num_partial_branches": 0, "covered_branches": 0, "missing_branches": 0, "percent_branches_covered": 100.0, "percent_branches_covered_display": "100"}, "missing_lines": [], "excluded_lines": [], "executed_branches": [], "missing_branches": [], "functions": {"": {"executed_lines": [1, 8, 9, 15, 18, 19, 25, 28, 29, 35, 38, 39, 45, 48, 49, 55, 58, 59, 65, 68, 69, 75, 78, 79, 85, 88, 89, 95, 98, 99, 105, 108, 109, 115, 118, 119, 125, 128, 129, 135, 138, 139, 145], "summary": {"covered_lines": 28, "num_statements": 28, "percent_covered": 100.0, "percent_covered_display": "100", "missing_lines": 0, "excluded_lines": 0, "percent_statements_covered": 100.0, "percent_statements_covered_display": "100", "num_branches": 0, "num_partial_branches": 0, "covered_branches": 0, "missing_branches": 0, "percent_branches_covered": 100.0, "percent_branches_covered_display": "100"}, "missing_lines": [], "excluded_lines": [], "executed_branches": [], "missing_branches": []}}, "classes": {"NeuralAIException": {"executed_lines": [], "summary": {"covered_lines": 0, "num_statements": 0, "percent_covered": 100.0, "percent_covered_display": "100", "missing_lines": 0, "excluded_lines": 0, "percent_statements_covered": 100.0, "percent_statements_covered_display": "100", "num_branches": 0, "num_partial_branches": 0, "covered_branches": 0, "missing_branches": 0, "percent_branches_covered": 100.0, "percent_branches_covered_display": "100"}, "missing_lines": [], "excluded_lines": [], "executed_branches": [], "missing_branches": []}, "StorageException": {"executed_lines": [], "summary": {"covered_lines": 0, "num_statements": 0, "percent_covered": 100.0, "percent_covered_display": "100", "missing_lines": 0, "excluded_lines": 0, "percent_statements_covered": 100.0, "percent_statements_covered_display": "100", "num_branches": 0, "num_partial_branches": 0, "covered_branches": 0, "missing_branches": 0, "percent_branches_covered": 100.0, "percent_branches_covered_display": "100"}, "missing_lines": [], "excluded_lines": [], "executed_branches": [], "missing_branches": []}, "StorageWriteError": {"executed_lines": [], "summary": {"covered_lines": 0, "num_statements": 0, "percent_covered": 100.0, "percent_covered_display": "100", "missing_lines": 0, "excluded_lines": 0, "percent_statements_covered": 100.0, "percent_statements_covered_display": "100", "num_branches": 0, "num_partial_branches": 0, "covered_branches": 0, "missing_branches": 0, "percent_branches_covered": 100.0, "percent_branches_covered_display": "100"}, "missing_lines": [], "excluded_lines": [], "executed_branches": [], "missing_branches": []}, "StorageReadError": {"executed_lines": [], "summary": {"covered_lines": 0, "num_statements": 0, "percent_covered": 100.0, "percent_covered_display": "100", "missing_lines": 0, "excluded_lines": 0, "percent_statements_covered": 100.0, "percent_statements_covered_display": "100", "num_branches": 0, "num_partial_branches": 0, "covered_branches": 0, "missing_branches": 0, "percent_branches_covered": 100.0, "percent_branches_covered_display": "100"}, "missing_lines": [], "excluded_lines": [], "executed_branches": [], "missing_branches": []}, "StoragePermissionError": {"executed_lines": [], "summary": {"covered_lines": 0, "num_statements": 0, "percent_covered": 100.0, "percent_covered_display": "100", "missing_lines": 0, "excluded_lines": 0, "percent_statements_covered": 100.0, "percent_statements_covered_display": "100", "num_branches": 0, "num_partial_branches": 0, "covered_branches": 0, "missing_branches": 0, "percent_branches_covered": 100.0, "percent_branches_covered_display": "100"}, "missing_lines": [], "excluded_lines": [], "executed_branches": [], "missing_branches": []}, "ConfigurationError": {"executed_lines": [], "summary": {"covered_lines": 0, "num_statements": 0, "percent_covered": 100.0, "percent_covered_display": "100", "missing_lines": 0, "excluded_lines": 0, "percent_statements_covered": 100.0, "percent_statements_covered_display": "100", "num_branches": 0, "num_partial_branches": 0, "covered_branches": 0, "missing_branches": 0, "percent_branches_covered": 100.0, "percent_branches_covered_display": "100"}, "missing_lines": [], "excluded_lines": [], "executed_branches": [], "missing_branches": []}, "DependencyError": {"executed_lines": [], "summary": {"covered_lines": 0, "num_statements": 0, "percent_covered": 100.0, "percent_covered_display": "100", "missing_lines": 0, "excluded_lines": 0, "percent_statements_covered": 100.0, "percent_statements_covered_display": "100", "num_branches": 0, "num_partial_branches": 0, "covered_branches": 0, "missing_branches": 0, "percent_branches_covered": 100.0, "percent_branches_covered_display": "100"}, "missing_lines": [], "excluded_lines": [], "executed_branches": [], "missing_branches": []}, "SingletonViolationError": {"executed_lines": [], "summary": {"covered_lines": 0, "num_statements": 0, "percent_covered": 100.0, "percent_covered_display": "100", "missing_lines": 0, "excluded_lines": 0, "percent_statements_covered": 100.0, "percent_statements_covered_display": "100", "num_branches": 0, "num_partial_branches": 0, "covered_branches": 0, "missing_branches": 0, "percent_branches_covered": 100.0, "percent_branches_covered_display": "100"}, "missing_lines": [], "excluded_lines": [], "executed_branches": [], "missing_branches": []}, "ComponentNotFoundError": {"executed_lines": [], "summary": {"covered_lines": 0, "num_statements": 0, "percent_covered": 100.0, "percent_covered_display": "100", "missing_lines": 0, "excluded_lines": 0, "percent_statements_covered": 100.0, "percent_statements_covered_display": "100", "num_branches": 0, "num_partial_branches": 0, "covered_branches": 0, "missing_branches": 0, "percent_branches_covered": 100.0, "percent_branches_covered_display": "100"}, "missing_lines": [], "excluded_lines": [], "executed_branches": [], "missing_branches": []}, "NetworkException": {"executed_lines": [], "summary": {"covered_lines": 0, "num_statements": 0, "percent_covered": 100.0, "percent_covered_display": "100", "missing_lines": 0, "excluded_lines": 0, "percent_statements_covered": 100.0, "percent_statements_covered_display": "100", "num_branches": 0, "num_partial_branches": 0, "covered_branches": 0, "missing_branches": 0, "percent_branches_covered": 100.0, "percent_branches_covered_display": "100"}, "missing_lines": [], "excluded_lines": [], "executed_branches": [], "missing_branches": []}, "TimeoutError": {"executed_lines": [], "summary": {"covered_lines": 0, "num_statements": 0, "percent_covered": 100.0, "percent_covered_display": "100", "missing_lines": 0, "excluded_lines": 0, "percent_statements_covered": 100.0, "percent_statements_covered_display": "100", "num_branches": 0, "num_partial_branches": 0, "covered_branches": 0, "missing_branches": 0, "percent_branches_covered": 100.0, "percent_branches_covered_display": "100"}, "missing_lines": [], "excluded_lines": [], "executed_branches": [], "missing_branches": []}, "ConnectionError": {"executed_lines": [], "summary": {"covered_lines": 0, "num_statements": 0, "percent_covered": 100.0, "percent_covered_display": "100", "missing_lines": 0, "excluded_lines": 0, "percent_statements_covered": 100.0, "percent_statements_covered_display": "100", "num_branches": 0, "num_partial_branches": 0, "covered_branches": 0, "missing_branches": 0, "percent_branches_covered": 100.0, "percent_branches_covered_display": "100"}, "missing_lines": [], "excluded_lines": [], "executed_branches": [], "missing_branches": []}, "InsufficientDiskSpaceError": {"executed_lines": [], "summary": {"covered_lines": 0, "num_statements": 0, "percent_covered": 100.0, "percent_covered_display": "100", "missing_lines": 0, "excluded_lines": 0, "percent_statements_covered": 100.0, "percent_statements_covered_display": "100", "num_branches": 0, "num_partial_branches": 0, "covered_branches": 0, "missing_branches": 0, "percent_branches_covered": 100.0, "percent_branches_covered_display": "100"}, "missing_lines": [], "excluded_lines": [], "executed_branches": [], "missing_branches": []}, "PermissionDeniedError": {"executed_lines": [], "summary": {"covered_lines": 0, "num_statements": 0, "percent_covered": 100.0, "percent_covered_display": "100", "missing_lines": 0, "excluded_lines": 0, "percent_statements_covered": 100.0, "percent_statements_covered_display": "100", "num_branches": 0, "num_partial_branches": 0, "covered_branches": 0, "missing_branches": 0, "percent_branches_covered": 100.0, "percent_branches_covered_display": "100"}, "missing_lines": [], "excluded_lines": [], "executed_branches": [], "missing_branches": []}, "": {"executed_lines": [1, 8, 9, 15, 18, 19, 25, 28, 29, 35, 38, 39, 45, 48, 49, 55, 58, 59, 65, 68, 69, 75, 78, 79, 85, 88, 89, 95, 98, 99, 105, 108, 109, 115, 118, 119, 125, 128, 129, 135, 138, 139, 145], "summary": {"covered_lines": 28, "num_statements": 28, "percent_covered": 100.0, "percent_covered_display": "100", "missing_lines": 0, "excluded_lines": 0, "percent_statements_covered": 100.0, "percent_statements_covered_display": "100", "num_branches": 0, "num_partial_branches": 0, "covered_branches": 0, "missing_branches": 0, "percent_branches_covered": 100.0, "percent_branches_covered_display": "100"}, "missing_lines": [], "excluded_lines": [], "executed_branches": [], "missing_branches": []}}}, "neural_ai/core/base/factory.py": {"executed_lines": [1, 8, 9, 10, 12, 14, 18, 19, 20, 21, 22, 24, 27, 28, 30, 33, 34, 36, 37, 38, 39, 42, 43, 45, 48, 49, 51, 54, 61, 62, 78, 85, 97, 110, 121, 122, 126, 127, 131, 132, 136, 137, 145, 146, 151, 156, 161, 177, 178, 220, 221, 222, 291, 292, 293, 306, 307, 308, 360, 361, 385, 386, 413, 414], "summary": {"covered_lines": 57, "num_statements": 193, "percent_covered": 23.26530612244898, "percent_covered_display": "23", "missing_lines": 136, "excluded_lines": 5, "percent_statements_covered": 29.533678756476682, "percent_statements_covered_display": "30", "num_branches": 52, "num_partial_branches": 0, "covered_branches": 0, "missing_branches": 52, "percent_branches_covered": 0.0, "percent_branches_covered_display": "0"}, "missing_lines": [80, 81, 82, 83, 87, 89, 90, 91, 92, 95, 99, 101, 102, 103, 106, 108, 112, 114, 115, 116, 117, 119, 124, 129, 134, 140, 142, 143, 149, 154, 159, 168, 169, 170, 173, 174, 175, 189, 191, 193, 195, 198, 199, 200, 204, 206, 208, 210, 213, 214, 215, 217, 218, 244, 245, 246, 247, 248, 250, 253, 254, 255, 256, 259, 260, 261, 262, 263, 264, 265, 266, 267, 269, 270, 273, 274, 275, 276, 279, 282, 283, 284, 289, 302, 304, 318, 319, 320, 321, 322, 323, 324, 326, 327, 329, 330, 331, 332, 333, 334, 335, 337, 338, 343, 344, 345, 347, 350, 351, 352, 353, 354, 355, 356, 358, 375, 376, 379, 383, 402, 403, 406, 409, 411, 433, 434, 435, 437, 439, 440, 442, 445, 448, 449, 451, 452], "excluded_lines": [54, 55, 56, 57, 58], "executed_branches": [], "missing_branches": [[90, 91], [90, 95], [102, 103], [102, 108], [115, 116], [115, 119], [173, -161], [173, 174], [174, 173], [174, 175], [193, 195], [193, 204], [199, -177], [199, 200], [204, 206], [204, 208], [208, -177], [208, 210], [214, -177], [214, 215], [254, 255], [254, 259], [260, 261], [260, 273], [262, 263], [262, 264], [264, 265], [264, 269], [266, 267], [266, 269], [274, 275], [274, 279], [282, 283], [282, 289], [283, 284], [283, 289], [331, 332], [331, 343], [333, 334], [333, 343], [344, 345], [344, 347], [351, 352], [351, 353], [353, 354], [353, 355], [355, 356], [355, 358], [434, 435], [434, 437], [439, 440], [439, 442]], "functions": {"CoreComponentFactory.__init__": {"executed_lines": [], "summary": {"covered_lines": 0, "num_statements": 4, "percent_covered": 0.0, "percent_covered_display": "0", "missing_lines": 4, "excluded_lines": 0, "percent_statements_covered": 0.0, "percent_statements_covered_display": "0", "num_branches": 0, "num_partial_branches": 0, "covered_branches": 0, "missing_branches": 0, "percent_branches_covered": 100.0, "percent_branches_covered_display": "100"}, "missing_lines": [80, 81, 82, 83], "excluded_lines": [], "executed_branches": [], "missing_branches": []}, "CoreComponentFactory._get_logger": {"executed_lines": [], "summary": {"covered_lines": 0, "num_statements": 6, "percent_covered": 0.0, "percent_covered_display": "0", "missing_lines": 6, "excluded_lines": 0, "percent_statements_covered": 0.0, "percent_statements_covered_display": "0", "num_branches": 2, "num_partial_branches": 0, "covered_branches": 0, "missing_branches": 2, "percent_branches_covered": 0.0, "percent_branches_covered_display": "0"}, "missing_lines": [87, 89, 90, 91, 92, 95], "excluded_lines": [], "executed_branches": [], "missing_branches": [[90, 91], [90, 95]]}, "CoreComponentFactory._get_config_manager": {"executed_lines": [], "summary": {"covered_lines": 0, "num_statements": 6, "percent_covered": 0.0, "percent_covered_display": "0", "missing_lines": 6, "excluded_lines": 0, "percent_statements_covered": 0.0, "percent_statements_covered_display": "0", "num_branches": 2, "num_partial_branches": 0, "covered_branches": 0, "missing_branches": 2, "percent_branches_covered": 0.0, "percent_branches_covered_display": "0"}, "missing_lines": [99, 101, 102, 103, 106, 108], "excluded_lines": [], "executed_branches": [], "missing_branches": [[102, 103], [102, 108]]}, "CoreComponentFactory._get_storage": {"executed_lines": [], "summary": {"covered_lines": 0, "num_statements": 6, "percent_covered": 0.0, "percent_covered_display": "0", "missing_lines": 6, "excluded_lines": 0, "percent_statements_covered": 0.0, "percent_statements_covered_display": "0", "num_branches": 2, "num_partial_branches": 0, "covered_branches": 0, "missing_branches": 2, "percent_branches_covered": 0.0, "percent_branches_covered_display": "0"}, "missing_lines": [112, 114, 115, 116, 117, 119], "excluded_lines": [], "executed_branches": [], "missing_branches": [[115, 116], [115, 119]]}, "CoreComponentFactory.logger": {"executed_lines": [], "summary": {"covered_lines": 0, "num_statements": 1, "percent_covered": 0.0, "percent_covered_display": "0", "missing_lines": 1, "excluded_lines": 0, "percent_statements_covered": 0.0, "percent_statements_covered_display": "0", "num_branches": 0, "num_partial_branches": 0, "covered_branches": 0, "missing_branches": 0, "percent_branches_covered": 100.0, "percent_branches_covered_display": "100"}, "missing_lines": [124], "excluded_lines": [], "executed_branches": [], "missing_branches": []}, "CoreComponentFactory.config_manager": {"executed_lines": [], "summary": {"covered_lines": 0, "num_statements": 1, "percent_covered": 0.0, "percent_covered_display": "0", "missing_lines": 1, "excluded_lines": 0, "percent_statements_covered": 0.0, "percent_statements_covered_display": "0", "num_branches": 0, "num_partial_branches": 0, "covered_branches": 0, "missing_branches": 0, "percent_branches_covered": 100.0, "percent_branches_covered_display": "100"}, "missing_lines": [129], "excluded_lines": [], "executed_branches": [], "missing_branches": []}, "CoreComponentFactory.storage": {"executed_lines": [], "summary": {"covered_lines": 0, "num_statements": 1, "percent_covered": 0.0, "percent_covered_display": "0", "missing_lines": 1, "excluded_lines": 0, "percent_statements_covered": 0.0, "percent_statements_covered_display": "0", "num_branches": 0, "num_partial_branches": 0, "covered_branches": 0, "missing_branches": 0, "percent_branches_covered": 100.0, "percent_branches_covered_display": "100"}, "missing_lines": [134], "excluded_lines": [], "executed_branches": [], "missing_branches": []}, "CoreComponentFactory._expensive_config": {"executed_lines": [], "summary": {"covered_lines": 0, "num_statements": 3, "percent_covered": 0.0, "percent_covered_display": "0", "missing_lines": 3, "excluded_lines": 0, "percent_statements_covered": 0.0, "percent_statements_covered_display": "0", "num_branches": 0, "num_partial_branches": 0, "covered_branches": 0, "missing_branches": 0, "percent_branches_covered": 100.0, "percent_branches_covered_display": "100"}, "missing_lines": [140, 142, 143], "excluded_lines": [], "executed_branches": [], "missing_branches": []}, "CoreComponentFactory._component_cache": {"executed_lines": [], "summary": {"covered_lines": 0, "num_statements": 1, "percent_covered": 0.0, "percent_covered_display": "0", "missing_lines": 1, "excluded_lines": 0, "percent_statements_covered": 0.0, "percent_statements_covered_display": "0", "num_branches": 0, "num_partial_branches": 0, "covered_branches": 0, "missing_branches": 0, "percent_branches_covered": 100.0, "percent_branches_covered_display": "100"}, "missing_lines": [149], "excluded_lines": [], "executed_branches": [], "missing_branches": []}, "CoreComponentFactory._process_config": {"executed_lines": [], "summary": {"covered_lines": 0, "num_statements": 1, "percent_covered": 0.0, "percent_covered_display": "0", "missing_lines": 1, "excluded_lines": 0, "percent_statements_covered": 0.0, "percent_statements_covered_display": "0", "num_branches": 0, "num_partial_branches": 0, "covered_branches": 0, "missing_branches": 0, "percent_branches_covered": 100.0, "percent_branches_covered_display": "100"}, "missing_lines": [154], "excluded_lines": [], "executed_branches": [], "missing_branches": []}, "CoreComponentFactory._load_component_cache": {"executed_lines": [], "summary": {"covered_lines": 0, "num_statements": 1, "percent_covered": 0.0, "percent_covered_display": "0", "missing_lines": 1, "excluded_lines": 0, "percent_statements_covered": 0.0, "percent_statements_covered_display": "0", "num_branches": 0, "num_partial_branches": 0, "covered_branches": 0, "missing_branches": 0, "percent_branches_covered": 100.0, "percent_branches_covered_display": "100"}, "missing_lines": [159], "excluded_lines": [], "executed_branches": [], "missing_branches": []}, "CoreComponentFactory.reset_lazy_loaders": {"executed_lines": [], "summary": {"covered_lines": 0, "num_statements": 6, "percent_covered": 0.0, "percent_covered_display": "0", "missing_lines": 6, "excluded_lines": 0, "percent_statements_covered": 0.0, "percent_statements_covered_display": "0", "num_branches": 4, "num_partial_branches": 0, "covered_branches": 0, "missing_branches": 4, "percent_branches_covered": 0.0, "percent_branches_covered_display": "0"}, "missing_lines": [168, 169, 170, 173, 174, 175], "excluded_lines": [], "executed_branches": [], "missing_branches": [[173, -161], [173, 174], [174, 173], [174, 175]]}, "CoreComponentFactory._validate_dependencies": {"executed_lines": [], "summary": {"covered_lines": 0, "num_statements": 16, "percent_covered": 0.0, "percent_covered_display": "0", "missing_lines": 16, "excluded_lines": 0, "percent_statements_covered": 0.0, "percent_statements_covered_display": "0", "num_branches": 10, "num_partial_branches": 0, "covered_branches": 0, "missing_branches": 10, "percent_branches_covered": 0.0, "percent_branches_covered_display": "0"}, "missing_lines": [189, 191, 193, 195, 198, 199, 200, 204, 206, 208, 210, 213, 214, 215, 217, 218], "excluded_lines": [], "executed_branches": [], "missing_branches": [[193, 195], [193,
[...]
 327, 336, 338, 339, 340, 344, 345, 347, 350, 353, 354, 355, 361, 362, 363, 369, 372, 373, 374, 383, 384, 385, 387, 390, 391, 394, 395, 398, 408, 409, 410, 411, 413, 416, 418, 425, 428, 435, 436, 437, 440, 445, 451, 460, 463, 465, 479, 480, 506, 507, 509, 514, 519, 520, 522, 523, 525, 528, 530, 533, 535], "excluded_lines": [12, 13, 14, 16, 17, 18], "executed_branches": [], "missing_branches": [[65, 66], [65, 75], [117, 118], [117, 120], [122, 123], [122, 125], [125, 126], [125, 128], [142, 143], [142, 145], [164, 165], [164, 168], [197, 198], [197, 200], [234, 235], [234, 238], [319, 320], [319, 322], [322, 327], [322, 336], [344, 345], [344, 347], [353, 354], [353, 372], [354, 355], [354, 362], [362, 363], [362, 372], [373, 374], [373, 383], [383, 384], [383, 390], [384, 385], [384, 387], [410, 411], [410, 413], [425, 428], [425, 460], [436, 437], [436, 440], [506, 507], [506, 509], [509, 514], [509, 519], [522, 523], [522, 525]], "functions": {"StrategyService.__init__": {"executed_lines": [], "summary": {"covered_lines": 0, "num_statements": 6, "percent_covered": 0.0, "percent_covered_display": "0", "missing_lines": 6, "excluded_lines": 0, "percent_statements_covered": 0.0, "percent_statements_covered_display": "0", "num_branches": 0, "num_partial_branches": 0, "covered_branches": 0, "missing_branches": 0, "percent_branches_covered": 100.0, "percent_branches_covered_display": "100"}, "missing_lines": [38, 39, 40, 41, 55, 56], "excluded_lines": [], "executed_branches": [], "missing_branches": []}, "StrategyService.get_strategies": {"executed_lines": [], "summary": {"covered_lines": 0, "num_statements": 4, "percent_covered": 0.0, "percent_covered_display": "0", "missing_lines": 4, "excluded_lines": 0, "percent_statements_covered": 0.0, "percent_statements_covered_display": "0", "num_branches": 2, "num_partial_branches": 0, "covered_branches": 0, "missing_branches": 2, "percent_branches_covered": 0.0, "percent_branches_covered_display": "0"}, "missing_lines": [64, 65, 66, 75], "excluded_lines": [], "executed_branches": [], "missing_branches": [[65, 66], [65, 75]]}, "StrategyService.create_strategy": {"executed_lines": [], "summary": {"covered_lines": 0, "num_statements": 4, "percent_covered": 0.0, "percent_covered_display": "0", "missing_lines": 4, "excluded_lines": 0, "percent_statements_covered": 0.0, "percent_statements_covered_display": "0", "num_branches": 0, "num_partial_branches": 0, "covered_branches": 0, "missing_branches": 0, "percent_branches_covered": 100.0, "percent_branches_covered_display": "100"}, "missing_lines": [89, 91, 101, 102], "excluded_lines": [], "executed_branches": [], "missing_branches": []}, "StrategyService.update_strategy": {"executed_lines": [], "summary": {"covered_lines": 0, "num_statements": 10, "percent_covered": 0.0, "percent_covered_display": "0", "missing_lines": 10, "excluded_lines": 0, "percent_statements_covered": 0.0, "percent_statements_covered_display": "0", "num_branches": 6, "num_partial_branches": 0, "covered_branches": 0, "missing_branches": 6, "percent_branches_covered": 0.0, "percent_branches_covered_display": "0"}, "missing_lines": [117, 118, 120, 122, 123, 125, 126, 128, 130, 131], "excluded_lines": [], "executed_branches": [], "missing_branches": [[117, 118], [117, 120], [122, 123], [122, 125], [125, 126], [125, 128]]}, "StrategyService.delete_strategy": {"executed_lines": [], "summary": {"covered_lines": 0, "num_statements": 5, "percent_covered": 0.0, "percent_covered_display": "0", "missing_lines": 5, "excluded_lines": 0, "percent_statements_covered": 0.0, "percent_statements_covered_display": "0", "num_branches": 2, "num_partial_branches": 0, "covered_branches": 0, "missing_branches": 2, "percent_branches_covered": 0.0, "percent_branches_covered_display": "0"}, "missing_lines": [142, 143, 145, 147, 148], "excluded_lines": [], "executed_branches": [], "missing_branches": [[142, 143], [142, 145]]}, "StrategyService.backtest_strategy": {"executed_lines": [], "summary": {"covered_lines": 0, "num_statements": 6, "percent_covered": 0.0, "percent_covered_display": "0", "missing_lines": 6, "excluded_lines": 0, "percent_statements_covered": 0.0, "percent_statements_covered_display": "0", "num_branches": 2, "num_partial_branches": 0, "covered_branches": 0, "missing_branches": 2, "percent_branches_covered": 0.0, "percent_branches_covered_display": "0"}, "missing_lines": [164, 165, 168, 170, 179, 186], "excluded_lines": [], "executed_branches": [], "missing_branches": [[164, 165], [164, 168]]}, "StrategyService.get_backtest_status": {"executed_lines": [], "summary": {"covered_lines": 0, "num_statements": 5, "percent_covered": 0.0, "percent_covered_display": "0", "missing_lines": 5, "excluded_lines": 0, "percent_statements_covered": 0.0, "percent_statements_covered_display": "0", "num_branches": 2, "num_partial_branches": 0, "covered_branches": 0, "missing_branches": 2, "percent_branches_covered": 0.0, "percent_branches_covered_display": "0"}, "missing_lines": [197, 198, 200, 203, 219], "excluded_lines": [], "executed_branches": [], "missing_branches": [[197, 198], [197, 200]]}, "StrategyService.optimize_strategy": {"executed_lines": [], "summary": {"covered_lines": 0, "num_statements": 6, "percent_covered": 0.0, "percent_covered_display": "0", "missing_lines": 6, "excluded_lines": 0, "percent_statements_covered": 0.0, "percent_statements_covered_display": "0", "num_branches": 2, "num_partial_branches": 0, "covered_branches": 0, "missing_branches": 2, "percent_branches_covered": 0.0, "percent_branches_covered_display": "0"}, "missing_lines": [234, 235, 238, 240, 248, 255], "excluded_lines": [], "executed_branches": [], "missing_branches": [[234, 235], [234, 238]]}, "StrategyService.get_candles": {"executed_lines": [], "summary": {"covered_lines": 0, "num_statements": 6, "percent_covered": 0.0, "percent_covered_display": "0", "missing_lines": 6, "excluded_lines": 0, "percent_statements_covered": 0.0, "percent_statements_covered_display": "0", "num_branches": 0, "num_partial_branches": 0, "covered_branches": 0, "missing_branches": 0, "percent_branches_covered": 100.0, "percent_branches_covered_display": "100"}, "missing_lines": [272, 277, 280, 282, 285, 289], "excluded_lines": [], "executed_branches": [], "missing_branches": []}, "StrategyService.run_sma_backtest": {"executed_lines": [], "summary": {"covered_lines": 0, "num_statements": 51, "percent_covered": 0.0, "percent_covered_display": "0", "missing_lines": 51, "excluded_lines": 0, "percent_statements_covered": 0.0, "percent_statements_covered_display": "0", "num_branches": 24, "num_partial_branches": 0, "covered_branches": 0, "missing_branches": 24, "percent_branches_covered": 0.0, "percent_branches_covered_display": "0"}, "missing_lines": [319, 320, 322, 327, 336, 338, 339, 340, 344, 345, 347, 350, 353, 354, 355, 361, 362, 363, 369, 372, 373, 374, 383, 384, 385, 387, 390, 391, 394, 395, 398, 408, 409, 410, 411, 413, 416, 418, 425, 428, 435, 436, 437, 440, 445, 451, 460, 463, 465, 479, 480], "excluded_lines": [], "executed_branches": [], "missing_branches": [[319, 320], [319, 322], [322, 327], [322, 336], [344, 345], [344, 347], [353, 354], [353, 372], [354, 355], [354, 362], [362, 363], [362, 372], [373, 374], [373, 383], [383, 384], [383, 390], [384, 385], [384, 387], [410, 411], [410, 413], [425, 428], [425, 460], [436, 437], [436, 440]]}, "StrategyService.analyze_market_structure": {"executed_lines": [], "summary": {"covered_lines": 0, "num_statements": 13, "percent_covered": 0.0, "percent_covered_display": "0", "missing_lines": 13, "excluded_lines": 0, "percent_statements_covered": 0.0, "percent_statements_covered_display": "0", "num_branches": 6, "num_partial_branches": 0, "covered_branches": 0, "missing_branches": 6, "percent_branches_covered": 0.0, "percent_branches_covered_display": "0"}, "missing_lines": [506, 507, 509, 514, 519, 520, 522, 523, 525, 528, 530, 533, 535], "excluded_lines": [], "executed_branches": [], "missing_branches": [[506, 507], [506, 509], [509, 514], [509, 519], [522, 523], [522, 525]]}, "": {"executed_lines": [1, 7, 8, 10, 12, 23, 24, 30, 58, 77, 104, 133, 150, 188, 221, 257, 291, 488], "summary": {"covered_lines": 15, "num_statements": 15, "percent_covered": 100.0, "percent_covered_display": "100", "missing_lines": 0, "excluded_lines": 6, "percent_statements_covered": 100.0, "percent_statements_covered_display": "100", "num_branches": 0, "num_partial_branches": 0, "covered_branches": 0, "missing_branches": 0, "percent_branches_covered": 100.0, "percent_branches_covered_display": "100"}, "missing_lines": [], "excluded_lines": [12, 13, 14, 16, 17, 18], "executed_branches": [], "missing_branches": []}}, "classes": {"StrategyService": {"executed_lines": [], "summary": {"covered_lines": 0, "num_statements": 116, "percent_covered": 0.0, "percent_covered_display": "0", "missing_lines": 116, "excluded_lines": 0, "percent_statements_covered": 0.0, "percent_statements_covered_display": "0", "num_branches": 46, "num_partial_branches": 0, "covered_branches": 0, "missing_branches": 46, "percent_branches_covered": 0.0, "percent_branches_covered_display": "0"}, "missing_lines": [38, 39, 40, 41, 55, 56, 64, 65, 66, 75, 89, 91, 101, 102, 117, 118, 120, 122, 123, 125, 126, 128, 130, 131, 142, 143, 145, 147, 148, 164, 165, 168, 170, 179, 186, 197, 198, 200, 203, 219, 234, 235, 238, 240, 248, 255, 272, 277, 280, 282, 285, 289, 319, 320, 322, 327, 336, 338, 339, 340, 344, 345, 347, 350, 353, 354, 355, 361, 362, 363, 369, 372, 373, 374, 383, 384, 385, 387, 390, 391, 394, 395, 398, 408, 409, 410, 411, 413, 416, 418, 425, 428, 435, 436, 437, 440, 445, 451, 460, 463, 465, 479, 480, 506, 507, 509, 514, 519, 520, 522, 523, 525, 528, 530, 533, 535], "excluded_lines": [], "executed_branches": [], "missing_branches": [[65, 66], [65, 75], [117, 118], [117, 120], [122, 123], [122, 125], [125, 126], [125, 128], [142, 143], [142, 145], [164, 165], [164, 168], [197, 198], [197, 200], [234, 235], [234, 238], [319, 320], [319, 322], [322, 327], [322, 336], [344, 345], [344, 347], [353, 354], [353, 372], [354, 355], [354, 362], [362, 363], [362, 372], [373, 374], [373, 383], [383, 384], [383, 390], [384, 385], [384, 387], [410, 411], [410, 413], [425, 428], [425, 460], [436, 437], [436, 440], [506, 507], [506, 509], [509, 514], [509, 519], [522, 523], [522, 525]]}, "": {"executed_lines": [1, 7, 8, 10, 12, 23, 24, 30, 58, 77, 104, 133, 150, 188, 221, 257, 291, 488], "summary": {"covered_lines": 15, "num_statements": 15, "percent_covered": 100.0, "percent_covered_display": "100", "missing_lines": 0, "excluded_lines": 6, "percent_statements_covered": 100.0, "percent_statements_covered_display": "100", "num_branches": 0, "num_partial_branches": 0, "covered_branches": 0, "missing_branches": 0, "percent_branches_covered": 100.0, "percent_branches_covered_display": "100"}, "missing_lines": [], "excluded_lines": [12, 13, 14, 16, 17, 18], "executed_branches": [], "missing_branches": []}}}, "neural_ai/ui/streamlit_app.py": {"executed_lines": [], "summary": {"covered_lines": 0, "num_statements": 147, "percent_covered": 0.0, "percent_covered_display": "0", "missing_lines": 147, "excluded_lines": 2, "percent_statements_covered": 0.0, "percent_statements_covered_display": "0", "num_branches": 16, "num_partial_branches": 0, "covered_branches": 0, "missing_branches": 16, "percent_branches_covered": 0.0, "percent_branches_covered_display": "0"}, "missing_lines": [8, 9, 10, 12, 15, 17, 23, 25, 33, 35, 50, 59, 61, 62, 63, 66, 69, 72, 73, 74, 75, 78, 79, 80, 81, 84, 85, 86, 87, 90, 91, 94, 95, 98, 99, 101, 102, 105, 111, 113, 114, 115, 117, 120, 121, 123, 124, 125, 126, 127, 129, 131, 132, 134, 135, 138, 144, 146, 147, 148, 150, 153, 155, 156, 157, 158, 159, 161, 162, 163, 164, 165, 168, 170, 171, 172, 173, 174, 176, 177, 178, 179, 181, 182, 185, 191, 193, 194, 195, 197, 200, 201, 202, 203, 204, 207, 215, 216, 218, 219, 220, 222, 223, 224, 226, 228, 229, 232, 238, 239, 242, 243, 244, 245, 246, 247, 248, 249, 251, 254, 255, 257, 260, 261, 262, 265, 268, 271, 274, 276, 278, 279, 280, 281, 282, 285, 288, 291, 292, 293, 294, 296, 297, 298, 302, 305, 306], "excluded_lines": [19, 20], "executed_branches": [], "missing_branches": [[120, -105], [120, 121], [124, 125], [124, 126], [126, 127], [126, 129], [200, -185], [200, 201], [242, 243], [242, 251], [278, 279], [278, 285], [280, 281], [280, 282], [305, -1], [305, 306]], "functions": {"setup_page_config": {"executed_lines": [], "summary": {"covered_lines": 0, "num_statements": 1, "percent_covered": 0.0, "percent_covered_display": "0", "missing_lines": 1, "excluded_lines": 0, "percent_statements_covered": 0.0, "percent_statements_covered_display": "0", "num_branches": 0, "num_partial_branches": 0, "covered_branches": 0, "missing_branches": 0, "percent_branches_covered": 100.0, "percent_branches_covered_display": "100"}, "missing_lines": [25], "excluded_lines": [], "executed_branches": [], "missing_branches": []}, "render_header": {"executed_lines": [], "summary": {"covered_lines": 0, "num_statements": 1, "percent_covered": 0.0, "percent_covered_display": "0", "missing_lines": 1, "excluded_lines": 0, "percent_statements_covered": 0.0, "percent_statements_covered_display": "0", "num_branches": 0, "num_partial_branches": 0, "covered_branches": 0, "missing_branches": 0, "percent_branches_covered": 100.0, "percent_branches_covered_display": "100"}, "missing_lines": [35], "excluded_lines": [], "executed_branches": [], "missing_branches": []}, "render_system_overview": {"executed_lines": [], "summary": {"covered_lines": 0, "num_statements": 26, "percent_covered": 0.0, "percent_covered_display": "0", "missing_lines": 26, "excluded_lines": 0, "percent_statements_covered": 0.0, "percent_statements_covered_display": "0", "num_branches": 0, "num_partial_branches": 0, "covered_branches": 0, "missing_branches": 0, "percent_branches_covered": 100.0, "percent_branches_covered_display": "100"}, "missing_lines": [59, 61, 62, 63, 66, 69, 72, 73, 74, 75, 78, 79, 80, 81, 84, 85, 86, 87, 90, 91, 94, 95, 98, 99, 101, 102], "excluded_lines": [], "executed_branches": [], "missing_branches": []}, "render_health_status": {"executed_lines": [], "summary": {"covered_lines": 0, "num_statements": 17, "percent_covered": 0.0, "percent_covered_display": "0", "missing_lines": 17, "excluded_lines": 0, "percent_statements_covered": 0.0, "percent_statements_covered_display": "0", "num_branches": 6, "num_partial_branches": 0, "covered_branches": 0, "missing_branches": 6, "percent_branches_covered": 0.0, "percent_branches_covered_display": "0"}, "missing_lines": [111, 113, 114, 115, 117, 120, 121, 123, 124, 125, 126, 127, 129, 131, 132, 134, 135], "excluded_lines": [], "executed_branches": [], "missing_branches": [[120, -105], [120, 121], [124, 125], [124, 126], [126, 127], [126, 129]]}, "render_performance_metrics": {"executed_lines": [], "summary": {"covered_lines": 0, "num_statements": 28, "percent_covered": 0.0, "percent_covered_display": "0", "missing_lines": 28, "excluded_lines": 0, "percent_statements_covered": 0.0, "percent_statements_covered_display": "0", "num_branches": 0, "num_partial_branches": 0, "covered_branches": 0, "missing_branches": 0, "percent_branches_covered": 100.0, "percent_branches_covered_display": "100"}, "missing_lines": [144, 146, 147, 148, 150, 153, 155, 156, 157, 158, 159, 161, 162, 163, 164, 165, 168, 170, 171, 172, 173, 174, 176, 177, 178, 179, 181, 182], "excluded_lines": [], "executed_branches": [], "missing_branches": []}, "render_recent_activities": {"executed_lines": [], "summary": {"covered_lines": 0, "num_statements": 22, "percent_covered": 0.0, "percent_covered_display": "0", "missing_lines": 22, "excluded_lines": 0, "percent_statements_covered": 0.0, "percent_statements_covered_display": "0", "num_branches": 2, "num_partial_branches": 0, "covered_branches": 0, "missing_branches": 2, "percent_branches_covered": 0.0, "percent_branches_covered_display": "0"}, "missing_lines": [191, 193, 194, 195, 197, 200, 201, 202, 203, 204, 207, 215, 216, 218, 219, 220, 222, 223, 224, 226, 228, 229], "excluded_lines": [], "executed_branches": [], "missing_branches": [[200, -185], [200, 201]]}, "render_sidebar": {"executed_lines": [], "summary": {"covered_lines": 0, "num_statements": 17, "percent_covered": 0.0, "percent_covered_display": "0", "missing_lines": 17, "excluded_lines": 0, "percent_statements_covered": 0.0, "percent_statements_covered_display": "0", "num_branches": 2, "num_partial_branches": 0, "covered_branches": 0, "missing_branches": 2, "percent_branches_covered": 0.0, "percent_branches_covered_display": "0"}, "missing_lines": [238, 239, 242, 243, 244, 245, 246, 247, 248, 249, 251, 254, 255, 257, 260, 261, 262], "excluded_lines": [], "executed_branches": [], "missing_branches": [[242, 243], [242, 251]]}, "main": {"executed_lines": [], "summary": {"covered_lines": 0, "num_statements": 19, "percent_covered": 0.0, "percent_covered_display": "0", "missing_lines": 19, "excluded_lines": 0, "percent_statements_covered": 0.0, "percent_statements_covered_display": "0", "num_branches": 4, "num_partial_branches": 0, "covered_branches": 0, "missing_branches": 4, "percent_branches_covered": 0.0, "percent_branches_covered_display": "0"}, "missing_lines": [268, 271, 274, 276, 278, 279, 280, 281, 282, 285, 288, 291, 292, 293, 294, 296, 297, 298, 302], "excluded_lines": [], "executed_branches": [], "missing_branches": [[278, 279], [278, 285], [280, 281], [280, 282]]}, "": {"executed_lines": [], "summary": {"covered_lines": 0, "num_statements": 16, "percent_covered": 0.0, "percent_covered_display": "0", "missing_lines": 16, "excluded_lines": 2, "percent_statements_covered": 0.0, "percent_statements_covered_display": "0", "num_branches": 2, "num_partial_branches": 0, "covered_branches": 0, "missing_branches": 2, "percent_branches_covered": 0.0, "percent_branches_covered_display": "0"}, "missing_lines": [8, 9, 10, 12, 15, 17, 23, 33, 50, 105, 138, 185, 232, 265, 305, 306], "excluded_lines": [19, 20], "executed_branches": [], "missing_branches": [[305, -1], [305, 306]]}}, "classes": {"": {"executed_lines": [], "summary": {"covered_lines": 0, "num_statements": 147, "percent_covered": 0.0, "percent_covered_display": "0", "missing_lines": 147, "excluded_lines": 2, "percent_statements_covered": 0.0, "percent_statements_covered_display": "0", "num_branches": 16, "num_partial_branches": 0, "covered_branches": 0, "missing_branches": 16, "percent_branches_covered": 0.0, "percent_branches_covered_display": "0"}, "missing_lines": [8, 9, 10, 12, 15, 17, 23, 25, 33, 35, 50, 59, 61, 62, 63, 66, 69, 72, 73, 74, 75, 78, 79, 80, 81, 84, 85, 86, 87, 90, 91, 94, 95, 98, 99, 101, 102, 105, 111, 113, 114, 115, 117, 120, 121, 123, 124, 125, 126, 127, 129, 131, 132, 134, 135, 138, 144, 146, 147, 148, 150, 153, 155, 156, 157, 158, 159, 161, 162, 163, 164, 165, 168, 170, 171, 172, 173, 174, 176, 177, 178, 179, 181, 182, 185, 191, 193, 194, 195, 197, 200, 201, 202, 203, 204, 207, 215, 216, 218, 219, 220, 222, 223, 224, 226, 228, 229, 232, 238, 239, 242, 243, 244, 245, 246, 247, 248, 249, 251, 254, 255, 257, 260, 261, 262, 265, 268, 271, 274, 276, 278, 279, 280, 281, 282, 285, 288, 291, 292, 293, 294, 296, 297, 298, 302, 305, 306], "excluded_lines": [19, 20], "executed_branches": [], "missing_branches": [[120, -105], [120, 121], [124, 125], [124, 126], [126, 127], [126, 129], [200, -185], [200, 201], [242, 243], [242, 251], [278, 279], [278, 285], [280, 281], [280, 282], [305, -1], [305, 306]]}}}}, "totals": {"covered_lines": 2148, "num_statements": 6948, "percent_covered": 25.151585820895523, "percent_covered_display": "25", "missing_lines": 4800, "excluded_lines": 416, "percent_statements_covered": 30.9153713298791, "percent_statements_covered_display": "31", "num_branches": 1628, "num_partial_branches": 9, "covered_branches": 9, "missing_branches": 1619, "percent_branches_covered": 0.5528255528255528, "percent_branches_covered_display": "1"}}